geteuid@/Users/zhouyangjia/source/httpd-2.4.10/os/unix/unixd.c:96:9#ap_log_error_@/Users/zhouyangjia/source/httpd-2.4.10/os/unix/unixd.c:99:13
geteuid@/Users/zhouyangjia/source/httpd-2.4.10/os/unix/unixd.c:228:10#__error@/Users/zhouyangjia/source/httpd-2.4.10/os/unix/unixd.c:252:24
chown@/Users/zhouyangjia/source/httpd-2.4.10/os/unix/unixd.c:263:21#__error@/Users/zhouyangjia/source/httpd-2.4.10/os/unix/unixd.c:265:28
SwitchDefault@/Users/zhouyangjia/source/httpd-2.4.10/os/unix/unixd.c:425:17 <Spelling=/Users/zhouyangjia/source/httpd-2.4.10/include/http_log.h:367:14>#ap_log_error_@/Users/zhouyangjia/source/httpd-2.4.10/os/unix/unixd.c:425:17
sigaction@/Users/zhouyangjia/source/httpd-2.4.10/server/mpm/event/event.c:697:9#ap_log_error_@/Users/zhouyangjia/source/httpd-2.4.10/server/mpm/event/event.c:698:9
sigaction@/Users/zhouyangjia/source/httpd-2.4.10/server/mpm/event/event.c:701:9#ap_log_error_@/Users/zhouyangjia/source/httpd-2.4.10/server/mpm/event/event.c:702:9
sigaction@/Users/zhouyangjia/source/httpd-2.4.10/server/mpm/event/event.c:706:9#ap_log_error_@/Users/zhouyangjia/source/httpd-2.4.10/server/mpm/event/event.c:707:9
sigaction@/Users/zhouyangjia/source/httpd-2.4.10/server/mpm/event/event.c:712:9#ap_log_error_@/Users/zhouyangjia/source/httpd-2.4.10/server/mpm/event/event.c:713:9
sigaction@/Users/zhouyangjia/source/httpd-2.4.10/server/mpm/event/event.c:721:9#ap_log_error_@/Users/zhouyangjia/source/httpd-2.4.10/server/mpm/event/event.c:722:9
sigaction@/Users/zhouyangjia/source/httpd-2.4.10/server/mpm/event/event.c:727:9#ap_log_error_@/Users/zhouyangjia/source/httpd-2.4.10/server/mpm/event/event.c:728:9
sigaction@/Users/zhouyangjia/source/httpd-2.4.10/server/mpm/event/event.c:737:9#ap_log_error_@/Users/zhouyangjia/source/httpd-2.4.10/server/mpm/event/event.c:738:9
sigaction@/Users/zhouyangjia/source/httpd-2.4.10/server/mpm/event/event.c:740:9#ap_log_error_@/Users/zhouyangjia/source/httpd-2.4.10/server/mpm/event/event.c:741:9
SwitchDefault@/Users/zhouyangjia/source/httpd-2.4.10/server/mpm/event/event.c:1614:21 <Spelling=/Users/zhouyangjia/source/httpd-2.4.10/include/http_log.h:367:14>#ap_log_error_@/Users/zhouyangjia/source/httpd-2.4.10/server/mpm/event/event.c:1614:21
fork@/Users/zhouyangjia/source/httpd-2.4.10/server/mpm/event/event.c:2325:16#ap_log_error_@/Users/zhouyangjia/source/httpd-2.4.10/server/mpm/event/event.c:2326:9
strcasecmp@/Users/zhouyangjia/source/httpd-2.4.10/server/mpm/event/event.c:3281:10#ap_log_error_@/Users/zhouyangjia/source/httpd-2.4.10/server/mpm/event/event.c:3282:9
getenv@/Users/zhouyangjia/source/httpd-2.4.10/server/config.c:482:13#printf@/Users/zhouyangjia/source/httpd-2.4.10/server/config.c:483:13
apr_hash_get@/Users/zhouyangjia/source/httpd-2.4.10/server/config.c:1275:10#ap_log_perror_@/Users/zhouyangjia/source/httpd-2.4.10/server/config.c:1280:13
strtol@/Users/zhouyangjia/source/httpd-2.4.10/server/config.c:1455:44#apr_psprintf@/Users/zhouyangjia/source/httpd-2.4.10/server/config.c:1458:21
strncasecmp@/Users/zhouyangjia/source/httpd-2.4.10/server/log.c:398:15#openlog@/Users/zhouyangjia/source/httpd-2.4.10/server/log.c:405:21
freopen@/Users/zhouyangjia/source/httpd-2.4.10/server/log.c:517:27#ap_log_error_@/Users/zhouyangjia/source/httpd-2.4.10/server/log.c:518:9
getpid@/Users/zhouyangjia/source/httpd-2.4.10/server/log.c:1440:13#apr_stat@/Users/zhouyangjia/source/httpd-2.4.10/server/log.c:1442:12
isalnum@/Users/zhouyangjia/source/httpd-2.4.10/server/util_script.c:69:13#ap_log_rerror_@/Users/zhouyangjia/source/httpd-2.4.10/server/util_script.c:77:17
strchr@/Users/zhouyangjia/source/httpd-2.4.10/server/util_script.c:554:19#ap_log_rerror_@/Users/zhouyangjia/source/httpd-2.4.10/server/util_script.c:562:13
strcasecmp@/Users/zhouyangjia/source/httpd-2.4.10/server/util_script.c:573:14#ap_log_rerror_@/Users/zhouyangjia/source/httpd-2.4.10/server/util_script.c:594:17
SwitchDefault@/Users/zhouyangjia/source/httpd-2.4.10/server/util_mutex.c:551:13 <Spelling=/Users/zhouyangjia/source/httpd-2.4.10/include/httpd.h:2073:43>#ap_log_assert@/Users/zhouyangjia/source/httpd-2.4.10/server/util_mutex.c:551:13
getpwnam@/Users/zhouyangjia/source/httpd-2.4.10/server/mpm_common.c:233:17#ap_log_error_@/Users/zhouyangjia/source/httpd-2.4.10/server/mpm_common.c:234:9
getgrnam@/Users/zhouyangjia/source/httpd-2.4.10/server/mpm_common.c:251:17#ap_log_error_@/Users/zhouyangjia/source/httpd-2.4.10/server/mpm_common.c:252:9
strcasecmp@/Users/zhouyangjia/source/httpd-2.4.10/server/mpm_common.c:325:10#ap_log_error_@/Users/zhouyangjia/source/httpd-2.4.10/server/mpm_common.c:326:9
strtol@/Users/zhouyangjia/source/httpd-2.4.10/server/mpm_common.c:386:13#__error@/Users/zhouyangjia/source/httpd-2.4.10/server/mpm_common.c:387:22
strtol@/Users/zhouyangjia/source/httpd-2.4.10/server/mpm_common.c:406:13#__error@/Users/zhouyangjia/source/httpd-2.4.10/server/mpm_common.c:407:22
getpgid@/Users/zhouyangjia/source/httpd-2.4.10/server/mpm_unix.c:353:10#__error@/Users/zhouyangjia/source/httpd-2.4.10/server/mpm_unix.c:356:16
getpgrp@/Users/zhouyangjia/source/httpd-2.4.10/server/mpm_unix.c:359:15#ap_log_error_@/Users/zhouyangjia/source/httpd-2.4.10/server/mpm_unix.c:360:9
SwitchDefault@/Users/zhouyangjia/source/httpd-2.4.10/server/mpm_unix.c:414:17 <Spelling=/Users/zhouyangjia/source/httpd-2.4.10/include/http_log.h:367:14>#ap_log_error_@/Users/zhouyangjia/source/httpd-2.4.10/server/mpm_unix.c:414:17
kill@/Users/zhouyangjia/source/httpd-2.4.10/server/mpm_unix.c:760:9#ap_log_error_@/Users/zhouyangjia/source/httpd-2.4.10/server/mpm_unix.c:761:9
kill@/Users/zhouyangjia/source/httpd-2.4.10/server/mpm_unix.c:790:13#apr_psprintf@/Users/zhouyangjia/source/httpd-2.4.10/server/mpm_unix.c:792:22
getpid@/Users/zhouyangjia/source/httpd-2.4.10/server/mpm_unix.c:971:9#ap_log_error_@/Users/zhouyangjia/source/httpd-2.4.10/server/mpm_unix.c:972:9
sigaction@/Users/zhouyangjia/source/httpd-2.4.10/server/mpm_unix.c:1015:9#ap_log_error_@/Users/zhouyangjia/source/httpd-2.4.10/server/mpm_unix.c:1016:9
sigaction@/Users/zhouyangjia/source/httpd-2.4.10/server/mpm_unix.c:1018:9#ap_log_error_@/Users/zhouyangjia/source/httpd-2.4.10/server/mpm_unix.c:1019:9
sigaction@/Users/zhouyangjia/source/httpd-2.4.10/server/mpm_unix.c:1026:9#ap_log_error_@/Users/zhouyangjia/source/httpd-2.4.10/server/mpm_unix.c:1027:9
sigaction@/Users/zhouyangjia/source/httpd-2.4.10/server/mpm_unix.c:1030:9#ap_log_error_@/Users/zhouyangjia/source/httpd-2.4.10/server/mpm_unix.c:1031:9
sigaction@/Users/zhouyangjia/source/httpd-2.4.10/server/mpm_unix.c:1034:9#ap_log_error_@/Users/zhouyangjia/source/httpd-2.4.10/server/mpm_unix.c:1035:9
strchr@/Users/zhouyangjia/source/httpd-2.4.10/server/protocol.c:813:31#apr_psprintf@/Users/zhouyangjia/source/httpd-2.4.10/server/protocol.c:816:36
strcasecmp@/Users/zhouyangjia/source/httpd-2.4.10/server/protocol.c:1021:19#ap_log_rerror_@/Users/zhouyangjia/source/httpd-2.4.10/server/protocol.c:1023:17
strcasecmp@/Users/zhouyangjia/source/httpd-2.4.10/server/protocol.c:1125:13#ap_log_rerror_@/Users/zhouyangjia/source/httpd-2.4.10/server/protocol.c:1130:13
strcasecmp@/Users/zhouyangjia/source/httpd-2.4.10/server/protocol.c:1290:9#ap_log_rerror_@/Users/zhouyangjia/source/httpd-2.4.10/server/protocol.c:1292:9
SwitchDefault@/Users/zhouyangjia/source/httpd-2.4.10/server/core.c:981:13 <Spelling=/Users/zhouyangjia/source/httpd-2.4.10/include/http_log.h:451:14>#ap_log_rerror_@/Users/zhouyangjia/source/httpd-2.4.10/server/core.c:981:13
SwitchDefault@/Users/zhouyangjia/source/httpd-2.4.10/server/core.c:1044:13 <Spelling=/Users/zhouyangjia/source/httpd-2.4.10/include/http_log.h:451:14>#ap_log_rerror_@/Users/zhouyangjia/source/httpd-2.4.10/server/core.c:1044:13
strchr@/Users/zhouyangjia/source/httpd-2.4.10/server/core.c:1215:37#ap_log_error_@/Users/zhouyangjia/source/httpd-2.4.10/server/core.c:1229:25
strcasecmp@/Users/zhouyangjia/source/httpd-2.4.10/server/core.c:1675:14#ap_log_error_@/Users/zhouyangjia/source/httpd-2.4.10/server/core.c:1687:17
strcasecmp@/Users/zhouyangjia/source/httpd-2.4.10/server/core.c:1813:10#ap_log_error_@/Users/zhouyangjia/source/httpd-2.4.10/server/core.c:1814:9
strrchr@/Users/zhouyangjia/source/httpd-2.4.10/server/core.c:3043:17#ap_parse_log_level@/Users/zhouyangjia/source/httpd-2.4.10/server/core.c:3046:15
ap_parse_log_level@/Users/zhouyangjia/source/httpd-2.4.10/server/core.c:3061:11#apr_psprintf@/Users/zhouyangjia/source/httpd-2.4.10/server/core.c:3063:16
strcasecmp@/Users/zhouyangjia/source/httpd-2.4.10/server/core.c:3842:15#parse_errorlog_string@/Users/zhouyangjia/source/httpd-2.4.10/server/core.c:3851:18
strcasecmp@/Users/zhouyangjia/source/httpd-2.4.10/server/core.c:3854:15#parse_errorlog_string@/Users/zhouyangjia/source/httpd-2.4.10/server/core.c:3863:18
SwitchDefault@util_expr_scan.c:1651:3 <Spelling=util_expr_scan.c:817:29>#yy_fatal_error@util_expr_scan.c:1651:3
SwitchDefault@/Users/zhouyangjia/source/httpd-2.4.10/server/util_expr_eval.c:1157:9 <Spelling=/Users/zhouyangjia/source/httpd-2.4.10/include/httpd.h:2073:43>#ap_log_assert@/Users/zhouyangjia/source/httpd-2.4.10/server/util_expr_eval.c:1157:9
SwitchDefault@/Users/zhouyangjia/source/httpd-2.4.10/server/util_expr_eval.c:1270:9 <Spelling=/Users/zhouyangjia/source/httpd-2.4.10/include/httpd.h:2073:43>#ap_log_assert@/Users/zhouyangjia/source/httpd-2.4.10/server/util_expr_eval.c:1270:9
SwitchDefault@/Users/zhouyangjia/source/httpd-2.4.10/server/util_expr_eval.c:1393:9 <Spelling=/Users/zhouyangjia/source/httpd-2.4.10/include/httpd.h:2073:43>#ap_log_assert@/Users/zhouyangjia/source/httpd-2.4.10/server/util_expr_eval.c:1393:9
SwitchDefault@/Users/zhouyangjia/source/httpd-2.4.10/server/util_expr_eval.c:1480:9 <Spelling=/Users/zhouyangjia/source/httpd-2.4.10/include/httpd.h:2073:43>#ap_log_assert@/Users/zhouyangjia/source/httpd-2.4.10/server/util_expr_eval.c:1480:9
SwitchDefault@/Users/zhouyangjia/source/httpd-2.4.10/server/util_expr_eval.c:1685:17 <Spelling=/Users/zhouyangjia/source/httpd-2.4.10/include/httpd.h:2073:43>#ap_log_assert@/Users/zhouyangjia/source/httpd-2.4.10/server/util_expr_eval.c:1685:17
strcasecmp@/Users/zhouyangjia/source/httpd-2.4.10/modules/http/http_filters.c:279:17#ap_log_rerror_@/Users/zhouyangjia/source/httpd-2.4.10/modules/http/http_filters.c:290:17
strcasecmp@/Users/zhouyangjia/source/httpd-2.4.10/modules/http/http_filters.c:1518:13#ap_log_rerror_@/Users/zhouyangjia/source/httpd-2.4.10/modules/http/http_filters.c:1519:13
apr_pstrdup@/Users/zhouyangjia/source/httpd-2.4.10/support/htpasswd.c:235:13#apr_file_printf@/Users/zhouyangjia/source/httpd-2.4.10/support/htpasswd.c:237:9
strchr@/Users/zhouyangjia/source/httpd-2.4.10/support/htpasswd.c:423:21#apr_file_printf@/Users/zhouyangjia/source/httpd-2.4.10/support/htpasswd.c:433:17
strcspn@/Users/zhouyangjia/source/httpd-2.4.10/support/htpasswd.c:455:27#apr_file_printf@/Users/zhouyangjia/source/httpd-2.4.10/support/htpasswd.c:457:25
SwitchDefault@/Users/zhouyangjia/source/httpd-2.4.10/support/passwd_common.c:273:9#apr_file_printf@/Users/zhouyangjia/source/httpd-2.4.10/support/passwd_common.c:273:9
crypt@/Users/zhouyangjia/source/httpd-2.4.10/support/passwd_common.c:228:16#__error@/Users/zhouyangjia/source/httpd-2.4.10/support/passwd_common.c:230:18
SwitchDefault@/Users/zhouyangjia/source/httpd-2.4.10/support/passwd_common.c:338:9#apr_file_printf@/Users/zhouyangjia/source/httpd-2.4.10/support/passwd_common.c:338:9
memchr@/Users/zhouyangjia/source/httpd-2.4.10/support/htdbm.c:233:16#fprintf@/Users/zhouyangjia/source/httpd-2.4.10/support/htdbm.c:235:13
strchr@/Users/zhouyangjia/source/httpd-2.4.10/support/htdbm.c:269:9#fprintf@/Users/zhouyangjia/source/httpd-2.4.10/support/htdbm.c:270:9
SSL_get_peer_certificate@/Users/zhouyangjia/source/httpd-2.4.10/support/ab.c:631:12#BIO_printf@/Users/zhouyangjia/source/httpd-2.4.10/support/ab.c:633:9
isxdigit@/Users/zhouyangjia/source/httpd-2.4.10/support/logresolve.c:222:14#apr_file_puts@/Users/zhouyangjia/source/httpd-2.4.10/support/logresolve.c:224:13
memcmp@/Users/zhouyangjia/source/httpd-2.4.10/support/logresolve.c:288:17#apr_file_puts@/Users/zhouyangjia/source/httpd-2.4.10/support/logresolve.c:291:17
strchr@/Users/zhouyangjia/source/httpd-2.4.10/support/htcacheclean.c:438:19#apr_file_open@/Users/zhouyangjia/source/httpd-2.4.10/support/htcacheclean.c:444:21
setgid@/Users/zhouyangjia/source/httpd-2.4.10/support/checkgid.c:92:21#fprintf@/Users/zhouyangjia/source/httpd-2.4.10/support/checkgid.c:94:17
strchr@/Users/zhouyangjia/source/httpd-2.4.10/modules/aaa/mod_authn_anon.c:179:17#ap_log_rerror_@/Users/zhouyangjia/source/httpd-2.4.10/modules/aaa/mod_authn_anon.c:182:13
apr_hash_get@/Users/zhouyangjia/source/httpd-2.4.10/modules/aaa/mod_authn_dbd.c:121:17#ap_log_rerror_@/Users/zhouyangjia/source/httpd-2.4.10/modules/aaa/mod_authn_dbd.c:123:9
apr_hash_get@/Users/zhouyangjia/source/httpd-2.4.10/modules/aaa/mod_authn_dbd.c:214:17#ap_log_rerror_@/Users/zhouyangjia/source/httpd-2.4.10/modules/aaa/mod_authn_dbd.c:216:9
ap_lookup_provider@/Users/zhouyangjia/source/httpd-2.4.10/modules/aaa/mod_authn_socache.c:170:24#apr_psprintf@/Users/zhouyangjia/source/httpd-2.4.10/modules/aaa/mod_authn_socache.c:173:18
ap_get_remote_host@/Users/zhouyangjia/source/httpd-2.4.10/modules/aaa/mod_authz_host.c:171:18#ap_log_rerror_@/Users/zhouyangjia/source/httpd-2.4.10/modules/aaa/mod_authz_host.c:177:9
apr_hash_get@/Users/zhouyangjia/source/httpd-2.4.10/modules/aaa/mod_authz_dbd.c:129:13#ap_log_rerror_@/Users/zhouyangjia/source/httpd-2.4.10/modules/aaa/mod_authz_dbd.c:131:9
apr_hash_get@/Users/zhouyangjia/source/httpd-2.4.10/modules/aaa/mod_authz_dbd.c:158:17#ap_log_rerror_@/Users/zhouyangjia/source/httpd-2.4.10/modules/aaa/mod_authz_dbd.c:161:13
apr_hash_get@/Users/zhouyangjia/source/httpd-2.4.10/modules/aaa/mod_authz_dbd.c:214:13#ap_log_rerror_@/Users/zhouyangjia/source/httpd-2.4.10/modules/aaa/mod_authz_dbd.c:216:9
strncasecmp@/Users/zhouyangjia/source/httpd-2.4.10/modules/aaa/mod_access_compat.c:159:10#apr_psprintf@/Users/zhouyangjia/source/httpd-2.4.10/modules/aaa/mod_access_compat.c:180:20
ap_lookup_provider@/Users/zhouyangjia/source/httpd-2.4.10/modules/aaa/mod_auth_basic.c:97:22#apr_psprintf@/Users/zhouyangjia/source/httpd-2.4.10/modules/aaa/mod_auth_basic.c:104:16
strcasecmp@/Users/zhouyangjia/source/httpd-2.4.10/modules/aaa/mod_auth_basic.c:148:10#apr_psprintf@/Users/zhouyangjia/source/httpd-2.4.10/modules/aaa/mod_auth_basic.c:168:20
strcasecmp@/Users/zhouyangjia/source/httpd-2.4.10/modules/aaa/mod_auth_basic.c:269:9#ap_log_rerror_@/Users/zhouyangjia/source/httpd-2.4.10/modules/aaa/mod_auth_basic.c:271:9
ap_lookup_provider@/Users/zhouyangjia/source/httpd-2.4.10/modules/aaa/mod_auth_form.c:155:22#apr_psprintf@/Users/zhouyangjia/source/httpd-2.4.10/modules/aaa/mod_auth_form.c:164:16
apr_rmm_addr_get@/Users/zhouyangjia/source/httpd-2.4.10/modules/aaa/mod_auth_digest.c:325:19#log_error_and_cleanup@/Users/zhouyangjia/source/httpd-2.4.10/modules/aaa/mod_auth_digest.c:327:9
apr_rmm_addr_get@/Users/zhouyangjia/source/httpd-2.4.10/modules/aaa/mod_auth_digest.c:342:19#log_error_and_cleanup@/Users/zhouyangjia/source/httpd-2.4.10/modules/aaa/mod_auth_digest.c:344:9
ap_lookup_provider@/Users/zhouyangjia/source/httpd-2.4.10/modules/aaa/mod_auth_digest.c:496:22#apr_psprintf@/Users/zhouyangjia/source/httpd-2.4.10/modules/aaa/mod_auth_digest.c:503:16
strtol@/Users/zhouyangjia/source/httpd-2.4.10/modules/aaa/mod_auth_digest.c:1458:10#ap_log_rerror_@/Users/zhouyangjia/source/httpd-2.4.10/modules/aaa/mod_auth_digest.c:1460:9
memcmp@/Users/zhouyangjia/source/httpd-2.4.10/modules/aaa/mod_auth_digest.c:1531:13#ap_log_rerror_@/Users/zhouyangjia/source/httpd-2.4.10/modules/aaa/mod_auth_digest.c:1532:13
strcasecmp@/Users/zhouyangjia/source/httpd-2.4.10/modules/aaa/mod_auth_digest.c:1780:18#ap_log_rerror_@/Users/zhouyangjia/source/httpd-2.4.10/modules/aaa/mod_auth_digest.c:1799:13
strcasecmp@/Users/zhouyangjia/source/httpd-2.4.10/modules/aaa/mod_auth_digest.c:1831:12#ap_log_rerror_@/Users/zhouyangjia/source/httpd-2.4.10/modules/aaa/mod_auth_digest.c:1833:9
strcasecmp@/Users/zhouyangjia/source/httpd-2.4.10/modules/aaa/mod_auth_digest.c:1984:33#ap_log_rerror_@/Users/zhouyangjia/source/httpd-2.4.10/modules/aaa/mod_auth_digest.c:1987:17
SwitchDefault@/Users/zhouyangjia/source/httpd-2.4.10/modules/cache/mod_cache.c:162:9 <Spelling=/Users/zhouyangjia/source/httpd-2.4.10/include/http_log.h:451:14>#ap_log_rerror_@/Users/zhouyangjia/source/httpd-2.4.10/modules/cache/mod_cache.c:162:9
SwitchDefault@/Users/zhouyangjia/source/httpd-2.4.10/modules/cache/mod_cache.c:457:9 <Spelling=/Users/zhouyangjia/source/httpd-2.4.10/include/http_log.h:451:14>#ap_log_rerror_@/Users/zhouyangjia/source/httpd-2.4.10/modules/cache/mod_cache.c:457:9
ap_lookup_provider@/Users/zhouyangjia/source/httpd-2.4.10/modules/cache/mod_cache_socache.c:1276:34#apr_psprintf@/Users/zhouyangjia/source/httpd-2.4.10/modules/cache/mod_cache_socache.c:1279:15
chown@/Users/zhouyangjia/source/httpd-2.4.10/modules/cache/mod_socache_dbm.c:104:15#__error@/Users/zhouyangjia/source/httpd-2.4.10/modules/cache/mod_socache_dbm.c:107:13
ap_runtime_dir_relative@/Users/zhouyangjia/source/httpd-2.4.10/modules/cache/mod_socache_dbm.c:130:26#ap_log_error_@/Users/zhouyangjia/source/httpd-2.4.10/modules/cache/mod_socache_dbm.c:133:13
strcasecmp@/Users/zhouyangjia/source/httpd-2.4.10/modules/core/mod_macro.c:178:18#warn_if_non_blank@/Users/zhouyangjia/source/httpd-2.4.10/modules/core/mod_macro.c:187:17
apr_hash_get@/Users/zhouyangjia/source/httpd-2.4.10/modules/core/mod_macro.c:735:13#ap_log_error_@/Users/zhouyangjia/source/httpd-2.4.10/modules/core/mod_macro.c:739:9
strstr@/Users/zhouyangjia/source/httpd-2.4.10/modules/core/mod_macro.c:843:9#apr_psprintf@/Users/zhouyangjia/source/httpd-2.4.10/modules/core/mod_macro.c:844:16
apr_hash_get@/Users/zhouyangjia/source/httpd-2.4.10/modules/core/mod_macro.c:903:13#apr_psprintf@/Users/zhouyangjia/source/httpd-2.4.10/modules/core/mod_macro.c:906:16
SwitchDefault@/Users/zhouyangjia/source/httpd-2.4.10/modules/database/mod_dbd.c:569:13 <Spelling=/Users/zhouyangjia/source/httpd-2.4.10/include/http_log.h:367:14>#ap_log_error_@/Users/zhouyangjia/source/httpd-2.4.10/modules/database/mod_dbd.c:569:13
apr_table_get@/Users/zhouyangjia/source/httpd-2.4.10/modules/filters/mod_ratelimit.c:85:14#ap_remove_output_filter@/Users/zhouyangjia/source/httpd-2.4.10/modules/filters/mod_ratelimit.c:88:13
strtol@/Users/zhouyangjia/source/httpd-2.4.10/modules/filters/mod_reqtimeout.c:479:12#apr_psprintf@/Users/zhouyangjia/source/httpd-2.4.10/modules/filters/mod_reqtimeout.c:482:16
strncasecmp@/Users/zhouyangjia/source/httpd-2.4.10/modules/filters/mod_ext_filter.c:245:14#apr_psprintf@/Users/zhouyangjia/source/httpd-2.4.10/modules/filters/mod_ext_filter.c:251:24
strncasecmp@/Users/zhouyangjia/source/httpd-2.4.10/modules/filters/mod_ext_filter.c:258:14#apr_psprintf@/Users/zhouyangjia/source/httpd-2.4.10/modules/filters/mod_ext_filter.c:268:24
isdigit@/Users/zhouyangjia/source/httpd-2.4.10/modules/filters/mod_include.c:653:9#ap_log_rerror_@/Users/zhouyangjia/source/httpd-2.4.10/modules/filters/mod_include.c:662:13
strchr@/Users/zhouyangjia/source/httpd-2.4.10/modules/filters/mod_include.c:829:22#ap_log_rerror_@/Users/zhouyangjia/source/httpd-2.4.10/modules/filters/mod_include.c:831:21
SwitchDefault@/Users/zhouyangjia/source/httpd-2.4.10/modules/filters/mod_include.c:1213:17 <Spelling=/Users/zhouyangjia/source/httpd-2.4.10/include/http_log.h:451:14>#ap_log_rerror_@/Users/zhouyangjia/source/httpd-2.4.10/modules/filters/mod_include.c:1213:17
strcasecmp@/Users/zhouyangjia/source/httpd-2.4.10/modules/filters/mod_include.c:1953:26#ap_log_rerror_@/Users/zhouyangjia/source/httpd-2.4.10/modules/filters/mod_include.c:1975:25
strcasecmp@/Users/zhouyangjia/source/httpd-2.4.10/modules/filters/mod_include.c:1989:26#ap_log_rerror_@/Users/zhouyangjia/source/httpd-2.4.10/modules/filters/mod_include.c:2007:25
strcasecmp@/Users/zhouyangjia/source/httpd-2.4.10/modules/filters/mod_include.c:2591:26#ap_log_rerror_@/Users/zhouyangjia/source/httpd-2.4.10/modules/filters/mod_include.c:2613:25
strcasecmp@/Users/zhouyangjia/source/httpd-2.4.10/modules/filters/mod_include.c:2627:26#ap_log_rerror_@/Users/zhouyangjia/source/httpd-2.4.10/modules/filters/mod_include.c:2645:25
apr_hash_get@/Users/zhouyangjia/source/httpd-2.4.10/modules/filters/mod_filter.c:656:18#ap_log_rerror_@/Users/zhouyangjia/source/httpd-2.4.10/modules/filters/mod_filter.c:658:13
__builtin___memset_chk@/Users/zhouyangjia/source/httpd-2.4.10/modules/filters/sed0.c:71:25#command_errf@/Users/zhouyangjia/source/httpd-2.4.10/modules/filters/sed0.c:73:9
SwitchDefault@/Users/zhouyangjia/source/httpd-2.4.10/modules/filters/sed0.c:288:13#command_errf@/Users/zhouyangjia/source/httpd-2.4.10/modules/filters/sed0.c:288:13
apr_pstrdup@/Users/zhouyangjia/source/httpd-2.4.10/modules/filters/sed0.c:605:29#command_errf@/Users/zhouyangjia/source/httpd-2.4.10/modules/filters/sed0.c:607:21
__builtin___memset_chk@/Users/zhouyangjia/source/httpd-2.4.10/modules/filters/sed0.c:1006:11#command_errf@/Users/zhouyangjia/source/httpd-2.4.10/modules/filters/sed0.c:1008:9
SwitchDefault@/Users/zhouyangjia/source/httpd-2.4.10/modules/filters/regexp.c:125:9#comperr@/Users/zhouyangjia/source/httpd-2.4.10/modules/filters/regexp.c:125:9
strcasecmp@/Users/zhouyangjia/source/httpd-2.4.10/modules/filters/mod_deflate.c:268:15#apr_psprintf@/Users/zhouyangjia/source/httpd-2.4.10/modules/filters/mod_deflate.c:278:16
apr_table_get@/Users/zhouyangjia/source/httpd-2.4.10/modules/filters/mod_deflate.c:702:23#ap_remove_output_filter@/Users/zhouyangjia/source/httpd-2.4.10/modules/filters/mod_deflate.c:704:17
strcasecmp@/Users/zhouyangjia/source/httpd-2.4.10/modules/http/mod_mime.c:332:9#apr_psprintf@/Users/zhouyangjia/source/httpd-2.4.10/modules/http/mod_mime.c:361:16
zap_sp@/Users/zhouyangjia/source/httpd-2.4.10/modules/http/mod_mime.c:617:10#ap_log_error_@/Users/zhouyangjia/source/httpd-2.4.10/modules/http/mod_mime.c:619:9
zap_sp_and_dup@/Users/zhouyangjia/source/httpd-2.4.10/modules/http/mod_mime.c:638:29#ap_log_error_@/Users/zhouyangjia/source/httpd-2.4.10/modules/http/mod_mime.c:640:21
zap_sp@/Users/zhouyangjia/source/httpd-2.4.10/modules/http/mod_mime.c:645:22#ap_log_error_@/Users/zhouyangjia/source/httpd-2.4.10/modules/http/mod_mime.c:647:21
zap_sp_and_dup@/Users/zhouyangjia/source/httpd-2.4.10/modules/http/mod_mime.c:712:21#ap_log_error_@/Users/zhouyangjia/source/httpd-2.4.10/modules/http/mod_mime.c:714:17
strcasecmp@/Users/zhouyangjia/source/httpd-2.4.10/modules/loggers/mod_log_config.c:558:22#ap_escape_logitem@/Users/zhouyangjia/source/httpd-2.4.10/modules/loggers/mod_log_config.c:569:28
strcasecmp@/Users/zhouyangjia/source/httpd-2.4.10/modules/loggers/mod_log_config.c:807:24#apr_psprintf@/Users/zhouyangjia/source/httpd-2.4.10/modules/loggers/mod_log_config.c:816:16
strncasecmp@/Users/zhouyangjia/source/httpd-2.4.10/modules/loggers/mod_log_debug.c:207:13#apr_psprintf@/Users/zhouyangjia/source/httpd-2.4.10/modules/loggers/mod_log_debug.c:221:28
strncasecmp@/Users/zhouyangjia/source/httpd-2.4.10/modules/loggers/mod_log_debug.c:224:18#apr_psprintf@/Users/zhouyangjia/source/httpd-2.4.10/modules/loggers/mod_log_debug.c:230:24
getenv@/Users/zhouyangjia/source/httpd-2.4.10/modules/metadata/mod_env.c:99:15#ap_log_error_@/Users/zhouyangjia/source/httpd-2.4.10/modules/metadata/mod_env.c:104:9
SwitchDefault@/Users/zhouyangjia/source/httpd-2.4.10/modules/metadata/mod_expires.c:423:9 <Spelling=/Users/zhouyangjia/source/httpd-2.4.10/include/http_log.h:451:14>#ap_log_rerror_@/Users/zhouyangjia/source/httpd-2.4.10/modules/metadata/mod_expires.c:423:9
strcasecmp@/Users/zhouyangjia/source/httpd-2.4.10/modules/proxy/mod_proxy.c:67:10#ap_timeout_parameter_parse@/Users/zhouyangjia/source/httpd-2.4.10/modules/proxy/mod_proxy.c:126:13
strcasecmp@/Users/zhouyangjia/source/httpd-2.4.10/modules/proxy/mod_proxy.c:133:15#apr_psprintf@/Users/zhouyangjia/source/httpd-2.4.10/modules/proxy/mod_proxy.c:181:20
strcasecmp@/Users/zhouyangjia/source/httpd-2.4.10/modules/proxy/mod_proxy.c:185:15#apr_psprintf@/Users/zhouyangjia/source/httpd-2.4.10/modules/proxy/mod_proxy.c:189:20
strcasecmp@/Users/zhouyangjia/source/httpd-2.4.10/modules/proxy/mod_proxy.c:193:15#ap_timeout_parameter_parse@/Users/zhouyangjia/source/httpd-2.4.10/modules/proxy/mod_proxy.c:236:13
strcasecmp@/Users/zhouyangjia/source/httpd-2.4.10/modules/proxy/mod_proxy.c:243:15#ap_timeout_parameter_parse@/Users/zhouyangjia/source/httpd-2.4.10/modules/proxy/mod_proxy.c:253:13
strcasecmp@/Users/zhouyangjia/source/httpd-2.4.10/modules/proxy/mod_proxy.c:260:15#apr_psprintf@/Users/zhouyangjia/source/httpd-2.4.10/modules/proxy/mod_proxy.c:262:13
strcasecmp@/Users/zhouyangjia/source/httpd-2.4.10/modules/proxy/mod_proxy.c:280:10#apr_psprintf@/Users/zhouyangjia/source/httpd-2.4.10/modules/proxy/mod_proxy.c:287:13
SwitchDefault@/Users/zhouyangjia/source/httpd-2.4.10/modules/proxy/mod_proxy.c:980:24#ap_proxyerror@/Users/zhouyangjia/source/httpd-2.4.10/modules/proxy/mod_proxy.c:980:24
strchr@/Users/zhouyangjia/source/httpd-2.4.10/modules/proxy/mod_proxy.c:1033:9#ap_log_rerror_@/Users/zhouyangjia/source/httpd-2.4.10/modules/proxy/mod_proxy.c:1035:9
strchr@/Users/zhouyangjia/source/httpd-2.4.10/modules/proxy/mod_proxy.c:1091:22#ap_log_rerror_@/Users/zhouyangjia/source/httpd-2.4.10/modules/proxy/mod_proxy.c:1101:21
ap_proxy_canon_netloc@/Users/zhouyangjia/source/httpd-2.4.10/modules/proxy/proxy_util.c:418:11#ap_log_rerror_@/Users/zhouyangjia/source/httpd-2.4.10/modules/proxy/proxy_util.c:421:9
isdigit@/Users/zhouyangjia/source/httpd-2.4.10/modules/proxy/proxy_util.c:487:27#ap_log_error_@/Users/zhouyangjia/source/httpd-2.4.10/modules/proxy/proxy_util.c:524:13
strstr@/Users/zhouyangjia/source/httpd-2.4.10/modules/proxy/proxy_util.c:801:13#ap_log_rerror_@/Users/zhouyangjia/source/httpd-2.4.10/modules/proxy/proxy_util.c:802:13
proxy_run_pre_request@/Users/zhouyangjia/source/httpd-2.4.10/modules/proxy/proxy_util.c:1907:21#ap_log_rerror_@/Users/zhouyangjia/source/httpd-2.4.10/modules/proxy/proxy_util.c:1911:13
sscanf@/Users/zhouyangjia/source/httpd-2.4.10/modules/proxy/proxy_util.c:2536:13#ap_log_error_@/Users/zhouyangjia/source/httpd-2.4.10/modules/proxy/proxy_util.c:2542:17
strstr@/Users/zhouyangjia/source/httpd-2.4.10/modules/proxy/mod_proxy_ftp.c:661:50#apr_psprintf@/Users/zhouyangjia/source/httpd-2.4.10/modules/proxy/mod_proxy_ftp.c:670:19
isdigit@/Users/zhouyangjia/source/httpd-2.4.10/modules/proxy/mod_proxy_ftp.c:678:93#ap_log_rerror_@/Users/zhouyangjia/source/httpd-2.4.10/modules/proxy/mod_proxy_ftp.c:694:17
strtol@/Users/zhouyangjia/source/httpd-2.4.10/modules/proxy/mod_proxy_ftp.c:790:12#__error@/Users/zhouyangjia/source/httpd-2.4.10/modules/proxy/mod_proxy_ftp.c:791:9
strncasecmp@/Users/zhouyangjia/source/httpd-2.4.10/modules/proxy/mod_proxy_ftp.c:1008:9#ap_log_rerror_@/Users/zhouyangjia/source/httpd-2.4.10/modules/proxy/mod_proxy_ftp.c:1009:9
strchr@/Users/zhouyangjia/source/httpd-2.4.10/modules/proxy/mod_proxy_ftp.c:1059:13#ap_proxyerror@/Users/zhouyangjia/source/httpd-2.4.10/modules/proxy/mod_proxy_ftp.c:1060:20
atol@/Users/zhouyangjia/source/httpd-2.4.10/modules/proxy/mod_proxy_ftp.c:1237:20#apr_psprintf@/Users/zhouyangjia/source/httpd-2.4.10/modules/proxy/mod_proxy_ftp.c:1239:28
strncasecmp@/Users/zhouyangjia/source/httpd-2.4.10/modules/proxy/mod_proxy_ftp.c:1311:9#ftp_proxyerror@/Users/zhouyangjia/source/httpd-2.4.10/modules/proxy/mod_proxy_ftp.c:1318:20
strchr@/Users/zhouyangjia/source/httpd-2.4.10/modules/proxy/mod_proxy_ftp.c:1334:13#ftp_proxyerror@/Users/zhouyangjia/source/httpd-2.4.10/modules/proxy/mod_proxy_ftp.c:1335:20
sscanf@/Users/zhouyangjia/source/httpd-2.4.10/modules/proxy/mod_proxy_ftp.c:1516:34#ap_log_rerror_@/Users/zhouyangjia/source/httpd-2.4.10/modules/proxy/mod_proxy_ftp.c:1521:17
sscanf@/Users/zhouyangjia/source/httpd-2.4.10/modules/proxy/mod_proxy_ftp.c:1609:26#apr_psprintf@/Users/zhouyangjia/source/httpd-2.4.10/modules/proxy/mod_proxy_ftp.c:1614:36
strchr@/Users/zhouyangjia/source/httpd-2.4.10/modules/proxy/mod_proxy_ftp.c:1656:9#ftp_proxyerror@/Users/zhouyangjia/source/httpd-2.4.10/modules/proxy/mod_proxy_ftp.c:1657:15
strcasecmp@/Users/zhouyangjia/source/httpd-2.4.10/modules/proxy/mod_proxy_http.c:775:23#ap_log_rerror_@/Users/zhouyangjia/source/httpd-2.4.10/modules/proxy/mod_proxy_http.c:776:9
strchr@/Users/zhouyangjia/source/httpd-2.4.10/modules/proxy/mod_proxy_http.c:1107:23#ap_log_rerror_@/Users/zhouyangjia/source/httpd-2.4.10/modules/proxy/mod_proxy_http.c:1133:25
strcasecmp@/Users/zhouyangjia/source/httpd-2.4.10/modules/proxy/mod_proxy_http.c:1580:26#ap_log_rerror_@/Users/zhouyangjia/source/httpd-2.4.10/modules/proxy/mod_proxy_http.c:1587:17
SwitchDefault@/Users/zhouyangjia/source/httpd-2.4.10/modules/proxy/mod_proxy_fcgi.c:680:17 <Spelling=/Users/zhouyangjia/source/httpd-2.4.10/include/http_log.h:451:14>#ap_log_rerror_@/Users/zhouyangjia/source/httpd-2.4.10/modules/proxy/mod_proxy_fcgi.c:680:17
strncasecmp@/Users/zhouyangjia/source/httpd-2.4.10/modules/proxy/mod_proxy_fcgi.c:788:9#ap_log_rerror_@/Users/zhouyangjia/source/httpd-2.4.10/modules/proxy/mod_proxy_fcgi.c:789:9
strncasecmp@/Users/zhouyangjia/source/httpd-2.4.10/modules/proxy/mod_proxy_scgi.c:515:9#ap_log_rerror_@/Users/zhouyangjia/source/httpd-2.4.10/modules/proxy/mod_proxy_scgi.c:516:9
strncasecmp@/Users/zhouyangjia/source/httpd-2.4.10/modules/proxy/mod_proxy_wstunnel.c:337:9#ap_log_rerror_@/Users/zhouyangjia/source/httpd-2.4.10/modules/proxy/mod_proxy_wstunnel.c:345:9
strcasecmp@/Users/zhouyangjia/source/httpd-2.4.10/modules/proxy/mod_proxy_ajp.c:251:18#ap_log_rerror_@/Users/zhouyangjia/source/httpd-2.4.10/modules/proxy/mod_proxy_ajp.c:253:9
strncasecmp@/Users/zhouyangjia/source/httpd-2.4.10/modules/proxy/mod_proxy_ajp.c:712:9#ap_log_rerror_@/Users/zhouyangjia/source/httpd-2.4.10/modules/proxy/mod_proxy_ajp.c:713:9
long_res_header_for_sc@/Users/zhouyangjia/source/httpd-2.4.10/modules/proxy/ajp_header.c:584:26#ap_log_rerror_@/Users/zhouyangjia/source/httpd-2.4.10/modules/proxy/ajp_header.c:586:17
strcasecmp@/Users/zhouyangjia/source/httpd-2.4.10/modules/proxy/ajp_header.c:634:13#ap_log_rerror_@/Users/zhouyangjia/source/httpd-2.4.10/modules/proxy/ajp_header.c:637:13
strcasecmp@/Users/zhouyangjia/source/httpd-2.4.10/modules/proxy/mod_proxy_balancer.c:1381:22#ap_rputs@/Users/zhouyangjia/source/httpd-2.4.10/modules/proxy/mod_proxy_balancer.c:1382:21
memcmp@/Users/zhouyangjia/source/httpd-2.4.10/modules/slotmem/mod_slotmem_shm.c:215:29#ap_log_error_@/Users/zhouyangjia/source/httpd-2.4.10/modules/slotmem/mod_slotmem_shm.c:216:29
strcasecmp@/Users/zhouyangjia/source/httpd-2.4.10/modules/ssl/ssl_engine_config.c:1115:9#apr_psprintf@/Users/zhouyangjia/source/httpd-2.4.10/modules/ssl/ssl_engine_config.c:1157:19
X509_STORE_CTX_get1_chain@/Users/zhouyangjia/source/httpd-2.4.10/modules/ssl/ssl_engine_init.c:1291:17#ssl_log_xerror@/Users/zhouyangjia/source/httpd-2.4.10/modules/ssl/ssl_engine_init.c:1307:13
getpid@/Users/zhouyangjia/source/httpd-2.4.10/modules/ssl/ssl_engine_init.c:1689:15#time@/Users/zhouyangjia/source/httpd-2.4.10/modules/ssl/ssl_engine_init.c:1692:25
memchr@/Users/zhouyangjia/source/httpd-2.4.10/modules/ssl/ssl_engine_io.c:1377:23#ssl_io_input_getline@/Users/zhouyangjia/source/httpd-2.4.10/modules/ssl/ssl_engine_io.c:1388:22
strcasecmp@/Users/zhouyangjia/source/httpd-2.4.10/modules/ssl/ssl_engine_kernel.c:201:17#ap_log_error_@/Users/zhouyangjia/source/httpd-2.4.10/modules/ssl/ssl_engine_kernel.c:202:17
strcasecmp@/Users/zhouyangjia/source/httpd-2.4.10/modules/ssl/ssl_engine_kernel.c:1008:13#ap_log_rerror_@/Users/zhouyangjia/source/httpd-2.4.10/modules/ssl/ssl_engine_kernel.c:1018:17
isatty@/Users/zhouyangjia/source/httpd-2.4.10/modules/ssl/ssl_engine_pphrase.c:286:18#ap_log_error_@/Users/zhouyangjia/source/httpd-2.4.10/modules/ssl/ssl_engine_pphrase.c:288:17
strcasecmp@/Users/zhouyangjia/source/httpd-2.4.10/modules/ssl/ssl_engine_vars.c:182:17#ap_get_remote_logname@/Users/zhouyangjia/source/httpd-2.4.10/modules/ssl/ssl_engine_vars.c:196:26
strcasecmp@/Users/zhouyangjia/source/httpd-2.4.10/modules/ssl/ssl_engine_vars.c:205:17#apr_psprintf@/Users/zhouyangjia/source/httpd-2.4.10/modules/ssl/ssl_engine_vars.c:210:26
strcasecmp@/Users/zhouyangjia/source/httpd-2.4.10/modules/ssl/ssl_engine_vars.c:261:18#apr_psprintf@/Users/zhouyangjia/source/httpd-2.4.10/modules/ssl/ssl_engine_vars.c:269:22
strcasecmp@/Users/zhouyangjia/source/httpd-2.4.10/modules/ssl/ssl_engine_vars.c:277:18#apr_psprintf@/Users/zhouyangjia/source/httpd-2.4.10/modules/ssl/ssl_engine_vars.c:278:13
strcasecmp@/Users/zhouyangjia/source/httpd-2.4.10/modules/ssl/ssl_engine_vars.c:280:18#apr_psprintf@/Users/zhouyangjia/source/httpd-2.4.10/modules/ssl/ssl_engine_vars.c:281:13
strcasecmp@/Users/zhouyangjia/source/httpd-2.4.10/modules/ssl/ssl_engine_vars.c:283:18#apr_psprintf@/Users/zhouyangjia/source/httpd-2.4.10/modules/ssl/ssl_engine_vars.c:284:13
strcasecmp@/Users/zhouyangjia/source/httpd-2.4.10/modules/ssl/ssl_engine_vars.c:286:18#apr_psprintf@/Users/zhouyangjia/source/httpd-2.4.10/modules/ssl/ssl_engine_vars.c:287:13
strcasecmp@/Users/zhouyangjia/source/httpd-2.4.10/modules/ssl/ssl_engine_vars.c:289:18#apr_psprintf@/Users/zhouyangjia/source/httpd-2.4.10/modules/ssl/ssl_engine_vars.c:290:13
strcasecmp@/Users/zhouyangjia/source/httpd-2.4.10/modules/ssl/ssl_engine_vars.c:292:18#apr_psprintf@/Users/zhouyangjia/source/httpd-2.4.10/modules/ssl/ssl_engine_vars.c:293:13
strcasecmp@/Users/zhouyangjia/source/httpd-2.4.10/modules/ssl/ssl_engine_vars.c:295:18#apr_psprintf@/Users/zhouyangjia/source/httpd-2.4.10/modules/ssl/ssl_engine_vars.c:297:22
strcasecmp@/Users/zhouyangjia/source/httpd-2.4.10/modules/ssl/ssl_engine_vars.c:458:9#apr_psprintf@/Users/zhouyangjia/source/httpd-2.4.10/modules/ssl/ssl_engine_vars.c:459:18
SSL_get_peer_certificate@/Users/zhouyangjia/source/httpd-2.4.10/modules/ssl/ssl_engine_vars.c:712:13#apr_psprintf@/Users/zhouyangjia/source/httpd-2.4.10/modules/ssl/ssl_engine_vars.c:725:18
stapling_get_issuer@/Users/zhouyangjia/source/httpd-2.4.10/modules/ssl/ssl_util_stapling.c:133:14#ap_log_error_@/Users/zhouyangjia/source/httpd-2.4.10/modules/ssl/ssl_util_stapling.c:136:9
OCSP_response_get1_basic@/Users/zhouyangjia/source/httpd-2.4.10/modules/ssl/ssl_util_stapling.c:320:10#ap_log_error_@/Users/zhouyangjia/source/httpd-2.4.10/modules/ssl/ssl_util_stapling.c:323:9
strcasecmp@/Users/zhouyangjia/source/httpd-2.4.10/modules/ssl/ssl_engine_ocsp.c:89:9#ap_log_cerror_@/Users/zhouyangjia/source/httpd-2.4.10/modules/ssl/ssl_engine_ocsp.c:90:9
get_line@/Users/zhouyangjia/source/httpd-2.4.10/modules/ssl/ssl_util_ocsp.c:197:12#ap_log_cerror_@/Users/zhouyangjia/source/httpd-2.4.10/modules/ssl/ssl_util_ocsp.c:201:9
serialize_request@/Users/zhouyangjia/source/httpd-2.4.10/modules/ssl/ssl_util_ocsp.c:293:11#ap_log_cerror_@/Users/zhouyangjia/source/httpd-2.4.10/modules/ssl/ssl_util_ocsp.c:295:9
geteuid@/Users/zhouyangjia/source/httpd-2.4.10/modules/arch/unix/mod_unixd.c:89:10#ap_log_error_@/Users/zhouyangjia/source/httpd-2.4.10/modules/arch/unix/mod_unixd.c:99:17
setgid@/Users/zhouyangjia/source/httpd-2.4.10/modules/arch/unix/mod_unixd.c:117:13#ap_log_error_@/Users/zhouyangjia/source/httpd-2.4.10/modules/arch/unix/mod_unixd.c:118:13
initgroups@/Users/zhouyangjia/source/httpd-2.4.10/modules/arch/unix/mod_unixd.c:126:13#ap_log_error_@/Users/zhouyangjia/source/httpd-2.4.10/modules/arch/unix/mod_unixd.c:127:13
geteuid@/Users/zhouyangjia/source/httpd-2.4.10/modules/arch/unix/mod_unixd.c:148:13#__error@/Users/zhouyangjia/source/httpd-2.4.10/modules/arch/unix/mod_unixd.c:149:18
chdir@/Users/zhouyangjia/source/httpd-2.4.10/modules/arch/unix/mod_unixd.c:155:13#__error@/Users/zhouyangjia/source/httpd-2.4.10/modules/arch/unix/mod_unixd.c:156:18
chroot@/Users/zhouyangjia/source/httpd-2.4.10/modules/arch/unix/mod_unixd.c:162:13#__error@/Users/zhouyangjia/source/httpd-2.4.10/modules/arch/unix/mod_unixd.c:163:18
chdir@/Users/zhouyangjia/source/httpd-2.4.10/modules/arch/unix/mod_unixd.c:169:13#__error@/Users/zhouyangjia/source/httpd-2.4.10/modules/arch/unix/mod_unixd.c:170:18
geteuid@/Users/zhouyangjia/source/httpd-2.4.10/modules/arch/unix/mod_unixd.c:178:10#__error@/Users/zhouyangjia/source/httpd-2.4.10/modules/arch/unix/mod_unixd.c:183:14
geteuid@/Users/zhouyangjia/source/httpd-2.4.10/modules/arch/unix/mod_unixd.c:329:13#ap_log_error_@/Users/zhouyangjia/source/httpd-2.4.10/modules/arch/unix/mod_unixd.c:330:13
chdir@/Users/zhouyangjia/source/httpd-2.4.10/modules/arch/unix/mod_unixd.c:334:13#ap_log_error_@/Users/zhouyangjia/source/httpd-2.4.10/modules/arch/unix/mod_unixd.c:335:13
chroot@/Users/zhouyangjia/source/httpd-2.4.10/modules/arch/unix/mod_unixd.c:339:13#ap_log_error_@/Users/zhouyangjia/source/httpd-2.4.10/modules/arch/unix/mod_unixd.c:340:13
chdir@/Users/zhouyangjia/source/httpd-2.4.10/modules/arch/unix/mod_unixd.c:344:13#ap_log_error_@/Users/zhouyangjia/source/httpd-2.4.10/modules/arch/unix/mod_unixd.c:345:13
geteuid@/Users/zhouyangjia/source/httpd-2.4.10/modules/arch/unix/mod_unixd.c:352:10#ap_log_error_@/Users/zhouyangjia/source/httpd-2.4.10/modules/arch/unix/mod_unixd.c:357:9
strcasecmp@/Users/zhouyangjia/source/httpd-2.4.10/modules/dav/main/mod_dav.c:188:18#ap_log_error_@/Users/zhouyangjia/source/httpd-2.4.10/modules/dav/main/mod_dav.c:190:13
dav_lookup_provider@/Users/zhouyangjia/source/httpd-2.4.10/modules/dav/main/mod_dav.c:262:26#apr_psprintf@/Users/zhouyangjia/source/httpd-2.4.10/modules/dav/main/mod_dav.c:267:20
dav_get_resource@/Users/zhouyangjia/source/httpd-2.4.10/modules/dav/main/mod_dav.c:821:11#dav_handle_err@/Users/zhouyangjia/source/httpd-2.4.10/modules/dav/main/mod_dav.c:824:16
dav_get_resource@/Users/zhouyangjia/source/httpd-2.4.10/modules/dav/main/mod_dav.c:868:11#dav_handle_err@/Users/zhouyangjia/source/httpd-2.4.10/modules/dav/main/mod_dav.c:871:16
dav_get_resource@/Users/zhouyangjia/source/httpd-2.4.10/modules/dav/main/mod_dav.c:901:11#dav_handle_err@/Users/zhouyangjia/source/httpd-2.4.10/modules/dav/main/mod_dav.c:904:16
dav_get_resource_state@/Users/zhouyangjia/source/httpd-2.4.10/modules/dav/main/mod_dav.c:922:22#dav_handle_err@/Users/zhouyangjia/source/httpd-2.4.10/modules/dav/main/mod_dav.c:938:16
dav_get_resource@/Users/zhouyangjia/source/httpd-2.4.10/modules/dav/main/mod_dav.c:1179:11#dav_handle_err@/Users/zhouyangjia/source/httpd-2.4.10/modules/dav/main/mod_dav.c:1182:16
dav_get_resource@/Users/zhouyangjia/source/httpd-2.4.10/modules/dav/main/mod_dav.c:1540:11#dav_handle_err@/Users/zhouyangjia/source/httpd-2.4.10/modules/dav/main/mod_dav.c:1543:16
dav_get_resource@/Users/zhouyangjia/source/httpd-2.4.10/modules/dav/main/mod_dav.c:1608:11#dav_handle_err@/Users/zhouyangjia/source/httpd-2.4.10/modules/dav/main/mod_dav.c:1611:16
dav_get_resource@/Users/zhouyangjia/source/httpd-2.4.10/modules/dav/main/mod_dav.c:2016:11#dav_handle_err@/Users/zhouyangjia/source/httpd-2.4.10/modules/dav/main/mod_dav.c:2019:16
dav_get_resource@/Users/zhouyangjia/source/httpd-2.4.10/modules/dav/main/mod_dav.c:2292:11#dav_handle_err@/Users/zhouyangjia/source/httpd-2.4.10/modules/dav/main/mod_dav.c:2295:16
strcasecmp@/Users/zhouyangjia/source/httpd-2.4.10/modules/dav/main/mod_dav.c:2448:13#ap_log_rerror_@/Users/zhouyangjia/source/httpd-2.4.10/modules/dav/main/mod_dav.c:2450:13
dav_get_resource@/Users/zhouyangjia/source/httpd-2.4.10/modules/dav/main/mod_dav.c:2507:11#dav_handle_err@/Users/zhouyangjia/source/httpd-2.4.10/modules/dav/main/mod_dav.c:2510:16
dav_get_resource_state@/Users/zhouyangjia/source/httpd-2.4.10/modules/dav/main/mod_dav.c:2520:22#dav_handle_err@/Users/zhouyangjia/source/httpd-2.4.10/modules/dav/main/mod_dav.c:2538:16
dav_get_resource@/Users/zhouyangjia/source/httpd-2.4.10/modules/dav/main/mod_dav.c:2627:11#dav_handle_err@/Users/zhouyangjia/source/httpd-2.4.10/modules/dav/main/mod_dav.c:2630:16
apr_table_get@/Users/zhouyangjia/source/httpd-2.4.10/modules/dav/main/mod_dav.c:2647:12#apr_psprintf@/Users/zhouyangjia/source/httpd-2.4.10/modules/dav/main/mod_dav.c:2654:20
dav_lookup_uri@/Users/zhouyangjia/source/httpd-2.4.10/modules/dav/main/mod_dav.c:2663:14#ap_log_rerror_@/Users/zhouyangjia/source/httpd-2.4.10/modules/dav/main/mod_dav.c:2667:13
dav_get_resource@/Users/zhouyangjia/source/httpd-2.4.10/modules/dav/main/mod_dav.c:2693:11#dav_handle_err@/Users/zhouyangjia/source/httpd-2.4.10/modules/dav/main/mod_dav.c:2696:16
dav_get_resource@/Users/zhouyangjia/source/httpd-2.4.10/modules/dav/main/mod_dav.c:3044:11#dav_handle_err@/Users/zhouyangjia/source/httpd-2.4.10/modules/dav/main/mod_dav.c:3047:16
dav_get_resource_state@/Users/zhouyangjia/source/httpd-2.4.10/modules/dav/main/mod_dav.c:3083:22#dav_push_error@/Users/zhouyangjia/source/httpd-2.4.10/modules/dav/main/mod_dav.c:3099:15
dav_get_resource@/Users/zhouyangjia/source/httpd-2.4.10/modules/dav/main/mod_dav.c:3243:11#dav_handle_err@/Users/zhouyangjia/source/httpd-2.4.10/modules/dav/main/mod_dav.c:3246:16
dav_get_resource_state@/Users/zhouyangjia/source/httpd-2.4.10/modules/dav/main/mod_dav.c:3248:22#dav_handle_err@/Users/zhouyangjia/source/httpd-2.4.10/modules/dav/main/mod_dav.c:3267:16
dav_get_resource@/Users/zhouyangjia/source/httpd-2.4.10/modules/dav/main/mod_dav.c:3302:11#dav_handle_err@/Users/zhouyangjia/source/httpd-2.4.10/modules/dav/main/mod_dav.c:3305:16
dav_auto_checkin@/Users/zhouyangjia/source/httpd-2.4.10/modules/dav/main/mod_dav.c:3421:11#dav_push_error@/Users/zhouyangjia/source/httpd-2.4.10/modules/dav/main/mod_dav.c:3424:15
dav_get_resource@/Users/zhouyangjia/source/httpd-2.4.10/modules/dav/main/mod_dav.c:3556:11#dav_handle_err@/Users/zhouyangjia/source/httpd-2.4.10/modules/dav/main/mod_dav.c:3558:16
dav_get_resource@/Users/zhouyangjia/source/httpd-2.4.10/modules/dav/main/mod_dav.c:3631:11#dav_handle_err@/Users/zhouyangjia/source/httpd-2.4.10/modules/dav/main/mod_dav.c:3634:16
dav_get_resource@/Users/zhouyangjia/source/httpd-2.4.10/modules/dav/main/mod_dav.c:3708:11#dav_handle_err@/Users/zhouyangjia/source/httpd-2.4.10/modules/dav/main/mod_dav.c:3711:16
dav_get_resource@/Users/zhouyangjia/source/httpd-2.4.10/modules/dav/main/mod_dav.c:3829:11#dav_handle_err@/Users/zhouyangjia/source/httpd-2.4.10/modules/dav/main/mod_dav.c:3832:16
dav_lookup_uri@/Users/zhouyangjia/source/httpd-2.4.10/modules/dav/main/mod_dav.c:3851:18#ap_log_rerror_@/Users/zhouyangjia/source/httpd-2.4.10/modules/dav/main/mod_dav.c:3855:17
dav_get_resource@/Users/zhouyangjia/source/httpd-2.4.10/modules/dav/main/mod_dav.c:3872:15#dav_handle_err@/Users/zhouyangjia/source/httpd-2.4.10/modules/dav/main/mod_dav.c:3875:20
dav_get_resource@/Users/zhouyangjia/source/httpd-2.4.10/modules/dav/main/mod_dav.c:3980:11#dav_handle_err@/Users/zhouyangjia/source/httpd-2.4.10/modules/dav/main/mod_dav.c:3983:16
dav_get_resource@/Users/zhouyangjia/source/httpd-2.4.10/modules/dav/main/mod_dav.c:4114:11#dav_handle_err@/Users/zhouyangjia/source/httpd-2.4.10/modules/dav/main/mod_dav.c:4117:16
dav_get_resource@/Users/zhouyangjia/source/httpd-2.4.10/modules/dav/main/mod_dav.c:4167:11#dav_handle_err@/Users/zhouyangjia/source/httpd-2.4.10/modules/dav/main/mod_dav.c:4170:16
dav_get_resource@/Users/zhouyangjia/source/httpd-2.4.10/modules/dav/main/mod_dav.c:4231:11#dav_handle_err@/Users/zhouyangjia/source/httpd-2.4.10/modules/dav/main/mod_dav.c:4234:16
dav_lookup_uri@/Users/zhouyangjia/source/httpd-2.4.10/modules/dav/main/mod_dav.c:4337:14#ap_log_rerror_@/Users/zhouyangjia/source/httpd-2.4.10/modules/dav/main/mod_dav.c:4341:13
dav_get_resource@/Users/zhouyangjia/source/httpd-2.4.10/modules/dav/main/mod_dav.c:4356:11#dav_handle_err@/Users/zhouyangjia/source/httpd-2.4.10/modules/dav/main/mod_dav.c:4359:16
dav_get_resource@/Users/zhouyangjia/source/httpd-2.4.10/modules/dav/main/mod_dav.c:4374:11#dav_handle_err@/Users/zhouyangjia/source/httpd-2.4.10/modules/dav/main/mod_dav.c:4377:16
dav_get_resource@/Users/zhouyangjia/source/httpd-2.4.10/modules/dav/main/mod_dav.c:4440:11#dav_handle_err@/Users/zhouyangjia/source/httpd-2.4.10/modules/dav/main/mod_dav.c:4443:16
apr_table_get@/Users/zhouyangjia/source/httpd-2.4.10/modules/dav/main/mod_dav.c:4451:12#ap_log_rerror_@/Users/zhouyangjia/source/httpd-2.4.10/modules/dav/main/mod_dav.c:4454:9
dav_lookup_uri@/Users/zhouyangjia/source/httpd-2.4.10/modules/dav/main/mod_dav.c:4459:14#ap_log_rerror_@/Users/zhouyangjia/source/httpd-2.4.10/modules/dav/main/mod_dav.c:4463:13
dav_get_resource@/Users/zhouyangjia/source/httpd-2.4.10/modules/dav/main/mod_dav.c:4490:11#dav_handle_err@/Users/zhouyangjia/source/httpd-2.4.10/modules/dav/main/mod_dav.c:4493:16
strcasecmp@/Users/zhouyangjia/source/httpd-2.4.10/modules/dav/main/util.c:243:13#apr_psprintf@/Users/zhouyangjia/source/httpd-2.4.10/modules/dav/main/util.c:249:31
atol@/Users/zhouyangjia/source/httpd-2.4.10/modules/dav/main/util.c:517:23#time@/Users/zhouyangjia/source/httpd-2.4.10/modules/dav/main/util.c:518:23
SwitchDefault@/Users/zhouyangjia/source/httpd-2.4.10/modules/dav/main/util.c:777:20#dav_new_error@/Users/zhouyangjia/source/httpd-2.4.10/modules/dav/main/util.c:777:20
SwitchDefault@/Users/zhouyangjia/source/httpd-2.4.10/modules/dav/main/util.c:758:28#dav_new_error@/Users/zhouyangjia/source/httpd-2.4.10/modules/dav/main/util.c:758:28
SwitchDefault@/Users/zhouyangjia/source/httpd-2.4.10/modules/generators/mod_status.c:723:25#ap_rputs@/Users/zhouyangjia/source/httpd-2.4.10/modules/generators/mod_status.c:723:25
SwitchDefault@/Users/zhouyangjia/source/httpd-2.4.10/modules/generators/mod_status.c:809:25#ap_rputs@/Users/zhouyangjia/source/httpd-2.4.10/modules/generators/mod_status.c:809:25
strncasecmp@/Users/zhouyangjia/source/httpd-2.4.10/modules/generators/mod_autoindex.c:1071:23#apr_file_open@/Users/zhouyangjia/source/httpd-2.4.10/modules/generators/mod_autoindex.c:1078:21
strncasecmp@/Users/zhouyangjia/source/httpd-2.4.10/modules/generators/mod_autoindex.c:1166:23#apr_file_open@/Users/zhouyangjia/source/httpd-2.4.10/modules/generators/mod_autoindex.c:1170:21
strcasecmp@/Users/zhouyangjia/source/httpd-2.4.10/modules/generators/mod_info.c:788:21#ap_rputs@/Users/zhouyangjia/source/httpd-2.4.10/modules/generators/mod_info.c:790:13
strcasecmp@/Users/zhouyangjia/source/httpd-2.4.10/modules/generators/mod_info.c:834:29#ap_rputs@/Users/zhouyangjia/source/httpd-2.4.10/modules/generators/mod_info.c:835:13
strcasecmp@/Users/zhouyangjia/source/httpd-2.4.10/modules/generators/mod_info.c:845:34#ap_rprintf@/Users/zhouyangjia/source/httpd-2.4.10/modules/generators/mod_info.c:846:21
strcasecmp@/Users/zhouyangjia/source/httpd-2.4.10/modules/generators/mod_info.c:943:37#ap_rputs@/Users/zhouyangjia/source/httpd-2.4.10/modules/generators/mod_info.c:944:17
unlink@/Users/zhouyangjia/source/httpd-2.4.10/modules/generators/mod_cgid.c:324:17#__error@/Users/zhouyangjia/source/httpd-2.4.10/modules/generators/mod_cgid.c:324:41
geteuid@/Users/zhouyangjia/source/httpd-2.4.10/modules/generators/mod_cgid.c:650:10#ap_log_error_@/Users/zhouyangjia/source/httpd-2.4.10/modules/generators/mod_cgid.c:652:13
fork@/Users/zhouyangjia/source/httpd-2.4.10/modules/generators/mod_cgid.c:870:23#ap_log_error_@/Users/zhouyangjia/source/httpd-2.4.10/modules/generators/mod_cgid.c:871:9
kill@/Users/zhouyangjia/source/httpd-2.4.10/modules/generators/mod_cgid.c:1239:13#log_scripterror@/Users/zhouyangjia/source/httpd-2.4.10/modules/generators/mod_cgid.c:1240:20
dav_dbm_store@/Users/zhouyangjia/source/httpd-2.4.10/modules/dav/fs/dbm.c:503:15#ap_log_error_@/Users/zhouyangjia/source/httpd-2.4.10/modules/dav/fs/dbm.c:505:13
strstr@/Users/zhouyangjia/source/httpd-2.4.10/modules/dav/fs/lock.c:249:9#dav_new_error@/Users/zhouyangjia/source/httpd-2.4.10/modules/dav/fs/lock.c:250:16
dav_dbm_open_direct@/Users/zhouyangjia/source/httpd-2.4.10/modules/dav/fs/lock.c:307:11#dav_push_error@/Users/zhouyangjia/source/httpd-2.4.10/modules/dav/fs/lock.c:312:16
dav_get_lockdb_path@/Users/zhouyangjia/source/httpd-2.4.10/modules/dav/fs/lock.c:345:30#dav_new_error@/Users/zhouyangjia/source/httpd-2.4.10/modules/dav/fs/lock.c:347:16
dav_fs_build_key@/Users/zhouyangjia/source/httpd-2.4.10/modules/dav/fs/lock.c:1015:11#dav_fs_load_lock_record@/Users/zhouyangjia/source/httpd-2.4.10/modules/dav/fs/lock.c:1016:16
dav_fs_build_key@/Users/zhouyangjia/source/httpd-2.4.10/modules/dav/fs/lock.c:1083:11#dav_fs_load_lock_record@/Users/zhouyangjia/source/httpd-2.4.10/modules/dav/fs/lock.c:1084:16
dav_fs_build_key@/Users/zhouyangjia/source/httpd-2.4.10/modules/dav/fs/lock.c:1173:11#dav_fs_load_lock_record@/Users/zhouyangjia/source/httpd-2.4.10/modules/dav/fs/lock.c:1174:16
dav_fs_build_key@/Users/zhouyangjia/source/httpd-2.4.10/modules/dav/fs/lock.c:1353:11#dav_fs_load_lock_record@/Users/zhouyangjia/source/httpd-2.4.10/modules/dav/fs/lock.c:1354:16
strchr@/Users/zhouyangjia/source/httpd-2.4.10/modules/mappers/mod_rewrite.c:745:9#do_rewritelog@/Users/zhouyangjia/source/httpd-2.4.10/modules/mappers/mod_rewrite.c:767:9
rewritemap_program_child@/Users/zhouyangjia/source/httpd-2.4.10/modules/mappers/mod_rewrite.c:1215:14#ap_log_error_@/Users/zhouyangjia/source/httpd-2.4.10/modules/mappers/mod_rewrite.c:1218:13
SwitchDefault@/Users/zhouyangjia/source/httpd-2.4.10/modules/mappers/mod_rewrite.c:1375:9 <Spelling=/Users/zhouyangjia/source/httpd-2.4.10/modules/mappers/mod_rewrite.c:127:23>#do_rewritelog@/Users/zhouyangjia/source/httpd-2.4.10/modules/mappers/mod_rewrite.c:1375:9
strncasecmp@/Users/zhouyangjia/source/httpd-2.4.10/modules/mappers/mod_rewrite.c:1811:18#do_rewritelog@/Users/zhouyangjia/source/httpd-2.4.10/modules/mappers/mod_rewrite.c:1823:21
strncasecmp@/Users/zhouyangjia/source/httpd-2.4.10/modules/mappers/mod_rewrite.c:1829:23#do_rewritelog@/Users/zhouyangjia/source/httpd-2.4.10/modules/mappers/mod_rewrite.c:1858:21
isdigit@/Users/zhouyangjia/source/httpd-2.4.10/modules/mappers/mod_rewrite.c:2355:18#do_rewritelog@/Users/zhouyangjia/source/httpd-2.4.10/modules/mappers/mod_rewrite.c:2368:21
atol@/Users/zhouyangjia/source/httpd-2.4.10/modules/mappers/mod_rewrite.c:2506:27#apr_psprintf@/Users/zhouyangjia/source/httpd-2.4.10/modules/mappers/mod_rewrite.c:2510:32
strcasecmp@/Users/zhouyangjia/source/httpd-2.4.10/modules/mappers/mod_rewrite.c:2920:14#ap_log_error_@/Users/zhouyangjia/source/httpd-2.4.10/modules/mappers/mod_rewrite.c:2939:13
strncasecmp@/Users/zhouyangjia/source/httpd-2.4.10/modules/mappers/mod_rewrite.c:2992:9#apr_psprintf@/Users/zhouyangjia/source/httpd-2.4.10/modules/mappers/mod_rewrite.c:3001:29
strncasecmp@/Users/zhouyangjia/source/httpd-2.4.10/modules/mappers/mod_rewrite.c:3004:14#apr_psprintf@/Users/zhouyangjia/source/httpd-2.4.10/modules/mappers/mod_rewrite.c:3013:29
strncasecmp@/Users/zhouyangjia/source/httpd-2.4.10/modules/mappers/mod_rewrite.c:3016:14#apr_psprintf@/Users/zhouyangjia/source/httpd-2.4.10/modules/mappers/mod_rewrite.c:3021:29
strncasecmp@/Users/zhouyangjia/source/httpd-2.4.10/modules/mappers/mod_rewrite.c:3057:15#apr_psprintf@/Users/zhouyangjia/source/httpd-2.4.10/modules/mappers/mod_rewrite.c:3069:33
strncasecmp@/Users/zhouyangjia/source/httpd-2.4.10/modules/mappers/mod_rewrite.c:3075:14#apr_psprintf@/Users/zhouyangjia/source/httpd-2.4.10/modules/mappers/mod_rewrite.c:3106:29
strcasecmp@/Users/zhouyangjia/source/httpd-2.4.10/modules/mappers/mod_rewrite.c:3576:23#apr_psprintf@/Users/zhouyangjia/source/httpd-2.4.10/modules/mappers/mod_rewrite.c:3597:36
strchr@/Users/zhouyangjia/source/httpd-2.4.10/modules/mappers/mod_rewrite.c:4898:27#do_rewritelog@/Users/zhouyangjia/source/httpd-2.4.10/modules/mappers/mod_rewrite.c:4899:21
