inflateInit2_@/Users/zhouyangjia/source/mysql-5.6.17/zlib/gzio.c:172:15#destroy@/Users/zhouyangjia/source/mysql-5.6.17/zlib/gzio.c:180:20
fclose@/Users/zhouyangjia/source/mysql-5.6.17/zlib/gzio.c:380:28#__error@/Users/zhouyangjia/source/mysql-5.6.17/zlib/gzio.c:382:13
realloc@/Users/zhouyangjia/source/mysql-5.6.17/cmd-line-utils/libedit/chartype.c:54:7#free@/Users/zhouyangjia/source/mysql-5.6.17/cmd-line-utils/libedit/chartype.c:57:4
realloc@/Users/zhouyangjia/source/mysql-5.6.17/cmd-line-utils/libedit/chartype.c:65:7#free@/Users/zhouyangjia/source/mysql-5.6.17/cmd-line-utils/libedit/chartype.c:68:4
malloc@/Users/zhouyangjia/source/mysql-5.6.17/cmd-line-utils/libedit/chartype.c:155:10#free@/Users/zhouyangjia/source/mysql-5.6.17/cmd-line-utils/libedit/chartype.c:167:4
iswcntrl@/Users/zhouyangjia/source/mysql-5.6.17/cmd-line-utils/libedit/chartype.c:355:25#iswprint@/Users/zhouyangjia/source/mysql-5.6.17/cmd-line-utils/libedit/chartype.c:357:11
wcsdup@/Users/zhouyangjia/source/mysql-5.6.17/cmd-line-utils/libedit/el.c:77:16#free@/Users/zhouyangjia/source/mysql-5.6.17/cmd-line-utils/libedit/el.c:79:3
wcscmp@/Users/zhouyangjia/source/mysql-5.6.17/cmd-line-utils/libedit/el.c:623:6#fprintf@/Users/zhouyangjia/source/mysql-5.6.17/cmd-line-utils/libedit/el.c:631:10
wcsdup@/Users/zhouyangjia/source/mysql-5.6.17/cmd-line-utils/libedit/history.c:472:19#free@/Users/zhouyangjia/source/mysql-5.6.17/cmd-line-utils/libedit/history.c:473:3
SwitchDefault@/Users/zhouyangjia/source/mysql-5.6.17/cmd-line-utils/libedit/map.c:1301:12#fprintf@/Users/zhouyangjia/source/mysql-5.6.17/cmd-line-utils/libedit/map.c:1301:12
strdup@/Users/zhouyangjia/source/mysql-5.6.17/cmd-line-utils/libedit/readline.c:708:13#free@/Users/zhouyangjia/source/mysql-5.6.17/cmd-line-utils/libedit/readline.c:710:4
strdup@/Users/zhouyangjia/source/mysql-5.6.17/cmd-line-utils/libedit/readline.c:721:9#fprintf@/Users/zhouyangjia/source/mysql-5.6.17/cmd-line-utils/libedit/readline.c:755:10
strrchr@/Users/zhouyangjia/source/mysql-5.6.17/cmd-line-utils/libedit/readline.c:779:16#free@/Users/zhouyangjia/source/mysql-5.6.17/cmd-line-utils/libedit/readline.c:781:5
strrchr@/Users/zhouyangjia/source/mysql-5.6.17/cmd-line-utils/libedit/readline.c:788:16#free@/Users/zhouyangjia/source/mysql-5.6.17/cmd-line-utils/libedit/readline.c:790:5
realloc@/Users/zhouyangjia/source/mysql-5.6.17/cmd-line-utils/libedit/readline.c:807:12#free@/Users/zhouyangjia/source/mysql-5.6.17/cmd-line-utils/libedit/readline.c:809:6
realloc@/Users/zhouyangjia/source/mysql-5.6.17/cmd-line-utils/libedit/readline.c:819:15#free@/Users/zhouyangjia/source/mysql-5.6.17/cmd-line-utils/libedit/readline.c:823:8
strdup@/Users/zhouyangjia/source/mysql-5.6.17/cmd-line-utils/libedit/readline.c:836:14#free@/Users/zhouyangjia/source/mysql-5.6.17/cmd-line-utils/libedit/readline.c:838:8
realloc@/Users/zhouyangjia/source/mysql-5.6.17/cmd-line-utils/libedit/readline.c:852:12#free@/Users/zhouyangjia/source/mysql-5.6.17/cmd-line-utils/libedit/readline.c:854:6
realloc@/Users/zhouyangjia/source/mysql-5.6.17/cmd-line-utils/libedit/readline.c:864:15#free@/Users/zhouyangjia/source/mysql-5.6.17/cmd-line-utils/libedit/readline.c:867:8
realloc@/Users/zhouyangjia/source/mysql-5.6.17/cmd-line-utils/libedit/readline.c:1124:14#free@/Users/zhouyangjia/source/mysql-5.6.17/cmd-line-utils/libedit/readline.c:1126:5
malloc@/Users/zhouyangjia/source/mysql-5.6.17/cmd-line-utils/libedit/readline.c:1132:10#free@/Users/zhouyangjia/source/mysql-5.6.17/cmd-line-utils/libedit/readline.c:1135:5
fopen@/Users/zhouyangjia/source/mysql-5.6.17/cmd-line-utils/libedit/readline.c:1207:12#__error@/Users/zhouyangjia/source/mysql-5.6.17/cmd-line-utils/libedit/readline.c:1208:10
mkstemp@/Users/zhouyangjia/source/mysql-5.6.17/cmd-line-utils/libedit/readline.c:1210:12#__error@/Users/zhouyangjia/source/mysql-5.6.17/cmd-line-utils/libedit/readline.c:1211:9
fdopen@/Users/zhouyangjia/source/mysql-5.6.17/cmd-line-utils/libedit/readline.c:1215:12#close@/Users/zhouyangjia/source/mysql-5.6.17/cmd-line-utils/libedit/readline.c:1216:3
fread@/Users/zhouyangjia/source/mysql-5.6.17/cmd-line-utils/libedit/readline.c:1222:7#ferror@/Users/zhouyangjia/source/mysql-5.6.17/cmd-line-utils/libedit/readline.c:1223:8
fseeko@/Users/zhouyangjia/source/mysql-5.6.17/cmd-line-utils/libedit/readline.c:1227:8#__error@/Users/zhouyangjia/source/mysql-5.6.17/cmd-line-utils/libedit/readline.c:1229:11
fseeko@/Users/zhouyangjia/source/mysql-5.6.17/cmd-line-utils/libedit/readline.c:1274:7#__error@/Users/zhouyangjia/source/mysql-5.6.17/cmd-line-utils/libedit/readline.c:1275:10
fread@/Users/zhouyangjia/source/mysql-5.6.17/cmd-line-utils/libedit/readline.c:1278:7#ferror@/Users/zhouyangjia/source/mysql-5.6.17/cmd-line-utils/libedit/readline.c:1279:8
fseeko@/Users/zhouyangjia/source/mysql-5.6.17/cmd-line-utils/libedit/readline.c:1292:6#__error@/Users/zhouyangjia/source/mysql-5.6.17/cmd-line-utils/libedit/readline.c:1293:9
fseeko@/Users/zhouyangjia/source/mysql-5.6.17/cmd-line-utils/libedit/readline.c:1297:6#__error@/Users/zhouyangjia/source/mysql-5.6.17/cmd-line-utils/libedit/readline.c:1299:9
fread@/Users/zhouyangjia/source/mysql-5.6.17/cmd-line-utils/libedit/readline.c:1304:24#ferror@/Users/zhouyangjia/source/mysql-5.6.17/cmd-line-utils/libedit/readline.c:1305:8
ftello@/Users/zhouyangjia/source/mysql-5.6.17/cmd-line-utils/libedit/readline.c:1315:12#__error@/Users/zhouyangjia/source/mysql-5.6.17/cmd-line-utils/libedit/readline.c:1317:25
wcsdup@/Users/zhouyangjia/source/mysql-5.6.17/cmd-line-utils/libedit/tokenizer.c:112:13#free@/Users/zhouyangjia/source/mysql-5.6.17/cmd-line-utils/libedit/tokenizer.c:114:3
malloc@/Users/zhouyangjia/source/mysql-5.6.17/cmd-line-utils/libedit/tokenizer.c:119:14#free@/Users/zhouyangjia/source/mysql-5.6.17/cmd-line-utils/libedit/tokenizer.c:121:3
malloc@/Users/zhouyangjia/source/mysql-5.6.17/cmd-line-utils/libedit/tokenizer.c:126:16#free@/Users/zhouyangjia/source/mysql-5.6.17/cmd-line-utils/libedit/tokenizer.c:128:3
malloc@/Users/zhouyangjia/source/mysql-5.6.17/cmd-line-utils/libedit/vi.c:1025:7#close@/Users/zhouyangjia/source/mysql-5.6.17/cmd-line-utils/libedit/vi.c:1028:3
malloc@/Users/zhouyangjia/source/mysql-5.6.17/cmd-line-utils/libedit/vi.c:1032:9#free@/Users/zhouyangjia/source/mysql-5.6.17/cmd-line-utils/libedit/vi.c:1034:3
fork@/Users/zhouyangjia/source/mysql-5.6.17/cmd-line-utils/libedit/vi.c:1046:8#close@/Users/zhouyangjia/source/mysql-5.6.17/cmd-line-utils/libedit/vi.c:1049:3
wcscmp@/Users/zhouyangjia/source/mysql-5.6.17/cmd-line-utils/libedit/hist.c:165:19#fprintf@/Users/zhouyangjia/source/mysql-5.6.17/cmd-line-utils/libedit/hist.c:169:11
wcschr@/Users/zhouyangjia/source/mysql-5.6.17/cmd-line-utils/libedit/parse.c:103:8#free@/Users/zhouyangjia/source/mysql-5.6.17/cmd-line-utils/libedit/parse.c:118:3
SwitchDefault@/Users/zhouyangjia/source/mysql-5.6.17/cmd-line-utils/libedit/refresh.c:152:7#re_putc@/Users/zhouyangjia/source/mysql-5.6.17/cmd-line-utils/libedit/refresh.c:152:7
malloc@/Users/zhouyangjia/source/mysql-5.6.17/cmd-line-utils/libedit/terminal.c:421:10#free@/Users/zhouyangjia/source/mysql-5.6.17/cmd-line-utils/libedit/terminal.c:424:5
malloc@/Users/zhouyangjia/source/mysql-5.6.17/cmd-line-utils/libedit/terminal.c:436:10#free@/Users/zhouyangjia/source/mysql-5.6.17/cmd-line-utils/libedit/terminal.c:439:5
wcscmp@/Users/zhouyangjia/source/mysql-5.6.17/cmd-line-utils/libedit/terminal.c:1145:24#keymacro_kprint@/Users/zhouyangjia/source/mysql-5.6.17/cmd-line-utils/libedit/terminal.c:1147:5
strtol@/Users/zhouyangjia/source/mysql-5.6.17/cmd-line-utils/libedit/terminal.c:1388:7#fprintf@/Users/zhouyangjia/source/mysql-5.6.17/cmd-line-utils/libedit/terminal.c:1390:11
wcscmp@/Users/zhouyangjia/source/mysql-5.6.17/cmd-line-utils/libedit/terminal.c:1500:6#fprintf@/Users/zhouyangjia/source/mysql-5.6.17/cmd-line-utils/libedit/terminal.c:1501:10
wcscmp@/Users/zhouyangjia/source/mysql-5.6.17/cmd-line-utils/libedit/terminal.c:1503:13#fprintf@/Users/zhouyangjia/source/mysql-5.6.17/cmd-line-utils/libedit/terminal.c:1504:10
wcscmp@/Users/zhouyangjia/source/mysql-5.6.17/cmd-line-utils/libedit/terminal.c:1506:13#fprintf@/Users/zhouyangjia/source/mysql-5.6.17/cmd-line-utils/libedit/terminal.c:1507:10
wcscmp@/Users/zhouyangjia/source/mysql-5.6.17/cmd-line-utils/libedit/terminal.c:1510:13#fprintf@/Users/zhouyangjia/source/mysql-5.6.17/cmd-line-utils/libedit/terminal.c:1511:10
wcscmp@/Users/zhouyangjia/source/mysql-5.6.17/cmd-line-utils/libedit/terminal.c:1514:13#fprintf@/Users/zhouyangjia/source/mysql-5.6.17/cmd-line-utils/libedit/terminal.c:1515:10
wcscmp@/Users/zhouyangjia/source/mysql-5.6.17/cmd-line-utils/libedit/terminal.c:1517:13#fprintf@/Users/zhouyangjia/source/mysql-5.6.17/cmd-line-utils/libedit/terminal.c:1519:10
wcscmp@/Users/zhouyangjia/source/mysql-5.6.17/cmd-line-utils/libedit/terminal.c:1521:13#fprintf@/Users/zhouyangjia/source/mysql-5.6.17/cmd-line-utils/libedit/terminal.c:1522:10
SwitchDefault@/Users/zhouyangjia/source/mysql-5.6.17/cmd-line-utils/libedit/terminal.c:1572:13#fprintf@/Users/zhouyangjia/source/mysql-5.6.17/cmd-line-utils/libedit/terminal.c:1572:13
SwitchDefault@/Users/zhouyangjia/source/mysql-5.6.17/cmd-line-utils/libedit/terminal.c:1622:11#fprintf@/Users/zhouyangjia/source/mysql-5.6.17/cmd-line-utils/libedit/terminal.c:1622:11
wcstol@/Users/zhouyangjia/source/mysql-5.6.17/cmd-line-utils/libedit/terminal.c:1600:7#fprintf@/Users/zhouyangjia/source/mysql-5.6.17/cmd-line-utils/libedit/terminal.c:1603:12
wcstol@/Users/zhouyangjia/source/mysql-5.6.17/cmd-line-utils/libedit/terminal.c:1634:7#fprintf@/Users/zhouyangjia/source/mysql-5.6.17/cmd-line-utils/libedit/terminal.c:1637:12
wcstol@/Users/zhouyangjia/source/mysql-5.6.17/cmd-line-utils/libedit/terminal.c:1650:7#fprintf@/Users/zhouyangjia/source/mysql-5.6.17/cmd-line-utils/libedit/terminal.c:1653:12
SwitchDefault@/Users/zhouyangjia/source/mysql-5.6.17/cmd-line-utils/libedit/tty.c:1216:11#fprintf@/Users/zhouyangjia/source/mysql-5.6.17/cmd-line-utils/libedit/tty.c:1216:11
strrchr@/Users/zhouyangjia/source/mysql-5.6.17/cmd-line-utils/libedit/filecomplete.c:179:10#free@/Users/zhouyangjia/source/mysql-5.6.17/cmd-line-utils/libedit/filecomplete.c:186:5
realloc@/Users/zhouyangjia/source/mysql-5.6.17/cmd-line-utils/libedit/filecomplete.c:194:11#free@/Users/zhouyangjia/source/mysql-5.6.17/cmd-line-utils/libedit/filecomplete.c:197:5
realloc@/Users/zhouyangjia/source/mysql-5.6.17/cmd-line-utils/libedit/filecomplete.c:326:18#free@/Users/zhouyangjia/source/mysql-5.6.17/cmd-line-utils/libedit/filecomplete.c:329:5
malloc@/Users/zhouyangjia/source/mysql-5.6.17/cmd-line-utils/libedit/filecomplete.c:352:11#free@/Users/zhouyangjia/source/mysql-5.6.17/cmd-line-utils/libedit/filecomplete.c:354:3
memcmp@/Users/zhouyangjia/source/mysql-5.6.17/storage/heap/hp_test2.c:404:7#puts@/Users/zhouyangjia/source/mysql-5.6.17/storage/heap/hp_test2.c:406:5
memcmp@/Users/zhouyangjia/source/mysql-5.6.17/storage/heap/hp_test2.c:413:7#puts@/Users/zhouyangjia/source/mysql-5.6.17/storage/heap/hp_test2.c:415:5
mem_heap_create_func@/Users/zhouyangjia/source/mysql-5.6.17/storage/innobase/api/api0api.cc:1021:9#ut_dbg_assertion_failed@/Users/zhouyangjia/source/mysql-5.6.17/storage/innobase/api/api0api.cc:1053:3
ut_min@/Users/zhouyangjia/source/mysql-5.6.17/storage/innobase/api/api0api.cc:2367:9#ut_dbg_assertion_failed@/Users/zhouyangjia/source/mysql-5.6.17/storage/innobase/api/api0api.cc:2371:4
SwitchDefault@/Users/zhouyangjia/source/mysql-5.6.17/storage/innobase/api/api0api.cc:2521:3 <Spelling=/Users/zhouyangjia/source/mysql-5.6.17/storage/innobase/include/ut0dbg.h:79:2>#ut_dbg_assertion_failed@/Users/zhouyangjia/source/mysql-5.6.17/storage/innobase/api/api0api.cc:2521:3
dfield_get_len@/Users/zhouyangjia/source/mysql-5.6.17/storage/innobase/api/api0api.cc:2575:13#ut_dbg_assertion_failed@/Users/zhouyangjia/source/mysql-5.6.17/storage/innobase/api/api0api.cc:2586:4
SwitchDefault@/Users/zhouyangjia/source/mysql-5.6.17/storage/innobase/api/api0misc.cc:194:17 <Spelling=/Users/zhouyangjia/source/mysql-5.6.17/storage/innobase/include/ut0dbg.h:79:2>#ut_dbg_assertion_failed@/Users/zhouyangjia/source/mysql-5.6.17/storage/innobase/api/api0misc.cc:194:17
btr_page_get_prev@/Users/zhouyangjia/source/mysql-5.6.17/storage/innobase/btr/btr0btr.cc:943:17#ut_dbg_assertion_failed@/Users/zhouyangjia/source/mysql-5.6.17/storage/innobase/btr/btr0btr.cc:963:3
btr_page_get_next@/Users/zhouyangjia/source/mysql-5.6.17/storage/innobase/btr/btr0btr.cc:1001:17#ut_dbg_assertion_failed@/Users/zhouyangjia/source/mysql-5.6.17/storage/innobase/btr/btr0btr.cc:1019:3
btr_page_get_next@/Users/zhouyangjia/source/mysql-5.6.17/storage/innobase/btr/btr0cur.cc:296:19#ut_dbg_assertion_failed@/Users/zhouyangjia/source/mysql-5.6.17/storage/innobase/btr/btr0cur.cc:303:4
btr_page_get_prev@/Users/zhouyangjia/source/mysql-5.6.17/storage/innobase/btr/btr0cur.cc:317:18#ut_dbg_assertion_failed@/Users/zhouyangjia/source/mysql-5.6.17/storage/innobase/btr/btr0cur.cc:325:4
SwitchDefault@/Users/zhouyangjia/source/mysql-5.6.17/storage/innobase/btr/btr0cur.cc:467:3 <Spelling=/Users/zhouyangjia/source/mysql-5.6.17/storage/innobase/include/ut0dbg.h:79:2>#ut_dbg_assertion_failed@/Users/zhouyangjia/source/mysql-5.6.17/storage/innobase/btr/btr0cur.cc:467:3
SwitchDefault@/Users/zhouyangjia/source/mysql-5.6.17/storage/innobase/btr/btr0cur.cc:683:4 <Spelling=/Users/zhouyangjia/source/mysql-5.6.17/storage/innobase/include/ut0dbg.h:79:2>#ut_dbg_assertion_failed@/Users/zhouyangjia/source/mysql-5.6.17/storage/innobase/btr/btr0cur.cc:683:4
SwitchDefault@/Users/zhouyangjia/source/mysql-5.6.17/storage/innobase/btr/btr0cur.cc:3852:3 <Spelling=/Users/zhouyangjia/source/mysql-5.6.17/storage/innobase/include/ut0dbg.h:79:2>#ut_dbg_assertion_failed@/Users/zhouyangjia/source/mysql-5.6.17/storage/innobase/btr/btr0cur.cc:3852:3
SwitchDefault@/Users/zhouyangjia/source/mysql-5.6.17/storage/innobase/btr/btr0cur.cc:4256:5 <Spelling=/Users/zhouyangjia/source/mysql-5.6.17/storage/innobase/include/ut0dbg.h:71:3>#ut_dbg_assertion_failed@/Users/zhouyangjia/source/mysql-5.6.17/storage/innobase/btr/btr0cur.cc:4256:5
SwitchDefault@/Users/zhouyangjia/source/mysql-5.6.17/storage/innobase/btr/btr0cur.cc:5043:5 <Spelling=/Users/zhouyangjia/source/mysql-5.6.17/storage/innobase/include/ut0dbg.h:79:2>#ut_dbg_assertion_failed@/Users/zhouyangjia/source/mysql-5.6.17/storage/innobase/btr/btr0cur.cc:5043:5
SwitchDefault@/Users/zhouyangjia/source/mysql-5.6.17/storage/innobase/btr/btr0cur.cc:5338:4#ut_print_timestamp@/Users/zhouyangjia/source/mysql-5.6.17/storage/innobase/btr/btr0cur.cc:5338:4
SwitchDefault@/Users/zhouyangjia/source/mysql-5.6.17/storage/innobase/btr/btr0pcur.cc:336:3 <Spelling=/Users/zhouyangjia/source/mysql-5.6.17/storage/innobase/include/ut0dbg.h:79:2>#ut_dbg_assertion_failed@/Users/zhouyangjia/source/mysql-5.6.17/storage/innobase/btr/btr0pcur.cc:336:3
SwitchDefault@/Users/zhouyangjia/source/mysql-5.6.17/storage/innobase/buf/buf0buf.cc:1712:4 <Spelling=/Users/zhouyangjia/source/mysql-5.6.17/storage/innobase/include/ut0dbg.h:79:2>#ut_dbg_assertion_failed@/Users/zhouyangjia/source/mysql-5.6.17/storage/innobase/buf/buf0buf.cc:1712:4
buf_page_hash_get_low@/Users/zhouyangjia/source/mysql-5.6.17/storage/innobase/buf/buf0buf.cc:3425:14#ut_dbg_assertion_failed@/Users/zhouyangjia/source/mysql-5.6.17/storage/innobase/buf/buf0buf.cc:3432:2
SwitchDefault@/Users/zhouyangjia/source/mysql-5.6.17/storage/innobase/buf/buf0buf.cc:4274:3 <Spelling=/Users/zhouyangjia/source/mysql-5.6.17/storage/innobase/include/ut0dbg.h:79:2>#ut_dbg_assertion_failed@/Users/zhouyangjia/source/mysql-5.6.17/storage/innobase/buf/buf0buf.cc:4274:3
fseg_alloc_free_page_general@/Users/zhouyangjia/source/mysql-5.6.17/storage/innobase/buf/buf0dblwr.cc:256:15#ib_logf@/Users/zhouyangjia/source/mysql-5.6.17/storage/innobase/buf/buf0dblwr.cc:259:4
memcmp@/Users/zhouyangjia/source/mysql-5.6.17/storage/innobase/buf/buf0dblwr.cc:700:6#ut_print_timestamp@/Users/zhouyangjia/source/mysql-5.6.17/storage/innobase/buf/buf0dblwr.cc:705:3
fopen@/Users/zhouyangjia/source/mysql-5.6.17/storage/innobase/buf/buf0dump.cc:202:6#buf_dump_status@/Users/zhouyangjia/source/mysql-5.6.17/storage/innobase/buf/buf0dump.cc:204:3
fprintf@/Users/zhouyangjia/source/mysql-5.6.17/storage/innobase/buf/buf0dump.cc:262:10#buf_dump_status@/Users/zhouyangjia/source/mysql-5.6.17/storage/innobase/buf/buf0dump.cc:268:5
fclose@/Users/zhouyangjia/source/mysql-5.6.17/storage/innobase/buf/buf0dump.cc:289:8#buf_dump_status@/Users/zhouyangjia/source/mysql-5.6.17/storage/innobase/buf/buf0dump.cc:291:3
unlink@/Users/zhouyangjia/source/mysql-5.6.17/storage/innobase/buf/buf0dump.cc:298:8#__error@/Users/zhouyangjia/source/mysql-5.6.17/storage/innobase/buf/buf0dump.cc:299:18
rename@/Users/zhouyangjia/source/mysql-5.6.17/storage/innobase/buf/buf0dump.cc:308:8#buf_dump_status@/Users/zhouyangjia/source/mysql-5.6.17/storage/innobase/buf/buf0dump.cc:310:3
fopen@/Users/zhouyangjia/source/mysql-5.6.17/storage/innobase/buf/buf0dump.cc:396:6#strerror@/Users/zhouyangjia/source/mysql-5.6.17/storage/innobase/buf/buf0dump.cc:400:20
rbt_prev@/Users/zhouyangjia/source/mysql-5.6.17/storage/innobase/buf/buf0flu.cc:210:11#ut_dbg_assertion_failed@/Users/zhouyangjia/source/mysql-5.6.17/storage/innobase/buf/buf0flu.cc:216:3
SwitchDefault@/Users/zhouyangjia/source/mysql-5.6.17/storage/innobase/buf/buf0flu.cc:1707:3 <Spelling=/Users/zhouyangjia/source/mysql-5.6.17/storage/innobase/include/ut0dbg.h:79:2>#ut_dbg_assertion_failed@/Users/zhouyangjia/source/mysql-5.6.17/storage/innobase/buf/buf0flu.cc:1707:3
SwitchDefault@/Users/zhouyangjia/source/mysql-5.6.17/storage/innobase/buf/buf0lru.cc:2091:3 <Spelling=/Users/zhouyangjia/source/mysql-5.6.17/storage/innobase/include/ut0dbg.h:79:2>#ut_dbg_assertion_failed@/Users/zhouyangjia/source/mysql-5.6.17/storage/innobase/buf/buf0lru.cc:2091:3
SwitchDefault@/Users/zhouyangjia/source/mysql-5.6.17/storage/innobase/buf/buf0lru.cc:2227:5#ut_print_timestamp@/Users/zhouyangjia/source/mysql-5.6.17/storage/innobase/buf/buf0lru.cc:2227:5
SwitchDefault@/Users/zhouyangjia/source/mysql-5.6.17/storage/innobase/buf/buf0rea.cc:649:3 <Spelling=/Users/zhouyangjia/source/mysql-5.6.17/storage/innobase/include/ut0dbg.h:79:2>#ut_dbg_assertion_failed@/Users/zhouyangjia/source/mysql-5.6.17/storage/innobase/buf/buf0rea.cc:649:3
SwitchDefault@/Users/zhouyangjia/source/mysql-5.6.17/storage/innobase/data/data0data.cc:312:3 <Spelling=/Users/zhouyangjia/source/mysql-5.6.17/storage/innobase/include/ut0dbg.h:79:2>#ut_dbg_assertion_failed@/Users/zhouyangjia/source/mysql-5.6.17/storage/innobase/data/data0data.cc:312:3
SwitchDefault@/Users/zhouyangjia/source/mysql-5.6.17/storage/innobase/data/data0data.cc:466:3#fputs@/Users/zhouyangjia/source/mysql-5.6.17/storage/innobase/data/data0data.cc:466:3
SwitchDefault@/Users/zhouyangjia/source/mysql-5.6.17/storage/innobase/data/data0type.cc:258:3#fprintf@/Users/zhouyangjia/source/mysql-5.6.17/storage/innobase/data/data0type.cc:258:3
strchr@/Users/zhouyangjia/source/mysql-5.6.17/storage/innobase/dict/dict0dict.cc:297:6#ut_dbg_assertion_failed@/Users/zhouyangjia/source/mysql-5.6.17/storage/innobase/dict/dict0dict.cc:298:2
SwitchDefault@/Users/zhouyangjia/source/mysql-5.6.17/storage/innobase/dict/dict0dict.cc:351:3 <Spelling=/Users/zhouyangjia/source/mysql-5.6.17/storage/innobase/include/ut0dbg.h:79:2>#ut_dbg_assertion_failed@/Users/zhouyangjia/source/mysql-5.6.17/storage/innobase/dict/dict0dict.cc:351:3
SwitchDefault@/Users/zhouyangjia/source/mysql-5.6.17/storage/innobase/dict/dict0dict.cc:385:3 <Spelling=/Users/zhouyangjia/source/mysql-5.6.17/storage/innobase/include/ut0dbg.h:79:2>#ut_dbg_assertion_failed@/Users/zhouyangjia/source/mysql-5.6.17/storage/innobase/dict/dict0dict.cc:385:3
strchr@/Users/zhouyangjia/source/mysql-5.6.17/storage/innobase/dict/dict0dict.cc:1599:7#sprintf@/Users/zhouyangjia/source/mysql-5.6.17/storage/innobase/dict/dict0dict.cc:1704:6
dict_foreign_find_index@/Users/zhouyangjia/source/mysql-5.6.17/storage/innobase/dict/dict0dict.cc:3335:11#dict_foreign_error_report@/Users/zhouyangjia/source/mysql-5.6.17/storage/innobase/dict/dict0dict.cc:3343:4
dict_foreign_find_index@/Users/zhouyangjia/source/mysql-5.6.17/storage/innobase/dict/dict0dict.cc:3368:11#dict_foreign_error_report@/Users/zhouyangjia/source/mysql-5.6.17/storage/innobase/dict/dict0dict.cc:3379:4
strtoul@/Users/zhouyangjia/source/mysql-5.6.17/storage/innobase/dict/dict0dict.cc:3996:9#ut_dbg_assertion_failed@/Users/zhouyangjia/source/mysql-5.6.17/storage/innobase/dict/dict0dict.cc:4000:5
dict_table_get_low@/Users/zhouyangjia/source/mysql-5.6.17/storage/innobase/dict/dict0dict.cc:4091:10#dict_foreign_error_report_low@/Users/zhouyangjia/source/mysql-5.6.17/storage/innobase/dict/dict0dict.cc:4095:3
dict_table_get_low@/Users/zhouyangjia/source/mysql-5.6.17/storage/innobase/dict/dict0dict.cc:5956:10#snprintf@/Users/zhouyangjia/source/mysql-5.6.17/storage/innobase/dict/dict0dict.cc:5961:3
dict_table_get_low@/Users/zhouyangjia/source/mysql-5.6.17/storage/innobase/dict/dict0load.cc:3015:16#fprintf@/Users/zhouyangjia/source/mysql-5.6.17/storage/innobase/dict/dict0load.cc:3020:3
SwitchDefault@/Users/zhouyangjia/source/mysql-5.6.17/storage/innobase/dict/dict0stats.cc:2478:4 <Spelling=/Users/zhouyangjia/source/mysql-5.6.17/storage/innobase/include/ut0dbg.h:79:2>#ut_dbg_assertion_failed@/Users/zhouyangjia/source/mysql-5.6.17/storage/innobase/dict/dict0stats.cc:2478:4
SwitchDefault@/Users/zhouyangjia/source/mysql-5.6.17/storage/innobase/dict/dict0stats.cc:2632:4 <Spelling=/Users/zhouyangjia/source/mysql-5.6.17/storage/innobase/include/ut0dbg.h:79:2>#ut_dbg_assertion_failed@/Users/zhouyangjia/source/mysql-5.6.17/storage/innobase/dict/dict0stats.cc:2632:4
strncasecmp@/Users/zhouyangjia/source/mysql-5.6.17/storage/innobase/dict/dict0stats.cc:2652:9#ut_print_timestamp@/Users/zhouyangjia/source/mysql-5.6.17/storage/innobase/dict/dict0stats.cc:2681:4
SwitchDefault@/Users/zhouyangjia/source/mysql-5.6.17/storage/innobase/eval/eval0eval.cc:188:3 <Spelling=/Users/zhouyangjia/source/mysql-5.6.17/storage/innobase/include/ut0dbg.h:79:2>#ut_dbg_assertion_failed@/Users/zhouyangjia/source/mysql-5.6.17/storage/innobase/eval/eval0eval.cc:188:3
fil_space_get_by_id@/Users/zhouyangjia/source/mysql-5.6.17/storage/innobase/fil/fil0fil.cc:1030:10#fputs@/Users/zhouyangjia/source/mysql-5.6.17/storage/innobase/fil/fil0fil.cc:1037:4
fil_space_get_by_id@/Users/zhouyangjia/source/mysql-5.6.17/storage/innobase/fil/fil0fil.cc:2118:10#fprintf@/Users/zhouyangjia/source/mysql-5.6.17/storage/innobase/fil/fil0fil.cc:2121:3
fil_space_get_by_id@/Users/zhouyangjia/source/mysql-5.6.17/storage/innobase/fil/fil0fil.cc:2152:10#fprintf@/Users/zhouyangjia/source/mysql-5.6.17/storage/innobase/fil/fil0fil.cc:2155:3
strchr@/Users/zhouyangjia/source/mysql-5.6.17/storage/innobase/fil/fil0fil.cc:2183:11#ut_dbg_assertion_failed@/Users/zhouyangjia/source/mysql-5.6.17/storage/innobase/fil/fil0fil.cc:2184:2
SwitchDefault@/Users/zhouyangjia/source/mysql-5.6.17/storage/innobase/fil/fil0fil.cc:2433:3 <Spelling=/Users/zhouyangjia/source/mysql-5.6.17/storage/innobase/include/ut0dbg.h:79:2>#ut_dbg_assertion_failed@/Users/zhouyangjia/source/mysql-5.6.17/storage/innobase/fil/fil0fil.cc:2433:3
SwitchDefault@/Users/zhouyangjia/source/mysql-5.6.17/storage/innobase/fil/fil0fil.cc:2871:3 <Spelling=/Users/zhouyangjia/source/mysql-5.6.17/storage/innobase/include/ut0dbg.h:79:2>#ut_dbg_assertion_failed@/Users/zhouyangjia/source/mysql-5.6.17/storage/innobase/fil/fil0fil.cc:2871:3
fil_space_get_by_name@/Users/zhouyangjia/source/mysql-5.6.17/storage/innobase/fil/fil0fil.cc:2908:11#fputs@/Users/zhouyangjia/source/mysql-5.6.17/storage/innobase/fil/fil0fil.cc:2910:3
os_file_opendir@/Users/zhouyangjia/source/mysql-5.6.17/storage/innobase/fil/fil0fil.cc:4666:11#fputs@/Users/zhouyangjia/source/mysql-5.6.17/storage/innobase/fil/fil0fil.cc:4702:5
SwitchDefault@/Users/zhouyangjia/source/mysql-5.6.17/storage/innobase/fil/fil0fil.cc:5664:12 <Spelling=/Users/zhouyangjia/source/mysql-5.6.17/storage/innobase/include/ut0dbg.h:79:2>#ut_dbg_assertion_failed@/Users/zhouyangjia/source/mysql-5.6.17/storage/innobase/fil/fil0fil.cc:5664:12
sscanf@/Users/zhouyangjia/source/mysql-5.6.17/storage/innobase/fts/fts0fts.cc:2465:13#ut_dbg_assertion_failed@/Users/zhouyangjia/source/mysql-5.6.17/storage/innobase/fts/fts0fts.cc:2466:2
SwitchDefault@/Users/zhouyangjia/source/mysql-5.6.17/storage/innobase/fts/fts0fts.cc:3115:4 <Spelling=/Users/zhouyangjia/source/mysql-5.6.17/storage/innobase/include/ut0dbg.h:79:2>#ut_dbg_assertion_failed@/Users/zhouyangjia/source/mysql-5.6.17/storage/innobase/fts/fts0fts.cc:3115:4
SwitchDefault@/Users/zhouyangjia/source/mysql-5.6.17/storage/innobase/fts/fts0fts.cc:5658:5 <Spelling=/Users/zhouyangjia/source/mysql-5.6.17/storage/innobase/include/ut0dbg.h:79:2>#ut_dbg_assertion_failed@/Users/zhouyangjia/source/mysql-5.6.17/storage/innobase/fts/fts0fts.cc:5658:5
SwitchDefault@/Users/zhouyangjia/source/mysql-5.6.17/storage/innobase/fts/fts0fts.cc:5934:4 <Spelling=/Users/zhouyangjia/source/mysql-5.6.17/storage/innobase/include/ut0dbg.h:79:2>#ut_dbg_assertion_failed@/Users/zhouyangjia/source/mysql-5.6.17/storage/innobase/fts/fts0fts.cc:5934:4
SwitchDefault@/Users/zhouyangjia/source/mysql-5.6.17/storage/innobase/fts/fts0ast.cc:300:3 <Spelling=/Users/zhouyangjia/source/mysql-5.6.17/storage/innobase/include/ut0dbg.h:79:2>#ut_dbg_assertion_failed@/Users/zhouyangjia/source/mysql-5.6.17/storage/innobase/fts/fts0ast.cc:300:3
SwitchDefault@/Users/zhouyangjia/source/mysql-5.6.17/storage/innobase/fts/fts0ast.cc:478:3 <Spelling=/Users/zhouyangjia/source/mysql-5.6.17/storage/innobase/include/ut0dbg.h:79:2>#ut_dbg_assertion_failed@/Users/zhouyangjia/source/mysql-5.6.17/storage/innobase/fts/fts0ast.cc:478:3
SwitchDefault@fts0blex.cc:970:3 <Spelling=fts0blex.cc:668:29>#yy_fatal_error@fts0blex.cc:970:3
SwitchDefault@/Users/zhouyangjia/source/mysql-5.6.17/storage/innobase/fts/fts0opt.cc:413:4 <Spelling=/Users/zhouyangjia/source/mysql-5.6.17/storage/innobase/include/ut0dbg.h:79:2>#ut_dbg_assertion_failed@/Users/zhouyangjia/source/mysql-5.6.17/storage/innobase/fts/fts0opt.cc:413:4
SwitchDefault@/Users/zhouyangjia/source/mysql-5.6.17/storage/innobase/fts/fts0opt.cc:654:4 <Spelling=/Users/zhouyangjia/source/mysql-5.6.17/storage/innobase/include/ut0dbg.h:79:2>#ut_dbg_assertion_failed@/Users/zhouyangjia/source/mysql-5.6.17/storage/innobase/fts/fts0opt.cc:654:4
SwitchDefault@/Users/zhouyangjia/source/mysql-5.6.17/storage/innobase/fts/fts0opt.cc:741:4 <Spelling=/Users/zhouyangjia/source/mysql-5.6.17/storage/innobase/include/ut0dbg.h:79:2>#ut_dbg_assertion_failed@/Users/zhouyangjia/source/mysql-5.6.17/storage/innobase/fts/fts0opt.cc:741:4
SwitchDefault@/Users/zhouyangjia/source/mysql-5.6.17/storage/innobase/fts/fts0opt.cc:970:4 <Spelling=/Users/zhouyangjia/source/mysql-5.6.17/storage/innobase/include/ut0dbg.h:79:2>#ut_dbg_assertion_failed@/Users/zhouyangjia/source/mysql-5.6.17/storage/innobase/fts/fts0opt.cc:970:4
fts_optimize_find_slot@/Users/zhouyangjia/source/mysql-5.6.17/storage/innobase/fts/fts0opt.cc:2689:9#ut_print_timestamp@/Users/zhouyangjia/source/mysql-5.6.17/storage/innobase/fts/fts0opt.cc:2692:3
SwitchDefault@/Users/zhouyangjia/source/mysql-5.6.17/storage/innobase/fts/fts0opt.cc:3052:5 <Spelling=/Users/zhouyangjia/source/mysql-5.6.17/storage/innobase/include/ut0dbg.h:79:2>#ut_dbg_assertion_failed@/Users/zhouyangjia/source/mysql-5.6.17/storage/innobase/fts/fts0opt.cc:3052:5
SwitchDefault@/Users/zhouyangjia/source/mysql-5.6.17/storage/innobase/fts/fts0que.cc:1516:3 <Spelling=/Users/zhouyangjia/source/mysql-5.6.17/storage/innobase/include/ut0dbg.h:79:2>#ut_dbg_assertion_failed@/Users/zhouyangjia/source/mysql-5.6.17/storage/innobase/fts/fts0que.cc:1516:3
SwitchDefault@/Users/zhouyangjia/source/mysql-5.6.17/storage/innobase/fts/fts0que.cc:2783:3 <Spelling=/Users/zhouyangjia/source/mysql-5.6.17/storage/innobase/include/ut0dbg.h:79:2>#ut_dbg_assertion_failed@/Users/zhouyangjia/source/mysql-5.6.17/storage/innobase/fts/fts0que.cc:2783:3
SwitchDefault@/Users/zhouyangjia/source/mysql-5.6.17/storage/innobase/fts/fts0que.cc:2901:3 <Spelling=/Users/zhouyangjia/source/mysql-5.6.17/storage/innobase/include/ut0dbg.h:79:2>#ut_dbg_assertion_failed@/Users/zhouyangjia/source/mysql-5.6.17/storage/innobase/fts/fts0que.cc:2901:3
SwitchDefault@/Users/zhouyangjia/source/mysql-5.6.17/storage/innobase/fts/fts0que.cc:3266:4 <Spelling=/Users/zhouyangjia/source/mysql-5.6.17/storage/innobase/include/ut0dbg.h:79:2>#ut_dbg_assertion_failed@/Users/zhouyangjia/source/mysql-5.6.17/storage/innobase/fts/fts0que.cc:3266:4
SwitchDefault@/Users/zhouyangjia/source/mysql-5.6.17/storage/innobase/fts/fts0sql.cc:89:3 <Spelling=/Users/zhouyangjia/source/mysql-5.6.17/storage/innobase/include/ut0dbg.h:79:2>#ut_dbg_assertion_failed@/Users/zhouyangjia/source/mysql-5.6.17/storage/innobase/fts/fts0sql.cc:89:3
sprintf@/Users/zhouyangjia/source/mysql-5.6.17/storage/innobase/fts/fts0sql.cc:129:8#ut_dbg_assertion_failed@/Users/zhouyangjia/source/mysql-5.6.17/storage/innobase/fts/fts0sql.cc:132:2
sprintf@/Users/zhouyangjia/source/mysql-5.6.17/storage/innobase/fts/fts0sql.cc:160:8#ut_dbg_assertion_failed@/Users/zhouyangjia/source/mysql-5.6.17/storage/innobase/fts/fts0sql.cc:162:2
SwitchDefault@fts0tlex.cc:961:3 <Spelling=fts0tlex.cc:664:29>#yy_fatal_error@fts0tlex.cc:961:3
dup@/Users/zhouyangjia/source/mysql-5.6.17/storage/innobase/handler/ha_innodb.cc:1834:9#__error@/Users/zhouyangjia/source/mysql-5.6.17/storage/innobase/handler/ha_innodb.cc:1839:13
strchr@/Users/zhouyangjia/source/mysql-5.6.17/storage/innobase/handler/ha_innodb.cc:2935:6#sql_print_error@/Users/zhouyangjia/source/mysql-5.6.17/storage/innobase/handler/ha_innodb.cc:2936:3
SwitchDefault@/Users/zhouyangjia/source/mysql-5.6.17/storage/innobase/handler/ha_innodb.cc:4343:3 <Spelling=/Users/zhouyangjia/source/mysql-5.6.17/storage/innobase/include/ut0dbg.h:79:2>#ut_dbg_assertion_failed@/Users/zhouyangjia/source/mysql-5.6.17/storage/innobase/handler/ha_innodb.cc:4343:3
SwitchDefault@/Users/zhouyangjia/source/mysql-5.6.17/storage/innobase/handler/ha_innodb.cc:4665:4 <Spelling=/Users/zhouyangjia/source/mysql-5.6.17/storage/innobase/include/ut0dbg.h:79:2>#ut_dbg_assertion_failed@/Users/zhouyangjia/source/mysql-5.6.17/storage/innobase/handler/ha_innodb.cc:4665:4
SwitchDefault@/Users/zhouyangjia/source/mysql-5.6.17/storage/innobase/handler/ha_innodb.cc:5222:3 <Spelling=/Users/zhouyangjia/source/mysql-5.6.17/storage/innobase/include/ut0dbg.h:79:2>#ut_dbg_assertion_failed@/Users/zhouyangjia/source/mysql-5.6.17/storage/innobase/handler/ha_innodb.cc:5222:3
get_charset@/Users/zhouyangjia/source/mysql-5.6.17/storage/innobase/handler/ha_innodb.cc:5195:14#sql_print_error@/Users/zhouyangjia/source/mysql-5.6.17/storage/innobase/handler/ha_innodb.cc:5198:6
SwitchDefault@/Users/zhouyangjia/source/mysql-5.6.17/storage/innobase/handler/ha_innodb.cc:5275:3 <Spelling=/Users/zhouyangjia/source/mysql-5.6.17/storage/innobase/include/ut0dbg.h:79:2>#ut_dbg_assertion_failed@/Users/zhouyangjia/source/mysql-5.6.17/storage/innobase/handler/ha_innodb.cc:5275:3
get_charset@/Users/zhouyangjia/source/mysql-5.6.17/storage/innobase/handler/ha_innodb.cc:5263:14#sql_print_error@/Users/zhouyangjia/source/mysql-5.6.17/storage/innobase/handler/ha_innodb.cc:5266:6
SwitchDefault@/Users/zhouyangjia/source/mysql-5.6.17/storage/innobase/handler/ha_innodb.cc:5620:3 <Spelling=/Users/zhouyangjia/source/mysql-5.6.17/storage/innobase/include/ut0dbg.h:79:2>#ut_dbg_assertion_failed@/Users/zhouyangjia/source/mysql-5.6.17/storage/innobase/handler/ha_innodb.cc:5620:3
SwitchDefault@/Users/zhouyangjia/source/mysql-5.6.17/storage/innobase/handler/ha_innodb.cc:6419:3 <Spelling=/Users/zhouyangjia/source/mysql-5.6.17/storage/innobase/include/ut0dbg.h:79:2>#ut_dbg_assertion_failed@/Users/zhouyangjia/source/mysql-5.6.17/storage/innobase/handler/ha_innodb.cc:6419:3
SwitchDefault@/Users/zhouyangjia/source/mysql-5.6.17/storage/innobase/handler/ha_innodb.cc:7550:11#convert_error_code_to_mysql@/Users/zhouyangjia/source/mysql-5.6.17/storage/innobase/handler/ha_innodb.cc:7550:11
SwitchDefault@/Users/zhouyangjia/source/mysql-5.6.17/storage/innobase/handler/ha_innodb.cc:7802:11#convert_error_code_to_mysql@/Users/zhouyangjia/source/mysql-5.6.17/storage/innobase/handler/ha_innodb.cc:7802:11
SwitchDefault@/Users/zhouyangjia/source/mysql-5.6.17/storage/innobase/handler/ha_innodb.cc:8330:12#convert_error_code_to_mysql@/Users/zhouyangjia/source/mysql-5.6.17/storage/innobase/handler/ha_innodb.cc:8330:12
SwitchDefault@/Users/zhouyangjia/source/mysql-5.6.17/storage/innobase/handler/ha_innodb.cc:8985:4#push_warning_printf@/Users/zhouyangjia/source/mysql-5.6.17/storage/innobase/handler/ha_innodb.cc:8985:4
SwitchDefault@/Users/zhouyangjia/source/mysql-5.6.17/storage/innobase/handler/ha_innodb.cc:9937:11#convert_error_code_to_mysql@/Users/zhouyangjia/source/mysql-5.6.17/storage/innobase/handler/ha_innodb.cc:9937:11
SwitchDefault@/Users/zhouyangjia/source/mysql-5.6.17/storage/innobase/handler/ha_innodb.cc:14630:3 <Spelling=/Users/zhouyangjia/source/mysql-5.6.17/storage/innobase/include/ut0dbg.h:79:2>#ut_dbg_assertion_failed@/Users/zhouyangjia/source/mysql-5.6.17/storage/innobase/handler/ha_innodb.cc:14630:3
strtok_r@/Users/zhouyangjia/source/mysql-5.6.17/storage/innobase/handler/ha_innodb.cc:15189:16#sql_print_warning@/Users/zhouyangjia/source/mysql-5.6.17/storage/innobase/handler/ha_innodb.cc:15200:4
vasprintf@/Users/zhouyangjia/source/mysql-5.6.17/storage/innobase/handler/ha_innodb.cc:16939:8#ut_dbg_assertion_failed@/Users/zhouyangjia/source/mysql-5.6.17/storage/innobase/handler/ha_innodb.cc:16940:2
vasprintf@/Users/zhouyangjia/source/mysql-5.6.17/storage/innobase/handler/ha_innodb.cc:17017:8#ut_dbg_assertion_failed@/Users/zhouyangjia/source/mysql-5.6.17/storage/innobase/handler/ha_innodb.cc:17018:2
vasprintf@/Users/zhouyangjia/source/mysql-5.6.17/storage/innobase/handler/ha_innodb.cc:17053:8#ut_dbg_assertion_failed@/Users/zhouyangjia/source/mysql-5.6.17/storage/innobase/handler/ha_innodb.cc:17054:2
SwitchDefault@/Users/zhouyangjia/source/mysql-5.6.17/storage/innobase/handler/handler0alter.cc:167:3#my_error@/Users/zhouyangjia/source/mysql-5.6.17/storage/innobase/handler/handler0alter.cc:167:3
SwitchDefault@/Users/zhouyangjia/source/mysql-5.6.17/storage/innobase/handler/handler0alter.cc:2861:4#my_error_innodb@/Users/zhouyangjia/source/mysql-5.6.17/storage/innobase/handler/handler0alter.cc:2861:4
SwitchDefault@/Users/zhouyangjia/source/mysql-5.6.17/storage/innobase/handler/handler0alter.cc:3096:3#my_error_innodb@/Users/zhouyangjia/source/mysql-5.6.17/storage/innobase/handler/handler0alter.cc:3096:3
SwitchDefault@/Users/zhouyangjia/source/mysql-5.6.17/storage/innobase/handler/handler0alter.cc:3992:3#my_error_innodb@/Users/zhouyangjia/source/mysql-5.6.17/storage/innobase/handler/handler0alter.cc:3992:3
SwitchDefault@/Users/zhouyangjia/source/mysql-5.6.17/storage/innobase/handler/handler0alter.cc:4141:4#my_error_innodb@/Users/zhouyangjia/source/mysql-5.6.17/storage/innobase/handler/handler0alter.cc:4141:4
SwitchDefault@/Users/zhouyangjia/source/mysql-5.6.17/storage/innobase/handler/handler0alter.cc:4857:4#my_error_innodb@/Users/zhouyangjia/source/mysql-5.6.17/storage/innobase/handler/handler0alter.cc:4857:4
SwitchDefault@/Users/zhouyangjia/source/mysql-5.6.17/storage/innobase/handler/handler0alter.cc:4920:3#my_error_innodb@/Users/zhouyangjia/source/mysql-5.6.17/storage/innobase/handler/handler0alter.cc:4920:3
SwitchDefault@/Users/zhouyangjia/source/mysql-5.6.17/storage/innobase/ibuf/ibuf0ibuf.cc:1372:3 <Spelling=/Users/zhouyangjia/source/mysql-5.6.17/storage/innobase/include/ut0dbg.h:79:2>#ut_dbg_assertion_failed@/Users/zhouyangjia/source/mysql-5.6.17/storage/innobase/ibuf/ibuf0ibuf.cc:1372:3
SwitchDefault@/Users/zhouyangjia/source/mysql-5.6.17/storage/innobase/ibuf/ibuf0ibuf.cc:1892:3 <Spelling=/Users/zhouyangjia/source/mysql-5.6.17/storage/innobase/include/ut0dbg.h:79:2>#ut_dbg_assertion_failed@/Users/zhouyangjia/source/mysql-5.6.17/storage/innobase/ibuf/ibuf0ibuf.cc:1892:3
SwitchDefault@/Users/zhouyangjia/source/mysql-5.6.17/storage/innobase/ibuf/ibuf0ibuf.cc:2993:3 <Spelling=/Users/zhouyangjia/source/mysql-5.6.17/storage/innobase/include/ut0dbg.h:79:2>#ut_dbg_assertion_failed@/Users/zhouyangjia/source/mysql-5.6.17/storage/innobase/ibuf/ibuf0ibuf.cc:2993:3
SwitchDefault@/Users/zhouyangjia/source/mysql-5.6.17/storage/innobase/ibuf/ibuf0ibuf.cc:3049:3 <Spelling=/Users/zhouyangjia/source/mysql-5.6.17/storage/innobase/include/ut0dbg.h:79:2>#ut_dbg_assertion_failed@/Users/zhouyangjia/source/mysql-5.6.17/storage/innobase/ibuf/ibuf0ibuf.cc:3049:3
SwitchDefault@/Users/zhouyangjia/source/mysql-5.6.17/storage/innobase/ibuf/ibuf0ibuf.cc:3374:3 <Spelling=/Users/zhouyangjia/source/mysql-5.6.17/storage/innobase/include/ut0dbg.h:79:2>#ut_dbg_assertion_failed@/Users/zhouyangjia/source/mysql-5.6.17/storage/innobase/ibuf/ibuf0ibuf.cc:3374:3
SwitchDefault@/Users/zhouyangjia/source/mysql-5.6.17/storage/innobase/ibuf/ibuf0ibuf.cc:4872:5 <Spelling=/Users/zhouyangjia/source/mysql-5.6.17/storage/innobase/include/ut0dbg.h:79:2>#ut_dbg_assertion_failed@/Users/zhouyangjia/source/mysql-5.6.17/storage/innobase/ibuf/ibuf0ibuf.cc:4872:5
SwitchDefault@/Users/zhouyangjia/source/mysql-5.6.17/storage/innobase/lock/lock0iter.cc:72:4 <Spelling=/Users/zhouyangjia/source/mysql-5.6.17/storage/innobase/include/ut0dbg.h:79:2>#ut_dbg_assertion_failed@/Users/zhouyangjia/source/mysql-5.6.17/storage/innobase/lock/lock0iter.cc:72:4
SwitchDefault@/Users/zhouyangjia/source/mysql-5.6.17/storage/innobase/lock/lock0iter.cc:102:3 <Spelling=/Users/zhouyangjia/source/mysql-5.6.17/storage/innobase/include/ut0dbg.h:79:2>#ut_dbg_assertion_failed@/Users/zhouyangjia/source/mysql-5.6.17/storage/innobase/lock/lock0iter.cc:102:3
SwitchDefault@/Users/zhouyangjia/source/mysql-5.6.17/storage/innobase/lock/lock0lock.cc:4868:5 <Spelling=/Users/zhouyangjia/source/mysql-5.6.17/storage/innobase/include/ut0dbg.h:79:2>#ut_dbg_assertion_failed@/Users/zhouyangjia/source/mysql-5.6.17/storage/innobase/lock/lock0lock.cc:4868:5
SwitchDefault@/Users/zhouyangjia/source/mysql-5.6.17/storage/innobase/lock/lock0lock.cc:6613:3 <Spelling=/Users/zhouyangjia/source/mysql-5.6.17/storage/innobase/include/ut0dbg.h:79:2>#ut_dbg_assertion_failed@/Users/zhouyangjia/source/mysql-5.6.17/storage/innobase/lock/lock0lock.cc:6613:3
SwitchDefault@/Users/zhouyangjia/source/mysql-5.6.17/storage/innobase/lock/lock0wait.cc:297:3 <Spelling=/Users/zhouyangjia/source/mysql-5.6.17/storage/innobase/include/ut0dbg.h:79:2>#ut_dbg_assertion_failed@/Users/zhouyangjia/source/mysql-5.6.17/storage/innobase/lock/lock0wait.cc:297:3
difftime@/Users/zhouyangjia/source/mysql-5.6.17/storage/innobase/log/log0log.cc:489:10#time@/Users/zhouyangjia/source/mysql-5.6.17/storage/innobase/log/log0log.cc:489:19
time@/Users/zhouyangjia/source/mysql-5.6.17/storage/innobase/log/log0log.cc:492:28#ut_print_timestamp@/Users/zhouyangjia/source/mysql-5.6.17/storage/innobase/log/log0log.cc:494:4
srv_any_background_threads_are_active@/Users/zhouyangjia/source/mysql-5.6.17/storage/innobase/log/log0log.cc:3219:16#ib_logf@/Users/zhouyangjia/source/mysql-5.6.17/storage/innobase/log/log0log.cc:3227:4
srv_any_background_threads_are_active@/Users/zhouyangjia/source/mysql-5.6.17/storage/innobase/log/log0log.cc:3373:18#ib_logf@/Users/zhouyangjia/source/mysql-5.6.17/storage/innobase/log/log0log.cc:3376:5
srv_any_background_threads_are_active@/Users/zhouyangjia/source/mysql-5.6.17/storage/innobase/log/log0log.cc:3430:16#ib_logf@/Users/zhouyangjia/source/mysql-5.6.17/storage/innobase/log/log0log.cc:3432:3
SwitchDefault@/Users/zhouyangjia/source/mysql-5.6.17/storage/innobase/mem/mem0mem.cc:249:4 <Spelling=/Users/zhouyangjia/source/mysql-5.6.17/storage/innobase/include/ut0dbg.h:79:2>#ut_dbg_assertion_failed@/Users/zhouyangjia/source/mysql-5.6.17/storage/innobase/mem/mem0mem.cc:249:4
SwitchDefault@/Users/zhouyangjia/source/mysql-5.6.17/storage/innobase/mtr/mtr0log.cc:265:3 <Spelling=/Users/zhouyangjia/source/mysql-5.6.17/storage/innobase/include/ut0dbg.h:79:2>#ut_dbg_assertion_failed@/Users/zhouyangjia/source/mysql-5.6.17/storage/innobase/mtr/mtr0log.cc:265:3
SwitchDefault@/Users/zhouyangjia/source/mysql-5.6.17/storage/innobase/os/os0file.cc:648:4#ib_logf@/Users/zhouyangjia/source/mysql-5.6.17/storage/innobase/os/os0file.cc:648:4
opendir@/Users/zhouyangjia/source/mysql-5.6.17/storage/innobase/os/os0file.cc:838:8#os_file_handle_error@/Users/zhouyangjia/source/mysql-5.6.17/storage/innobase/os/os0file.cc:841:3
closedir@/Users/zhouyangjia/source/mysql-5.6.17/storage/innobase/os/os0file.cc:872:8#os_file_handle_error_no_exit@/Users/zhouyangjia/source/mysql-5.6.17/storage/innobase/os/os0file.cc:875:3
unlink@/Users/zhouyangjia/source/mysql-5.6.17/storage/innobase/os/os0file.cc:1856:8#__error@/Users/zhouyangjia/source/mysql-5.6.17/storage/innobase/os/os0file.cc:1858:18
unlink@/Users/zhouyangjia/source/mysql-5.6.17/storage/innobase/os/os0file.cc:1920:8#os_file_handle_error_no_exit@/Users/zhouyangjia/source/mysql-5.6.17/storage/innobase/os/os0file.cc:1923:3
rename@/Users/zhouyangjia/source/mysql-5.6.17/storage/innobase/os/os0file.cc:1973:8#os_file_handle_error_no_exit@/Users/zhouyangjia/source/mysql-5.6.17/storage/innobase/os/os0file.cc:1976:3
close@/Users/zhouyangjia/source/mysql-5.6.17/storage/innobase/os/os0file.cc:2013:8#os_file_handle_error@/Users/zhouyangjia/source/mysql-5.6.17/storage/innobase/os/os0file.cc:2016:3
SwitchDefault@/Users/zhouyangjia/source/mysql-5.6.17/storage/innobase/os/os0file.cc:4613:3 <Spelling=/Users/zhouyangjia/source/mysql-5.6.17/storage/innobase/include/ut0dbg.h:79:2>#ut_dbg_assertion_failed@/Users/zhouyangjia/source/mysql-5.6.17/storage/innobase/os/os0file.cc:4613:3
pthread_cond_timedwait@/Users/zhouyangjia/source/mysql-5.6.17/storage/innobase/os/os0sync.cc:177:8#fprintf@/Users/zhouyangjia/source/mysql-5.6.17/storage/innobase/os/os0sync.cc:188:3
pthread_mutex_destroy@/Users/zhouyangjia/source/mysql-5.6.17/storage/innobase/os/os0sync.cc:907:8#ut_print_timestamp@/Users/zhouyangjia/source/mysql-5.6.17/storage/innobase/os/os0sync.cc:910:3
pthread_create@/Users/zhouyangjia/source/mysql-5.6.17/storage/innobase/os/os0thread.cc:169:8#fprintf@/Users/zhouyangjia/source/mysql-5.6.17/storage/innobase/os/os0thread.cc:172:3
page_cur_insert_rec_low@/Users/zhouyangjia/source/mysql-5.6.17/storage/innobase/page/page0cur.cc:1302:16#page_zip_compress@/Users/zhouyangjia/source/mysql-5.6.17/storage/innobase/page/page0cur.cc:1338:9
SwitchDefault@lexyy.cc:2367:3 <Spelling=lexyy.cc:1154:29>#yy_fatal_error@lexyy.cc:2367:3
SwitchDefault@/Users/zhouyangjia/source/mysql-5.6.17/storage/innobase/pars/pars0pars.cc:348:3 <Spelling=/Users/zhouyangjia/source/mysql-5.6.17/storage/innobase/include/ut0dbg.h:79:2>#ut_dbg_assertion_failed@/Users/zhouyangjia/source/mysql-5.6.17/storage/innobase/pars/pars0pars.cc:348:3
SwitchDefault@/Users/zhouyangjia/source/mysql-5.6.17/storage/innobase/pars/pars0pars.cc:416:3 <Spelling=/Users/zhouyangjia/source/mysql-5.6.17/storage/innobase/include/ut0dbg.h:79:2>#ut_dbg_assertion_failed@/Users/zhouyangjia/source/mysql-5.6.17/storage/innobase/pars/pars0pars.cc:416:3
SwitchDefault@/Users/zhouyangjia/source/mysql-5.6.17/storage/innobase/pars/pars0pars.cc:632:3 <Spelling=/Users/zhouyangjia/source/mysql-5.6.17/storage/innobase/include/ut0dbg.h:79:2>#ut_dbg_assertion_failed@/Users/zhouyangjia/source/mysql-5.6.17/storage/innobase/pars/pars0pars.cc:632:3
SwitchDefault@/Users/zhouyangjia/source/mysql-5.6.17/storage/innobase/pars/pars0pars.cc:1987:4 <Spelling=/Users/zhouyangjia/source/mysql-5.6.17/storage/innobase/include/ut0dbg.h:79:2>#ut_dbg_assertion_failed@/Users/zhouyangjia/source/mysql-5.6.17/storage/innobase/pars/pars0pars.cc:1987:4
SwitchDefault@/Users/zhouyangjia/source/mysql-5.6.17/storage/innobase/pars/pars0sym.cc:264:3 <Spelling=/Users/zhouyangjia/source/mysql-5.6.17/storage/innobase/include/ut0dbg.h:79:2>#ut_dbg_assertion_failed@/Users/zhouyangjia/source/mysql-5.6.17/storage/innobase/pars/pars0sym.cc:264:3
SwitchDefault@/Users/zhouyangjia/source/mysql-5.6.17/storage/innobase/que/que0que.cc:284:4 <Spelling=/Users/zhouyangjia/source/mysql-5.6.17/storage/innobase/include/ut0dbg.h:79:2>#ut_dbg_assertion_failed@/Users/zhouyangjia/source/mysql-5.6.17/storage/innobase/que/que0que.cc:284:4
SwitchDefault@/Users/zhouyangjia/source/mysql-5.6.17/storage/innobase/que/que0que.cc:588:3#fprintf@/Users/zhouyangjia/source/mysql-5.6.17/storage/innobase/que/que0que.cc:588:3
SwitchDefault@/Users/zhouyangjia/source/mysql-5.6.17/storage/innobase/que/que0que.cc:1243:3 <Spelling=/Users/zhouyangjia/source/mysql-5.6.17/storage/innobase/include/ut0dbg.h:79:2>#ut_dbg_assertion_failed@/Users/zhouyangjia/source/mysql-5.6.17/storage/innobase/que/que0que.cc:1243:3
SwitchDefault@/Users/zhouyangjia/source/mysql-5.6.17/storage/innobase/rem/rem0cmp.cc:298:3#fprintf@/Users/zhouyangjia/source/mysql-5.6.17/storage/innobase/rem/rem0cmp.cc:298:3
SwitchDefault@/Users/zhouyangjia/source/mysql-5.6.17/storage/innobase/rem/rem0rec.cc:577:4 <Spelling=/Users/zhouyangjia/source/mysql-5.6.17/storage/innobase/include/ut0dbg.h:79:2>#ut_dbg_assertion_failed@/Users/zhouyangjia/source/mysql-5.6.17/storage/innobase/rem/rem0rec.cc:577:4
SwitchDefault@/Users/zhouyangjia/source/mysql-5.6.17/storage/innobase/rem/rem0rec.cc:951:3 <Spelling=/Users/zhouyangjia/source/mysql-5.6.17/storage/innobase/include/ut0dbg.h:79:2>#ut_dbg_assertion_failed@/Users/zhouyangjia/source/mysql-5.6.17/storage/innobase/rem/rem0rec.cc:951:3
SwitchDefault@/Users/zhouyangjia/source/mysql-5.6.17/storage/innobase/rem/rem0rec.cc:1190:4 <Spelling=/Users/zhouyangjia/source/mysql-5.6.17/storage/innobase/include/ut0dbg.h:79:2>#ut_dbg_assertion_failed@/Users/zhouyangjia/source/mysql-5.6.17/storage/innobase/rem/rem0rec.cc:1190:4
SwitchDefault@/Users/zhouyangjia/source/mysql-5.6.17/storage/innobase/rem/rem0rec.cc:1563:3 <Spelling=/Users/zhouyangjia/source/mysql-5.6.17/storage/innobase/include/ut0dbg.h:79:2>#ut_dbg_assertion_failed@/Users/zhouyangjia/source/mysql-5.6.17/storage/innobase/rem/rem0rec.cc:1563:3
fread@/Users/zhouyangjia/source/mysql-5.6.17/storage/innobase/row/row0import.cc:2606:7#ib_senderrf@/Users/zhouyangjia/source/mysql-5.6.17/storage/innobase/row/row0import.cc:2608:4
fread@/Users/zhouyangjia/source/mysql-5.6.17/storage/innobase/row/row0import.cc:2818:6#ib_senderrf@/Users/zhouyangjia/source/mysql-5.6.17/storage/innobase/row/row0import.cc:2819:3
fread@/Users/zhouyangjia/source/mysql-5.6.17/storage/innobase/row/row0import.cc:2898:7#ib_senderrf@/Users/zhouyangjia/source/mysql-5.6.17/storage/innobase/row/row0import.cc:2899:4
fread@/Users/zhouyangjia/source/mysql-5.6.17/storage/innobase/row/row0import.cc:2991:6#ib_senderrf@/Users/zhouyangjia/source/mysql-5.6.17/storage/innobase/row/row0import.cc:2992:3
fread@/Users/zhouyangjia/source/mysql-5.6.17/storage/innobase/row/row0import.cc:3030:6#ib_senderrf@/Users/zhouyangjia/source/mysql-5.6.17/storage/innobase/row/row0import.cc:3031:3
fread@/Users/zhouyangjia/source/mysql-5.6.17/storage/innobase/row/row0import.cc:3074:6#ib_senderrf@/Users/zhouyangjia/source/mysql-5.6.17/storage/innobase/row/row0import.cc:3075:3
fread@/Users/zhouyangjia/source/mysql-5.6.17/storage/innobase/row/row0import.cc:3090:6#ib_senderrf@/Users/zhouyangjia/source/mysql-5.6.17/storage/innobase/row/row0import.cc:3091:3
fread@/Users/zhouyangjia/source/mysql-5.6.17/storage/innobase/row/row0import.cc:3157:6#ib_senderrf@/Users/zhouyangjia/source/mysql-5.6.17/storage/innobase/row/row0import.cc:3158:3
SwitchDefault@/Users/zhouyangjia/source/mysql-5.6.17/storage/innobase/row/row0import.cc:3174:3#ib_errf@/Users/zhouyangjia/source/mysql-5.6.17/storage/innobase/row/row0import.cc:3174:3
strchr@/Users/zhouyangjia/source/mysql-5.6.17/storage/innobase/row/row0ins.cc:914:8#ut_dbg_assertion_failed@/Users/zhouyangjia/source/mysql-5.6.17/storage/innobase/row/row0ins.cc:915:2
SwitchDefault@/Users/zhouyangjia/source/mysql-5.6.17/storage/innobase/row/row0merge.cc:1931:4 <Spelling=/Users/zhouyangjia/source/mysql-5.6.17/storage/innobase/include/ut0dbg.h:79:2>#ut_dbg_assertion_failed@/Users/zhouyangjia/source/mysql-5.6.17/storage/innobase/row/row0merge.cc:1931:4
SwitchDefault@/Users/zhouyangjia/source/mysql-5.6.17/storage/innobase/row/row0mysql.cc:303:3 <Spelling=/Users/zhouyangjia/source/mysql-5.6.17/storage/innobase/include/ut0dbg.h:79:2>#ut_dbg_assertion_failed@/Users/zhouyangjia/source/mysql-5.6.17/storage/innobase/row/row0mysql.cc:303:3
SwitchDefault@/Users/zhouyangjia/source/mysql-5.6.17/storage/innobase/row/row0mysql.cc:433:5 <Spelling=/Users/zhouyangjia/source/mysql-5.6.17/storage/innobase/include/ut0dbg.h:79:2>#ut_dbg_assertion_failed@/Users/zhouyangjia/source/mysql-5.6.17/storage/innobase/row/row0mysql.cc:433:5
SwitchDefault@/Users/zhouyangjia/source/mysql-5.6.17/storage/innobase/row/row0mysql.cc:683:3#fprintf@/Users/zhouyangjia/source/mysql-5.6.17/storage/innobase/row/row0mysql.cc:683:3
SwitchDefault@/Users/zhouyangjia/source/mysql-5.6.17/storage/innobase/row/row0mysql.cc:4297:3#ut_print_timestamp@/Users/zhouyangjia/source/mysql-5.6.17/storage/innobase/row/row0mysql.cc:4297:3
SwitchDefault@/Users/zhouyangjia/source/mysql-5.6.17/storage/innobase/row/row0mysql.cc:5221:3#ut_print_timestamp@/Users/zhouyangjia/source/mysql-5.6.17/storage/innobase/row/row0mysql.cc:5221:3
ftruncate@/Users/zhouyangjia/source/mysql-5.6.17/storage/innobase/row/row0log.cc:2501:8#perror@/Users/zhouyangjia/source/mysql-5.6.17/storage/innobase/row/row0log.cc:2502:5
ftruncate@/Users/zhouyangjia/source/mysql-5.6.17/storage/innobase/row/row0log.cc:3333:8#perror@/Users/zhouyangjia/source/mysql-5.6.17/storage/innobase/row/row0log.cc:3334:5
SwitchDefault@/Users/zhouyangjia/source/mysql-5.6.17/storage/innobase/row/row0purge.cc:176:4 <Spelling=/Users/zhouyangjia/source/mysql-5.6.17/storage/innobase/include/ut0dbg.h:79:2>#ut_dbg_assertion_failed@/Users/zhouyangjia/source/mysql-5.6.17/storage/innobase/row/row0purge.cc:176:4
SwitchDefault@/Users/zhouyangjia/source/mysql-5.6.17/storage/innobase/row/row0purge.cc:353:4 <Spelling=/Users/zhouyangjia/source/mysql-5.6.17/storage/innobase/include/ut0dbg.h:79:2>#ut_dbg_assertion_failed@/Users/zhouyangjia/source/mysql-5.6.17/storage/innobase/row/row0purge.cc:353:4
SwitchDefault@/Users/zhouyangjia/source/mysql-5.6.17/storage/innobase/row/row0sel.cc:4558:5 <Spelling=/Users/zhouyangjia/source/mysql-5.6.17/storage/innobase/include/ut0dbg.h:79:2>#ut_dbg_assertion_failed@/Users/zhouyangjia/source/mysql-5.6.17/storage/innobase/row/row0sel.cc:4558:5
SwitchDefault@/Users/zhouyangjia/source/mysql-5.6.17/storage/innobase/row/row0sel.cc:5299:3 <Spelling=/Users/zhouyangjia/source/mysql-5.6.17/storage/innobase/include/ut0dbg.h:79:2>#ut_dbg_assertion_failed@/Users/zhouyangjia/source/mysql-5.6.17/storage/innobase/row/row0sel.cc:5299:3
SwitchDefault@/Users/zhouyangjia/source/mysql-5.6.17/storage/innobase/row/row0umod.cc:1146:3 <Spelling=/Users/zhouyangjia/source/mysql-5.6.17/storage/innobase/include/ut0dbg.h:79:2>#ut_dbg_assertion_failed@/Users/zhouyangjia/source/mysql-5.6.17/storage/innobase/row/row0umod.cc:1146:3
SwitchDefault@/Users/zhouyangjia/source/mysql-5.6.17/storage/innobase/row/row0upd.cc:1078:3 <Spelling=/Users/zhouyangjia/source/mysql-5.6.17/storage/innobase/include/ut0dbg.h:71:3>#ut_dbg_assertion_failed@/Users/zhouyangjia/source/mysql-5.6.17/storage/innobase/row/row0upd.cc:1078:3
SwitchDefault@/Users/zhouyangjia/source/mysql-5.6.17/storage/innobase/row/row0upd.cc:2005:3 <Spelling=/Users/zhouyangjia/source/mysql-5.6.17/storage/innobase/include/ut0dbg.h:79:2>#ut_dbg_assertion_failed@/Users/zhouyangjia/source/mysql-5.6.17/storage/innobase/row/row0upd.cc:2005:3
fflush@/Users/zhouyangjia/source/mysql-5.6.17/storage/innobase/row/row0quiesce.cc:451:7#snprintf@/Users/zhouyangjia/source/mysql-5.6.17/storage/innobase/row/row0quiesce.cc:455:4
fclose@/Users/zhouyangjia/source/mysql-5.6.17/storage/innobase/row/row0quiesce.cc:463:7#snprintf@/Users/zhouyangjia/source/mysql-5.6.17/storage/innobase/row/row0quiesce.cc:466:4
SwitchDefault@/Users/zhouyangjia/source/mysql-5.6.17/storage/innobase/srv/srv0mon.cc:1396:4 <Spelling=/Users/zhouyangjia/source/mysql-5.6.17/storage/innobase/include/ut0dbg.h:79:2>#ut_dbg_assertion_failed@/Users/zhouyangjia/source/mysql-5.6.17/storage/innobase/srv/srv0mon.cc:1396:4
SwitchDefault@/Users/zhouyangjia/source/mysql-5.6.17/storage/innobase/srv/srv0mon.cc:1797:3 <Spelling=/Users/zhouyangjia/source/mysql-5.6.17/storage/innobase/include/ut0dbg.h:79:2>#ut_dbg_assertion_failed@/Users/zhouyangjia/source/mysql-5.6.17/storage/innobase/srv/srv0mon.cc:1797:3
time@/Users/zhouyangjia/source/mysql-5.6.17/storage/innobase/srv/srv0srv.cc:1134:26#fputs@/Users/zhouyangjia/source/mysql-5.6.17/storage/innobase/srv/srv0srv.cc:1136:2
ftell@/Users/zhouyangjia/source/mysql-5.6.17/storage/innobase/srv/srv0srv.cc:1162:29#fputs@/Users/zhouyangjia/source/mysql-5.6.17/storage/innobase/srv/srv0srv.cc:1163:3
difftime@/Users/zhouyangjia/source/mysql-5.6.17/storage/innobase/srv/srv0srv.cc:1536:17#srv_printf_innodb_monitor@/Users/zhouyangjia/source/mysql-5.6.17/storage/innobase/srv/srv0srv.cc:1552:9
difftime@/Users/zhouyangjia/source/mysql-5.6.17/storage/innobase/srv/srv0srv.cc:1584:10#fputs@/Users/zhouyangjia/source/mysql-5.6.17/storage/innobase/srv/srv0srv.cc:1588:4
difftime@/Users/zhouyangjia/source/mysql-5.6.17/storage/innobase/srv/srv0srv.cc:1610:10#fprintf@/Users/zhouyangjia/source/mysql-5.6.17/storage/innobase/srv/srv0srv.cc:1614:4
difftime@/Users/zhouyangjia/source/mysql-5.6.17/storage/innobase/srv/srv0srv.cc:1719:6#time@/Users/zhouyangjia/source/mysql-5.6.17/storage/innobase/srv/srv0srv.cc:1719:15
difftime@/Users/zhouyangjia/source/mysql-5.6.17/storage/innobase/srv/srv0srv.cc:1979:6#log_buffer_sync_in_background@/Users/zhouyangjia/source/mysql-5.6.17/storage/innobase/srv/srv0srv.cc:1981:3
fopen@/Users/zhouyangjia/source/mysql-5.6.17/storage/innobase/srv/srv0start.cc:1831:23#ib_logf@/Users/zhouyangjia/source/mysql-5.6.17/storage/innobase/srv/srv0start.cc:1835:5
difftime@/Users/zhouyangjia/source/mysql-5.6.17/storage/innobase/sync/sync0arr.cc:934:10#fputs@/Users/zhouyangjia/source/mysql-5.6.17/storage/innobase/sync/sync0arr.cc:937:4
sync_array_get_nth_cell@/Users/zhouyangjia/source/mysql-5.6.17/storage/innobase/sync/sync0arr.cc:1041:10#sync_array_cell_print@/Users/zhouyangjia/source/mysql-5.6.17/storage/innobase/sync/sync0arr.cc:1045:4
SwitchDefault@/Users/zhouyangjia/source/mysql-5.6.17/storage/innobase/trx/trx0i_s.cc:224:3 <Spelling=/Users/zhouyangjia/source/mysql-5.6.17/storage/innobase/include/ut0dbg.h:79:2>#ut_dbg_assertion_failed@/Users/zhouyangjia/source/mysql-5.6.17/storage/innobase/trx/trx0i_s.cc:224:3
innobase_get_stmt@/Users/zhouyangjia/source/mysql-5.6.17/storage/innobase/trx/trx0i_s.cc:510:9#ha_storage_put_memlim@/Users/zhouyangjia/source/mysql-5.6.17/storage/innobase/trx/trx0i_s.cc:523:4
SwitchDefault@/Users/zhouyangjia/source/mysql-5.6.17/storage/innobase/trx/trx0i_s.cc:854:3 <Spelling=/Users/zhouyangjia/source/mysql-5.6.17/storage/innobase/include/ut0dbg.h:79:2>#ut_dbg_assertion_failed@/Users/zhouyangjia/source/mysql-5.6.17/storage/innobase/trx/trx0i_s.cc:854:3
SwitchDefault@/Users/zhouyangjia/source/mysql-5.6.17/storage/innobase/trx/trx0i_s.cc:935:3 <Spelling=/Users/zhouyangjia/source/mysql-5.6.17/storage/innobase/include/ut0dbg.h:79:2>#ut_dbg_assertion_failed@/Users/zhouyangjia/source/mysql-5.6.17/storage/innobase/trx/trx0i_s.cc:935:3
SwitchDefault@/Users/zhouyangjia/source/mysql-5.6.17/storage/innobase/trx/trx0i_s.cc:978:3 <Spelling=/Users/zhouyangjia/source/mysql-5.6.17/storage/innobase/include/ut0dbg.h:79:2>#ut_dbg_assertion_failed@/Users/zhouyangjia/source/mysql-5.6.17/storage/innobase/trx/trx0i_s.cc:978:3
SwitchDefault@/Users/zhouyangjia/source/mysql-5.6.17/storage/innobase/trx/trx0i_s.cc:1565:3 <Spelling=/Users/zhouyangjia/source/mysql-5.6.17/storage/innobase/include/ut0dbg.h:79:2>#ut_dbg_assertion_failed@/Users/zhouyangjia/source/mysql-5.6.17/storage/innobase/trx/trx0i_s.cc:1565:3
trx_purge_fetch_next_rec@/Users/zhouyangjia/source/mysql-5.6.17/storage/innobase/trx/trx0purge.cc:1033:25#ut_dbg_assertion_failed@/Users/zhouyangjia/source/mysql-5.6.17/storage/innobase/trx/trx0purge.cc:1044:5
trx_sysf_rseg_get_page_no@/Users/zhouyangjia/source/mysql-5.6.17/storage/innobase/trx/trx0rseg.cc:273:13#ut_dbg_assertion_failed@/Users/zhouyangjia/source/mysql-5.6.17/storage/innobase/trx/trx0rseg.cc:280:4
SwitchDefault@/Users/zhouyangjia/source/mysql-5.6.17/storage/innobase/trx/trx0trx.cc:1127:3 <Spelling=/Users/zhouyangjia/source/mysql-5.6.17/storage/innobase/include/ut0dbg.h:79:2>#ut_dbg_assertion_failed@/Users/zhouyangjia/source/mysql-5.6.17/storage/innobase/trx/trx0trx.cc:1127:3
malloc@/Users/zhouyangjia/source/mysql-5.6.17/storage/innobase/ut/ut0mem.cc:104:9#ut_dbg_assertion_failed@/Users/zhouyangjia/source/mysql-5.6.17/storage/innobase/ut/ut0mem.cc:105:3
malloc@/Users/zhouyangjia/source/mysql-5.6.17/storage/innobase/ut/ut0mem.cc:117:8#ut_print_timestamp@/Users/zhouyangjia/source/mysql-5.6.17/storage/innobase/ut/ut0mem.cc:121:4
SwitchDefault@/Users/zhouyangjia/source/mysql-5.6.17/storage/innobase/ut/ut0ut.cc:510:4#putc@/Users/zhouyangjia/source/mysql-5.6.17/storage/innobase/ut/ut0ut.cc:510:4
memcmp@/Users/zhouyangjia/source/mysql-5.6.17/storage/myisam/myisampack.c:2543:9#write_bits@/Users/zhouyangjia/source/mysql-5.6.17/storage/myisam/myisampack.c:2546:6
SwitchDefault@/Users/zhouyangjia/source/mysql-5.6.17/storage/myisam/myisamchk.c:700:14 <Spelling=/usr/include/assert.h:93:34>#__assert_rtn@/Users/zhouyangjia/source/mysql-5.6.17/storage/myisam/myisamchk.c:700:14
SwitchDefault@/Users/zhouyangjia/source/mysql-5.6.17/storage/myisam/myisamchk.c:838:7#mi_check_print_error@/Users/zhouyangjia/source/mysql-5.6.17/storage/myisam/myisamchk.c:838:7
SwitchDefault@/Users/zhouyangjia/source/mysql-5.6.17/storage/myisam/ha_myisam.cc:1272:7#my_snprintf@/Users/zhouyangjia/source/mysql-5.6.17/storage/myisam/ha_myisam.cc:1272:7
SwitchDefault@/Users/zhouyangjia/source/mysql-5.6.17/storage/myisam/mi_range.c:98:28#_mi_record_pos@/Users/zhouyangjia/source/mysql-5.6.17/storage/myisam/mi_range.c:98:28
SwitchDefault@/Users/zhouyangjia/source/mysql-5.6.17/storage/myisam/myisamlog.c:274:2#printf@/Users/zhouyangjia/source/mysql-5.6.17/storage/myisam/myisamlog.c:274:2
pthread_create@/Users/zhouyangjia/source/mysql-5.6.17/plugin/daemon_example/daemon_example.cc:127:7#fprintf@/Users/zhouyangjia/source/mysql-5.6.17/plugin/daemon_example/daemon_example.cc:130:5
SwitchDefault@/Users/zhouyangjia/source/mysql-5.6.17/regex/regcomp.c:1028:3 <Spelling=/Users/zhouyangjia/source/mysql-5.6.17/regex/regcomp.c:73:21>#seterr@/Users/zhouyangjia/source/mysql-5.6.17/regex/regcomp.c:1028:3
atoi@/Users/zhouyangjia/source/mysql-5.6.17/regex/main.c:260:6#fprintf@/Users/zhouyangjia/source/mysql-5.6.17/regex/main.c:261:3
strchr@/Users/zhouyangjia/source/mysql-5.6.17/regex/main.c:327:7#fprintf@/Users/zhouyangjia/source/mysql-5.6.17/regex/main.c:328:4
my_regexec@/Users/zhouyangjia/source/mysql-5.6.17/regex/main.c:332:8#my_regerror@/Users/zhouyangjia/source/mysql-5.6.17/regex/main.c:336:9
check@/Users/zhouyangjia/source/mysql-5.6.17/regex/main.c:370:11#fprintf@/Users/zhouyangjia/source/mysql-5.6.17/regex/main.c:372:4
SwitchDefault@/Users/zhouyangjia/source/mysql-5.6.17/regex/debug.c:222:4#fprintf@/Users/zhouyangjia/source/mysql-5.6.17/regex/debug.c:222:4
strchr@/Users/zhouyangjia/source/mysql-5.6.17/regex/debug.c:129:8#fprintf@/Users/zhouyangjia/source/mysql-5.6.17/regex/debug.c:130:5
pthread_attr_init@/Users/zhouyangjia/source/mysql-5.6.17/mysys/thr_lock.c:1630:14#fprintf@/Users/zhouyangjia/source/mysql-5.6.17/mysys/thr_lock.c:1632:5
pthread_attr_setdetachstate@/Users/zhouyangjia/source/mysql-5.6.17/mysys/thr_lock.c:1636:14#fprintf@/Users/zhouyangjia/source/mysql-5.6.17/mysys/thr_lock.c:1638:5
pthread_attr_setstacksize@/Users/zhouyangjia/source/mysql-5.6.17/mysys/thr_lock.c:1644:14#fprintf@/Users/zhouyangjia/source/mysql-5.6.17/mysys/thr_lock.c:1646:5
strncasecmp@/Users/zhouyangjia/source/mysql-5.6.17/mysys/charset.c:521:8#my_snprintf@/Users/zhouyangjia/source/mysql-5.6.17/mysys/charset.c:523:5
ftruncate@/Users/zhouyangjia/source/mysql-5.6.17/mysys/my_chsize.c:63:9#__error@/Users/zhouyangjia/source/mysql-5.6.17/mysys/my_chsize.c:65:17
chown@/Users/zhouyangjia/source/mysql-5.6.17/mysys/my_copy.c:123:9#__error@/Users/zhouyangjia/source/mysql-5.6.17/mysys/my_copy.c:125:17
unlink@/Users/zhouyangjia/source/mysql-5.6.17/mysys/my_delete.c:26:14#__error@/Users/zhouyangjia/source/mysql-5.6.17/mysys/my_delete.c:28:14
fopen@/Users/zhouyangjia/source/mysql-5.6.17/mysys/my_fopen.c:54:7#__error@/Users/zhouyangjia/source/mysql-5.6.17/mysys/my_fopen.c:86:14
fclose@/Users/zhouyangjia/source/mysql-5.6.17/mysys/my_fopen.c:240:8#__error@/Users/zhouyangjia/source/mysql-5.6.17/mysys/my_fopen.c:246:14
fdopen@/Users/zhouyangjia/source/mysql-5.6.17/mysys/my_fopen.c:281:7#__error@/Users/zhouyangjia/source/mysql-5.6.17/mysys/my_fopen.c:285:14
fread@/Users/zhouyangjia/source/mysql-5.6.17/mysys/my_fstream.c:52:19#ferror@/Users/zhouyangjia/source/mysql-5.6.17/mysys/my_fstream.c:57:11
ftello@/Users/zhouyangjia/source/mysql-5.6.17/mysys/my_fstream.c:111:12#fwrite@/Users/zhouyangjia/source/mysql-5.6.17/mysys/my_fstream.c:115:29
getcwd@/Users/zhouyangjia/source/mysql-5.6.17/mysys/my_getwd.c:63:10#__error@/Users/zhouyangjia/source/mysql-5.6.17/mysys/my_getwd.c:66:16
chdir@/Users/zhouyangjia/source/mysql-5.6.17/mysys/my_getwd.c:104:12#__error@/Users/zhouyangjia/source/mysql-5.6.17/mysys/my_getwd.c:106:14
realloc@/Users/zhouyangjia/source/mysql-5.6.17/mysys/my_malloc.c:99:10#__error@/Users/zhouyangjia/source/mysql-5.6.17/mysys/my_malloc.c:110:14
malloc@/Users/zhouyangjia/source/mysql-5.6.17/mysys/my_once.c:58:29#__error@/Users/zhouyangjia/source/mysql-5.6.17/mysys/my_once.c:60:16
read@/Users/zhouyangjia/source/mysql-5.6.17/mysys/my_quick.c:33:14#__error@/Users/zhouyangjia/source/mysql-5.6.17/mysys/my_quick.c:45:14
chown@/Users/zhouyangjia/source/mysql-5.6.17/mysys/my_redel.c:114:7#__error@/Users/zhouyangjia/source/mysql-5.6.17/mysys/my_redel.c:116:15
lseek@/Users/zhouyangjia/source/mysql-5.6.17/mysys/my_seek.c:61:11#__error@/Users/zhouyangjia/source/mysql-5.6.17/mysys/my_seek.c:65:15
readlink@/Users/zhouyangjia/source/mysql-5.6.17/mysys/my_symlink.c:45:15#__error@/Users/zhouyangjia/source/mysql-5.6.17/mysys/my_symlink.c:48:19
symlink@/Users/zhouyangjia/source/mysql-5.6.17/mysys/my_symlink.c:84:7#__error@/Users/zhouyangjia/source/mysql-5.6.17/mysys/my_symlink.c:87:14
realpath@/Users/zhouyangjia/source/mysql-5.6.17/mysys/my_symlink.c:138:12#__error@/Users/zhouyangjia/source/mysql-5.6.17/mysys/my_symlink.c:148:14
pthread_key_create@/Users/zhouyangjia/source/mysql-5.6.17/mysys/my_thr_init.c:167:17#fprintf@/Users/zhouyangjia/source/mysql-5.6.17/mysys/my_thr_init.c:169:5
strtol@/Users/zhouyangjia/source/mysql-5.6.17/mysys_ssl/crypt_genhash_impl.cc:163:8#__error@/Users/zhouyangjia/source/mysql-5.6.17/mysys_ssl/crypt_genhash_impl.cc:168:7
strchr@/Users/zhouyangjia/source/mysql-5.6.17/mysys_ssl/my_default.cc:983:26#fprintf@/Users/zhouyangjia/source/mysql-5.6.17/mysys_ssl/my_default.cc:985:2
getenv@/Users/zhouyangjia/source/mysql-5.6.17/mysys_ssl/my_default.cc:1430:7#my_snprintf@/Users/zhouyangjia/source/mysql-5.6.17/mysys_ssl/my_default.cc:1431:9
getenv@/Users/zhouyangjia/source/mysql-5.6.17/mysys_ssl/my_default.cc:1438:12#my_snprintf@/Users/zhouyangjia/source/mysql-5.6.17/mysys_ssl/my_default.cc:1439:9
strtol@/Users/zhouyangjia/source/mysql-5.6.17/mysys_ssl/my_getopt.cc:991:8#__error@/Users/zhouyangjia/source/mysql-5.6.17/mysys_ssl/my_getopt.cc:992:7
SwitchDefault@/Users/zhouyangjia/source/mysql-5.6.17/mysys_ssl/my_getopt.cc:1563:2#printf@/Users/zhouyangjia/source/mysql-5.6.17/mysys_ssl/my_getopt.cc:1563:2
geteuid@/Users/zhouyangjia/source/mysql-5.6.17/libmysql/libmysql.c:413:7#getlogin@/Users/zhouyangjia/source/mysql-5.6.17/libmysql/libmysql.c:420:14
SwitchDefault@/Users/zhouyangjia/source/mysql-5.6.17/sql-common/client.c:2102:9#my_printf_error@/Users/zhouyangjia/source/mysql-5.6.17/sql-common/client.c:2102:9
getaddrinfo@/Users/zhouyangjia/source/mysql-5.6.17/sql-common/client.c:3396:16#set_mysql_extended_error@/Users/zhouyangjia/source/mysql-5.6.17/sql-common/client.c:3405:7
getaddrinfo@/Users/zhouyangjia/source/mysql-5.6.17/sql-common/client.c:3419:23#set_mysql_extended_error@/Users/zhouyangjia/source/mysql-5.6.17/sql-common/client.c:3424:9
dlopen@/Users/zhouyangjia/source/mysql-5.6.17/sql-common/client_plugin.c:393:19#dlerror@/Users/zhouyangjia/source/mysql-5.6.17/sql-common/client_plugin.c:413:13
SwitchDefault@/Users/zhouyangjia/source/mysql-5.6.17/unittest/mytap/tap.c:218:7#fprintf@/Users/zhouyangjia/source/mysql-5.6.17/unittest/mytap/tap.c:218:7
fseeko@/Users/zhouyangjia/source/mysql-5.6.17/extra/innochecksum.cc:385:6#perror@/Users/zhouyangjia/source/mysql-5.6.17/extra/innochecksum.cc:387:2
atoi@/Users/zhouyangjia/source/mysql-5.6.17/extra/perror.c:283:12#strerror@/Users/zhouyangjia/source/mysql-5.6.17/extra/perror.c:312:8
strerror@/Users/zhouyangjia/source/mysql-5.6.17/extra/perror.c:312:8#printf@/Users/zhouyangjia/source/mysql-5.6.17/extra/perror.c:326:4
SwitchDefault@/Users/zhouyangjia/source/mysql-5.6.17/extra/comp_err.c:240:16#fprintf@/Users/zhouyangjia/source/mysql-5.6.17/extra/comp_err.c:240:16
SwitchDefault@/Users/zhouyangjia/source/mysql-5.6.17/extra/replace.c:204:2#fprintf@/Users/zhouyangjia/source/mysql-5.6.17/extra/replace.c:204:2
gethostbyaddr@/Users/zhouyangjia/source/mysql-5.6.17/extra/resolveip.c:150:16#puts@/Users/zhouyangjia/source/mysql-5.6.17/extra/resolveip.c:154:4
gethostbyname@/Users/zhouyangjia/source/mysql-5.6.17/extra/resolveip.c:172:16#fprintf@/Users/zhouyangjia/source/mysql-5.6.17/extra/resolveip.c:176:2
SwitchDefault@/Users/zhouyangjia/source/mysql-5.6.17/tests/mysql_client_test.c:749:13#fprintf@/Users/zhouyangjia/source/mysql-5.6.17/tests/mysql_client_test.c:749:13
SwitchDefault@/Users/zhouyangjia/source/mysql-5.6.17/tests/mysql_client_test.c:793:15#printf@/Users/zhouyangjia/source/mysql-5.6.17/tests/mysql_client_test.c:793:15
fgets@/Users/zhouyangjia/source/mysql-5.6.17/tests/mysql_client_test.c:15347:12#die@/Users/zhouyangjia/source/mysql-5.6.17/tests/mysql_client_test.c:15351:13
strstr@/Users/zhouyangjia/source/mysql-5.6.17/tests/mysql_client_test.c:17287:9#printf@/Users/zhouyangjia/source/mysql-5.6.17/tests/mysql_client_test.c:17291:7
strstr@/Users/zhouyangjia/source/mysql-5.6.17/tests/mysql_client_test.c:17990:8#fprintf@/Users/zhouyangjia/source/mysql-5.6.17/tests/mysql_client_test.c:17992:5
strstr@/Users/zhouyangjia/source/mysql-5.6.17/client/mysqlslap.c:1543:26#fprintf@/Users/zhouyangjia/source/mysql-5.6.17/client/mysqlslap.c:1556:7
pthread_create@/Users/zhouyangjia/source/mysql-5.6.17/client/mysqlslap.c:1772:9#fprintf@/Users/zhouyangjia/source/mysql-5.6.17/client/mysqlslap.c:1775:7
SwitchDefault@/Users/zhouyangjia/source/mysql-5.6.17/client/mysqladmin.cc:1162:7#my_printf_error@/Users/zhouyangjia/source/mysql-5.6.17/client/mysqladmin.cc:1162:7
fgets@/Users/zhouyangjia/source/mysql-5.6.17/client/mysqladmin.cc:1228:12#puts@/Users/zhouyangjia/source/mysql-5.6.17/client/mysqladmin.cc:1231:7
SwitchDefault@/Users/zhouyangjia/source/mysql-5.6.17/client/mysql_config_editor.cc:507:7#my_perror@/Users/zhouyangjia/source/mysql-5.6.17/client/mysql_config_editor.cc:507:7
fopen@/Users/zhouyangjia/source/mysql-5.6.17/client/mysqltest.cc:644:18#die@/Users/zhouyangjia/source/mysql-5.6.17/client/mysqltest.cc:645:7
fflush@/Users/zhouyangjia/source/mysql-5.6.17/client/mysqltest.cc:665:11#die@/Users/zhouyangjia/source/mysql-5.6.17/client/mysqltest.cc:666:9
fread@/Users/zhouyangjia/source/mysql-5.6.17/client/mysqltest.cc:712:19#ferror@/Users/zhouyangjia/source/mysql-5.6.17/client/mysqltest.cc:715:6
fseek@/Users/zhouyangjia/source/mysql-5.6.17/client/mysqltest.cc:748:11#fprintf@/Users/zhouyangjia/source/mysql-5.6.17/client/mysqltest.cc:750:9
fseek@/Users/zhouyangjia/source/mysql-5.6.17/client/mysqltest.cc:758:11#fprintf@/Users/zhouyangjia/source/mysql-5.6.17/client/mysqltest.cc:760:9
SwitchDefault@/Users/zhouyangjia/source/mysql-5.6.17/client/mysqltest.cc:1400:7#printf@/Users/zhouyangjia/source/mysql-5.6.17/client/mysqltest.cc:1400:7
popen@/Users/zhouyangjia/source/mysql-5.6.17/client/mysqltest.cc:1612:19#die@/Users/zhouyangjia/source/mysql-5.6.17/client/mysqltest.cc:1613:5
SwitchDefault@/Users/zhouyangjia/source/mysql-5.6.17/client/mysqltest.cc:2041:5#die@/Users/zhouyangjia/source/mysql-5.6.17/client/mysqltest.cc:2041:5
SwitchDefault@/Users/zhouyangjia/source/mysql-5.6.17/client/mysqltest.cc:2528:5#die@/Users/zhouyangjia/source/mysql-5.6.17/client/mysqltest.cc:2528:5
strtol@/Users/zhouyangjia/source/mysql-5.6.17/client/mysqltest.cc:2636:9#get_errname_from_code@/Users/zhouyangjia/source/mysql-5.6.17/client/mysqltest.cc:2637:16
fopen@/Users/zhouyangjia/source/mysql-5.6.17/client/mysqltest.cc:2918:26#die@/Users/zhouyangjia/source/mysql-5.6.17/client/mysqltest.cc:2921:5
pclose@/Users/zhouyangjia/source/mysql-5.6.17/client/mysqltest.cc:3199:10#log_msg@/Users/zhouyangjia/source/mysql-5.6.17/client/mysqltest.cc:3207:7
SwitchDefault@/Users/zhouyangjia/source/mysql-5.6.17/client/mysqltest.cc:3287:5#die@/Users/zhouyangjia/source/mysql-5.6.17/client/mysqltest.cc:3287:5
feof@/Users/zhouyangjia/source/mysql-5.6.17/client/mysqltest.cc:3841:9#die@/Users/zhouyangjia/source/mysql-5.6.17/client/mysqltest.cc:3842:7
popen@/Users/zhouyangjia/source/mysql-5.6.17/client/mysqltest.cc:4245:21#die@/Users/zhouyangjia/source/mysql-5.6.17/client/mysqltest.cc:4246:6
strtol@/Users/zhouyangjia/source/mysql-5.6.17/client/mysqltest.cc:4808:14#die@/Users/zhouyangjia/source/mysql-5.6.17/client/mysqltest.cc:4810:7
atoi@/Users/zhouyangjia/source/mysql-5.6.17/client/mysqltest.cc:4835:10#die@/Users/zhouyangjia/source/mysql-5.6.17/client/mysqltest.cc:4837:7
atoi@/Users/zhouyangjia/source/mysql-5.6.17/client/mysqltest.cc:5542:15#die@/Users/zhouyangjia/source/mysql-5.6.17/client/mysqltest.cc:5544:7
strchr@/Users/zhouyangjia/source/mysql-5.6.17/client/mysqltest.cc:5878:15#die@/Users/zhouyangjia/source/mysql-5.6.17/client/mysqltest.cc:5880:5
strrchr@/Users/zhouyangjia/source/mysql-5.6.17/client/mysqltest.cc:5894:13#die@/Users/zhouyangjia/source/mysql-5.6.17/client/mysqltest.cc:5896:5
feof@/Users/zhouyangjia/source/mysql-5.6.17/client/mysqltest.cc:6131:9#die@/Users/zhouyangjia/source/mysql-5.6.17/client/mysqltest.cc:6147:11
fopen@/Users/zhouyangjia/source/mysql-5.6.17/client/mysqltest.cc:6767:11#die@/Users/zhouyangjia/source/mysql-5.6.17/client/mysqltest.cc:6768:7
atoi@/Users/zhouyangjia/source/mysql-5.6.17/client/mysqltest.cc:9327:26#die@/Users/zhouyangjia/source/mysql-5.6.17/client/mysqltest.cc:9328:7
strcasecmp@/Users/zhouyangjia/source/mysql-5.6.17/client/mysql_plugin.c:826:9#fprintf@/Users/zhouyangjia/source/mysql-5.6.17/client/mysql_plugin.c:828:7
fopen@/Users/zhouyangjia/source/mysql-5.6.17/client/mysql_plugin.c:1093:14#fprintf@/Users/zhouyangjia/source/mysql-5.6.17/client/mysql_plugin.c:1095:5
strcasecmp@/Users/zhouyangjia/source/mysql-5.6.17/client/mysql_plugin.c:1099:7#fprintf@/Users/zhouyangjia/source/mysql-5.6.17/client/mysql_plugin.c:1102:5
fopen@/Users/zhouyangjia/source/mysql-5.6.17/client/mysql_plugin.c:1156:14#fprintf@/Users/zhouyangjia/source/mysql-5.6.17/client/mysql_plugin.c:1158:5
fgets@/Users/zhouyangjia/source/mysql-5.6.17/client/mysql_plugin.c:1162:8#fprintf@/Users/zhouyangjia/source/mysql-5.6.17/client/mysql_plugin.c:1165:5
memcpy@/Users/zhouyangjia/source/mysql-5.6.17/client/mysqlbinlog.cc:2420:7#error@/Users/zhouyangjia/source/mysql-5.6.17/client/mysqlbinlog.cc:2422:5
memcmp@/Users/zhouyangjia/source/mysql-5.6.17/client/mysqlbinlog.cc:2425:7#error@/Users/zhouyangjia/source/mysql-5.6.17/client/mysqlbinlog.cc:2427:5
memcpy@/Users/zhouyangjia/source/mysql-5.6.17/client/mysqlbinlog.cc:2447:9#error@/Users/zhouyangjia/source/mysql-5.6.17/client/mysqlbinlog.cc:2451:9
memcpy@/Users/zhouyangjia/source/mysql-5.6.17/client/mysqlbinlog.cc:2623:6#error@/Users/zhouyangjia/source/mysql-5.6.17/client/mysqlbinlog.cc:2625:11
memcpy@/Users/zhouyangjia/source/mysql-5.6.17/client/mysqlbinlog.cc:2638:26#error@/Users/zhouyangjia/source/mysql-5.6.17/client/mysqlbinlog.cc:2640:5
dup@/Users/zhouyangjia/source/mysql-5.6.17/client/mysql.cc:1239:25#close@/Users/zhouyangjia/source/mysql-5.6.17/client/mysql.cc:1243:7
getenv@/Users/zhouyangjia/source/mysql-5.6.17/client/mysql.cc:1353:9#sprintf@/Users/zhouyangjia/source/mysql-5.6.17/client/mysql.cc:1361:2
strstr@/Users/zhouyangjia/source/mysql-5.6.17/client/mysql.cc:1826:12#put_info@/Users/zhouyangjia/source/mysql-5.6.17/client/mysql.cc:1832:9
strncasecmp@/Users/zhouyangjia/source/mysql-5.6.17/client/mysql.cc:3249:11#put_info@/Users/zhouyangjia/source/mysql-5.6.17/client/mysql.cc:3251:10
popen@/Users/zhouyangjia/source/mysql-5.6.17/client/mysql.cc:3528:18#tee_fprintf@/Users/zhouyangjia/source/mysql-5.6.17/client/mysql.cc:3530:7
strchr@/Users/zhouyangjia/source/mysql-5.6.17/client/mysql.cc:4116:17#printf@/Users/zhouyangjia/source/mysql-5.6.17/client/mysql.cc:4120:7
strchr@/Users/zhouyangjia/source/mysql-5.6.17/client/mysql.cc:4301:21#put_info@/Users/zhouyangjia/source/mysql-5.6.17/client/mysql.cc:4303:5
strchr@/Users/zhouyangjia/source/mysql-5.6.17/client/mysql.cc:4398:17#put_info@/Users/zhouyangjia/source/mysql-5.6.17/client/mysql.cc:4399:12
strstr@/Users/zhouyangjia/source/mysql-5.6.17/client/mysql.cc:4456:9#put_info@/Users/zhouyangjia/source/mysql-5.6.17/client/mysql.cc:4458:7
strstr@/Users/zhouyangjia/source/mysql-5.6.17/client/mysql.cc:4988:7#tee_fprintf@/Users/zhouyangjia/source/mysql-5.6.17/client/mysql.cc:4989:5
SwitchDefault@/Users/zhouyangjia/source/mysql-5.6.17/client/mysql_upgrade.c:238:7#die@/Users/zhouyangjia/source/mysql-5.6.17/client/mysql_upgrade.c:238:7
popen@/Users/zhouyangjia/source/mysql-5.6.17/client/mysql_upgrade.c:344:19#die@/Users/zhouyangjia/source/mysql-5.6.17/client/mysql_upgrade.c:345:5
strrchr@/Users/zhouyangjia/source/mysql-5.6.17/client/mysql_upgrade.c:431:20#my_snprintf@/Users/zhouyangjia/source/mysql-5.6.17/client/mysql_upgrade.c:468:5
strchr@/Users/zhouyangjia/source/mysql-5.6.17/client/mysqldump.c:861:10#fprintf@/Users/zhouyangjia/source/mysql-5.6.17/client/mysqldump.c:863:7
SwitchDefault@/Users/zhouyangjia/source/mysql-5.6.17/client/mysqldump.c:1742:7#fputc@/Users/zhouyangjia/source/mysql-5.6.17/client/mysqldump.c:1742:7
SwitchDefault@/Users/zhouyangjia/source/mysql-5.6.17/client/mysqldump.c:1878:7#fputc@/Users/zhouyangjia/source/mysql-5.6.17/client/mysqldump.c:1878:7
SwitchDefault@/Users/zhouyangjia/source/mysql-5.6.17/client/mysqldump.c:1989:7#fputc@/Users/zhouyangjia/source/mysql-5.6.17/client/mysqldump.c:1989:7
atoi@/Users/zhouyangjia/source/mysql-5.6.17/client/mysqldump.c:2951:13#putc@/Users/zhouyangjia/source/mysql-5.6.17/client/mysqldump.c:2954:13
atoi@/Users/zhouyangjia/source/mysql-5.6.17/client/mysqldump.c:2955:15#fprintf@/Users/zhouyangjia/source/mysql-5.6.17/client/mysqldump.c:2957:13
freopen@/Users/zhouyangjia/source/mysql-5.6.17/client/mysqldump.c:5793:25#exit@/Users/zhouyangjia/source/mysql-5.6.17/client/mysqldump.c:5796:7
find_sys_var@/Users/zhouyangjia/source/mysql-5.6.17/sql/sql_yacc.yy:360:13#my_error@/Users/zhouyangjia/source/mysql-5.6.17/sql/sql_yacc.yy:363:5
sp_pcontext::find_condition@/Users/zhouyangjia/source/mysql-5.6.17/sql/sql_yacc.yy:3364:34#my_error@/Users/zhouyangjia/source/mysql-5.6.17/sql/sql_yacc.yy:3368:15
SwitchDefault@/Users/zhouyangjia/source/mysql-5.6.17/sql/sql_yacc.yy:5117:19#my_error@/Users/zhouyangjia/source/mysql-5.6.17/sql/sql_yacc.yy:5117:19
SwitchDefault@/Users/zhouyangjia/source/mysql-5.6.17/sql/sql_yacc.yy:5338:15#my_parse_error@/Users/zhouyangjia/source/mysql-5.6.17/sql/sql_yacc.yy:5338:15
SwitchDefault@/Users/zhouyangjia/source/mysql-5.6.17/sql/sql_yacc.yy:6027:17#my_parse_error@/Users/zhouyangjia/source/mysql-5.6.17/sql/sql_yacc.yy:6027:17
SwitchDefault@/Users/zhouyangjia/source/mysql-5.6.17/sql/sql_yacc.yy:6048:17#my_parse_error@/Users/zhouyangjia/source/mysql-5.6.17/sql/sql_yacc.yy:6048:17
SwitchDefault@/Users/zhouyangjia/source/mysql-5.6.17/sql/sql_yacc.yy:6068:17#my_parse_error@/Users/zhouyangjia/source/mysql-5.6.17/sql/sql_yacc.yy:6068:17
__inline_isinff@/Users/zhouyangjia/source/mysql-5.6.17/sql/field.cc:4520:10#rint@/Users/zhouyangjia/source/mysql-5.6.17/sql/field.cc:4522:19
strtoul@/Users/zhouyangjia/source/mysql-5.6.17/sql/field.cc:9811:13#__error@/Users/zhouyangjia/source/mysql-5.6.17/sql/field.cc:9812:10
SwitchDefault@/Users/zhouyangjia/source/mysql-5.6.17/sql/handler.cc:3774:4#my_error@/Users/zhouyangjia/source/mysql-5.6.17/sql/handler.cc:3774:4
SwitchDefault@/Users/zhouyangjia/source/mysql-5.6.17/sql/item_create.cc:297:9#my_error@/Users/zhouyangjia/source/mysql-5.6.17/sql/item_create.cc:297:9
SwitchDefault@/Users/zhouyangjia/source/mysql-5.6.17/sql/item_create.cc:2906:5#my_error@/Users/zhouyangjia/source/mysql-5.6.17/sql/item_create.cc:2906:5
SwitchDefault@/Users/zhouyangjia/source/mysql-5.6.17/sql/item_create.cc:3180:5#my_error@/Users/zhouyangjia/source/mysql-5.6.17/sql/item_create.cc:3180:5
SwitchDefault@/Users/zhouyangjia/source/mysql-5.6.17/sql/item_create.cc:3511:5#my_error@/Users/zhouyangjia/source/mysql-5.6.17/sql/item_create.cc:3511:5
SwitchDefault@/Users/zhouyangjia/source/mysql-5.6.17/sql/item_create.cc:3548:5#my_error@/Users/zhouyangjia/source/mysql-5.6.17/sql/item_create.cc:3548:5
SwitchDefault@/Users/zhouyangjia/source/mysql-5.6.17/sql/item_create.cc:3658:5#my_error@/Users/zhouyangjia/source/mysql-5.6.17/sql/item_create.cc:3658:5
SwitchDefault@/Users/zhouyangjia/source/mysql-5.6.17/sql/item_create.cc:3765:5#my_error@/Users/zhouyangjia/source/mysql-5.6.17/sql/item_create.cc:3765:5
SwitchDefault@/Users/zhouyangjia/source/mysql-5.6.17/sql/item_create.cc:3884:5#my_error@/Users/zhouyangjia/source/mysql-5.6.17/sql/item_create.cc:3884:5
SwitchDefault@/Users/zhouyangjia/source/mysql-5.6.17/sql/item_create.cc:3923:5#my_error@/Users/zhouyangjia/source/mysql-5.6.17/sql/item_create.cc:3923:5
SwitchDefault@/Users/zhouyangjia/source/mysql-5.6.17/sql/item_create.cc:3963:5#my_error@/Users/zhouyangjia/source/mysql-5.6.17/sql/item_create.cc:3963:5
SwitchDefault@/Users/zhouyangjia/source/mysql-5.6.17/sql/item_create.cc:4351:5#my_error@/Users/zhouyangjia/source/mysql-5.6.17/sql/item_create.cc:4351:5
SwitchDefault@/Users/zhouyangjia/source/mysql-5.6.17/sql/item_create.cc:4472:5#my_error@/Users/zhouyangjia/source/mysql-5.6.17/sql/item_create.cc:4472:5
SwitchDefault@/Users/zhouyangjia/source/mysql-5.6.17/sql/item_create.cc:4509:5#my_error@/Users/zhouyangjia/source/mysql-5.6.17/sql/item_create.cc:4509:5
SwitchDefault@/Users/zhouyangjia/source/mysql-5.6.17/sql/item_create.cc:4629:5#my_error@/Users/zhouyangjia/source/mysql-5.6.17/sql/item_create.cc:4629:5
SwitchDefault@/Users/zhouyangjia/source/mysql-5.6.17/sql/item_create.cc:4670:5#my_error@/Users/zhouyangjia/source/mysql-5.6.17/sql/item_create.cc:4670:5
SwitchDefault@/Users/zhouyangjia/source/mysql-5.6.17/sql/item_create.cc:4895:5#my_error@/Users/zhouyangjia/source/mysql-5.6.17/sql/item_create.cc:4895:5
SwitchDefault@/Users/zhouyangjia/source/mysql-5.6.17/sql/item_create.cc:4953:5#my_error@/Users/zhouyangjia/source/mysql-5.6.17/sql/item_create.cc:4953:5
SwitchDefault@/Users/zhouyangjia/source/mysql-5.6.17/sql/item_create.cc:5260:5#my_error@/Users/zhouyangjia/source/mysql-5.6.17/sql/item_create.cc:5260:5
SwitchDefault@/Users/zhouyangjia/source/mysql-5.6.17/sql/item_create.cc:5427:5#my_error@/Users/zhouyangjia/source/mysql-5.6.17/sql/item_create.cc:5427:5
strtoul@/Users/zhouyangjia/source/mysql-5.6.17/sql/item_create.cc:5878:21#__error@/Users/zhouyangjia/source/mysql-5.6.17/sql/item_create.cc:5879:11
strtoul@/Users/zhouyangjia/source/mysql-5.6.17/sql/item_create.cc:5892:21#__error@/Users/zhouyangjia/source/mysql-5.6.17/sql/item_create.cc:5893:12
strtoul@/Users/zhouyangjia/source/mysql-5.6.17/sql/item_create.cc:5931:21#__error@/Users/zhouyangjia/source/mysql-5.6.17/sql/item_create.cc:5932:12
__inline_isinff@/Users/zhouyangjia/source/mysql-5.6.17/sql/item_func.cc:2525:23#rint@/Users/zhouyangjia/source/mysql-5.6.17/sql/item_func.cc:2537:20
SwitchDefault@/Users/zhouyangjia/source/mysql-5.6.17/sql/item_func.cc:5766:7#my_error@/Users/zhouyangjia/source/mysql-5.6.17/sql/item_func.cc:5766:7
SwitchDefault@/Users/zhouyangjia/source/mysql-5.6.17/sql/item_func.cc:5797:7#my_error@/Users/zhouyangjia/source/mysql-5.6.17/sql/item_func.cc:5797:7
SwitchDefault@/Users/zhouyangjia/source/mysql-5.6.17/sql/item_func.cc:5822:7#my_error@/Users/zhouyangjia/source/mysql-5.6.17/sql/item_func.cc:5822:7
SwitchDefault@/Users/zhouyangjia/source/mysql-5.6.17/sql/item_func.cc:5919:7#my_error@/Users/zhouyangjia/source/mysql-5.6.17/sql/item_func.cc:5919:7
SwitchDefault@/Users/zhouyangjia/source/mysql-5.6.17/sql/item_func.cc:5999:7#my_error@/Users/zhouyangjia/source/mysql-5.6.17/sql/item_func.cc:5999:7
SwitchDefault@/Users/zhouyangjia/source/mysql-5.6.17/sql/item_func.cc:6092:7#my_error@/Users/zhouyangjia/source/mysql-5.6.17/sql/item_func.cc:6092:7
SwitchDefault@/Users/zhouyangjia/source/mysql-5.6.17/sql/item_strfunc.cc:277:7#push_warning_printf@/Users/zhouyangjia/source/mysql-5.6.17/sql/item_strfunc.cc:277:7
SwitchDefault@/Users/zhouyangjia/source/mysql-5.6.17/sql/item_strfunc.cc:339:5#push_warning_printf@/Users/zhouyangjia/source/mysql-5.6.17/sql/item_strfunc.cc:339:5
SwitchDefault@/Users/zhouyangjia/source/mysql-5.6.17/sql/lock.cc:889:7#my_error@/Users/zhouyangjia/source/mysql-5.6.17/sql/lock.cc:889:7
SwitchDefault@/Users/zhouyangjia/source/mysql-5.6.17/sql/log.cc:1293:5 <Spelling=/usr/include/assert.h:93:34>#__assert_rtn@/Users/zhouyangjia/source/mysql-5.6.17/sql/log.cc:1293:5
memcpy@/Users/zhouyangjia/source/mysql-5.6.17/sql/log.cc:1939:13#__error@/Users/zhouyangjia/source/mysql-5.6.17/sql/log.cc:1940:22
memcpy@/Users/zhouyangjia/source/mysql-5.6.17/sql/log.cc:1994:11#__error@/Users/zhouyangjia/source/mysql-5.6.17/sql/log.cc:1996:20
memcpy@/Users/zhouyangjia/source/mysql-5.6.17/sql/log.cc:2004:10#__error@/Users/zhouyangjia/source/mysql-5.6.17/sql/log.cc:2005:20
memcpy@/Users/zhouyangjia/source/mysql-5.6.17/sql/log.cc:2007:9#__error@/Users/zhouyangjia/source/mysql-5.6.17/sql/log.cc:2010:18
memcmp@/Users/zhouyangjia/source/mysql-5.6.17/sql/log.cc:2849:7#sql_print_error@/Users/zhouyangjia/source/mysql-5.6.17/sql/log.cc:2851:5
strchr@/Users/zhouyangjia/source/mysql-5.6.17/sql/parse_file.cc:711:18#my_error@/Users/zhouyangjia/source/mysql-5.6.17/sql/parse_file.cc:713:2
strchr@/Users/zhouyangjia/source/mysql-5.6.17/sql/parse_file.cc:774:15#my_error@/Users/zhouyangjia/source/mysql-5.6.17/sql/parse_file.cc:776:6
strchr@/Users/zhouyangjia/source/mysql-5.6.17/sql/parse_file.cc:857:20#my_error@/Users/zhouyangjia/source/mysql-5.6.17/sql/parse_file.cc:859:11
SwitchDefault@/Users/zhouyangjia/source/mysql-5.6.17/sql/spatial.cc:531:11#my_error@/Users/zhouyangjia/source/mysql-5.6.17/sql/spatial.cc:531:11
sprintf@/Users/zhouyangjia/source/mysql-5.6.17/sql/sql_acl.cc:2653:17#write_bin_log@/Users/zhouyangjia/source/mysql-5.6.17/sql/sql_acl.cc:2657:11
SwitchDefault@/Users/zhouyangjia/source/mysql-5.6.17/sql/sql_acl.cc:7385:7 <Spelling=/usr/include/assert.h:93:34>#__assert_rtn@/Users/zhouyangjia/source/mysql-5.6.17/sql/sql_acl.cc:7385:7
SwitchDefault@/Users/zhouyangjia/source/mysql-5.6.17/sql/sql_admin.cc:903:23#my_snprintf@/Users/zhouyangjia/source/mysql-5.6.17/sql/sql_admin.cc:903:23
sprintf@/Users/zhouyangjia/source/mysql-5.6.17/sql/sql_analyse.cc:356:13#rint@/Users/zhouyangjia/source/mysql-5.6.17/sql/sql_analyse.cc:357:9
memcmp@/Users/zhouyangjia/source/mysql-5.6.17/sql/sql_base.cc:9065:12#my_snprintf@/Users/zhouyangjia/source/mysql-5.6.17/sql/sql_base.cc:9070:28
strchr@/Users/zhouyangjia/source/mysql-5.6.17/sql/sql_db.cc:389:15#sql_print_error@/Users/zhouyangjia/source/mysql-5.6.17/sql/sql_db.cc:405:11
rmdir@/Users/zhouyangjia/source/mysql-5.6.17/sql/sql_db.cc:1181:7#my_error@/Users/zhouyangjia/source/mysql-5.6.17/sql/sql_db.cc:1183:5
SwitchDefault@/Users/zhouyangjia/source/mysql-5.6.17/sql/sql_handler.cc:785:7#my_message@/Users/zhouyangjia/source/mysql-5.6.17/sql/sql_handler.cc:785:7
SwitchDefault@/Users/zhouyangjia/source/mysql-5.6.17/sql/sql_parse.cc:1748:5#my_message@/Users/zhouyangjia/source/mysql-5.6.17/sql/sql_parse.cc:1748:5
SwitchDefault@/Users/zhouyangjia/source/mysql-5.6.17/sql/sql_parse.cc:1729:7#my_message@/Users/zhouyangjia/source/mysql-5.6.17/sql/sql_parse.cc:1729:7
SwitchDefault@/Users/zhouyangjia/source/mysql-5.6.17/sql/sql_parse.cc:4462:7#my_error@/Users/zhouyangjia/source/mysql-5.6.17/sql/sql_parse.cc:4462:7
SwitchDefault@/Users/zhouyangjia/source/mysql-5.6.17/sql/sql_parse.cc:4610:2#my_error@/Users/zhouyangjia/source/mysql-5.6.17/sql/sql_parse.cc:4610:2
SwitchDefault@/Users/zhouyangjia/source/mysql-5.6.17/sql/sql_parse.cc:4726:2#my_error@/Users/zhouyangjia/source/mysql-5.6.17/sql/sql_parse.cc:4726:2
dlopen@/Users/zhouyangjia/source/mysql-5.6.17/sql/sql_plugin.cc:485:27#__error@/Users/zhouyangjia/source/mysql-5.6.17/sql/sql_plugin.cc:488:23
dlsym@/Users/zhouyangjia/source/mysql-5.6.17/sql/sql_plugin.cc:501:14#report_error@/Users/zhouyangjia/source/mysql-5.6.17/sql/sql_plugin.cc:504:5
dlsym@/Users/zhouyangjia/source/mysql-5.6.17/sql/sql_plugin.cc:521:15#my_snprintf@/Users/zhouyangjia/source/mysql-5.6.17/sql/sql_plugin.cc:528:9
dlsym@/Users/zhouyangjia/source/mysql-5.6.17/sql/sql_plugin.cc:539:14#report_error@/Users/zhouyangjia/source/mysql-5.6.17/sql/sql_plugin.cc:542:5
SwitchDefault@/Users/zhouyangjia/source/mysql-5.6.17/sql/sql_plugin.cc:3465:7#sql_print_error@/Users/zhouyangjia/source/mysql-5.6.17/sql/sql_plugin.cc:3465:7
SwitchDefault@/Users/zhouyangjia/source/mysql-5.6.17/sql/sql_plugin.cc:3534:7#sql_print_error@/Users/zhouyangjia/source/mysql-5.6.17/sql/sql_plugin.cc:3534:7
SwitchDefault@/Users/zhouyangjia/source/mysql-5.6.17/sql/sql_prepare.cc:2204:7#my_message@/Users/zhouyangjia/source/mysql-5.6.17/sql/sql_prepare.cc:2204:7
Item::safe_charset_converter@/Users/zhouyangjia/source/mysql-5.6.17/sql/sql_table.cc:3365:23#my_error@/Users/zhouyangjia/source/mysql-5.6.17/sql/sql_table.cc:3370:9
memcmp@/Users/zhouyangjia/source/mysql-5.6.17/sql/sql_trigger.cc:2351:8#push_warning_printf@/Users/zhouyangjia/source/mysql-5.6.17/sql/sql_trigger.cc:2356:5
memcmp@/Users/zhouyangjia/source/mysql-5.6.17/sql/sql_trigger.cc:2392:8#push_warning_printf@/Users/zhouyangjia/source/mysql-5.6.17/sql/sql_trigger.cc:2397:5
dlopen@/Users/zhouyangjia/source/mysql-5.6.17/sql/sql_udf.cc:218:17#__error@/Users/zhouyangjia/source/mysql-5.6.17/sql/sql_udf.cc:221:20
dlerror@/Users/zhouyangjia/source/mysql-5.6.17/sql/sql_udf.cc:222:2#sql_print_error@/Users/zhouyangjia/source/mysql-5.6.17/sql/sql_udf.cc:225:9
dlopen@/Users/zhouyangjia/source/mysql-5.6.17/sql/sql_udf.cc:476:16#__error@/Users/zhouyangjia/source/mysql-5.6.17/sql/sql_udf.cc:479:25
SwitchDefault@/Users/zhouyangjia/source/mysql-5.6.17/sql/sys_vars.cc:873:11 <Spelling=/usr/include/assert.h:93:34>#__assert_rtn@/Users/zhouyangjia/source/mysql-5.6.17/sql/sys_vars.cc:873:11
SwitchDefault@/Users/zhouyangjia/source/mysql-5.6.17/sql/transaction.cc:78:7#my_error@/Users/zhouyangjia/source/mysql-5.6.17/sql/transaction.cc:78:7
getpwnam@/Users/zhouyangjia/source/mysql-5.6.17/sql/mysqld.cc:2073:22#sql_print_warning@/Users/zhouyangjia/source/mysql-5.6.17/sql/mysqld.cc:2076:9
setgid@/Users/zhouyangjia/source/mysql-5.6.17/sql/mysqld.cc:2140:7#sql_perror@/Users/zhouyangjia/source/mysql-5.6.17/sql/mysqld.cc:2142:5
setuid@/Users/zhouyangjia/source/mysql-5.6.17/sql/mysqld.cc:2145:7#sql_perror@/Users/zhouyangjia/source/mysql-5.6.17/sql/mysqld.cc:2147:5
setregid@/Users/zhouyangjia/source/mysql-5.6.17/sql/mysqld.cc:2159:7#sql_perror@/Users/zhouyangjia/source/mysql-5.6.17/sql/mysqld.cc:2161:5
setreuid@/Users/zhouyangjia/source/mysql-5.6.17/sql/mysqld.cc:2164:7#sql_perror@/Users/zhouyangjia/source/mysql-5.6.17/sql/mysqld.cc:2166:5
chroot@/Users/zhouyangjia/source/mysql-5.6.17/sql/mysqld.cc:2177:7#sql_perror@/Users/zhouyangjia/source/mysql-5.6.17/sql/mysqld.cc:2179:5
strcasecmp@/Users/zhouyangjia/source/mysql-5.6.17/sql/mysqld.cc:2281:9#sql_print_information@/Users/zhouyangjia/source/mysql-5.6.17/sql/mysqld.cc:2309:9
getaddrinfo@/Users/zhouyangjia/source/mysql-5.6.17/sql/mysqld.cc:2321:13#sql_perror@/Users/zhouyangjia/source/mysql-5.6.17/sql/mysqld.cc:2323:11
getaddrinfo@/Users/zhouyangjia/source/mysql-5.6.17/sql/mysqld.cc:2333:11#sql_perror@/Users/zhouyangjia/source/mysql-5.6.17/sql/mysqld.cc:2335:9
gethostname@/Users/zhouyangjia/source/mysql-5.6.17/sql/mysqld.cc:3780:7#sql_print_warning@/Users/zhouyangjia/source/mysql-5.6.17/sql/mysqld.cc:3783:5
pthread_key_create@/Users/zhouyangjia/source/mysql-5.6.17/sql/mysqld.cc:4251:7#sql_print_error@/Users/zhouyangjia/source/mysql-5.6.17/sql/mysqld.cc:4254:5
rpl_make_log_name@/Users/zhouyangjia/source/mysql-5.6.17/sql/mysqld.cc:4781:7#sql_print_error@/Users/zhouyangjia/source/mysql-5.6.17/sql/mysqld.cc:4784:7
rpl_make_log_name@/Users/zhouyangjia/source/mysql-5.6.17/sql/mysqld.cc:4802:7#sql_print_error@/Users/zhouyangjia/source/mysql-5.6.17/sql/mysqld.cc:4805:7
getuid@/Users/zhouyangjia/source/mysql-5.6.17/sql/mysqld.cc:5007:28#sql_perror@/Users/zhouyangjia/source/mysql-5.6.17/sql/mysqld.cc:5011:7
memcpy@/Users/zhouyangjia/source/mysql-5.6.17/sql/binlog.cc:1911:7#sql_print_error@/Users/zhouyangjia/source/mysql-5.6.17/sql/binlog.cc:1914:5
memcpy@/Users/zhouyangjia/source/mysql-5.6.17/sql/binlog.cc:3353:7#sql_print_error@/Users/zhouyangjia/source/mysql-5.6.17/sql/binlog.cc:3358:5
SwitchDefault@/Users/zhouyangjia/source/mysql-5.6.17/sql/sql_binlog.cc:106:5#my_error@/Users/zhouyangjia/source/mysql-5.6.17/sql/sql_binlog.cc:106:5
strtoul@/Users/zhouyangjia/source/mysql-5.6.17/sql/rpl_slave.cc:1924:41#sprintf@/Users/zhouyangjia/source/mysql-5.6.17/sql/rpl_slave.cc:1932:7
sprintf@/Users/zhouyangjia/source/mysql-5.6.17/sql/rpl_slave.cc:2846:15#sprintf@/Users/zhouyangjia/source/mysql-5.6.17/sql/rpl_slave.cc:2853:11
memcmp@/Users/zhouyangjia/source/mysql-5.6.17/sql/rpl_slave.cc:7643:10#my_printf_error@/Users/zhouyangjia/source/mysql-5.6.17/sql/rpl_slave.cc:7650:7
strstr@/Users/zhouyangjia/source/mysql-5.6.17/mysql-test/lib/My/SafeProcess/safe_process.cc:190:21#die@/Users/zhouyangjia/source/mysql-5.6.17/mysql-test/lib/My/SafeProcess/safe_process.cc:191:11
atoi@/Users/zhouyangjia/source/mysql-5.6.17/mysql-test/lib/My/SafeProcess/safe_process.cc:193:26#die@/Users/zhouyangjia/source/mysql-5.6.17/mysql-test/lib/My/SafeProcess/safe_process.cc:194:11
pipe@/Users/zhouyangjia/source/mysql-5.6.17/mysql-test/lib/My/SafeProcess/safe_process.cc:217:7#die@/Users/zhouyangjia/source/mysql-5.6.17/mysql-test/lib/My/SafeProcess/safe_process.cc:218:5
execvp@/Users/zhouyangjia/source/mysql-5.6.17/mysql-test/lib/My/SafeProcess/safe_process.cc:256:9#die@/Users/zhouyangjia/source/mysql-5.6.17/mysql-test/lib/My/SafeProcess/safe_process.cc:257:7
SwitchDefault@/Users/zhouyangjia/source/mysql-5.6.17/scripts/comp_sql.c:106:7#putc@/Users/zhouyangjia/source/mysql-5.6.17/scripts/comp_sql.c:106:7
fopen@/Users/zhouyangjia/source/mysql-5.6.17/scripts/comp_sql.c:130:13#die@/Users/zhouyangjia/source/mysql-5.6.17/scripts/comp_sql.c:131:5
fopen@/Users/zhouyangjia/source/mysql-5.6.17/scripts/comp_sql.c:132:14#die@/Users/zhouyangjia/source/mysql-5.6.17/scripts/comp_sql.c:133:5
SwitchDefault@/Users/zhouyangjia/source/mysql-5.6.17/scripts/comp_sql.c:167:9#die@/Users/zhouyangjia/source/mysql-5.6.17/scripts/comp_sql.c:167:9
