SwitchDefault@/Users/zhouyangjia/source/subversion-1.8.10/subversion/libsvn_delta/depth_filter_editor.c:130:7 <Spelling=/Users/zhouyangjia/source/subversion-1.8.10/subversion/include/svn_error.h:490:5>#svn_error__malfunction@/Users/zhouyangjia/source/subversion-1.8.10/subversion/libsvn_delta/depth_filter_editor.c:130:7
decode_size@/Users/zhouyangjia/source/subversion-1.8.10/subversion/libsvn_delta/svndiff.c:535:8#svn_error_create@/Users/zhouyangjia/source/subversion-1.8.10/subversion/libsvn_delta/svndiff.c:537:12
decode_instruction@/Users/zhouyangjia/source/subversion-1.8.10/subversion/libsvn_delta/svndiff.c:642:11#svn_error_createf@/Users/zhouyangjia/source/subversion-1.8.10/subversion/libsvn_delta/svndiff.c:646:16
memcmp@/Users/zhouyangjia/source/subversion-1.8.10/subversion/libsvn_delta/svndiff.c:795:11#svn_error_create@/Users/zhouyangjia/source/subversion-1.8.10/subversion/libsvn_delta/svndiff.c:800:16
SwitchDefault@/Users/zhouyangjia/source/subversion-1.8.10/subversion/libsvn_delta/text_delta.c:274:7 <Spelling=/usr/include/assert.h:93:34>#__assert_rtn@/Users/zhouyangjia/source/subversion-1.8.10/subversion/libsvn_delta/text_delta.c:274:7
SwitchDefault@/Users/zhouyangjia/source/subversion-1.8.10/subversion/libsvn_delta/text_delta.c:737:11 <Spelling=/usr/include/assert.h:93:34>#__assert_rtn@/Users/zhouyangjia/source/subversion-1.8.10/subversion/libsvn_delta/text_delta.c:737:11
SwitchDefault@/Users/zhouyangjia/source/subversion-1.8.10/subversion/libsvn_subr/checksum.c:311:9 <Spelling=/Users/zhouyangjia/source/subversion-1.8.10/subversion/include/svn_error.h:490:5>#svn_error__malfunction@/Users/zhouyangjia/source/subversion-1.8.10/subversion/libsvn_subr/checksum.c:311:9
SwitchDefault@/Users/zhouyangjia/source/subversion-1.8.10/subversion/libsvn_subr/checksum.c:342:16#svn_error_create@/Users/zhouyangjia/source/subversion-1.8.10/subversion/libsvn_subr/checksum.c:342:16
SwitchDefault@/Users/zhouyangjia/source/subversion-1.8.10/subversion/libsvn_subr/checksum.c:365:9 <Spelling=/Users/zhouyangjia/source/subversion-1.8.10/subversion/include/svn_error.h:490:5>#svn_error__malfunction@/Users/zhouyangjia/source/subversion-1.8.10/subversion/libsvn_subr/checksum.c:365:9
SwitchDefault@/Users/zhouyangjia/source/subversion-1.8.10/subversion/libsvn_subr/checksum.c:395:9 <Spelling=/Users/zhouyangjia/source/subversion-1.8.10/subversion/include/svn_error.h:490:5>#svn_error__malfunction@/Users/zhouyangjia/source/subversion-1.8.10/subversion/libsvn_subr/checksum.c:395:9
SwitchDefault@/Users/zhouyangjia/source/subversion-1.8.10/subversion/libsvn_subr/checksum.c:418:16#svn_error_create@/Users/zhouyangjia/source/subversion-1.8.10/subversion/libsvn_subr/checksum.c:418:16
SwitchDefault@/Users/zhouyangjia/source/subversion-1.8.10/subversion/libsvn_subr/checksum.c:443:16#svn_error_create@/Users/zhouyangjia/source/subversion-1.8.10/subversion/libsvn_subr/checksum.c:443:16
SwitchDefault@/Users/zhouyangjia/source/subversion-1.8.10/subversion/libsvn_subr/checksum.c:498:9 <Spelling=/Users/zhouyangjia/source/subversion-1.8.10/subversion/include/svn_error.h:490:5>#svn_error__malfunction@/Users/zhouyangjia/source/subversion-1.8.10/subversion/libsvn_subr/checksum.c:498:9
atexit@/Users/zhouyangjia/source/subversion-1.8.10/subversion/libsvn_subr/cmdline.c:227:11#fprintf@/Users/zhouyangjia/source/subversion-1.8.10/subversion/libsvn_subr/cmdline.c:230:9
fflush@/Users/zhouyangjia/source/subversion-1.8.10/subversion/libsvn_subr/cmdline.c:376:7#__error@/Users/zhouyangjia/source/subversion-1.8.10/subversion/libsvn_subr/cmdline.c:378:11
system@/Users/zhouyangjia/source/subversion-1.8.10/subversion/libsvn_subr/cmdline.c:1245:13#svn_error_createf@/Users/zhouyangjia/source/subversion-1.8.10/subversion/libsvn_subr/cmdline.c:1250:14
svn_config_get_server_setting@/Users/zhouyangjia/source/subversion-1.8.10/subversion/libsvn_subr/config.c:1160:15#svn_error_createf@/Users/zhouyangjia/source/subversion-1.8.10/subversion/libsvn_subr/config.c:1171:18
SwitchDefault@/Users/zhouyangjia/source/subversion-1.8.10/subversion/libsvn_subr/config_file.c:519:20#svn_error_createf@/Users/zhouyangjia/source/subversion-1.8.10/subversion/libsvn_subr/config_file.c:519:20
SwitchDefault@/Users/zhouyangjia/source/subversion-1.8.10/subversion/libsvn_subr/dirent_uri.c:639:21#apr_snprintf@/Users/zhouyangjia/source/subversion-1.8.10/subversion/libsvn_subr/dirent_uri.c:639:21
getenv@/Users/zhouyangjia/source/subversion-1.8.10/subversion/libsvn_subr/gpg_agent.c:303:14#close@/Users/zhouyangjia/source/subversion-1.8.10/subversion/libsvn_subr/gpg_agent.c:308:11
getenv@/Users/zhouyangjia/source/subversion-1.8.10/subversion/libsvn_subr/gpg_agent.c:314:14#close@/Users/zhouyangjia/source/subversion-1.8.10/subversion/libsvn_subr/gpg_agent.c:319:11
getenv@/Users/zhouyangjia/source/subversion-1.8.10/subversion/libsvn_subr/gpg_agent.c:342:13#close@/Users/zhouyangjia/source/subversion-1.8.10/subversion/libsvn_subr/gpg_agent.c:347:11
SwitchDefault@/Users/zhouyangjia/source/subversion-1.8.10/subversion/libsvn_subr/io.c:2017:11 <Spelling=/Users/zhouyangjia/source/subversion-1.8.10/subversion/include/svn_error.h:477:28>#svn_error__malfunction@/Users/zhouyangjia/source/subversion-1.8.10/subversion/libsvn_subr/io.c:2017:11
strchr@/Users/zhouyangjia/source/subversion-1.8.10/subversion/libsvn_subr/opt.c:815:20#svn_error_createf@/Users/zhouyangjia/source/subversion-1.8.10/subversion/libsvn_subr/opt.c:817:24
iscntrl@/Users/zhouyangjia/source/subversion-1.8.10/subversion/libsvn_subr/prompt.c:422:17#apr_file_putc@/Users/zhouyangjia/source/subversion-1.8.10/subversion/libsvn_subr/prompt.c:426:11
SwitchDefault@/Users/zhouyangjia/source/subversion-1.8.10/subversion/libsvn_subr/sqlite.c:381:13 <Spelling=/Users/zhouyangjia/source/subversion-1.8.10/subversion/include/svn_error.h:477:28>#svn_error__malfunction@/Users/zhouyangjia/source/subversion-1.8.10/subversion/libsvn_subr/sqlite.c:381:13
SwitchDefault@/Users/zhouyangjia/source/subversion-1.8.10/subversion/libsvn_subr/subst.c:1458:5 <Spelling=/Users/zhouyangjia/source/subversion-1.8.10/subversion/include/svn_error.h:477:28>#svn_error__malfunction@/Users/zhouyangjia/source/subversion-1.8.10/subversion/libsvn_subr/subst.c:1458:5
sscanf@/Users/zhouyangjia/source/subversion-1.8.10/subversion/libsvn_subr/time.c:175:7#svn_error_create@/Users/zhouyangjia/source/subversion-1.8.10/subversion/libsvn_subr/time.c:198:16
strchr@/Users/zhouyangjia/source/subversion-1.8.10/subversion/libsvn_subr/validate.c:70:17#svn_error_createf@/Users/zhouyangjia/source/subversion-1.8.10/subversion/libsvn_subr/validate.c:71:16
SwitchDefault@/Users/zhouyangjia/source/subversion-1.8.10/subversion/libsvn_fs_fs/fs_fs.c:1581:14#svn_error_createf@/Users/zhouyangjia/source/subversion-1.8.10/subversion/libsvn_fs_fs/fs_fs.c:1581:14
svn_cstring_tokenize@/Users/zhouyangjia/source/subversion-1.8.10/subversion/libsvn_fs_fs/fs_fs.c:2157:9#svn_error_create@/Users/zhouyangjia/source/subversion-1.8.10/subversion/libsvn_fs_fs/fs_fs.c:2159:12
svn_cstring_tokenize@/Users/zhouyangjia/source/subversion-1.8.10/subversion/libsvn_fs_fs/fs_fs.c:2171:9#svn_error_create@/Users/zhouyangjia/source/subversion-1.8.10/subversion/libsvn_fs_fs/fs_fs.c:2173:12
svn_cstring_tokenize@/Users/zhouyangjia/source/subversion-1.8.10/subversion/libsvn_fs_fs/fs_fs.c:2179:9#svn_error_create@/Users/zhouyangjia/source/subversion-1.8.10/subversion/libsvn_fs_fs/fs_fs.c:2181:12
svn_cstring_tokenize@/Users/zhouyangjia/source/subversion-1.8.10/subversion/libsvn_fs_fs/fs_fs.c:2187:9#svn_error_create@/Users/zhouyangjia/source/subversion-1.8.10/subversion/libsvn_fs_fs/fs_fs.c:2189:12
svn_cstring_tokenize@/Users/zhouyangjia/source/subversion-1.8.10/subversion/libsvn_fs_fs/fs_fs.c:2196:9#svn_error_create@/Users/zhouyangjia/source/subversion-1.8.10/subversion/libsvn_fs_fs/fs_fs.c:2198:12
svn_cstring_tokenize@/Users/zhouyangjia/source/subversion-1.8.10/subversion/libsvn_fs_fs/fs_fs.c:2218:9#svn_error_create@/Users/zhouyangjia/source/subversion-1.8.10/subversion/libsvn_fs_fs/fs_fs.c:2220:12
apr_hash_get@/Users/zhouyangjia/source/subversion-1.8.10/subversion/libsvn_fs_fs/fs_fs.c:2403:11#svn_error_create@/Users/zhouyangjia/source/subversion-1.8.10/subversion/libsvn_fs_fs/fs_fs.c:2406:14
apr_hash_get@/Users/zhouyangjia/source/subversion-1.8.10/subversion/libsvn_fs_fs/fs_fs.c:2415:11#svn_error_createf@/Users/zhouyangjia/source/subversion-1.8.10/subversion/libsvn_fs_fs/fs_fs.c:2420:12
apr_hash_get@/Users/zhouyangjia/source/subversion-1.8.10/subversion/libsvn_fs_fs/fs_fs.c:2452:11#svn_error_createf@/Users/zhouyangjia/source/subversion-1.8.10/subversion/libsvn_fs_fs/fs_fs.c:2455:14
apr_hash_get@/Users/zhouyangjia/source/subversion-1.8.10/subversion/libsvn_fs_fs/fs_fs.c:2471:11#svn_error_createf@/Users/zhouyangjia/source/subversion-1.8.10/subversion/libsvn_fs_fs/fs_fs.c:2483:16
apr_hash_get@/Users/zhouyangjia/source/subversion-1.8.10/subversion/libsvn_fs_fs/fs_fs.c:2497:11#svn_error_createf@/Users/zhouyangjia/source/subversion-1.8.10/subversion/libsvn_fs_fs/fs_fs.c:2507:16
apr_hash_get@/Users/zhouyangjia/source/subversion-1.8.10/subversion/libsvn_fs_fs/fs_fs.c:2849:17#svn_error_createf@/Users/zhouyangjia/source/subversion-1.8.10/subversion/libsvn_fs_fs/fs_fs.c:2852:12
svn_fs_fs__id_parse@/Users/zhouyangjia/source/subversion-1.8.10/subversion/libsvn_fs_fs/fs_fs.c:2858:8#svn_error_createf@/Users/zhouyangjia/source/subversion-1.8.10/subversion/libsvn_fs_fs/fs_fs.c:2861:12
strstr@/Users/zhouyangjia/source/subversion-1.8.10/subversion/libsvn_fs_fs/fs_fs.c:3760:16#svn_error_create@/Users/zhouyangjia/source/subversion-1.8.10/subversion/libsvn_fs_fs/fs_fs.c:3762:12
strchr@/Users/zhouyangjia/source/subversion-1.8.10/subversion/libsvn_fs_fs/fs_fs.c:4196:16#svn_error_createf@/Users/zhouyangjia/source/subversion-1.8.10/subversion/libsvn_fs_fs/fs_fs.c:4198:12
svn_cstring_tokenize@/Users/zhouyangjia/source/subversion-1.8.10/subversion/libsvn_fs_fs/fs_fs.c:5610:13#svn_error_createf@/Users/zhouyangjia/source/subversion-1.8.10/subversion/libsvn_fs_fs/fs_fs.c:5612:16
svn_cstring_tokenize@/Users/zhouyangjia/source/subversion-1.8.10/subversion/libsvn_fs_fs/fs_fs.c:5631:13#svn_error_createf@/Users/zhouyangjia/source/subversion-1.8.10/subversion/libsvn_fs_fs/fs_fs.c:5633:18
svn_cstring_tokenize@/Users/zhouyangjia/source/subversion-1.8.10/subversion/libsvn_fs_fs/fs_fs.c:6109:9#svn_error_create@/Users/zhouyangjia/source/subversion-1.8.10/subversion/libsvn_fs_fs/fs_fs.c:6111:12
svn_fs_fs__id_parse@/Users/zhouyangjia/source/subversion-1.8.10/subversion/libsvn_fs_fs/fs_fs.c:6114:24#svn_error_create@/Users/zhouyangjia/source/subversion-1.8.10/subversion/libsvn_fs_fs/fs_fs.c:6116:12
svn_cstring_tokenize@/Users/zhouyangjia/source/subversion-1.8.10/subversion/libsvn_fs_fs/fs_fs.c:6120:9#svn_error_create@/Users/zhouyangjia/source/subversion-1.8.10/subversion/libsvn_fs_fs/fs_fs.c:6122:12
strchr@/Users/zhouyangjia/source/subversion-1.8.10/subversion/libsvn_fs_fs/fs_fs.c:6128:14#svn_error_create@/Users/zhouyangjia/source/subversion-1.8.10/subversion/libsvn_fs_fs/fs_fs.c:6139:16
svn_cstring_tokenize@/Users/zhouyangjia/source/subversion-1.8.10/subversion/libsvn_fs_fs/fs_fs.c:6170:9#svn_error_create@/Users/zhouyangjia/source/subversion-1.8.10/subversion/libsvn_fs_fs/fs_fs.c:6172:12
svn_cstring_tokenize@/Users/zhouyangjia/source/subversion-1.8.10/subversion/libsvn_fs_fs/fs_fs.c:6190:9#svn_error_create@/Users/zhouyangjia/source/subversion-1.8.10/subversion/libsvn_fs_fs/fs_fs.c:6192:12
SwitchDefault@/Users/zhouyangjia/source/subversion-1.8.10/subversion/libsvn_fs_fs/fs_fs.c:7063:14#svn_error_createf@/Users/zhouyangjia/source/subversion-1.8.10/subversion/libsvn_fs_fs/fs_fs.c:7063:14
apr_hash_get@/Users/zhouyangjia/source/subversion-1.8.10/subversion/libsvn_fs_fs/fs_fs.c:9041:11#svn_error_create@/Users/zhouyangjia/source/subversion-1.8.10/subversion/libsvn_fs_fs/fs_fs.c:9043:12
svn_cstring_tokenize@/Users/zhouyangjia/source/subversion-1.8.10/subversion/libsvn_fs_fs/fs_fs.c:9099:13#svn_error_create@/Users/zhouyangjia/source/subversion-1.8.10/subversion/libsvn_fs_fs/fs_fs.c:9101:16
svn_cstring_tokenize@/Users/zhouyangjia/source/subversion-1.8.10/subversion/libsvn_fs_fs/fs_fs.c:9114:13#svn_error_create@/Users/zhouyangjia/source/subversion-1.8.10/subversion/libsvn_fs_fs/fs_fs.c:9116:16
SwitchDefault@/Users/zhouyangjia/source/subversion-1.8.10/subversion/libsvn_fs_fs/tree.c:1130:11 <Spelling=/Users/zhouyangjia/source/subversion-1.8.10/subversion/include/svn_error.h:477:28>#svn_error__malfunction@/Users/zhouyangjia/source/subversion-1.8.10/subversion/libsvn_fs_fs/tree.c:1130:11
SwitchDefault@/Users/zhouyangjia/source/subversion-1.8.10/subversion/libsvn_repos/dump.c:1363:12#svn_error_createf@/Users/zhouyangjia/source/subversion-1.8.10/subversion/libsvn_repos/dump.c:1363:12
strchr@/Users/zhouyangjia/source/subversion-1.8.10/subversion/libsvn_repos/fs-wrap.c:215:15#svn_error_createf@/Users/zhouyangjia/source/subversion-1.8.10/subversion/libsvn_repos/fs-wrap.c:217:22
SwitchDefault@/Users/zhouyangjia/source/subversion-1.8.10/subversion/libsvn_repos/reporter.c:269:14#svn_error_createf@/Users/zhouyangjia/source/subversion-1.8.10/subversion/libsvn_repos/reporter.c:269:14
svn_repos_find_root_path@/Users/zhouyangjia/source/subversion-1.8.10/subversion/libsvn_repos/repos.c:1328:15#svn_error_createf@/Users/zhouyangjia/source/subversion-1.8.10/subversion/libsvn_repos/repos.c:1332:16
getenv@/Users/zhouyangjia/source/subversion-1.8.10/subversion/libsvn_ra_svn/client.c:412:13#svn_error_createf@/Users/zhouyangjia/source/subversion-1.8.10/subversion/libsvn_ra_svn/client.c:419:20
strrchr@/Users/zhouyangjia/source/subversion-1.8.10/subversion/libsvn_ra_svn/cram.c:164:9#fail@/Users/zhouyangjia/source/subversion-1.8.10/subversion/libsvn_ra_svn/cram.c:167:12
memcmp@/Users/zhouyangjia/source/subversion-1.8.10/subversion/libsvn_ra_svn/cram.c:175:7#fail@/Users/zhouyangjia/source/subversion-1.8.10/subversion/libsvn_ra_svn/cram.c:176:12
SwitchDefault@/Users/zhouyangjia/source/subversion-1.8.10/subversion/libsvn_ra_svn/marshal.c:1279:15 <Spelling=/Users/zhouyangjia/source/subversion-1.8.10/subversion/include/svn_error.h:477:28>#svn_error__malfunction@/Users/zhouyangjia/source/subversion-1.8.10/subversion/libsvn_ra_svn/marshal.c:1279:15
svn_client_get_repos_root@/Users/zhouyangjia/source/subversion-1.8.10/subversion/libsvn_client/cmdline.c:308:17#svn_error_create@/Users/zhouyangjia/source/subversion-1.8.10/subversion/libsvn_client/cmdline.c:311:20
SwitchDefault@/Users/zhouyangjia/source/subversion-1.8.10/subversion/libsvn_client/externals.c:812:9 <Spelling=/Users/zhouyangjia/source/subversion-1.8.10/subversion/include/svn_error.h:477:28>#svn_error__malfunction@/Users/zhouyangjia/source/subversion-1.8.10/subversion/libsvn_client/externals.c:812:9
svn_uri_skip_ancestor@/Users/zhouyangjia/source/subversion-1.8.10/subversion/libsvn_client/externals.c:780:33#svn_error_createf@/Users/zhouyangjia/source/subversion-1.8.10/subversion/libsvn_client/externals.c:785:22
apr_hash_get@/Users/zhouyangjia/source/subversion-1.8.10/subversion/libsvn_client/externals.c:972:29#svn_error_createf@/Users/zhouyangjia/source/subversion-1.8.10/subversion/libsvn_client/externals.c:977:22
SwitchDefault@/Users/zhouyangjia/source/subversion-1.8.10/subversion/libsvn_client/revisions.c:165:14#svn_error_createf@/Users/zhouyangjia/source/subversion-1.8.10/subversion/libsvn_client/revisions.c:165:14
SwitchDefault@/Users/zhouyangjia/source/subversion-1.8.10/subversion/libsvn_wc/adm_ops.c:764:22#svn_error_createf@/Users/zhouyangjia/source/subversion-1.8.10/subversion/libsvn_wc/adm_ops.c:764:22
SwitchDefault@/Users/zhouyangjia/source/subversion-1.8.10/subversion/libsvn_wc/conflicts.c:2467:14#svn_error_create@/Users/zhouyangjia/source/subversion-1.8.10/subversion/libsvn_wc/conflicts.c:2467:14
SwitchDefault@/Users/zhouyangjia/source/subversion-1.8.10/subversion/libsvn_wc/conflicts.c:2643:14#svn_error_create@/Users/zhouyangjia/source/subversion-1.8.10/subversion/libsvn_wc/conflicts.c:2643:14
SwitchDefault@/Users/zhouyangjia/source/subversion-1.8.10/subversion/libsvn_wc/copy.c:723:20#svn_error_createf@/Users/zhouyangjia/source/subversion-1.8.10/subversion/libsvn_wc/copy.c:723:20
SwitchDefault@/Users/zhouyangjia/source/subversion-1.8.10/subversion/libsvn_wc/crop.c:352:9 <Spelling=/Users/zhouyangjia/source/subversion-1.8.10/subversion/include/svn_error.h:477:28>#svn_error__malfunction@/Users/zhouyangjia/source/subversion-1.8.10/subversion/libsvn_wc/crop.c:352:9
svn_wc__db_read_info@/Users/zhouyangjia/source/subversion-1.8.10/subversion/libsvn_wc/delete.c:331:9#svn_error_clear@/Users/zhouyangjia/source/subversion-1.8.10/subversion/libsvn_wc/delete.c:340:7
SwitchDefault@/Users/zhouyangjia/source/subversion-1.8.10/subversion/libsvn_wc/diff_editor.c:1623:15 <Spelling=/Users/zhouyangjia/source/subversion-1.8.10/subversion/include/svn_error.h:477:28>#svn_error__malfunction@/Users/zhouyangjia/source/subversion-1.8.10/subversion/libsvn_wc/diff_editor.c:1623:15
SwitchDefault@/Users/zhouyangjia/source/subversion-1.8.10/subversion/libsvn_wc/diff_editor.c:1902:15 <Spelling=/Users/zhouyangjia/source/subversion-1.8.10/subversion/include/svn_error.h:477:28>#svn_error__malfunction@/Users/zhouyangjia/source/subversion-1.8.10/subversion/libsvn_wc/diff_editor.c:1902:15
SwitchDefault@/Users/zhouyangjia/source/subversion-1.8.10/subversion/libsvn_wc/node.c:891:9 <Spelling=/Users/zhouyangjia/source/subversion-1.8.10/subversion/include/svn_error.h:477:28>#svn_error__malfunction@/Users/zhouyangjia/source/subversion-1.8.10/subversion/libsvn_wc/node.c:891:9
SwitchDefault@/Users/zhouyangjia/source/subversion-1.8.10/subversion/libsvn_wc/node.c:1352:9 <Spelling=/Users/zhouyangjia/source/subversion-1.8.10/subversion/include/svn_error.h:477:28>#svn_error__malfunction@/Users/zhouyangjia/source/subversion-1.8.10/subversion/libsvn_wc/node.c:1352:9
SwitchDefault@/Users/zhouyangjia/source/subversion-1.8.10/subversion/libsvn_wc/old-and-busted.c:389:14#svn_error_createf@/Users/zhouyangjia/source/subversion-1.8.10/subversion/libsvn_wc/old-and-busted.c:389:14
memchr@/Users/zhouyangjia/source/subversion-1.8.10/subversion/libsvn_wc/old-and-busted.c:1244:22#svn_error_create@/Users/zhouyangjia/source/subversion-1.8.10/subversion/libsvn_wc/old-and-busted.c:1246:23
SwitchDefault@/Users/zhouyangjia/source/subversion-1.8.10/subversion/libsvn_wc/props.c:1404:7 <Spelling=/Users/zhouyangjia/source/subversion-1.8.10/subversion/include/svn_error.h:477:28>#svn_error__malfunction@/Users/zhouyangjia/source/subversion-1.8.10/subversion/libsvn_wc/props.c:1404:7
SwitchDefault@/Users/zhouyangjia/source/subversion-1.8.10/subversion/libsvn_wc/props.c:1567:14#svn_error_createf@/Users/zhouyangjia/source/subversion-1.8.10/subversion/libsvn_wc/props.c:1567:14
apr_hash_get@/Users/zhouyangjia/source/subversion-1.8.10/subversion/libsvn_wc/revert.c:448:26#svn_io_set_file_read_write@/Users/zhouyangjia/source/subversion-1.8.10/subversion/libsvn_wc/revert.c:512:27
SwitchDefault@/Users/zhouyangjia/source/subversion-1.8.10/subversion/libsvn_wc/update_editor.c:5255:18#svn_error_createf@/Users/zhouyangjia/source/subversion-1.8.10/subversion/libsvn_wc/update_editor.c:5255:18
SwitchDefault@/Users/zhouyangjia/source/subversion-1.8.10/subversion/libsvn_wc/update_editor.c:5280:16#svn_error_createf@/Users/zhouyangjia/source/subversion-1.8.10/subversion/libsvn_wc/update_editor.c:5280:16
svn_skel__parse@/Users/zhouyangjia/source/subversion-1.8.10/subversion/libsvn_wc/upgrade.c:687:10#svn_error_create@/Users/zhouyangjia/source/subversion-1.8.10/subversion/libsvn_wc/upgrade.c:689:12
SwitchDefault@/Users/zhouyangjia/source/subversion-1.8.10/subversion/libsvn_wc/upgrade.c:2381:9 <Spelling=/Users/zhouyangjia/source/subversion-1.8.10/subversion/include/svn_error.h:477:28>#svn_error__malfunction@/Users/zhouyangjia/source/subversion-1.8.10/subversion/libsvn_wc/upgrade.c:2381:9
svn_sqlite__column_checksum@/Users/zhouyangjia/source/subversion-1.8.10/subversion/libsvn_wc/wc_db.c:2530:21#svn_error_createf@/Users/zhouyangjia/source/subversion-1.8.10/subversion/libsvn_wc/wc_db.c:2533:23
svn_sqlite__column_checksum@/Users/zhouyangjia/source/subversion-1.8.10/subversion/libsvn_wc/wc_db.c:2911:21#svn_error_createf@/Users/zhouyangjia/source/subversion-1.8.10/subversion/libsvn_wc/wc_db.c:2914:23
svn_wc__db_with_txn@/Users/zhouyangjia/source/subversion-1.8.10/subversion/libsvn_wc/wc_db.c:3037:10#svn_error_compose_create@/Users/zhouyangjia/source/subversion-1.8.10/subversion/libsvn_wc/wc_db.c:3046:14
SwitchDefault@/Users/zhouyangjia/source/subversion-1.8.10/subversion/libsvn_wc/wc_db.c:4506:14#svn_error_createf@/Users/zhouyangjia/source/subversion-1.8.10/subversion/libsvn_wc/wc_db.c:4506:14
SwitchDefault@/Users/zhouyangjia/source/subversion-1.8.10/subversion/libsvn_wc/wc_db.c:5081:14#svn_error_createf@/Users/zhouyangjia/source/subversion-1.8.10/subversion/libsvn_wc/wc_db.c:5081:14
SwitchDefault@/Users/zhouyangjia/source/subversion-1.8.10/subversion/libsvn_wc/wc_db.c:5920:13 <Spelling=/Users/zhouyangjia/source/subversion-1.8.10/subversion/include/svn_error.h:477:28>#svn_error__malfunction@/Users/zhouyangjia/source/subversion-1.8.10/subversion/libsvn_wc/wc_db.c:5920:13
SwitchDefault@/Users/zhouyangjia/source/subversion-1.8.10/subversion/libsvn_wc/wc_db.c:5974:13 <Spelling=/Users/zhouyangjia/source/subversion-1.8.10/subversion/include/svn_error.h:477:28>#svn_error__malfunction@/Users/zhouyangjia/source/subversion-1.8.10/subversion/libsvn_wc/wc_db.c:5974:13
SwitchDefault@/Users/zhouyangjia/source/subversion-1.8.10/subversion/libsvn_wc/wc_db.c:6767:14#svn_error_createf@/Users/zhouyangjia/source/subversion-1.8.10/subversion/libsvn_wc/wc_db.c:6767:14
svn_sqlite__column_checksum@/Users/zhouyangjia/source/subversion-1.8.10/subversion/libsvn_wc/wc_db.c:9363:18#svn_error_compose_create@/Users/zhouyangjia/source/subversion-1.8.10/subversion/libsvn_wc/wc_db.c:9368:23
SwitchDefault@/Users/zhouyangjia/source/subversion-1.8.10/subversion/libsvn_wc/wc_db_update_move.c:2058:7 <Spelling=/Users/zhouyangjia/source/subversion-1.8.10/subversion/include/svn_error.h:477:28>#svn_error__malfunction@/Users/zhouyangjia/source/subversion-1.8.10/subversion/libsvn_wc/wc_db_update_move.c:2058:7
SwitchDefault@/Users/zhouyangjia/source/subversion-1.8.10/subversion/libsvn_wc/wc_db_update_move.c:2193:19 <Spelling=/Users/zhouyangjia/source/subversion-1.8.10/subversion/include/svn_error.h:477:28>#svn_error__malfunction@/Users/zhouyangjia/source/subversion-1.8.10/subversion/libsvn_wc/wc_db_update_move.c:2193:19
apr_hash_get@/Users/zhouyangjia/source/subversion-1.8.10/subversion/libsvn_wc/wc_db_wcroot.c:444:18#compute_relpath@/Users/zhouyangjia/source/subversion-1.8.10/subversion/libsvn_wc/wc_db_wcroot.c:454:24
apr_hash_get@/Users/zhouyangjia/source/subversion-1.8.10/subversion/libsvn_wc/wc_db_wcroot.c:479:22#compute_relpath@/Users/zhouyangjia/source/subversion-1.8.10/subversion/libsvn_wc/wc_db_wcroot.c:487:25
apr_uri_parse@/Users/zhouyangjia/source/subversion-1.8.10/subversion/libsvn_ra/ra_loader.c:285:13#svn_error_createf@/Users/zhouyangjia/source/subversion-1.8.10/subversion/libsvn_ra/ra_loader.c:291:12
SwitchDefault@/Users/zhouyangjia/source/subversion-1.8.10/subversion/svn/cl-conflicts.c:212:22#apr_psprintf@/Users/zhouyangjia/source/subversion-1.8.10/subversion/svn/cl-conflicts.c:212:22
SwitchDefault@/Users/zhouyangjia/source/subversion-1.8.10/subversion/svn/cl-conflicts.c:229:22#apr_psprintf@/Users/zhouyangjia/source/subversion-1.8.10/subversion/svn/cl-conflicts.c:229:22
SwitchDefault@/Users/zhouyangjia/source/subversion-1.8.10/subversion/svn/cl-conflicts.c:446:9 <Spelling=/Users/zhouyangjia/source/subversion-1.8.10/subversion/include/svn_error.h:477:28>#svn_error__malfunction@/Users/zhouyangjia/source/subversion-1.8.10/subversion/svn/cl-conflicts.c:446:9
getenv@/Users/zhouyangjia/source/subversion-1.8.10/subversion/svn/file-merge.c:339:17#svn_error_clear@/Users/zhouyangjia/source/subversion-1.8.10/subversion/svn/file-merge.c:348:11
SwitchDefault@/Users/zhouyangjia/source/subversion-1.8.10/subversion/svn/info-cmd.c:319:7 <Spelling=/Users/zhouyangjia/source/subversion-1.8.10/subversion/svn/info-cmd.c:319:15>#svn_cmdline_printf@/Users/zhouyangjia/source/subversion-1.8.10/subversion/svn/info-cmd.c:319:7
SwitchDefault@/Users/zhouyangjia/source/subversion-1.8.10/subversion/svn/info-cmd.c:379:11 <Spelling=/Users/zhouyangjia/source/subversion-1.8.10/subversion/svn/info-cmd.c:379:19>#svn_cmdline_printf@/Users/zhouyangjia/source/subversion-1.8.10/subversion/svn/info-cmd.c:379:11
SwitchDefault@/Users/zhouyangjia/source/subversion-1.8.10/subversion/svn/props.c:186:14#apr_psprintf@/Users/zhouyangjia/source/subversion-1.8.10/subversion/svn/props.c:186:14
SwitchDefault@/Users/zhouyangjia/source/subversion-1.8.10/subversion/svn/props.c:213:14#apr_psprintf@/Users/zhouyangjia/source/subversion-1.8.10/subversion/svn/props.c:213:14
SwitchDefault@/Users/zhouyangjia/source/subversion-1.8.10/subversion/svn/props.c:348:14#svn_error_createf@/Users/zhouyangjia/source/subversion-1.8.10/subversion/svn/props.c:348:14
SwitchDefault@/Users/zhouyangjia/source/subversion-1.8.10/subversion/svn/resolve-cmd.c:83:14#svn_error_create@/Users/zhouyangjia/source/subversion-1.8.10/subversion/svn/resolve-cmd.c:83:14
SwitchDefault@/Users/zhouyangjia/source/subversion-1.8.10/subversion/svn/status.c:135:7 <Spelling=/Users/zhouyangjia/source/subversion-1.8.10/subversion/include/svn_error.h:490:5>#svn_error__malfunction@/Users/zhouyangjia/source/subversion-1.8.10/subversion/svn/status.c:135:7
svn_opt_get_canonical_subcommand2@/Users/zhouyangjia/source/subversion-1.8.10/subversion/svn/svn.c:2358:24#svn_cmdline_handle_exit_error@/Users/zhouyangjia/source/subversion-1.8.10/subversion/svn/svn.c:2363:15
SwitchDefault@/Users/zhouyangjia/source/subversion-1.8.10/subversion/svnadmin/svnadmin.c:2171:11 <Spelling=/Users/zhouyangjia/source/subversion-1.8.10/subversion/svnadmin/svnadmin.c:1949:3>#svn_cmdline_handle_exit_error@/Users/zhouyangjia/source/subversion-1.8.10/subversion/svnadmin/svnadmin.c:2171:11
svn_opt_get_canonical_subcommand2@/Users/zhouyangjia/source/subversion-1.8.10/subversion/svnadmin/svnadmin.c:2212:24#svn_cmdline_handle_exit_error@/Users/zhouyangjia/source/subversion-1.8.10/subversion/svnadmin/svnadmin.c:2216:15
SwitchDefault@/Users/zhouyangjia/source/subversion-1.8.10/subversion/svndumpfilter/svndumpfilter.c:1494:13 <Spelling=/Users/zhouyangjia/source/subversion-1.8.10/subversion/include/svn_error.h:399:7>#svn_handle_error2@/Users/zhouyangjia/source/subversion-1.8.10/subversion/svndumpfilter/svndumpfilter.c:1494:13
svn_opt_get_canonical_subcommand2@/Users/zhouyangjia/source/subversion-1.8.10/subversion/svndumpfilter/svndumpfilter.c:1548:24#svn_cmdline_handle_exit_error@/Users/zhouyangjia/source/subversion-1.8.10/subversion/svndumpfilter/svndumpfilter.c:1554:24
SwitchDefault@/Users/zhouyangjia/source/subversion-1.8.10/subversion/svnlook/svnlook.c:2618:11 <Spelling=/Users/zhouyangjia/source/subversion-1.8.10/subversion/include/svn_error.h:399:7>#svn_handle_error2@/Users/zhouyangjia/source/subversion-1.8.10/subversion/svnlook/svnlook.c:2618:11
strtol@/Users/zhouyangjia/source/subversion-1.8.10/subversion/svnlook/svnlook.c:2511:29#svn_error_create@/Users/zhouyangjia/source/subversion-1.8.10/subversion/svnlook/svnlook.c:2515:15
strtol@/Users/zhouyangjia/source/subversion-1.8.10/subversion/svnlook/svnlook.c:2561:31#svn_error_create@/Users/zhouyangjia/source/subversion-1.8.10/subversion/svnlook/svnlook.c:2564:23
svn_opt_get_canonical_subcommand2@/Users/zhouyangjia/source/subversion-1.8.10/subversion/svnlook/svnlook.c:2676:24#svn_cmdline_handle_exit_error@/Users/zhouyangjia/source/subversion-1.8.10/subversion/svnlook/svnlook.c:2683:24
SwitchDefault@/Users/zhouyangjia/source/subversion-1.8.10/subversion/svnmucc/svnmucc.c:871:11 <Spelling=/Users/zhouyangjia/source/subversion-1.8.10/subversion/include/svn_error.h:490:5>#svn_error__malfunction@/Users/zhouyangjia/source/subversion-1.8.10/subversion/svnmucc/svnmucc.c:871:11
strtol@/Users/zhouyangjia/source/subversion-1.8.10/subversion/svnmucc/svnmucc.c:1150:29#handle_error@/Users/zhouyangjia/source/subversion-1.8.10/subversion/svnmucc/svnmucc.c:1154:15
strtol@/Users/zhouyangjia/source/subversion-1.8.10/subversion/svnmucc/svnmucc.c:1309:29#handle_error@/Users/zhouyangjia/source/subversion-1.8.10/subversion/svnmucc/svnmucc.c:1311:17
svn_opt_get_canonical_subcommand2@/Users/zhouyangjia/source/subversion-1.8.10/subversion/svnrdump/svnrdump.c:1028:24#svn_cmdline_handle_exit_error@/Users/zhouyangjia/source/subversion-1.8.10/subversion/svnrdump/svnrdump.c:1036:24
strchr@/Users/zhouyangjia/source/subversion-1.8.10/subversion/svnserve/cyrus_auth.c:358:16#svn_error_create@/Users/zhouyangjia/source/subversion-1.8.10/subversion/svnserve/cyrus_auth.c:366:17
skip_scheme_part@/Users/zhouyangjia/source/subversion-1.8.10/subversion/svnserve/serve.c:3253:10#svn_error_createf@/Users/zhouyangjia/source/subversion-1.8.10/subversion/svnserve/serve.c:3255:12
atol@/Users/zhouyangjia/source/subversion-1.8.10/subversion/svnsync/svnsync.c:1573:26#svn_error_createf@/Users/zhouyangjia/source/subversion-1.8.10/subversion/svnsync/svnsync.c:1574:12
atol@/Users/zhouyangjia/source/subversion-1.8.10/subversion/svnsync/svnsync.c:1578:24#svn_error_createf@/Users/zhouyangjia/source/subversion-1.8.10/subversion/svnsync/svnsync.c:1579:12
SwitchDefault@/Users/zhouyangjia/source/subversion-1.8.10/subversion/svnsync/svnsync.c:2078:15 <Spelling=/Users/zhouyangjia/source/subversion-1.8.10/subversion/include/svn_error.h:399:7>#svn_handle_error2@/Users/zhouyangjia/source/subversion-1.8.10/subversion/svnsync/svnsync.c:2078:15
svn_opt_get_canonical_subcommand2@/Users/zhouyangjia/source/subversion-1.8.10/subversion/svnsync/svnsync.c:2181:24#svn_handle_error2@/Users/zhouyangjia/source/subversion-1.8.10/subversion/svnsync/svnsync.c:2185:15
setjmp@/Users/zhouyangjia/source/subversion-1.8.10/subversion/tests/svn_test_main.c:266:7#svn_error_clear@/Users/zhouyangjia/source/subversion-1.8.10/subversion/tests/svn_test_main.c:278:11
memcmp@/Users/zhouyangjia/source/subversion-1.8.10/subversion/tests/libsvn_subr/checksum-test.c:102:3#svn_error_createf@/Users/zhouyangjia/source/subversion-1.8.10/subversion/tests/libsvn_subr/checksum-test.c:102:3
memcmp@/Users/zhouyangjia/source/subversion-1.8.10/subversion/tests/libsvn_subr/checksum-test.c:103:3#svn_error_createf@/Users/zhouyangjia/source/subversion-1.8.10/subversion/tests/libsvn_subr/checksum-test.c:103:3
memcmp@/Users/zhouyangjia/source/subversion-1.8.10/subversion/tests/libsvn_subr/checksum-test.c:104:3#svn_error_createf@/Users/zhouyangjia/source/subversion-1.8.10/subversion/tests/libsvn_subr/checksum-test.c:104:3
memcmp@/Users/zhouyangjia/source/subversion-1.8.10/subversion/tests/libsvn_subr/checksum-test.c:108:3#svn_error_createf@/Users/zhouyangjia/source/subversion-1.8.10/subversion/tests/libsvn_subr/checksum-test.c:108:3
memcmp@/Users/zhouyangjia/source/subversion-1.8.10/subversion/tests/libsvn_subr/checksum-test.c:111:3#svn_error_createf@/Users/zhouyangjia/source/subversion-1.8.10/subversion/tests/libsvn_subr/checksum-test.c:111:3
memcmp@/Users/zhouyangjia/source/subversion-1.8.10/subversion/tests/libsvn_subr/checksum-test.c:114:3#svn_error_createf@/Users/zhouyangjia/source/subversion-1.8.10/subversion/tests/libsvn_subr/checksum-test.c:114:3
SwitchDefault@/Users/zhouyangjia/source/subversion-1.8.10/subversion/tests/libsvn_wc/conflict-data-test.c:693:7 <Spelling=/Users/zhouyangjia/source/subversion-1.8.10/subversion/include/svn_error.h:477:28>#svn_error__malfunction@/Users/zhouyangjia/source/subversion-1.8.10/subversion/tests/libsvn_wc/conflict-data-test.c:693:7
svn_dirent_skip_ancestor@/Users/zhouyangjia/source/subversion-1.8.10/subversion/tests/libsvn_subr/dirent_uri-test.c:1525:16#svn_error_createf@/Users/zhouyangjia/source/subversion-1.8.10/subversion/tests/libsvn_subr/dirent_uri-test.c:1529:16
svn_relpath_skip_ancestor@/Users/zhouyangjia/source/subversion-1.8.10/subversion/tests/libsvn_subr/dirent_uri-test.c:1548:16#svn_error_createf@/Users/zhouyangjia/source/subversion-1.8.10/subversion/tests/libsvn_subr/dirent_uri-test.c:1552:16
svn_uri_skip_ancestor@/Users/zhouyangjia/source/subversion-1.8.10/subversion/tests/libsvn_subr/dirent_uri-test.c:1571:16#svn_error_createf@/Users/zhouyangjia/source/subversion-1.8.10/subversion/tests/libsvn_subr/dirent_uri-test.c:1575:16
getcwd@/Users/zhouyangjia/source/subversion-1.8.10/subversion/tests/libsvn_subr/dirent_uri-test.c:1919:9#svn_error_create@/Users/zhouyangjia/source/subversion-1.8.10/subversion/tests/libsvn_subr/dirent_uri-test.c:1920:12
svn_uri_get_dirent_from_file_url@/Users/zhouyangjia/source/subversion-1.8.10/subversion/tests/libsvn_subr/dirent_uri-test.c:2369:13#svn_error_createf@/Users/zhouyangjia/source/subversion-1.8.10/subversion/tests/libsvn_subr/dirent_uri-test.c:2373:16
svn_error_root_cause@/Users/zhouyangjia/source/subversion-1.8.10/subversion/tests/libsvn_subr/error-test.c:50:14#svn_error_clear@/Users/zhouyangjia/source/subversion-1.8.10/subversion/tests/libsvn_subr/error-test.c:53:7
SwitchDefault@/Users/zhouyangjia/source/subversion-1.8.10/subversion/tests/libsvn_fs_fs/fs-pack-test.c:129:16#svn_error_create@/Users/zhouyangjia/source/subversion-1.8.10/subversion/tests/libsvn_fs_fs/fs-pack-test.c:129:16
atol@/Users/zhouyangjia/source/subversion-1.8.10/subversion/tests/libsvn_fs_fs/fs-pack-test.c:341:7#svn_error_createf@/Users/zhouyangjia/source/subversion-1.8.10/subversion/tests/libsvn_fs_fs/fs-pack-test.c:342:12
apr_hash_get@/Users/zhouyangjia/source/subversion-1.8.10/subversion/tests/libsvn_subr/mergeinfo-test.c:447:15#fail@/Users/zhouyangjia/source/subversion-1.8.10/subversion/tests/libsvn_subr/mergeinfo-test.c:449:12
getcwd@/Users/zhouyangjia/source/subversion-1.8.10/subversion/tests/libsvn_subr/path-test.c:1510:9#svn_error_create@/Users/zhouyangjia/source/subversion-1.8.10/subversion/tests/libsvn_subr/path-test.c:1511:12
memcmp@/Users/zhouyangjia/source/subversion-1.8.10/subversion/tests/libsvn_wc/pristine-store-test.c:247:5#svn_error_createf@/Users/zhouyangjia/source/subversion-1.8.10/subversion/tests/libsvn_wc/pristine-store-test.c:247:5
SwitchDefault@/Users/zhouyangjia/source/subversion-1.8.10/subversion/tests/libsvn_repos/repos-test.c:2040:9 <Spelling=/Users/zhouyangjia/source/subversion-1.8.10/subversion/tests/libsvn_repos/../svn_test.h:51:14>#svn_error_createf@/Users/zhouyangjia/source/subversion-1.8.10/subversion/tests/libsvn_repos/repos-test.c:2040:9
memcmp@/Users/zhouyangjia/source/subversion-1.8.10/subversion/tests/libsvn_subr/spillbuf-test.c:52:3#svn_error_createf@/Users/zhouyangjia/source/subversion-1.8.10/subversion/tests/libsvn_subr/spillbuf-test.c:52:3
memcmp@/Users/zhouyangjia/source/subversion-1.8.10/subversion/tests/libsvn_subr/spillbuf-test.c:101:3#svn_error_createf@/Users/zhouyangjia/source/subversion-1.8.10/subversion/tests/libsvn_subr/spillbuf-test.c:101:3
memcmp@/Users/zhouyangjia/source/subversion-1.8.10/subversion/tests/libsvn_subr/spillbuf-test.c:192:11#svn_error_createf@/Users/zhouyangjia/source/subversion-1.8.10/subversion/tests/libsvn_subr/spillbuf-test.c:192:11
memcmp@/Users/zhouyangjia/source/subversion-1.8.10/subversion/tests/libsvn_subr/spillbuf-test.c:257:3#svn_error_createf@/Users/zhouyangjia/source/subversion-1.8.10/subversion/tests/libsvn_subr/spillbuf-test.c:257:3
memcmp@/Users/zhouyangjia/source/subversion-1.8.10/subversion/tests/libsvn_subr/spillbuf-test.c:264:3#svn_error_createf@/Users/zhouyangjia/source/subversion-1.8.10/subversion/tests/libsvn_subr/spillbuf-test.c:264:3
memcmp@/Users/zhouyangjia/source/subversion-1.8.10/subversion/tests/libsvn_subr/spillbuf-test.c:291:3#svn_error_createf@/Users/zhouyangjia/source/subversion-1.8.10/subversion/tests/libsvn_subr/spillbuf-test.c:291:3
memcmp@/Users/zhouyangjia/source/subversion-1.8.10/subversion/tests/libsvn_subr/spillbuf-test.c:299:3#svn_error_createf@/Users/zhouyangjia/source/subversion-1.8.10/subversion/tests/libsvn_subr/spillbuf-test.c:299:3
memcmp@/Users/zhouyangjia/source/subversion-1.8.10/subversion/tests/libsvn_subr/spillbuf-test.c:309:3#svn_error_createf@/Users/zhouyangjia/source/subversion-1.8.10/subversion/tests/libsvn_subr/spillbuf-test.c:309:3
memcmp@/Users/zhouyangjia/source/subversion-1.8.10/subversion/tests/libsvn_subr/spillbuf-test.c:313:3#svn_error_createf@/Users/zhouyangjia/source/subversion-1.8.10/subversion/tests/libsvn_subr/spillbuf-test.c:313:3
memcmp@/Users/zhouyangjia/source/subversion-1.8.10/subversion/tests/libsvn_subr/spillbuf-test.c:316:3#svn_error_createf@/Users/zhouyangjia/source/subversion-1.8.10/subversion/tests/libsvn_subr/spillbuf-test.c:316:3
memcmp@/Users/zhouyangjia/source/subversion-1.8.10/subversion/tests/libsvn_subr/string-test.c:278:30#fail@/Users/zhouyangjia/source/subversion-1.8.10/subversion/tests/libsvn_subr/string-test.c:279:16
memcmp@/Users/zhouyangjia/source/subversion-1.8.10/subversion/tests/libsvn_subr/string-test.c:283:18#fail@/Users/zhouyangjia/source/subversion-1.8.10/subversion/tests/libsvn_subr/string-test.c:284:12
memcmp@/Users/zhouyangjia/source/subversion-1.8.10/subversion/tests/libsvn_subr/string-test.c:289:30#fail@/Users/zhouyangjia/source/subversion-1.8.10/subversion/tests/libsvn_subr/string-test.c:290:16
setlocale@/Users/zhouyangjia/source/subversion-1.8.10/subversion/tests/libsvn_subr/subst_translate-test.c:179:3#svn_error_createf@/Users/zhouyangjia/source/subversion-1.8.10/subversion/tests/libsvn_subr/subst_translate-test.c:179:3
read_txn@/Users/zhouyangjia/source/subversion-1.8.10/subversion/mod_dav_svn/activity.c:165:14#dav_svn__new_error@/Users/zhouyangjia/source/subversion-1.8.10/subversion/mod_dav_svn/activity.c:168:14
svn_io_make_dir_recursively@/Users/zhouyangjia/source/subversion-1.8.10/subversion/mod_dav_svn/activity.c:201:9#dav_svn__convert_err@/Users/zhouyangjia/source/subversion-1.8.10/subversion/mod_dav_svn/activity.c:203:12
svn_fs_youngest_rev@/Users/zhouyangjia/source/subversion-1.8.10/subversion/mod_dav_svn/activity.c:263:10#dav_svn__convert_err@/Users/zhouyangjia/source/subversion-1.8.10/subversion/mod_dav_svn/activity.c:266:14
svn_repos_fs_begin_txn_for_commit2@/Users/zhouyangjia/source/subversion-1.8.10/subversion/mod_dav_svn/activity.c:271:10#dav_svn__convert_err@/Users/zhouyangjia/source/subversion-1.8.10/subversion/mod_dav_svn/activity.c:275:14
svn_fs_txn_name@/Users/zhouyangjia/source/subversion-1.8.10/subversion/mod_dav_svn/activity.c:280:10#dav_svn__convert_err@/Users/zhouyangjia/source/subversion-1.8.10/subversion/mod_dav_svn/activity.c:283:14
svn_fs_node_created_rev@/Users/zhouyangjia/source/subversion-1.8.10/subversion/mod_dav_svn/liveprops.c:203:14#svn_error_clear@/Users/zhouyangjia/source/subversion-1.8.10/subversion/mod_dav_svn/liveprops.c:208:11
svn_time_from_cstring@/Users/zhouyangjia/source/subversion-1.8.10/subversion/mod_dav_svn/liveprops.c:233:10#svn_error_clear@/Users/zhouyangjia/source/subversion-1.8.10/subversion/mod_dav_svn/liveprops.c:236:7
svn_fs_node_created_rev@/Users/zhouyangjia/source/subversion-1.8.10/subversion/mod_dav_svn/liveprops.c:382:20#ap_log_rerror_@/Users/zhouyangjia/source/subversion-1.8.10/subversion/mod_dav_svn/liveprops.c:388:17
svn_fs_file_length@/Users/zhouyangjia/source/subversion-1.8.10/subversion/mod_dav_svn/liveprops.c:443:16#ap_log_rerror_@/Users/zhouyangjia/source/subversion-1.8.10/subversion/mod_dav_svn/liveprops.c:447:13
svn_fs_youngest_rev@/Users/zhouyangjia/source/subversion-1.8.10/subversion/mod_dav_svn/liveprops.c:564:18#ap_log_rerror_@/Users/zhouyangjia/source/subversion-1.8.10/subversion/mod_dav_svn/liveprops.c:568:15
svn_fs_node_created_rev@/Users/zhouyangjia/source/subversion-1.8.10/subversion/mod_dav_svn/liveprops.c:642:18#ap_log_rerror_@/Users/zhouyangjia/source/subversion-1.8.10/subversion/mod_dav_svn/liveprops.c:648:15
svn_fs_node_proplist@/Users/zhouyangjia/source/subversion-1.8.10/subversion/mod_dav_svn/liveprops.c:758:16#ap_log_rerror_@/Users/zhouyangjia/source/subversion-1.8.10/subversion/mod_dav_svn/liveprops.c:763:13
svn_fs_revision_root@/Users/zhouyangjia/source/subversion-1.8.10/subversion/mod_dav_svn/merge.c:229:10#dav_svn__convert_err@/Users/zhouyangjia/source/subversion-1.8.10/subversion/mod_dav_svn/merge.c:232:14
svn_fs_revision_prop@/Users/zhouyangjia/source/subversion-1.8.10/subversion/mod_dav_svn/merge.c:270:10#dav_svn__convert_err@/Users/zhouyangjia/source/subversion-1.8.10/subversion/mod_dav_svn/merge.c:274:14
svn_fs_revision_prop@/Users/zhouyangjia/source/subversion-1.8.10/subversion/mod_dav_svn/merge.c:278:10#dav_svn__convert_err@/Users/zhouyangjia/source/subversion-1.8.10/subversion/mod_dav_svn/merge.c:282:14
do_resources@/Users/zhouyangjia/source/subversion-1.8.10/subversion/mod_dav_svn/merge.c:363:14#dav_svn__convert_err@/Users/zhouyangjia/source/subversion-1.8.10/subversion/mod_dav_svn/merge.c:366:18
svn_fs_revision_root@/Users/zhouyangjia/source/subversion-1.8.10/subversion/mod_dav_svn/reports/inherited-props.c:109:10#dav_svn__convert_err@/Users/zhouyangjia/source/subversion-1.8.10/subversion/mod_dav_svn/reports/inherited-props.c:112:12
svn_repos_delete_path@/Users/zhouyangjia/source/subversion-1.8.10/subversion/mod_dav_svn/reports/update.c:1398:20#dav_svn__convert_err@/Users/zhouyangjia/source/subversion-1.8.10/subversion/mod_dav_svn/reports/update.c:1401:24
svn_fs_youngest_rev@/Users/zhouyangjia/source/subversion-1.8.10/subversion/mod_dav_svn/repos.c:800:14#dav_svn__convert_err@/Users/zhouyangjia/source/subversion-1.8.10/subversion/mod_dav_svn/repos.c:803:18
svn_fs_revision_root@/Users/zhouyangjia/source/subversion-1.8.10/subversion/mod_dav_svn/repos.c:811:10#dav_svn__convert_err@/Users/zhouyangjia/source/subversion-1.8.10/subversion/mod_dav_svn/repos.c:815:14
svn_fs_youngest_rev@/Users/zhouyangjia/source/subversion-1.8.10/subversion/mod_dav_svn/repos.c:854:14#dav_svn__convert_err@/Users/zhouyangjia/source/subversion-1.8.10/subversion/mod_dav_svn/repos.c:861:18
svn_fs_revision_root@/Users/zhouyangjia/source/subversion-1.8.10/subversion/mod_dav_svn/repos.c:875:14#dav_svn__convert_err@/Users/zhouyangjia/source/subversion-1.8.10/subversion/mod_dav_svn/repos.c:881:18
dav_svn__get_txn@/Users/zhouyangjia/source/subversion-1.8.10/subversion/mod_dav_svn/repos.c:924:18#dav_svn__new_error@/Users/zhouyangjia/source/subversion-1.8.10/subversion/mod_dav_svn/repos.c:928:18
svn_fs_open_txn@/Users/zhouyangjia/source/subversion-1.8.10/subversion/mod_dav_svn/repos.c:937:10#svn_error_clear@/Users/zhouyangjia/source/subversion-1.8.10/subversion/mod_dav_svn/repos.c:943:11
svn_fs_txn_prop@/Users/zhouyangjia/source/subversion-1.8.10/subversion/mod_dav_svn/repos.c:977:14#dav_svn__convert_err@/Users/zhouyangjia/source/subversion-1.8.10/subversion/mod_dav_svn/repos.c:981:18
svn_fs_change_txn_prop@/Users/zhouyangjia/source/subversion-1.8.10/subversion/mod_dav_svn/repos.c:991:18#dav_svn__convert_err@/Users/zhouyangjia/source/subversion-1.8.10/subversion/mod_dav_svn/repos.c:996:22
svn_fs_txn_root@/Users/zhouyangjia/source/subversion-1.8.10/subversion/mod_dav_svn/repos.c:1010:10#dav_svn__convert_err@/Users/zhouyangjia/source/subversion-1.8.10/subversion/mod_dav_svn/repos.c:1013:14
svn_fs_open_txn@/Users/zhouyangjia/source/subversion-1.8.10/subversion/mod_dav_svn/repos.c:1063:14#svn_error_clear@/Users/zhouyangjia/source/subversion-1.8.10/subversion/mod_dav_svn/repos.c:1070:15
dav_svn__get_fs_parent_path@/Users/zhouyangjia/source/subversion-1.8.10/subversion/mod_dav_svn/repos.c:1214:20#dav_svn__new_error@/Users/zhouyangjia/source/subversion-1.8.10/subversion/mod_dav_svn/repos.c:1219:14
memcmp@/Users/zhouyangjia/source/subversion-1.8.10/subversion/mod_dav_svn/repos.c:1345:12#dav_svn__new_error@/Users/zhouyangjia/source/subversion-1.8.10/subversion/mod_dav_svn/repos.c:1350:20
memcmp@/Users/zhouyangjia/source/subversion-1.8.10/subversion/mod_dav_svn/repos.c:1366:37#dav_svn__new_error@/Users/zhouyangjia/source/subversion-1.8.10/subversion/mod_dav_svn/repos.c:1376:34
svn_fs_youngest_rev@/Users/zhouyangjia/source/subversion-1.8.10/subversion/mod_dav_svn/repos.c:1927:14#dav_svn__convert_err@/Users/zhouyangjia/source/subversion-1.8.10/subversion/mod_dav_svn/repos.c:1929:16
svn_repos_remember_client_capabilities@/Users/zhouyangjia/source/subversion-1.8.10/subversion/mod_dav_svn/repos.c:2306:14#dav_svn__sanitize_error@/Users/zhouyangjia/source/subversion-1.8.10/subversion/mod_dav_svn/repos.c:2311:18
svn_fs_make_file@/Users/zhouyangjia/source/subversion-1.8.10/subversion/mod_dav_svn/repos.c:2725:14#dav_svn__convert_err@/Users/zhouyangjia/source/subversion-1.8.10/subversion/mod_dav_svn/repos.c:2731:18
svn_fs_node_prop@/Users/zhouyangjia/source/subversion-1.8.10/subversion/mod_dav_svn/repos.c:2748:14#dav_svn__convert_err@/Users/zhouyangjia/source/subversion-1.8.10/subversion/mod_dav_svn/repos.c:2756:18
svn_fs_change_node_prop@/Users/zhouyangjia/source/subversion-1.8.10/subversion/mod_dav_svn/repos.c:2763:18#dav_svn__convert_err@/Users/zhouyangjia/source/subversion-1.8.10/subversion/mod_dav_svn/repos.c:2772:22
svn_fs_apply_textdelta@/Users/zhouyangjia/source/subversion-1.8.10/subversion/mod_dav_svn/repos.c:2779:10#dav_svn__convert_err@/Users/zhouyangjia/source/subversion-1.8.10/subversion/mod_dav_svn/repos.c:2789:14
svn_fs_node_prop@/Users/zhouyangjia/source/subversion-1.8.10/subversion/mod_dav_svn/repos.c:3080:14#dav_svn__convert_err@/Users/zhouyangjia/source/subversion-1.8.10/subversion/mod_dav_svn/repos.c:3086:16
svn_fs_file_length@/Users/zhouyangjia/source/subversion-1.8.10/subversion/mod_dav_svn/repos.c:3126:18#dav_svn__convert_err@/Users/zhouyangjia/source/subversion-1.8.10/subversion/mod_dav_svn/repos.c:3132:22
svn_io_get_dirents3@/Users/zhouyangjia/source/subversion-1.8.10/subversion/mod_dav_svn/repos.c:3265:18#dav_svn__convert_err@/Users/zhouyangjia/source/subversion-1.8.10/subversion/mod_dav_svn/repos.c:3268:20
svn_fs_dir_entries@/Users/zhouyangjia/source/subversion-1.8.10/subversion/mod_dav_svn/repos.c:3318:18#dav_svn__convert_err@/Users/zhouyangjia/source/subversion-1.8.10/subversion/mod_dav_svn/repos.c:3321:20
dav_svn__simple_parse_uri@/Users/zhouyangjia/source/subversion-1.8.10/subversion/mod_dav_svn/repos.c:3572:14#dav_svn__convert_err@/Users/zhouyangjia/source/subversion-1.8.10/subversion/mod_dav_svn/repos.c:3584:20
svn_fs_is_file@/Users/zhouyangjia/source/subversion-1.8.10/subversion/mod_dav_svn/repos.c:3589:18#dav_svn__convert_err@/Users/zhouyangjia/source/subversion-1.8.10/subversion/mod_dav_svn/repos.c:3592:20
svn_fs_get_file_delta_stream@/Users/zhouyangjia/source/subversion-1.8.10/subversion/mod_dav_svn/repos.c:3604:18#dav_svn__convert_err@/Users/zhouyangjia/source/subversion-1.8.10/subversion/mod_dav_svn/repos.c:3610:20
svn_txdelta_send_txstream@/Users/zhouyangjia/source/subversion-1.8.10/subversion/mod_dav_svn/repos.c:3631:18#dav_svn__convert_err@/Users/zhouyangjia/source/subversion-1.8.10/subversion/mod_dav_svn/repos.c:3634:20
svn_fs_file_contents@/Users/zhouyangjia/source/subversion-1.8.10/subversion/mod_dav_svn/repos.c:3652:14#dav_svn__convert_err@/Users/zhouyangjia/source/subversion-1.8.10/subversion/mod_dav_svn/repos.c:3658:18
svn_fs_node_prop@/Users/zhouyangjia/source/subversion-1.8.10/subversion/mod_dav_svn/repos.c:3668:18#dav_svn__convert_err@/Users/zhouyangjia/source/subversion-1.8.10/subversion/mod_dav_svn/repos.c:3674:20
svn_repos_get_committed_info@/Users/zhouyangjia/source/subversion-1.8.10/subversion/mod_dav_svn/repos.c:3688:22#dav_svn__convert_err@/Users/zhouyangjia/source/subversion-1.8.10/subversion/mod_dav_svn/repos.c:3695:24
svn_time_from_cstring@/Users/zhouyangjia/source/subversion-1.8.10/subversion/mod_dav_svn/repos.c:3700:22#dav_svn__convert_err@/Users/zhouyangjia/source/subversion-1.8.10/subversion/mod_dav_svn/repos.c:3702:24
svn_subst_build_keywords3@/Users/zhouyangjia/source/subversion-1.8.10/subversion/mod_dav_svn/repos.c:3717:22#dav_svn__convert_err@/Users/zhouyangjia/source/subversion-1.8.10/subversion/mod_dav_svn/repos.c:3722:24
svn_stream_read@/Users/zhouyangjia/source/subversion-1.8.10/subversion/mod_dav_svn/repos.c:3742:16#dav_svn__convert_err@/Users/zhouyangjia/source/subversion-1.8.10/subversion/mod_dav_svn/repos.c:3745:20
svn_fs_dir_entries@/Users/zhouyangjia/source/subversion-1.8.10/subversion/mod_dav_svn/repos.c:4223:10#dav_svn__convert_err@/Users/zhouyangjia/source/subversion-1.8.10/subversion/mod_dav_svn/repos.c:4226:12
svn_fs_youngest_rev@/Users/zhouyangjia/source/subversion-1.8.10/subversion/mod_dav_svn/repos.c:4453:14#dav_svn__convert_err@/Users/zhouyangjia/source/subversion-1.8.10/subversion/mod_dav_svn/repos.c:4455:16
svn_fs_revision_root@/Users/zhouyangjia/source/subversion-1.8.10/subversion/mod_dav_svn/repos.c:4473:10#dav_svn__convert_err@/Users/zhouyangjia/source/subversion-1.8.10/subversion/mod_dav_svn/repos.c:4476:12
SwitchDefault@/Users/zhouyangjia/source/subversion-1.8.10/subversion/mod_dav_svn/util.c:286:7 <Spelling=/Users/zhouyangjia/source/subversion-1.8.10/subversion/include/svn_error.h:490:5>#svn_error__malfunction@/Users/zhouyangjia/source/subversion-1.8.10/subversion/mod_dav_svn/util.c:286:7
memcmp@/Users/zhouyangjia/source/subversion-1.8.10/subversion/mod_dav_svn/util.c:337:10#svn_error_create@/Users/zhouyangjia/source/subversion-1.8.10/subversion/mod_dav_svn/util.c:339:14
svn_fs_open_txn@/Users/zhouyangjia/source/subversion-1.8.10/subversion/mod_dav_svn/version.c:113:10#dav_svn__convert_err@/Users/zhouyangjia/source/subversion-1.8.10/subversion/mod_dav_svn/version.c:119:18
svn_fs_txn_root@/Users/zhouyangjia/source/subversion-1.8.10/subversion/mod_dav_svn/version.c:530:14#dav_svn__convert_err@/Users/zhouyangjia/source/subversion-1.8.10/subversion/mod_dav_svn/version.c:533:16
dav_svn__simple_parse_uri@/Users/zhouyangjia/source/subversion-1.8.10/subversion/mod_dav_svn/version.c:590:10#dav_svn__convert_err@/Users/zhouyangjia/source/subversion-1.8.10/subversion/mod_dav_svn/version.c:596:14
svn_fs_youngest_rev@/Users/zhouyangjia/source/subversion-1.8.10/subversion/mod_dav_svn/version.c:631:14#dav_svn__convert_err@/Users/zhouyangjia/source/subversion-1.8.10/subversion/mod_dav_svn/version.c:636:18
svn_fs_txn_root@/Users/zhouyangjia/source/subversion-1.8.10/subversion/mod_dav_svn/version.c:677:14#dav_svn__convert_err@/Users/zhouyangjia/source/subversion-1.8.10/subversion/mod_dav_svn/version.c:681:18
svn_fs_node_created_rev@/Users/zhouyangjia/source/subversion-1.8.10/subversion/mod_dav_svn/version.c:692:14#dav_svn__convert_err@/Users/zhouyangjia/source/subversion-1.8.10/subversion/mod_dav_svn/version.c:698:18
strstr@/Users/zhouyangjia/source/subversion-1.8.10/subversion/mod_dav_svn/version.c:1605:21#dav_svn__convert_err@/Users/zhouyangjia/source/subversion-1.8.10/subversion/mod_dav_svn/version.c:1612:20
do_diff3@/Users/zhouyangjia/source/subversion-1.8.10/tools/diff/diff3.c:76:17#svn_handle_error2@/Users/zhouyangjia/source/subversion-1.8.10/tools/diff/diff3.c:84:11
do_diff4@/Users/zhouyangjia/source/subversion-1.8.10/tools/diff/diff4.c:73:17#svn_handle_error2@/Users/zhouyangjia/source/subversion-1.8.10/tools/diff/diff4.c:78:11
strrchr@/Users/zhouyangjia/source/subversion-1.8.10/tools/dev/fsfs-reorg.c:855:10#svn_error_create@/Users/zhouyangjia/source/subversion-1.8.10/tools/dev/fsfs-reorg.c:857:12
strchr@/Users/zhouyangjia/source/subversion-1.8.10/tools/dev/fsfs-reorg.c:861:11#svn_error_create@/Users/zhouyangjia/source/subversion-1.8.10/tools/dev/fsfs-reorg.c:863:12
strchr@/Users/zhouyangjia/source/subversion-1.8.10/tools/dev/fsfs-reorg.c:2798:17#apr_psprintf@/Users/zhouyangjia/source/subversion-1.8.10/tools/dev/fsfs-reorg.c:2799:14
strrchr@/Users/zhouyangjia/source/subversion-1.8.10/tools/server-side/fsfs-stats.c:658:10#svn_error_create@/Users/zhouyangjia/source/subversion-1.8.10/tools/server-side/fsfs-stats.c:660:12
strchr@/Users/zhouyangjia/source/subversion-1.8.10/tools/server-side/fsfs-stats.c:664:11#svn_error_create@/Users/zhouyangjia/source/subversion-1.8.10/tools/server-side/fsfs-stats.c:666:12
svn_opt_get_canonical_subcommand2@/Users/zhouyangjia/source/subversion-1.8.10/tools/client-side/svn-bench/svn-bench.c:678:24#svn_cmdline_handle_exit_error@/Users/zhouyangjia/source/subversion-1.8.10/tools/client-side/svn-bench/svn-bench.c:683:15
SwitchDefault@/Users/zhouyangjia/source/subversion-1.8.10/tools/server-side/svnauthz.c:567:19 <Spelling=/Users/zhouyangjia/source/subversion-1.8.10/tools/server-side/svnauthz.c:407:3>#handle_exit_error@/Users/zhouyangjia/source/subversion-1.8.10/tools/server-side/svnauthz.c:567:19
svn_opt_get_canonical_subcommand2@/Users/zhouyangjia/source/subversion-1.8.10/tools/server-side/svnauthz.c:613:24#handle_exit_error@/Users/zhouyangjia/source/subversion-1.8.10/tools/server-side/svnauthz.c:619:15
