/Users/zhouyangjia/source/httpd-2.4.10/server/mpm_unix.c:367 0
/Users/zhouyangjia/source/httpd-2.4.10/modules/cache/mod_cache_disk.c:1225 0
/Users/zhouyangjia/source/httpd-2.4.10/modules/filters/sed0.c:822 0
/Users/zhouyangjia/source/httpd-2.4.10/support/ab.c:1099 1
/Users/zhouyangjia/source/httpd-2.4.10/modules/proxy/mod_proxy_connect.c:267 4
/Users/zhouyangjia/source/httpd-2.4.10/modules/ssl/ssl_engine_init.c:1017 0
/Users/zhouyangjia/source/httpd-2.4.10/modules/proxy/ajp_utils.c:38 4
/Users/zhouyangjia/source/httpd-2.4.10/server/main.c:192 1
/Users/zhouyangjia/source/httpd-2.4.10/modules/dav/main/mod_dav.c:1032 4
/Users/zhouyangjia/source/httpd-2.4.10/modules/dav/main/mod_dav.c:352 1
/Users/zhouyangjia/source/httpd-2.4.10/modules/ssl/ssl_engine_io.c:1815 4
/Users/zhouyangjia/source/httpd-2.4.10/modules/proxy/ajp_header.c:637 4
/Users/zhouyangjia/source/httpd-2.4.10/modules/ssl/ssl_engine_vars.c:287 1
/Users/zhouyangjia/source/httpd-2.4.10/modules/http/http_request.c:651 0
/Users/zhouyangjia/source/httpd-2.4.10/modules/proxy/mod_proxy_balancer.c:860 2
/Users/zhouyangjia/source/httpd-2.4.10/modules/proxy/ajp_header.c:257 4
/Users/zhouyangjia/source/httpd-2.4.10/modules/core/mod_macro.c:872 4
/Users/zhouyangjia/source/httpd-2.4.10/modules/cache/mod_socache_shmcb.c:389 4
/Users/zhouyangjia/source/httpd-2.4.10/modules/proxy/mod_proxy_fcgi.c:522 4
/Users/zhouyangjia/source/httpd-2.4.10/support/htcacheclean.c:1090 4
/Users/zhouyangjia/source/httpd-2.4.10/modules/ssl/ssl_engine_init.c:1162 0
/Users/zhouyangjia/source/httpd-2.4.10/modules/ssl/ssl_util.c:59 0
/Users/zhouyangjia/source/httpd-2.4.10/support/htcacheclean.c:1037 2
/Users/zhouyangjia/source/httpd-2.4.10/modules/http/http_filters.c:1524 4
/Users/zhouyangjia/source/httpd-2.4.10/modules/proxy/mod_proxy_balancer.c:1642 1
/Users/zhouyangjia/source/httpd-2.4.10/modules/core/mod_macro.c:754 2
/Users/zhouyangjia/source/httpd-2.4.10/modules/generators/mod_status.c:743 1
/Users/zhouyangjia/source/httpd-2.4.10/modules/proxy/mod_proxy_balancer.c:1545 1
/Users/zhouyangjia/source/httpd-2.4.10/modules/core/mod_macro.c:860 0
/Users/zhouyangjia/source/httpd-2.4.10/modules/ssl/mod_ssl.c:329 0
/Users/zhouyangjia/source/httpd-2.4.10/support/ab.c:595 2
/Users/zhouyangjia/source/httpd-2.4.10/server/config.c:673 4
/Users/zhouyangjia/source/httpd-2.4.10/modules/dav/main/mod_dav.c:1888 4
/Users/zhouyangjia/source/httpd-2.4.10/modules/loggers/mod_log_config.c:1575 0
/Users/zhouyangjia/source/httpd-2.4.10/support/htcacheclean.c:1273 1
/Users/zhouyangjia/source/httpd-2.4.10/server/util.c:2140 0
/Users/zhouyangjia/source/httpd-2.4.10/support/htpasswd.c:433 4
/Users/zhouyangjia/source/httpd-2.4.10/modules/cache/mod_cache.c:438 2
/Users/zhouyangjia/source/httpd-2.4.10/support/ab.c:1193 1
/Users/zhouyangjia/source/httpd-2.4.10/modules/ssl/ssl_engine_pphrase.c:505 0
/Users/zhouyangjia/source/httpd-2.4.10/modules/aaa/mod_auth_digest.c:1836 0
/Users/zhouyangjia/source/httpd-2.4.10/modules/loggers/mod_log_config.c:431 0
/Users/zhouyangjia/source/httpd-2.4.10/modules/ssl/ssl_engine_io.c:1881 0
/Users/zhouyangjia/source/httpd-2.4.10/server/protocol.c:1135 0
/Users/zhouyangjia/source/httpd-2.4.10/modules/http/http_filters.c:526 4
/Users/zhouyangjia/source/httpd-2.4.10/server/main.c:418 1
/Users/zhouyangjia/source/httpd-2.4.10/modules/proxy/ajp_msg.c:244 2
/Users/zhouyangjia/source/httpd-2.4.10/modules/proxy/mod_proxy_ftp.c:759 1
/Users/zhouyangjia/source/httpd-2.4.10/modules/ssl/ssl_engine_init.c:722 4
/Users/zhouyangjia/source/httpd-2.4.10/modules/ssl/ssl_engine_config.c:838 2
/Users/zhouyangjia/source/httpd-2.4.10/modules/generators/mod_info.c:200 1
/Users/zhouyangjia/source/httpd-2.4.10/modules/proxy/ajp_header.c:586 4
/Users/zhouyangjia/source/httpd-2.4.10/support/rotatelogs.c:703 0
/Users/zhouyangjia/source/httpd-2.4.10/modules/dav/main/mod_dav.c:2510 4
/Users/zhouyangjia/source/httpd-2.4.10/modules/ssl/ssl_engine_io.c:1787 2
/Users/zhouyangjia/source/httpd-2.4.10/modules/dav/main/mod_dav.c:1076 4
/Users/zhouyangjia/source/httpd-2.4.10/modules/mappers/mod_rewrite.c:4851 0
/Users/zhouyangjia/source/httpd-2.4.10/support/ab.c:591 2
/Users/zhouyangjia/source/httpd-2.4.10/modules/ssl/ssl_engine_init.c:1467 4
/Users/zhouyangjia/source/httpd-2.4.10/modules/proxy/ajp_header.c:770 0
/Users/zhouyangjia/source/httpd-2.4.10/modules/ssl/ssl_engine_vars.c:688 0
/Users/zhouyangjia/source/httpd-2.4.10/modules/mappers/mod_rewrite.c:4176 2
/Users/zhouyangjia/source/httpd-2.4.10/server/main.c:238 1
/Users/zhouyangjia/source/httpd-2.4.10/server/log.c:550 0
/Users/zhouyangjia/source/httpd-2.4.10/modules/core/mod_macro.c:167 4
/Users/zhouyangjia/source/httpd-2.4.10/modules/ssl/mod_ssl.c:328 0
/Users/zhouyangjia/source/httpd-2.4.10/modules/http/http_core.c:292 0
/Users/zhouyangjia/source/httpd-2.4.10/modules/filters/sed0.c:621 0
/Users/zhouyangjia/source/httpd-2.4.10/server/core.c:4843 0
/Users/zhouyangjia/source/httpd-2.4.10/support/htpasswd.c:95 1
/Users/zhouyangjia/source/httpd-2.4.10/support/htcacheclean.c:555 1
/Users/zhouyangjia/source/httpd-2.4.10/modules/cache/mod_cache_disk.c:571 4
/Users/zhouyangjia/source/httpd-2.4.10/modules/metadata/mod_unique_id.c:183 4
/Users/zhouyangjia/source/httpd-2.4.10/support/ab.c:1006 1
/Users/zhouyangjia/source/httpd-2.4.10/modules/cache/mod_cache_disk.c:638 2
/Users/zhouyangjia/source/httpd-2.4.10/modules/proxy/proxy_util.c:396 2
/Users/zhouyangjia/source/httpd-2.4.10/modules/dav/fs/repos.c:1031 4
/Users/zhouyangjia/source/httpd-2.4.10/server/mpm/event/event.c:702 2
/Users/zhouyangjia/source/httpd-2.4.10/server/main.c:117 2
/Users/zhouyangjia/source/httpd-2.4.10/support/ab.c:1090 1
/Users/zhouyangjia/source/httpd-2.4.10/modules/proxy/ajp_header.c:373 0
/Users/zhouyangjia/source/httpd-2.4.10/modules/http/mod_mime.c:655 4
/Users/zhouyangjia/source/httpd-2.4.10/modules/metadata/mod_headers.c:997 0
/Users/zhouyangjia/source/httpd-2.4.10/modules/aaa/mod_authz_dbd.c:172 4
/Users/zhouyangjia/source/httpd-2.4.10/modules/proxy/mod_proxy_ftp.c:1583 4
/Users/zhouyangjia/source/httpd-2.4.10/modules/proxy/mod_proxy_balancer.c:1538 1
/Users/zhouyangjia/source/httpd-2.4.10/server/protocol.c:1224 0
/Users/zhouyangjia/source/httpd-2.4.10/modules/cache/mod_cache.c:1567 0
/Users/zhouyangjia/source/httpd-2.4.10/modules/dav/main/util_lock.c:179 4
/Users/zhouyangjia/source/httpd-2.4.10/support/ab.c:1191 1
/Users/zhouyangjia/source/httpd-2.4.10/modules/ssl/ssl_engine_io.c:1088 4
/Users/zhouyangjia/source/httpd-2.4.10/server/util.c:1868 0
/Users/zhouyangjia/source/httpd-2.4.10/modules/proxy/mod_proxy_balancer.c:1255 1
/Users/zhouyangjia/source/httpd-2.4.10/modules/ssl/ssl_engine_io.c:1817 0
/Users/zhouyangjia/source/httpd-2.4.10/modules/loggers/mod_log_config.c:1762 0
/Users/zhouyangjia/source/httpd-2.4.10/modules/dav/main/mod_dav.c:469 1
/Users/zhouyangjia/source/httpd-2.4.10/modules/generators/mod_autoindex.c:1654 1
/Users/zhouyangjia/source/httpd-2.4.10/modules/dav/main/mod_dav.c:1298 1
/Users/zhouyangjia/source/httpd-2.4.10/modules/ssl/ssl_util_stapling.c:200 4
/Users/zhouyangjia/source/httpd-2.4.10/modules/aaa/mod_authn_dbd.c:109 4
/Users/zhouyangjia/source/httpd-2.4.10/modules/ssl/ssl_engine_rand.c:123 2
/Users/zhouyangjia/source/httpd-2.4.10/server/util_mutex.c:551 0
/Users/zhouyangjia/source/httpd-2.4.10/modules/loggers/mod_log_config.c:519 0
/Users/zhouyangjia/source/httpd-2.4.10/modules/proxy/ajp_header.c:329 0
/Users/zhouyangjia/source/httpd-2.4.10/modules/cache/mod_socache_shmcb.c:619 1
/Users/zhouyangjia/source/httpd-2.4.10/modules/filters/sed0.c:567 0
/Users/zhouyangjia/source/httpd-2.4.10/server/mpm/event/event.c:988 4
/Users/zhouyangjia/source/httpd-2.4.10/server/mpm_unix.c:1027 4
/Users/zhouyangjia/source/httpd-2.4.10/modules/generators/mod_status.c:487 1
/Users/zhouyangjia/source/httpd-2.4.10/modules/dav/main/mod_dav.c:1202 4
/Users/zhouyangjia/source/httpd-2.4.10/modules/dav/main/mod_dav.c:2780 4
/Users/zhouyangjia/source/httpd-2.4.10/modules/generators/mod_status.c:420 1
/Users/zhouyangjia/source/httpd-2.4.10/modules/proxy/mod_proxy_balancer.c:1192 4
/Users/zhouyangjia/source/httpd-2.4.10/modules/ssl/ssl_engine_pphrase.c:544 1
/Users/zhouyangjia/source/httpd-2.4.10/modules/dav/main/util_lock.c:1230 0
/Users/zhouyangjia/source/httpd-2.4.10/modules/proxy/ajp_header.c:251 0
/Users/zhouyangjia/source/httpd-2.4.10/server/main.c:547 1
/Users/zhouyangjia/source/httpd-2.4.10/server/log.c:889 0
/Users/zhouyangjia/source/httpd-2.4.10/modules/dav/main/mod_dav.c:3983 4
/Users/zhouyangjia/source/httpd-2.4.10/modules/mappers/mod_rewrite.c:3825 2
/Users/zhouyangjia/source/httpd-2.4.10/modules/filters/mod_include.c:2665 4
/Users/zhouyangjia/source/httpd-2.4.10/modules/proxy/mod_proxy_balancer.c:1610 1
/Users/zhouyangjia/source/httpd-2.4.10/modules/ssl/ssl_engine_init.c:1241 0
/Users/zhouyangjia/source/httpd-2.4.10/modules/proxy/mod_proxy_balancer.c:308 0
/Users/zhouyangjia/source/httpd-2.4.10/server/protocol.c:1292 4
/Users/zhouyangjia/source/httpd-2.4.10/modules/cache/cache_storage.c:761 2
/Users/zhouyangjia/source/httpd-2.4.10/server/vhost.c:503 0
/Users/zhouyangjia/source/httpd-2.4.10/modules/generators/mod_status.c:727 1
/Users/zhouyangjia/source/httpd-2.4.10/modules/proxy/mod_proxy_http.c:1912 4
/Users/zhouyangjia/source/httpd-2.4.10/modules/mappers/mod_rewrite.c:4633 2
/Users/zhouyangjia/source/httpd-2.4.10/modules/debugging/mod_dumpio.c:58 2
/Users/zhouyangjia/source/httpd-2.4.10/modules/filters/mod_include.c:1754 4
/Users/zhouyangjia/source/httpd-2.4.10/modules/ssl/ssl_engine_vars.c:459 0
/Users/zhouyangjia/source/httpd-2.4.10/server/core_filters.c:480 0
/Users/zhouyangjia/source/httpd-2.4.10/modules/proxy/mod_proxy_balancer.c:397 4
/Users/zhouyangjia/source/httpd-2.4.10/server/util_expr_eval.c:835 4
/Users/zhouyangjia/source/httpd-2.4.10/modules/proxy/ajp_utils.c:85 4
/Users/zhouyangjia/source/httpd-2.4.10/modules/proxy/proxy_util.c:3063 4
/Users/zhouyangjia/source/httpd-2.4.10/modules/generators/mod_cgid.c:375 0
/Users/zhouyangjia/source/httpd-2.4.10/modules/ssl/ssl_engine_kernel.c:1468 4
/Users/zhouyangjia/source/httpd-2.4.10/modules/database/mod_dbd.c:178 4
/Users/zhouyangjia/source/httpd-2.4.10/modules/ssl/ssl_engine_kernel.c:1773 1
/Users/zhouyangjia/source/httpd-2.4.10/modules/proxy/proxy_util.c:1970 2
/Users/zhouyangjia/source/httpd-2.4.10/server/main.c:113 1
/Users/zhouyangjia/source/httpd-2.4.10/modules/dav/main/mod_dav.c:4538 4
