/Users/zhouyangjia/source/gimp-2.8.0/modules/controller-midi.c:332 0
/Users/zhouyangjia/source/gimp-2.8.0/app/core/gimpcontainer.c:933 4
/Users/zhouyangjia/source/gimp-2.8.0/app/core/gimpimage-undo.c:282 4
/Users/zhouyangjia/source/gimp-2.8.0/app/widgets/gimpcontainerview.c:726 4
/Users/zhouyangjia/source/gimp-2.8.0/app/widgets/gimpgradienteditor.c:1007 0
/Users/zhouyangjia/source/gimp-2.8.0/plug-ins/file-bmp/bmp-write.c:521 1
/Users/zhouyangjia/source/gimp-2.8.0/app/core/gimpimage.c:2584 4
/Users/zhouyangjia/source/gimp-2.8.0/app/actions/text-editor-commands.c:73 0
/Users/zhouyangjia/source/gimp-2.8.0/plug-ins/common/curve-bend.c:862 1
/Users/zhouyangjia/source/gimp-2.8.0/plug-ins/script-fu/script-fu-server.c:553 1
/Users/zhouyangjia/source/gimp-2.8.0/app/core/gimppalette-load.c:67 4
/Users/zhouyangjia/source/gimp-2.8.0/app/core/gimpgradient-save.c:137 4
/Users/zhouyangjia/source/gimp-2.8.0/app/dialogs/image-new-dialog.c:180 4
/Users/zhouyangjia/source/gimp-2.8.0/libgimpwidgets/gimpcolorselection.c:483 4
/Users/zhouyangjia/source/gimp-2.8.0/app/widgets/gimpdockable.c:626 4
/Users/zhouyangjia/source/gimp-2.8.0/app/display/gimpstatusbar.c:1432 0
/Users/zhouyangjia/source/gimp-2.8.0/app/dialogs/about-dialog.c:534 4
/Users/zhouyangjia/source/gimp-2.8.0/app/widgets/gimptagentry.c:835 4
/Users/zhouyangjia/source/gimp-2.8.0/libgimpwidgets/gimpcellrenderertoggle.c:186 0
/Users/zhouyangjia/source/gimp-2.8.0/app/dialogs/channel-options-dialog.c:82 4
/Users/zhouyangjia/source/gimp-2.8.0/plug-ins/gimpressionist/ppmtool.c:648 4
/Users/zhouyangjia/source/gimp-2.8.0/plug-ins/common/mail.c:648 1
/Users/zhouyangjia/source/gimp-2.8.0/app/tools/gimpcolortool.c:735 2
/Users/zhouyangjia/source/gimp-2.8.0/app/actions/plug-in-actions.c:210 1
/Users/zhouyangjia/source/gimp-2.8.0/plug-ins/file-xjt/xjt.c:1544 1
/Users/zhouyangjia/source/gimp-2.8.0/app/widgets/gimpdialogfactory.c:1041 4
/Users/zhouyangjia/source/gimp-2.8.0/app/core/gimpunit.c:178 4
/Users/zhouyangjia/source/gimp-2.8.0/app/widgets/gimpviewablebox.c:342 4
/Users/zhouyangjia/source/gimp-2.8.0/plug-ins/print/print-page-layout.c:709 0
/Users/zhouyangjia/source/gimp-2.8.0/app/widgets/gimpitemtreeview.c:1248 0
/Users/zhouyangjia/source/gimp-2.8.0/app/config/gimpconfig-utils.c:173 4
/Users/zhouyangjia/source/gimp-2.8.0/app/xcf/xcf-save.c:1055 0
/Users/zhouyangjia/source/gimp-2.8.0/app/widgets/gimpcontrollers.c:223 4
/Users/zhouyangjia/source/gimp-2.8.0/app/widgets/gimpsamplepointeditor.c:204 0
/Users/zhouyangjia/source/gimp-2.8.0/app/tools/gimpmagnifyoptions.c:115 0
/Users/zhouyangjia/source/gimp-2.8.0/app/widgets/gimppropwidgets.c:226 0
/Users/zhouyangjia/source/gimp-2.8.0/app/base/tile-pyramid.c:310 4
/Users/zhouyangjia/source/gimp-2.8.0/libgimpcolor/gimprgb.c:255 4
/Users/zhouyangjia/source/gimp-2.8.0/plug-ins/file-psd/psd-load.c:770 0
/Users/zhouyangjia/source/gimp-2.8.0/plug-ins/ifs-compose/ifs-compose.c:1733 0
/Users/zhouyangjia/source/gimp-2.8.0/libgimpwidgets/gimppreview.c:557 4
/Users/zhouyangjia/source/gimp-2.8.0/app/gegl/gimpoperationcagetransform.c:322 0
/Users/zhouyangjia/source/gimp-2.8.0/plug-ins/gradient-flare/gradient-flare.c:4269 0
/Users/zhouyangjia/source/gimp-2.8.0/app/xcf/xcf-save.c:1104 0
/Users/zhouyangjia/source/gimp-2.8.0/app/xcf/xcf-write.c:85 0
/Users/zhouyangjia/source/gimp-2.8.0/app/core/gimp-parasites.c:153 4
/Users/zhouyangjia/source/gimp-2.8.0/plug-ins/flame/flame.c:271 0
/Users/zhouyangjia/source/gimp-2.8.0/app/config/gimprc.c:217 0
/Users/zhouyangjia/source/gimp-2.8.0/app/tools/gimptransformtool.c:681 0
/Users/zhouyangjia/source/gimp-2.8.0/app/widgets/gimpdnd-xds.c:245 0
/Users/zhouyangjia/source/gimp-2.8.0/libgimpwidgets/gimpsizeentry.c:592 4
/Users/zhouyangjia/source/gimp-2.8.0/libgimpthumb/gimpthumb-utils.c:322 0
/Users/zhouyangjia/source/gimp-2.8.0/app/widgets/gimpdock.c:713 4
/Users/zhouyangjia/source/gimp-2.8.0/app/xcf/xcf-save.c:1137 0
/Users/zhouyangjia/source/gimp-2.8.0/plug-ins/common/tile-small.c:615 0
/Users/zhouyangjia/source/gimp-2.8.0/app/core/gimpsubprogress.c:210 4
/Users/zhouyangjia/source/gimp-2.8.0/app/actions/gradient-editor-commands.c:798 0
/Users/zhouyangjia/source/gimp-2.8.0/app/tools/gimpscaletool.c:338 2
/Users/zhouyangjia/source/gimp-2.8.0/libgimpbase/gimpbasetypes.c:182 4
/Users/zhouyangjia/source/gimp-2.8.0/libgimpconfig/gimpconfig-iface.c:357 0
/Users/zhouyangjia/source/gimp-2.8.0/app/display/gimpdisplayshell.c:1604 4
/Users/zhouyangjia/source/gimp-2.8.0/app/core/gimpdrawable-transform.c:518 0
/Users/zhouyangjia/source/gimp-2.8.0/app/widgets/gimpcontainerview.c:634 4
/Users/zhouyangjia/source/gimp-2.8.0/app/widgets/gimpspinscale.c:349 0
/Users/zhouyangjia/source/gimp-2.8.0/app/widgets/gimpaction.c:197 0
/Users/zhouyangjia/source/gimp-2.8.0/app/actions/gradient-editor-commands.c:199 0
/Users/zhouyangjia/source/gimp-2.8.0/libgimpbase/gimpprotocol.c:362 1
/Users/zhouyangjia/source/gimp-2.8.0/app/core/gimpcontext.c:1418 4
/Users/zhouyangjia/source/gimp-2.8.0/app/core/gimpgradient.c:937 4
/Users/zhouyangjia/source/gimp-2.8.0/app/core/gimpimage-undo.c:104 4
/Users/zhouyangjia/source/gimp-2.8.0/app/tools/gimprectangletool.c:2461 4
/Users/zhouyangjia/source/gimp-2.8.0/app/core/gimpdynamicsoutput.c:330 0
/Users/zhouyangjia/source/gimp-2.8.0/app/plug-in/plug-in-rc.c:816 1
/Users/zhouyangjia/source/gimp-2.8.0/app/core/gimpbrushpipe-load.c:82 0
/Users/zhouyangjia/source/gimp-2.8.0/app/tools/gimptextoptions.c:673 4
/Users/zhouyangjia/source/gimp-2.8.0/plug-ins/file-xjt/xjt.c:1696 2
/Users/zhouyangjia/source/gimp-2.8.0/plug-ins/script-fu/script-fu-scripts.c:206 0
/Users/zhouyangjia/source/gimp-2.8.0/plug-ins/file-fits/fits.c:1066 0
/Users/zhouyangjia/source/gimp-2.8.0/plug-ins/common/file-xbm.c:1124 1
/Users/zhouyangjia/source/gimp-2.8.0/plug-ins/pagecurl/pagecurl.c:451 0
/Users/zhouyangjia/source/gimp-2.8.0/app/core/gimpimage.c:3857 4
/Users/zhouyangjia/source/gimp-2.8.0/plug-ins/file-xjt/xjt.c:2174 4
/Users/zhouyangjia/source/gimp-2.8.0/app/base/base.c:71 4
/Users/zhouyangjia/source/gimp-2.8.0/libgimpcolor/gimprgb.c:174 4
/Users/zhouyangjia/source/gimp-2.8.0/app/widgets/gimpiconpicker.c:249 4
/Users/zhouyangjia/source/gimp-2.8.0/tools/gimptool.c:736 0
/Users/zhouyangjia/source/gimp-2.8.0/app/core/gimpimage-duplicate.c:89 4
/Users/zhouyangjia/source/gimp-2.8.0/app/tools/tool_manager.c:441 4
/Users/zhouyangjia/source/gimp-2.8.0/plug-ins/imagemap/imap_preferences.c:230 1
/Users/zhouyangjia/source/gimp-2.8.0/libgimpcolor/gimprgb.c:241 4
/Users/zhouyangjia/source/gimp-2.8.0/plug-ins/common/diffraction.c:721 0
/Users/zhouyangjia/source/gimp-2.8.0/plug-ins/common/film.c:1260 0
/Users/zhouyangjia/source/gimp-2.8.0/plug-ins/file-psd/psd-image-res-load.c:1497 0
/Users/zhouyangjia/source/gimp-2.8.0/app/core/gimplayermask.c:182 0
/Users/zhouyangjia/source/gimp-2.8.0/app/display/gimpdisplayshell-scale.c:384 4
/Users/zhouyangjia/source/gimp-2.8.0/plug-ins/common/sinus.c:658 0
/Users/zhouyangjia/source/gimp-2.8.0/app/widgets/gimpdock.c:641 4
/Users/zhouyangjia/source/gimp-2.8.0/plug-ins/file-fits/fits-io.c:863 0
/Users/zhouyangjia/source/gimp-2.8.0/plug-ins/imagemap/imap_main.c:647 0
/Users/zhouyangjia/source/gimp-2.8.0/plug-ins/script-fu/script-fu-scripts.c:248 4
/Users/zhouyangjia/source/gimp-2.8.0/app/display/gimpcanvas.c:271 0
/Users/zhouyangjia/source/gimp-2.8.0/plug-ins/common/file-csource.c:585 1
/Users/zhouyangjia/source/gimp-2.8.0/app/display/gimpcanvasprogress.c:294 0
/Users/zhouyangjia/source/gimp-2.8.0/app/core/gimpdrawable-transform.c:93 4
/Users/zhouyangjia/source/gimp-2.8.0/modules/controller-midi.c:638 2
/Users/zhouyangjia/source/gimp-2.8.0/app/vectors/gimpstroke.c:393 4
/Users/zhouyangjia/source/gimp-2.8.0/app/widgets/gimpspinscale.c:623 4
/Users/zhouyangjia/source/gimp-2.8.0/app/core/gimp-templates.c:56 0
/Users/zhouyangjia/source/gimp-2.8.0/app/gegl/gimpcurvesconfig.c:448 4
/Users/zhouyangjia/source/gimp-2.8.0/plug-ins/common/sphere-designer.c:2027 0
/Users/zhouyangjia/source/gimp-2.8.0/app/tools/gimpgegltool.c:159 0
/Users/zhouyangjia/source/gimp-2.8.0/plug-ins/script-fu/script-fu-interface.c:256 0
/Users/zhouyangjia/source/gimp-2.8.0/app/paint/gimppaintcore.c:609 4
/Users/zhouyangjia/source/gimp-2.8.0/app/widgets/gimptextbuffer.c:1348 4
/Users/zhouyangjia/source/gimp-2.8.0/app/core/gimp-gui.c:472 4
/Users/zhouyangjia/source/gimp-2.8.0/plug-ins/gimpressionist/ppmtool.c:900 1
/Users/zhouyangjia/source/gimp-2.8.0/app/dialogs/quit-dialog.c:176 0
/Users/zhouyangjia/source/gimp-2.8.0/app/dialogs/vectors-options-dialog.c:66 4
/Users/zhouyangjia/source/gimp-2.8.0/libgimpthumb/gimpthumbnail.c:905 0
/Users/zhouyangjia/source/gimp-2.8.0/plug-ins/common/file-sunras.c:1450 1
/Users/zhouyangjia/source/gimp-2.8.0/app/widgets/gimpgradienteditor.c:671 0
/Users/zhouyangjia/source/gimp-2.8.0/plug-ins/gfig/gfig.c:433 4
/Users/zhouyangjia/source/gimp-2.8.0/app/core/gimpitem-linked.c:70 4
/Users/zhouyangjia/source/gimp-2.8.0/plug-ins/selection-to-path/selection-to-path.c:258 1
/Users/zhouyangjia/source/gimp-2.8.0/app/core/gimpimage.c:3038 4
/Users/zhouyangjia/source/gimp-2.8.0/app/text/gimptextlayout.c:278 4
/Users/zhouyangjia/source/gimp-2.8.0/plug-ins/print/print-page-layout.c:179 0
/Users/zhouyangjia/source/gimp-2.8.0/app/widgets/gimpsessioninfo-dockable.c:119 0
/Users/zhouyangjia/source/gimp-2.8.0/app/widgets/gimpdialogfactory.c:1128 4
/Users/zhouyangjia/source/gimp-2.8.0/app/core/gimp-user-install.c:153 4
/Users/zhouyangjia/source/gimp-2.8.0/plug-ins/file-xjt/xjt.c:1250 0
/Users/zhouyangjia/source/gimp-2.8.0/plug-ins/file-bmp/bmp-read.c:415 0
/Users/zhouyangjia/source/gimp-2.8.0/libgimpwidgets/gimpcairo-utils.c:65 4
/Users/zhouyangjia/source/gimp-2.8.0/app/dialogs/file-save-dialog.c:265 0
/Users/zhouyangjia/source/gimp-2.8.0/app/vectors/gimpvectors-import.c:470 4
/Users/zhouyangjia/source/gimp-2.8.0/app/widgets/gimppropwidgets.c:868 0
/Users/zhouyangjia/source/gimp-2.8.0/plug-ins/script-fu/tinyscheme/scheme.c:2161 0
/Users/zhouyangjia/source/gimp-2.8.0/app/core/gimpdata.c:316 0
/Users/zhouyangjia/source/gimp-2.8.0/libgimpwidgets/gimpcolorprofilestore.c:726 0
/Users/zhouyangjia/source/gimp-2.8.0/app/tools/gimptoolcontrol.c:369 4
/Users/zhouyangjia/source/gimp-2.8.0/app/display/gimptooldialog.c:95 4
/Users/zhouyangjia/source/gimp-2.8.0/app/widgets/gimpcolordisplayeditor.c:496 2
/Users/zhouyangjia/source/gimp-2.8.0/plug-ins/common/file-png.c:1084 0
/Users/zhouyangjia/source/gimp-2.8.0/plug-ins/common/file-psp.c:1348 4
/Users/zhouyangjia/source/gimp-2.8.0/app/plug-in/gimppluginmanager.c:428 4
/Users/zhouyangjia/source/gimp-2.8.0/app/dialogs/file-save-dialog.c:618 0
/Users/zhouyangjia/source/gimp-2.8.0/plug-ins/common/curve-bend.c:851 1
/Users/zhouyangjia/source/gimp-2.8.0/app/file/file-save.c:120 0
/Users/zhouyangjia/source/gimp-2.8.0/plug-ins/common/colormap-remap.c:674 0
/Users/zhouyangjia/source/gimp-2.8.0/app/dialogs/channel-options-dialog.c:83 4
/Users/zhouyangjia/source/gimp-2.8.0/plug-ins/file-psd/psd-load.c:659 2
/Users/zhouyangjia/source/gimp-2.8.0/app/widgets/gimpgradienteditor.c:1069 0
/Users/zhouyangjia/source/gimp-2.8.0/app/config/gimpconfig-dump.c:86 0
/Users/zhouyangjia/source/gimp-2.8.0/app/core/gimpimage-undo-push.c:234 4
/Users/zhouyangjia/source/gimp-2.8.0/libgimp/gimppixbuf.c:111 4
/Users/zhouyangjia/source/gimp-2.8.0/libgimpwidgets/gimpcolorprofilecombobox.c:214 0
/Users/zhouyangjia/source/gimp-2.8.0/app/tools/gimpimagemaptool.c:348 0
/Users/zhouyangjia/source/gimp-2.8.0/libgimp/gimpdrawablepreview.c:576 4
/Users/zhouyangjia/source/gimp-2.8.0/plug-ins/file-psd/psd-load.c:886 0
/Users/zhouyangjia/source/gimp-2.8.0/plug-ins/common/file-xwd.c:2181 1
/Users/zhouyangjia/source/gimp-2.8.0/app/widgets/gimpdockable.c:822 4
/Users/zhouyangjia/source/gimp-2.8.0/plug-ins/common/file-png.c:929 0
/Users/zhouyangjia/source/gimp-2.8.0/plug-ins/gfig/gfig-ellipse.c:89 0
/Users/zhouyangjia/source/gimp-2.8.0/plug-ins/common/illusion.c:368 0
/Users/zhouyangjia/source/gimp-2.8.0/libgimpwidgets/gimpeevl.c:189 4
/Users/zhouyangjia/source/gimp-2.8.0/plug-ins/script-fu/script-fu.c:286 0
/Users/zhouyangjia/source/gimp-2.8.0/app/app.c:265 0
/Users/zhouyangjia/source/gimp-2.8.0/app/base/colorize.c:58 4
/Users/zhouyangjia/source/gimp-2.8.0/app/tools/gimptexttool.c:728 1
/Users/zhouyangjia/source/gimp-2.8.0/plug-ins/common/value-propagate.c:1086 1
/Users/zhouyangjia/source/gimp-2.8.0/libgimpbase/gimpprotocol.c:1756 1
/Users/zhouyangjia/source/gimp-2.8.0/plug-ins/file-sgi/sgi.c:652 1
/Users/zhouyangjia/source/gimp-2.8.0/app/tools/gimprectangleoptions.c:394 0
/Users/zhouyangjia/source/gimp-2.8.0/app/widgets/gimpclipboard.c:97 4
/Users/zhouyangjia/source/gimp-2.8.0/app/core/gimpimage-guides.c:136 4
/Users/zhouyangjia/source/gimp-2.8.0/app/widgets/gimpimageview.c:82 4
