/Users/zhouyangjia/source/httpd-2.4.10/modules/proxy/proxy_util.c:1374 0
/Users/zhouyangjia/source/httpd-2.4.10/modules/proxy/mod_proxy_balancer.c:1467 0
/Users/zhouyangjia/source/httpd-2.4.10/modules/mappers/mod_rewrite.c:4122 0
/Users/zhouyangjia/source/httpd-2.4.10/modules/proxy/mod_proxy_balancer.c:923 0
/Users/zhouyangjia/source/httpd-2.4.10/modules/mappers/mod_speling.c:396 0
/Users/zhouyangjia/source/httpd-2.4.10/modules/proxy/ajp_header.c:594 0
/Users/zhouyangjia/source/httpd-2.4.10/modules/proxy/mod_proxy_balancer.c:1252 0
/Users/zhouyangjia/source/httpd-2.4.10/server/core.c:4911 0
/Users/zhouyangjia/source/httpd-2.4.10/modules/proxy/mod_proxy_balancer.c:1375 0
/Users/zhouyangjia/source/httpd-2.4.10/support/htdigest.c:260 0
/Users/zhouyangjia/source/httpd-2.4.10/modules/filters/sed0.c:936 0
/Users/zhouyangjia/source/httpd-2.4.10/modules/filters/mod_reqtimeout.c:154 0
/Users/zhouyangjia/source/httpd-2.4.10/modules/ssl/ssl_engine_init.c:995 0
/Users/zhouyangjia/source/httpd-2.4.10/modules/aaa/mod_auth_digest.c:1491 0
/Users/zhouyangjia/source/httpd-2.4.10/modules/ssl/ssl_engine_log.c:210 0
/Users/zhouyangjia/source/httpd-2.4.10/modules/proxy/mod_proxy_balancer.c:1323 0
/Users/zhouyangjia/source/httpd-2.4.10/support/htcacheclean.c:992 0
/Users/zhouyangjia/source/httpd-2.4.10/modules/proxy/mod_proxy.c:899 0
/Users/zhouyangjia/source/httpd-2.4.10/modules/mappers/mod_rewrite.c:4643 0
/Users/zhouyangjia/source/httpd-2.4.10/modules/filters/mod_deflate.c:761 0
/Users/zhouyangjia/source/httpd-2.4.10/server/util_expr_scan.c:2540 0
/Users/zhouyangjia/source/httpd-2.4.10/modules/dav/main/mod_dav.c:433 0
/Users/zhouyangjia/source/httpd-2.4.10/modules/filters/mod_deflate.c:583 0
/Users/zhouyangjia/source/httpd-2.4.10/support/ab.c:1926 0
/Users/zhouyangjia/source/httpd-2.4.10/modules/generators/mod_autoindex.c:1569 0
/Users/zhouyangjia/source/httpd-2.4.10/modules/filters/sed0.c:936 0
/Users/zhouyangjia/source/httpd-2.4.10/modules/cache/mod_cache_disk.c:535 0
/Users/zhouyangjia/source/httpd-2.4.10/modules/proxy/ajp_header.c:531 1
/Users/zhouyangjia/source/httpd-2.4.10/modules/proxy/ajp_header.c:466 1
/Users/zhouyangjia/source/httpd-2.4.10/modules/ssl/ssl_engine_init.c:426 1
/Users/zhouyangjia/source/httpd-2.4.10/server/util_mutex.c:483 1
/Users/zhouyangjia/source/httpd-2.4.10/modules/cache/mod_cache.c:523 1
/Users/zhouyangjia/source/httpd-2.4.10/modules/proxy/mod_proxy_scgi.c:401 1
/Users/zhouyangjia/source/httpd-2.4.10/modules/filters/mod_include.c:3231 1
/Users/zhouyangjia/source/httpd-2.4.10/modules/generators/mod_cgid.c:1407 1
/Users/zhouyangjia/source/httpd-2.4.10/modules/cache/mod_socache_shmcb.c:945 1
/Users/zhouyangjia/source/httpd-2.4.10/modules/core/mod_so.c:266 1
/Users/zhouyangjia/source/httpd-2.4.10/modules/ssl/ssl_engine_init.c:662 1
/Users/zhouyangjia/source/httpd-2.4.10/modules/proxy/ajp_header.c:695 1
/Users/zhouyangjia/source/httpd-2.4.10/modules/aaa/mod_auth_form.c:1172 1
/Users/zhouyangjia/source/httpd-2.4.10/modules/cache/mod_cache_socache.c:858 1
/Users/zhouyangjia/source/httpd-2.4.10/modules/aaa/mod_auth_digest.c:305 1
/Users/zhouyangjia/source/httpd-2.4.10/server/scoreboard.c:233 1
/Users/zhouyangjia/source/httpd-2.4.10/modules/dav/main/mod_dav.c:4562 1
/Users/zhouyangjia/source/httpd-2.4.10/modules/filters/mod_deflate.c:1263 1
/Users/zhouyangjia/source/httpd-2.4.10/modules/proxy/mod_proxy_ftp.c:1487 1
/Users/zhouyangjia/source/httpd-2.4.10/support/htcacheclean.c:1764 1
/Users/zhouyangjia/source/subversion-1.8.10/subversion/libsvn_ra_svn/client.c:467 0
/Users/zhouyangjia/source/subversion-1.8.10/subversion/tests/libsvn_wc/db-test.c:858 0
/Users/zhouyangjia/source/subversion-1.8.10/subversion/libsvn_subr/io.c:4360 0
/Users/zhouyangjia/source/subversion-1.8.10/subversion/libsvn_wc/wc_db.c:1863 0
/Users/zhouyangjia/source/subversion-1.8.10/subversion/tests/libsvn_repos/repos-test.c:2040 0
/Users/zhouyangjia/source/subversion-1.8.10/subversion/tests/libsvn_wc/db-test.c:864 0
/Users/zhouyangjia/source/subversion-1.8.10/subversion/tests/libsvn_subr/error-test.c:87 0
/Users/zhouyangjia/source/subversion-1.8.10/subversion/libsvn_client/patch.c:1225 0
/Users/zhouyangjia/source/subversion-1.8.10/subversion/libsvn_wc/wc_db.c:3383 0
/Users/zhouyangjia/source/subversion-1.8.10/subversion/libsvn_subr/stream.c:1316 0
/Users/zhouyangjia/source/subversion-1.8.10/subversion/libsvn_subr/io.c:2918 0
/Users/zhouyangjia/source/subversion-1.8.10/subversion/tests/libsvn_wc/db-test.c:947 0
/Users/zhouyangjia/source/subversion-1.8.10/subversion/libsvn_subr/lock.c:1237 0
/Users/zhouyangjia/source/subversion-1.8.10/subversion/tests/libsvn_repos/repos-test.c:1383 0
/Users/zhouyangjia/source/subversion-1.8.10/subversion/libsvn_fs_fs/fs_fs.c:11347 0
/Users/zhouyangjia/source/subversion-1.8.10/subversion/libsvn_fs_fs/fs_fs.c:2640 0
/Users/zhouyangjia/source/subversion-1.8.10/tools/server-side/svn-rep-sharing-stats.c:64 0
/Users/zhouyangjia/source/subversion-1.8.10/tools/server-side/fsfs-stats.c:1902 0
/Users/zhouyangjia/source/subversion-1.8.10/subversion/libsvn_client/update.c:1092 0
/Users/zhouyangjia/source/subversion-1.8.10/subversion/libsvn_subr/hash.c:305 0
/Users/zhouyangjia/source/subversion-1.8.10/subversion/tests/libsvn_repos/repos-test.c:949 0
/Users/zhouyangjia/source/subversion-1.8.10/subversion/tests/libsvn_wc/op-depth-test.c:4989 0
/Users/zhouyangjia/source/subversion-1.8.10/subversion/libsvn_fs_fs/fs_fs.c:7096 0
/Users/zhouyangjia/source/subversion-1.8.10/subversion/tests/libsvn_wc/db-test.c:466 0
/Users/zhouyangjia/source/subversion-1.8.10/subversion/libsvn_client/copy_foreign.c:540 0
/Users/zhouyangjia/source/subversion-1.8.10/subversion/libsvn_client/merge.c:11685 0
/Users/zhouyangjia/source/subversion-1.8.10/subversion/libsvn_ra_local/ra_plugin.c:587 0
/Users/zhouyangjia/source/subversion-1.8.10/subversion/svnserve/serve.c:2415 1
/Users/zhouyangjia/source/subversion-1.8.10/subversion/tests/libsvn_subr/spillbuf-test.c:316 1
/Users/zhouyangjia/source/subversion-1.8.10/subversion/tests/libsvn_wc/db-test.c:1093 1
/Users/zhouyangjia/source/subversion-1.8.10/subversion/tests/svn_test_main.c:498 1
/Users/zhouyangjia/source/subversion-1.8.10/subversion/svn/info-cmd.c:398 1
/Users/zhouyangjia/source/subversion-1.8.10/subversion/libsvn_ra_svn/client.c:924 1
/Users/zhouyangjia/source/subversion-1.8.10/subversion/libsvn_subr/utf.c:660 1
/Users/zhouyangjia/source/subversion-1.8.10/subversion/tests/libsvn_wc/conflict-data-test.c:540 1
/Users/zhouyangjia/source/subversion-1.8.10/subversion/libsvn_client/cat.c:76 1
/Users/zhouyangjia/source/subversion-1.8.10/subversion/tests/libsvn_fs_fs/fs-pack-test.c:192 1
/Users/zhouyangjia/source/subversion-1.8.10/subversion/libsvn_repos/hooks.c:259 1
/Users/zhouyangjia/source/subversion-1.8.10/subversion/svndumpfilter/svndumpfilter.c:1285 1
/Users/zhouyangjia/source/subversion-1.8.10/subversion/tests/libsvn_fs/locks-test.c:118 1
/Users/zhouyangjia/source/subversion-1.8.10/subversion/libsvn_ra_svn/marshal.c:2097 1
/Users/zhouyangjia/source/subversion-1.8.10/subversion/libsvn_subr/prompt.c:768 1
/Users/zhouyangjia/source/subversion-1.8.10/subversion/libsvn_wc/conflicts.c:1789 1
/Users/zhouyangjia/source/subversion-1.8.10/subversion/svn/conflict-callbacks.c:417 1
/Users/zhouyangjia/source/subversion-1.8.10/subversion/libsvn_wc/wc_db.c:5268 1
/Users/zhouyangjia/source/subversion-1.8.10/subversion/tests/libsvn_subr/spillbuf-test.c:122 1
/Users/zhouyangjia/source/subversion-1.8.10/subversion/tests/libsvn_repos/repos-test.c:2960 1
/Users/zhouyangjia/source/mysql-5.6.17/sql/sql_get_diagnostics.cc:73 0
/Users/zhouyangjia/source/mysql-5.6.17/storage/innobase/fil/fil0fil.cc:5674 0
/Users/zhouyangjia/source/mysql-5.6.17/sql/sql_insert.cc:3747 0
/Users/zhouyangjia/source/mysql-5.6.17/mysys/thr_lock.c:1555 0
/Users/zhouyangjia/source/mysql-5.6.17/storage/innobase/row/row0mysql.cc:3732 0
/Users/zhouyangjia/source/mysql-5.6.17/storage/myisam/myisampack.c:2105 0
/Users/zhouyangjia/source/mysql-5.6.17/sql/event_scheduler.cc:831 0
/Users/zhouyangjia/source/mysql-5.6.17/client/mysql_plugin.c:804 0
/Users/zhouyangjia/source/mysql-5.6.17/storage/innobase/trx/trx0undo.cc:788 0
/Users/zhouyangjia/source/mysql-5.6.17/tests/mysql_client_test.c:4676 0
/Users/zhouyangjia/source/mysql-5.6.17/storage/myisam/mi_check.c:3317 0
/Users/zhouyangjia/source/mysql-5.6.17/storage/innobase/lock/lock0lock.cc:3937 0
/Users/zhouyangjia/source/mysql-5.6.17/sql/log_event.cc:6418 0
/Users/zhouyangjia/source/mysql-5.6.17/sql/sql_partition.cc:6447 0
/Users/zhouyangjia/source/mysql-5.6.17/storage/innobase/page/page0zip.cc:657 0
/Users/zhouyangjia/source/mysql-5.6.17/sql/rpl_slave.cc:2884 0
/Users/zhouyangjia/source/mysql-5.6.17/sql/log_event.cc:6577 0
/Users/zhouyangjia/source/mysql-5.6.17/extra/yassl/src/yassl_int.cpp:1133 0
/Users/zhouyangjia/source/mysql-5.6.17/client/mysqlslap.c:734 0
/Users/zhouyangjia/source/mysql-5.6.17/storage/innobase/data/data0type.cc:234 0
/Users/zhouyangjia/source/mysql-5.6.17/storage/innobase/fsp/fsp0fsp.cc:2123 0
/Users/zhouyangjia/source/mysql-5.6.17/client/mysqldump.c:3138 0
/Users/zhouyangjia/source/mysql-5.6.17/storage/innobase/row/row0import.cc:3209 0
/Users/zhouyangjia/source/mysql-5.6.17/tests/mysql_client_test.c:7110 1
/Users/zhouyangjia/source/mysql-5.6.17/storage/innobase/buf/buf0buf.cc:3443 1
/Users/zhouyangjia/source/mysql-5.6.17/tests/mysql_client_test.c:19207 1
/Users/zhouyangjia/source/mysql-5.6.17/tests/mysql_client_test.c:7838 1
/Users/zhouyangjia/source/mysql-5.6.17/tests/mysql_client_test.c:3609 1
/Users/zhouyangjia/source/mysql-5.6.17/tests/mysql_client_test.c:1393 1
/Users/zhouyangjia/source/mysql-5.6.17/tests/mysql_client_test.c:14484 1
/Users/zhouyangjia/source/mysql-5.6.17/storage/innobase/fts/fts0fts.cc:6714 1
/Users/zhouyangjia/source/mysql-5.6.17/storage/innobase/btr/btr0cur.cc:2922 1
/Users/zhouyangjia/source/mysql-5.6.17/storage/innobase/dict/dict0crea.cc:1485 1
/Users/zhouyangjia/source/mysql-5.6.17/tests/mysql_client_test.c:8828 1
/Users/zhouyangjia/source/mysql-5.6.17/tests/mysql_client_test.c:5483 1
/Users/zhouyangjia/source/mysql-5.6.17/tests/mysql_client_test.c:11297 1
/Users/zhouyangjia/source/mysql-5.6.17/storage/myisam/myisamchk.c:1515 1
/Users/zhouyangjia/source/mysql-5.6.17/tests/mysql_client_test.c:13249 1
/Users/zhouyangjia/source/mysql-5.6.17/tests/mysql_client_test.c:13195 1
/Users/zhouyangjia/source/mysql-5.6.17/tests/mysql_client_test.c:13739 1
/Users/zhouyangjia/source/mysql-5.6.17/tests/mysql_client_test.c:381 1
/Users/zhouyangjia/source/mysql-5.6.17/tests/mysql_client_test.c:8615 1
/Users/zhouyangjia/source/mysql-5.6.17/sql/partition_info.cc:1448 1
/Users/zhouyangjia/source/postgresql-9.3.5/src/bin/pg_config/pg_config.c:270 0
/Users/zhouyangjia/source/postgresql-9.3.5/src/backend/commands/dbcommands.c:726 0
/Users/zhouyangjia/source/postgresql-9.3.5/src/backend/tcop/pquery.c:970 0
/Users/zhouyangjia/source/postgresql-9.3.5/src/backend/commands/extension.c:798 0
/Users/zhouyangjia/source/postgresql-9.3.5/src/timezone/zic.c:2413 0
/Users/zhouyangjia/source/postgresql-9.3.5/src/backend/access/index/indexam.c:737 0
/Users/zhouyangjia/source/postgresql-9.3.5/src/backend/nodes/outfuncs.c:463 0
/Users/zhouyangjia/source/postgresql-9.3.5/src/interfaces/libpq/fe-lobj.c:1023 0
/Users/zhouyangjia/source/postgresql-9.3.5/src/timezone/zic.c:2901 0
/Users/zhouyangjia/source/postgresql-9.3.5/src/backend/utils/misc/guc.c:4166 0
/Users/zhouyangjia/source/postgresql-9.3.5/src/backend/commands/copy.c:404 0
/Users/zhouyangjia/source/postgresql-9.3.5/src/backend/utils/adt/pseudotypes.c:301 0
/Users/zhouyangjia/source/postgresql-9.3.5/src/backend/commands/copy.c:1914 0
/Users/zhouyangjia/source/postgresql-9.3.5/src/bin/initdb/initdb.c:1382 0
/Users/zhouyangjia/source/postgresql-9.3.5/src/bin/pg_dump/pg_backup_null.c:136 0
/Users/zhouyangjia/source/postgresql-9.3.5/src/backend/utils/error/elog.c:1218 0
/Users/zhouyangjia/source/postgresql-9.3.5/src/backend/commands/copy.c:356 0
/Users/zhouyangjia/source/postgresql-9.3.5/src/bin/pg_config/pg_config.c:435 0
/Users/zhouyangjia/source/postgresql-9.3.5/src/backend/nodes/outfuncs.c:2395 0
/Users/zhouyangjia/source/postgresql-9.3.5/src/bin/scripts/clusterdb.c:262 0
/Users/zhouyangjia/source/postgresql-9.3.5/src/backend/parser/parse_clause.c:2115 1
/Users/zhouyangjia/source/postgresql-9.3.5/src/backend/parser/parse_expr.c:2447 1
/Users/zhouyangjia/source/postgresql-9.3.5/src/backend/access/transam/twophase.c:1083 1
/Users/zhouyangjia/source/postgresql-9.3.5/src/backend/commands/copy.c:2585 1
/Users/zhouyangjia/source/postgresql-9.3.5/src/backend/postmaster/pgstat.c:3969 1
/Users/zhouyangjia/source/postgresql-9.3.5/src/pl/plpgsql/src/pl_exec.c:3501 1
/Users/zhouyangjia/source/postgresql-9.3.5/src/bin/pg_dump/pg_dump.c:9793 1
/Users/zhouyangjia/source/postgresql-9.3.5/src/backend/utils/adt/float.c:2346 1
/Users/zhouyangjia/source/postgresql-9.3.5/src/backend/access/gin/ginxlog.c:2337 1
/Users/zhouyangjia/source/postgresql-9.3.5/src/backend/commands/indexcmds.c:1313 1
/Users/zhouyangjia/source/postgresql-9.3.5/src/backend/libpq/pqcomm.c:1119 1
/Users/zhouyangjia/source/postgresql-9.3.5/src/backend/utils/adt/regproc.c:512 1
/Users/zhouyangjia/source/postgresql-9.3.5/src/backend/catalog/objectaddress.c:1891 1
/Users/zhouyangjia/source/postgresql-9.3.5/src/bin/pg_resetxlog/pg_resetxlog.c:705 1
/Users/zhouyangjia/source/postgresql-9.3.5/src/backend/commands/cluster.c:173 1
/Users/zhouyangjia/source/postgresql-9.3.5/src/backend/catalog/dependency.c:1817 1
/Users/zhouyangjia/source/postgresql-9.3.5/src/backend/utils/adt/network.c:214 1
/Users/zhouyangjia/source/postgresql-9.3.5/src/backend/utils/adt/tsvector_op.c:1340 1
/Users/zhouyangjia/source/postgresql-9.3.5/src/backend/access/nbtree/nbtinsert.c:1917 1
/Users/zhouyangjia/source/postgresql-9.3.5/src/backend/commands/event_trigger.c:192 1
/Users/zhouyangjia/source/postgresql-9.3.5/src/backend/commands/typecmds.c:2582 1
/Users/zhouyangjia/source/postgresql-9.3.5/src/backend/tcop/fastpath.c:468 1
/Users/zhouyangjia/source/postgresql-9.3.5/src/backend/parser/parse_func.c:288 1
/Users/zhouyangjia/source/postgresql-9.3.5/src/backend/catalog/aclchk.c:4579 1
/Users/zhouyangjia/source/gimp-2.8.0/app/tools/gimpforegroundselectoptions.c:377 0
/Users/zhouyangjia/source/gimp-2.8.0/app/core/gimpitem.c:473 0
/Users/zhouyangjia/source/gimp-2.8.0/plug-ins/common/hot.c:587 0
/Users/zhouyangjia/source/gimp-2.8.0/app/core/gimpcontext.c:3542 0
/Users/zhouyangjia/source/gimp-2.8.0/plug-ins/common/mosaic.c:608 0
/Users/zhouyangjia/source/gimp-2.8.0/app/dialogs/template-options-dialog.c:59 0
/Users/zhouyangjia/source/gimp-2.8.0/plug-ins/lighting/lighting-ui.c:1271 0
/Users/zhouyangjia/source/gimp-2.8.0/app/core/gimpitem-linked.c:98 0
/Users/zhouyangjia/source/gimp-2.8.0/app/widgets/gimpdasheditor.c:219 0
/Users/zhouyangjia/source/gimp-2.8.0/plug-ins/common/sinus.c:667 0
/Users/zhouyangjia/source/gimp-2.8.0/plug-ins/file-xjt/xjt.c:914 0
/Users/zhouyangjia/source/gimp-2.8.0/app/core/gimpbrush-load.c:629 0
/Users/zhouyangjia/source/gimp-2.8.0/app/widgets/gimpsessioninfo-dock.c:281 0
/Users/zhouyangjia/source/gimp-2.8.0/plug-ins/ifs-compose/ifs-compose-storage.c:528 0
/Users/zhouyangjia/source/gimp-2.8.0/app/widgets/gimpcurveview.c:1234 0
/Users/zhouyangjia/source/gimp-2.8.0/app/core/gimpchannel-select.c:521 0
/Users/zhouyangjia/source/gimp-2.8.0/app/widgets/gimpviewrenderergradient.c:46 0
/Users/zhouyangjia/source/gimp-2.8.0/plug-ins/common/file-gif-save.c:2111 0
/Users/zhouyangjia/source/gimp-2.8.0/app/tools/tool_manager.c:291 0
/Users/zhouyangjia/source/gimp-2.8.0/app/paint/gimp-paint.c:124 0
/Users/zhouyangjia/source/gimp-2.8.0/app/core/gimp-utils.c:422 0
/Users/zhouyangjia/source/gimp-2.8.0/app/dialogs/file-open-dialog.c:103 0
/Users/zhouyangjia/source/gimp-2.8.0/app/widgets/gimpoverlaydialog.c:279 0
/Users/zhouyangjia/source/gimp-2.8.0/plug-ins/common/channel-mixer.c:1095 0
/Users/zhouyangjia/source/gimp-2.8.0/plug-ins/common/file-pnm.c:901 0
/Users/zhouyangjia/source/gimp-2.8.0/plug-ins/common/engrave.c:148 0
/Users/zhouyangjia/source/gimp-2.8.0/app/core/gimpbrushgenerated.c:720 0
/Users/zhouyangjia/source/gimp-2.8.0/app/widgets/gimpselectiondata.c:424 0
/Users/zhouyangjia/source/gimp-2.8.0/app/config/gimprc.c:256 0
/Users/zhouyangjia/source/gimp-2.8.0/plug-ins/imagemap/imap_default_dialog.c:109 0
/Users/zhouyangjia/source/gimp-2.8.0/plug-ins/common/film.c:770 0
/Users/zhouyangjia/source/gimp-2.8.0/app/paint/gimpsmudge.c:345 0
/Users/zhouyangjia/source/gimp-2.8.0/plug-ins/file-bmp/bmp-write.c:249 0
/Users/zhouyangjia/source/gimp-2.8.0/app/widgets/gimpdnd.c:1443 0
/Users/zhouyangjia/source/gimp-2.8.0/app/plug-in/plug-in-rc.c:761 0
/Users/zhouyangjia/source/gimp-2.8.0/app/widgets/gimpwidgets-utils.c:603 0
/Users/zhouyangjia/source/gimp-2.8.0/plug-ins/file-fits/fits-io.c:978 0
/Users/zhouyangjia/source/gimp-2.8.0/app/widgets/gimpdockable.c:820 0
/Users/zhouyangjia/source/gimp-2.8.0/app/core/gimpparamspecs-desc.c:63 0
/Users/zhouyangjia/source/gimp-2.8.0/app/base/base-utils.c:129 0
/Users/zhouyangjia/source/gimp-2.8.0/app/dialogs/resolution-calibrate-dialog.c:80 0
/Users/zhouyangjia/source/gimp-2.8.0/libgimpwidgets/gimppreviewarea.c:1014 0
/Users/zhouyangjia/source/gimp-2.8.0/app/widgets/gimpdnd-xds.c:230 0
/Users/zhouyangjia/source/gimp-2.8.0/libgimpwidgets/gimpenumstore.c:220 0
/Users/zhouyangjia/source/gimp-2.8.0/app/core/gimpparamspecs.c:2793 0
/Users/zhouyangjia/source/gimp-2.8.0/plug-ins/common/sphere-designer.c:1187 0
/Users/zhouyangjia/source/gimp-2.8.0/app/core/gimpimage-undo-push.c:561 0
/Users/zhouyangjia/source/gimp-2.8.0/plug-ins/imagemap/imap_edit_area_info.c:463 0
/Users/zhouyangjia/source/gimp-2.8.0/app/plug-in/gimpplugindef.c:142 0
/Users/zhouyangjia/source/gimp-2.8.0/app/core/gimpcurve.c:759 0
/Users/zhouyangjia/source/gimp-2.8.0/app/widgets/gimpactiongroup.c:730 0
/Users/zhouyangjia/source/gimp-2.8.0/app/core/gimpchannel-select.c:267 0
/Users/zhouyangjia/source/gimp-2.8.0/app/core/gimpparamspecs.c:881 0
/Users/zhouyangjia/source/gimp-2.8.0/app/core/gimpimage.c:3857 0
/Users/zhouyangjia/source/gimp-2.8.0/app/paint/gimpcloneoptions.c:90 0
/Users/zhouyangjia/source/gimp-2.8.0/app/widgets/gimpmessagedialog.c:61 0
/Users/zhouyangjia/source/gimp-2.8.0/plug-ins/file-xjt/xjt.c:2442 0
/Users/zhouyangjia/source/gimp-2.8.0/app/core/gimpimage-undo-push.c:161 0
/Users/zhouyangjia/source/gimp-2.8.0/plug-ins/gfig/gfig-dobject.c:908 0
/Users/zhouyangjia/source/gimp-2.8.0/app/core/gimpcontainer.c:619 0
/Users/zhouyangjia/source/gimp-2.8.0/plug-ins/common/convolution-matrix.c:918 0
/Users/zhouyangjia/source/gimp-2.8.0/app/core/gimp-units.c:195 0
/Users/zhouyangjia/source/gimp-2.8.0/app/widgets/gimpdialogfactory.c:707 0
/Users/zhouyangjia/source/gimp-2.8.0/app/widgets/gimpdialogfactory.c:360 0
/Users/zhouyangjia/source/gimp-2.8.0/plug-ins/common/file-gih.c:641 0
/Users/zhouyangjia/source/gimp-2.8.0/app/widgets/gimpsessioninfo.c:195 0
/Users/zhouyangjia/source/gimp-2.8.0/libgimp/gimppixelfetcher.c:127 0
/Users/zhouyangjia/source/gimp-2.8.0/plug-ins/file-psd/psd-load.c:145 0
/Users/zhouyangjia/source/gimp-2.8.0/plug-ins/common/curve-bend.c:2077 0
/Users/zhouyangjia/source/gimp-2.8.0/app/widgets/gimpdialogfactory.c:1322 0
/Users/zhouyangjia/source/gimp-2.8.0/app/widgets/gimpgradienteditor.c:1508 0
/Users/zhouyangjia/source/gimp-2.8.0/plug-ins/common/sample-colorize.c:1032 0
/Users/zhouyangjia/source/gimp-2.8.0/app/gui/splash.c:448 0
/Users/zhouyangjia/source/gimp-2.8.0/plug-ins/file-xjt/xjt.c:2358 0
/Users/zhouyangjia/source/gimp-2.8.0/plug-ins/print/print-preview.c:209 0
/Users/zhouyangjia/source/gimp-2.8.0/app/widgets/gimpoverlaydialog.c:260 0
/Users/zhouyangjia/source/gimp-2.8.0/app/core/gimpimage-undo-push.c:458 0
/Users/zhouyangjia/source/gimp-2.8.0/app/widgets/gimptextbuffer.c:1484 0
/Users/zhouyangjia/source/gimp-2.8.0/plug-ins/common/file-xmc.c:2194 0
/Users/zhouyangjia/source/gimp-2.8.0/app/config/gimpbaseconfig.c:205 0
/Users/zhouyangjia/source/gimp-2.8.0/app/widgets/gimpdocked.c:167 0
/Users/zhouyangjia/source/gimp-2.8.0/plug-ins/common/fractal-trace.c:635 0
/Users/zhouyangjia/source/gimp-2.8.0/app/core/gimpbrushgenerated-save.c:119 0
/Users/zhouyangjia/source/gimp-2.8.0/app/widgets/gimptextbuffer.c:285 0
/Users/zhouyangjia/source/gimp-2.8.0/app/dialogs/file-open-location-dialog.c:164 0
/Users/zhouyangjia/source/gimp-2.8.0/libgimpthumb/gimp-thumbnail-list.c:214 0
/Users/zhouyangjia/source/gimp-2.8.0/app/widgets/gimpactionview.c:423 0
/Users/zhouyangjia/source/gimp-2.8.0/app/paint/gimppaintcore.c:523 0
/Users/zhouyangjia/source/gimp-2.8.0/app/core/gimpdrawable-blend.c:713 0
/Users/zhouyangjia/source/gimp-2.8.0/libgimp/gimpui.c:119 0
/Users/zhouyangjia/source/gimp-2.8.0/app/file/file-utils.c:169 0
/Users/zhouyangjia/source/gimp-2.8.0/plug-ins/file-psd/psd-load.c:770 0
/Users/zhouyangjia/source/gimp-2.8.0/app/core/gimpimage-guides.c:111 0
/Users/zhouyangjia/source/gimp-2.8.0/libgimp/gimpvectors.c:1040 0
/Users/zhouyangjia/source/gimp-2.8.0/app/widgets/gimpoverlaychild.c:219 0
/Users/zhouyangjia/source/gimp-2.8.0/libgimpbase/gimpprotocol.c:1147 0
/Users/zhouyangjia/source/gimp-2.8.0/app/config/gimpconfig-utils.c:178 0
/Users/zhouyangjia/source/gimp-2.8.0/plug-ins/common/filter-pack.c:1203 0
/Users/zhouyangjia/source/gimp-2.8.0/libgimpconfig/gimpconfigwriter.c:427 0
/Users/zhouyangjia/source/gimp-2.8.0/plug-ins/help/gimphelplocale.c:434 0
/Users/zhouyangjia/source/gimp-2.8.0/app/core/gimpcontainer.c:791 0
/Users/zhouyangjia/source/gimp-2.8.0/plug-ins/pagecurl/pagecurl.c:442 0
/Users/zhouyangjia/source/gimp-2.8.0/plug-ins/gfig/gfig-dialog.c:1243 0
/Users/zhouyangjia/source/gimp-2.8.0/app/widgets/gimpdevices.c:169 0
/Users/zhouyangjia/source/gimp-2.8.0/app/core/gimpdynamicsoutput.c:418 0
/Users/zhouyangjia/source/gimp-2.8.0/plug-ins/common/mail.c:572 0
/Users/zhouyangjia/source/gimp-2.8.0/plug-ins/gradient-flare/gradient-flare.c:3565 0
/Users/zhouyangjia/source/gimp-2.8.0/plug-ins/file-psd/psd-save.c:1683 0
/Users/zhouyangjia/source/gimp-2.8.0/app/widgets/gimpfiledialog.c:428 0
/Users/zhouyangjia/source/gimp-2.8.0/plug-ins/common/iwarp.c:1286 0
/Users/zhouyangjia/source/gimp-2.8.0/app/core/gimpdrawable-curves.c:64 0
/Users/zhouyangjia/source/gimp-2.8.0/app/display/gimpdisplayshell.c:1605 0
/Users/zhouyangjia/source/gimp-2.8.0/app/core/gimpcontext.c:2211 0
/Users/zhouyangjia/source/gimp-2.8.0/app/widgets/gimpdnd-xds.c:76 0
/Users/zhouyangjia/source/gimp-2.8.0/app/core/gimpimagemap.c:513 0
/Users/zhouyangjia/source/gimp-2.8.0/app/widgets/gimpdockbook.c:1017 0
/Users/zhouyangjia/source/gimp-2.8.0/app/core/gimp-gui.c:354 0
/Users/zhouyangjia/source/gimp-2.8.0/app/pdb/gimp-pdb-compat.c:45 0
/Users/zhouyangjia/source/gimp-2.8.0/app/core/gimp-gui.c:140 0
/Users/zhouyangjia/source/gimp-2.8.0/plug-ins/gfig/gfig-poly.c:476 0
/Users/zhouyangjia/source/gimp-2.8.0/app/core/gimpitem.c:1419 0
/Users/zhouyangjia/source/gimp-2.8.0/app/widgets/gimppropwidgets.c:3883 0
/Users/zhouyangjia/source/gimp-2.8.0/plug-ins/common/depth-merge.c:651 0
/Users/zhouyangjia/source/gimp-2.8.0/app/tools/gimprectangletool.c:567 0
/Users/zhouyangjia/source/gimp-2.8.0/app/display/gimpdisplayshell-draw.c:133 0
/Users/zhouyangjia/source/gimp-2.8.0/app/core/gimpdrawable-brightness-contrast.c:52 0
/Users/zhouyangjia/source/gimp-2.8.0/plug-ins/ifs-compose/ifs-compose.c:2421 0
/Users/zhouyangjia/source/gimp-2.8.0/plug-ins/common/file-png.c:1357 1
/Users/zhouyangjia/source/gimp-2.8.0/plug-ins/file-psd/psd-load.c:553 1
/Users/zhouyangjia/source/gimp-2.8.0/plug-ins/common/file-cel.c:354 1
/Users/zhouyangjia/source/gimp-2.8.0/plug-ins/common/file-xmc.c:670 1
/Users/zhouyangjia/source/gimp-2.8.0/app/pdb/gimpprocedure.c:355 1
/Users/zhouyangjia/source/gimp-2.8.0/app/widgets/gimphelp.c:323 1
/Users/zhouyangjia/source/gimp-2.8.0/plug-ins/common/file-pix.c:525 1
/Users/zhouyangjia/source/gimp-2.8.0/plug-ins/common/file-gbr.c:398 1
/Users/zhouyangjia/source/gimp-2.8.0/app/plug-in/gimppluginmanager-file.c:78 1
/Users/zhouyangjia/source/gimp-2.8.0/plug-ins/common/file-raw.c:590 1
/Users/zhouyangjia/source/gimp-2.8.0/plug-ins/gradient-flare/gradient-flare.c:988 1
/Users/zhouyangjia/source/gimp-2.8.0/app/xcf/xcf-save.c:974 1
/Users/zhouyangjia/source/gimp-2.8.0/libgimpconfig/gimpconfig-deserialize.c:532 1
/Users/zhouyangjia/source/gimp-2.8.0/plug-ins/gimpressionist/presets.c:765 1
/Users/zhouyangjia/source/gimp-2.8.0/plug-ins/flame/flame.c:442 1
/Users/zhouyangjia/source/gimp-2.8.0/plug-ins/file-psd/psd-util.c:342 1
/Users/zhouyangjia/source/gimp-2.8.0/plug-ins/file-psd/psd-load.c:129 1
/Users/zhouyangjia/source/gimp-2.8.0/plug-ins/fractal-explorer/fractal-explorer-dialogs.c:1740 1
/Users/zhouyangjia/source/gimp-2.8.0/app/actions/vectors-commands.c:338 1
/Users/zhouyangjia/source/gimp-2.8.0/app/core/gimpimage.c:3536 1
/Users/zhouyangjia/source/wireshark-1.12.2/epan/dissectors/packet-bssgp.c:5627 0
/Users/zhouyangjia/source/wireshark-1.12.2/epan/dissectors/packet-dcerpc-eventlog.c:907 0
/Users/zhouyangjia/source/wireshark-1.12.2/epan/dfilter/sttype-range.c:118 0
/Users/zhouyangjia/source/wireshark-1.12.2/ui/tap_export_pdu.c:74 0
/Users/zhouyangjia/source/wireshark-1.12.2/epan/dissectors/packet-smb-pipe.c:2778 0
/Users/zhouyangjia/source/wireshark-1.12.2/dumpcap.c:4985 0
/Users/zhouyangjia/source/wireshark-1.12.2/tshark.c:411 0
/Users/zhouyangjia/source/wireshark-1.12.2/epan/dissectors/packet-parlay.c:60361 0
/Users/zhouyangjia/source/wireshark-1.12.2/plugins/docsis/plugin.c:49 0
/Users/zhouyangjia/source/wireshark-1.12.2/ui/cli/tap-icmpv6stat.c:238 0
/Users/zhouyangjia/source/wireshark-1.12.2/epan/dissectors/packet-smb2.c:791 0
/Users/zhouyangjia/source/wireshark-1.12.2/epan/dissectors/packet-sip.c:2285 0
/Users/zhouyangjia/source/wireshark-1.12.2/epan/dissectors/packet-lbmr.c:4747 0
/Users/zhouyangjia/source/wireshark-1.12.2/epan/dissectors/packet-http2.c:552 0
/Users/zhouyangjia/source/wireshark-1.12.2/epan/dissectors/packet-iso7816.c:555 0
/Users/zhouyangjia/source/wireshark-1.12.2/wiretap/vms.c:394 0
/Users/zhouyangjia/source/wireshark-1.12.2/dumpcap.c:531 0
/Users/zhouyangjia/source/wireshark-1.12.2/plugins/docsis/plugin.c:93 0
/Users/zhouyangjia/source/wireshark-1.12.2/epan/dissectors/packet-dcerpc-lsa.c:8327 0
/Users/zhouyangjia/source/wireshark-1.12.2/epan/dissectors/packet-msnlb.c:319 0
/Users/zhouyangjia/source/wireshark-1.12.2/epan/dissectors/packet-umts_mac.c:627 0
/Users/zhouyangjia/source/wireshark-1.12.2/epan/dissectors/packet-sgsap.c:998 0
/Users/zhouyangjia/source/wireshark-1.12.2/filetap/ft_file_wrappers.c:852 0
/Users/zhouyangjia/source/wireshark-1.12.2/epan/packet.c:995 0
/Users/zhouyangjia/source/wireshark-1.12.2/version_info.c:734 0
/Users/zhouyangjia/source/wireshark-1.12.2/epan/dissectors/packet-wsp.c:5035 0
/Users/zhouyangjia/source/wireshark-1.12.2/wiretap/libpcap.c:1034 0
/Users/zhouyangjia/source/wireshark-1.12.2/epan/dissectors/packet-btamp.c:436 0
/Users/zhouyangjia/source/wireshark-1.12.2/epan/dissectors/packet-wbxml.c:489 1
/Users/zhouyangjia/source/wireshark-1.12.2/epan/dissectors/packet-ber.c:3652 1
/Users/zhouyangjia/source/wireshark-1.12.2/epan/dissectors/packet-per.c:1162 1
/Users/zhouyangjia/source/wireshark-1.12.2/epan/wslua/wslua_proto.c:2312 1
/Users/zhouyangjia/source/wireshark-1.12.2/epan/wslua/wslua_gui.c:472 1
/Users/zhouyangjia/source/wireshark-1.12.2/epan/gcp.c:673 0
/Users/zhouyangjia/source/wireshark-1.12.2/epan/dissectors/packet-rtcdc.c:256 0
/Users/zhouyangjia/source/wireshark-1.12.2/epan/dissectors/packet-ff.c:3698 0
/Users/zhouyangjia/source/wireshark-1.12.2/epan/dissectors/packet-pdcp-lte.c:986 0
/Users/zhouyangjia/source/wireshark-1.12.2/epan/dissectors/packet-dtls.c:884 0
/Users/zhouyangjia/source/wireshark-1.12.2/capinfos.c:1030 0
/Users/zhouyangjia/source/wireshark-1.12.2/epan/dissectors/packet-dcerpc-srvsvc.c:14314 0
/Users/zhouyangjia/source/wireshark-1.12.2/tfshark.c:367 0
/Users/zhouyangjia/source/wireshark-1.12.2/epan/dissectors/packet-msnlb.c:268 0
/Users/zhouyangjia/source/wireshark-1.12.2/epan/dissectors/packet-bssgp.c:3873 0
/Users/zhouyangjia/source/wireshark-1.12.2/tfshark.c:241 0
/Users/zhouyangjia/source/wireshark-1.12.2/epan/dissectors/packet-spice.c:2366 0
/Users/zhouyangjia/source/wireshark-1.12.2/epan/dissectors/packet-dcerpc-budb.c:2217 0
/Users/zhouyangjia/source/wireshark-1.12.2/epan/dissectors/packet-gsm_a_gm.c:4643 0
/Users/zhouyangjia/source/wireshark-1.12.2/epan/dissectors/packet-xml.c:839 0
/Users/zhouyangjia/source/wireshark-1.12.2/epan/dissectors/packet-hdcp2.c:143 0
/Users/zhouyangjia/source/wireshark-1.12.2/wiretap/lanalyzer.c:688 0
/Users/zhouyangjia/source/wireshark-1.12.2/epan/dissectors/packet-parlay.c:59961 0
/Users/zhouyangjia/source/wireshark-1.12.2/dumpcap.c:522 0
/Users/zhouyangjia/source/wireshark-1.12.2/epan/dissectors/packet-rlc-lte.c:2110 0
/Users/zhouyangjia/source/wireshark-1.12.2/dumpcap.c:5021 0
/Users/zhouyangjia/source/wireshark-1.12.2/epan/dissectors/packet-lbmc.c:9424 0
/Users/zhouyangjia/source/wireshark-1.12.2/epan/dissectors/packet-tn5250.c:3906 0
/Users/zhouyangjia/source/wireshark-1.12.2/epan/dissectors/packet-spice.c:1579 0
/Users/zhouyangjia/source/wireshark-1.12.2/epan/addr_resolv.c:2282 0
/Users/zhouyangjia/source/wireshark-1.12.2/epan/dissectors/packet-bssgp.c:4462 0
/Users/zhouyangjia/source/wireshark-1.12.2/epan/dissectors/packet-dcerpc-srvsvc.c:14528 0
/Users/zhouyangjia/source/wireshark-1.12.2/wiretap/lanalyzer.c:293 0
/Users/zhouyangjia/source/wireshark-1.12.2/epan/dissectors/packet-zbee-zdp-discovery.c:1373 0
/Users/zhouyangjia/source/wireshark-1.12.2/filetap/file_access.c:758 0
/Users/zhouyangjia/source/wireshark-1.12.2/tshark.c:422 0
/Users/zhouyangjia/source/wireshark-1.12.2/epan/value_string.c:251 0
/Users/zhouyangjia/source/wireshark-1.12.2/epan/dissectors/packet-dcerpc-samr.c:13978 0
/Users/zhouyangjia/source/wireshark-1.12.2/capinfos.c:710 0
/Users/zhouyangjia/source/wireshark-1.12.2/epan/dissectors/packet-iua.c:620 0
/Users/zhouyangjia/source/wireshark-1.12.2/epan/dissectors/packet-dcerpc.c:2342 0
/Users/zhouyangjia/source/wireshark-1.12.2/epan/dissectors/packet-ssl-utils.c:4018 0
/Users/zhouyangjia/source/wireshark-1.12.2/epan/dissectors/packet-mtp3mg.c:771 0
/Users/zhouyangjia/source/wireshark-1.12.2/tfshark.c:2743 0
/Users/zhouyangjia/source/wireshark-1.12.2/filetap/ft_file_wrappers.c:1513 1
/Users/zhouyangjia/source/wireshark-1.12.2/wiretap/iptrace.c:355 1
/Users/zhouyangjia/source/wireshark-1.12.2/dumpcap.c:1226 1
/Users/zhouyangjia/source/wireshark-1.12.2/tshark.c:635 1
/Users/zhouyangjia/source/wireshark-1.12.2/capture_sync.c:1137 1
/Users/zhouyangjia/source/wireshark-1.12.2/epan/dissectors/packet-bacapp.c:7682 0
/Users/zhouyangjia/source/wireshark-1.12.2/epan/wslua/wslua_proto.c:2596 0
/Users/zhouyangjia/source/wireshark-1.12.2/epan/dissectors/packet-capwap.c:1609 0
/Users/zhouyangjia/source/wireshark-1.12.2/tshark.c:378 0
/Users/zhouyangjia/source/wireshark-1.12.2/dumpcap.c:3766 0
/Users/zhouyangjia/source/wireshark-1.12.2/pcapio.c:474 0
/Users/zhouyangjia/source/wireshark-1.12.2/wiretap/btsnoop.c:193 0
/Users/zhouyangjia/source/wireshark-1.12.2/ui/cli/tap-comparestat.c:389 0
/Users/zhouyangjia/source/wireshark-1.12.2/ui/cli/tap-h225counter.c:271 0
/Users/zhouyangjia/source/wireshark-1.12.2/filetap/file_access.c:707 0
/Users/zhouyangjia/source/wireshark-1.12.2/epan/dissectors/packet-ssl.c:2176 0
/Users/zhouyangjia/source/wireshark-1.12.2/epan/dissectors/packet-iax2.c:1260 0
/Users/zhouyangjia/source/wireshark-1.12.2/epan/gcp.c:619 0
/Users/zhouyangjia/source/wireshark-1.12.2/epan/stream.c:129 0
/Users/zhouyangjia/source/wireshark-1.12.2/epan/dfilter/sttype-test.c:125 0
/Users/zhouyangjia/source/wireshark-1.12.2/epan/wslua/wslua_file.c:1905 0
/Users/zhouyangjia/source/wireshark-1.12.2/tfshark.c:2733 0
/Users/zhouyangjia/source/wireshark-1.12.2/epan/dissectors/packet-isis-lsp.c:1694 0
/Users/zhouyangjia/source/wireshark-1.12.2/epan/dissectors/packet-megaco.c:1356 0
/Users/zhouyangjia/source/wireshark-1.12.2/epan/dissectors/packet-sctp.c:2054 0
/Users/zhouyangjia/source/wireshark-1.12.2/plugins/mate/mate_setup.c:348 0
/Users/zhouyangjia/source/wireshark-1.12.2/epan/wslua/wslua_int64.c:464 0
/Users/zhouyangjia/source/wireshark-1.12.2/epan/ipproto.c:7325 0
/Users/zhouyangjia/source/wireshark-1.12.2/epan/dissectors/packet-icq.c:1095 0
/Users/zhouyangjia/source/wireshark-1.12.2/epan/dissectors/packet-icmp.c:1356 0
/Users/zhouyangjia/source/wireshark-1.12.2/tfshark.c:2385 0
/Users/zhouyangjia/source/wireshark-1.12.2/epan/dissectors/packet-dcerpc-wkssvc.c:7772 0
/Users/zhouyangjia/source/wireshark-1.12.2/tfshark.c:1309 0
/Users/zhouyangjia/source/wireshark-1.12.2/epan/dissectors/packet-assa_r3.c:4212 0
/Users/zhouyangjia/source/wireshark-1.12.2/rawshark.c:207 0
/Users/zhouyangjia/source/wireshark-1.12.2/plugins/docsis/plugin.c:55 0
/Users/zhouyangjia/source/wireshark-1.12.2/plugins/wimax/mac_hd_generic_decoder.c:1223 0
/Users/zhouyangjia/source/wireshark-1.12.2/epan/dissectors/packet-dcerpc-budb.c:2676 0
/Users/zhouyangjia/source/wireshark-1.12.2/ui/decode_as_utils.c:246 0
/Users/zhouyangjia/source/wireshark-1.12.2/epan/wslua/lrexlib_glib.c:381 0
/Users/zhouyangjia/source/wireshark-1.12.2/text2pcap.c:1848 0
/Users/zhouyangjia/source/wireshark-1.12.2/epan/dissectors/packet-tipc.c:2066 0
/Users/zhouyangjia/source/wireshark-1.12.2/ui/recent.c:491 0
/Users/zhouyangjia/source/wireshark-1.12.2/plugins/wimaxasncp/packet-wimaxasncp.c:1795 0
/Users/zhouyangjia/source/wireshark-1.12.2/epan/dissectors/packet-bacapp.c:7136 0
/Users/zhouyangjia/source/wireshark-1.12.2/tshark.c:281 0
/Users/zhouyangjia/source/wireshark-1.12.2/epan/wslua/wslua_tvb.c:1356 1
/Users/zhouyangjia/source/wireshark-1.12.2/epan/wslua/wslua_tvb.c:1184 1
/Users/zhouyangjia/source/wireshark-1.12.2/epan/wslua/lrexlib_glib.c:230 1
/Users/zhouyangjia/source/wireshark-1.12.2/wiretap/radcom.c:278 1
/Users/zhouyangjia/source/wireshark-1.12.2/ui/cli/tap-protocolinfo.c:107 1
/Users/zhouyangjia/source/wireshark-1.12.2/epan/dissectors/packet-mtp3.c:615 0
/Users/zhouyangjia/source/wireshark-1.12.2/ui/profile.c:144 0
/Users/zhouyangjia/source/wireshark-1.12.2/epan/dissectors/packet-mac-lte.c:5394 0
/Users/zhouyangjia/source/wireshark-1.12.2/epan/dissectors/packet-wccp.c:1402 0
/Users/zhouyangjia/source/wireshark-1.12.2/epan/dissectors/packet-zbee-nwk-gp.c:1350 0
/Users/zhouyangjia/source/wireshark-1.12.2/epan/dissectors/packet-cip.c:4433 0
/Users/zhouyangjia/source/wireshark-1.12.2/editcap.c:1139 0
/Users/zhouyangjia/source/wireshark-1.12.2/epan/dissectors/packet-dect.c:1484 0
/Users/zhouyangjia/source/wireshark-1.12.2/epan/wslua/wslua_gui.c:556 0
/Users/zhouyangjia/source/wireshark-1.12.2/epan/dissectors/packet-dcerpc-eventlog.c:2161 0
/Users/zhouyangjia/source/wireshark-1.12.2/epan/dissectors/packet-smpp.c:2689 0
/Users/zhouyangjia/source/wireshark-1.12.2/epan/dissectors/packet-dcerpc-dfs.c:4173 0
/Users/zhouyangjia/source/wireshark-1.12.2/epan/wslua/wslua_pinfo.c:785 0
/Users/zhouyangjia/source/wireshark-1.12.2/epan/dissectors/packet-mausb.c:770 0
/Users/zhouyangjia/source/wireshark-1.12.2/epan/prefs.c:4383 0
/Users/zhouyangjia/source/wireshark-1.12.2/epan/dissectors/packet-x25.c:1677 0
/Users/zhouyangjia/source/wireshark-1.12.2/plugins/mate/mate_setup.c:477 0
/Users/zhouyangjia/source/wireshark-1.12.2/epan/dissectors/packet-dcerpc-samr.c:9601 0
/Users/zhouyangjia/source/wireshark-1.12.2/plugins/mate/mate_setup.c:485 0
/Users/zhouyangjia/source/wireshark-1.12.2/epan/dissectors/packet-smb.c:1130 0
/Users/zhouyangjia/source/wireshark-1.12.2/epan/dissectors/packet-dcerpc-budb.c:2833 0
/Users/zhouyangjia/source/wireshark-1.12.2/epan/dissectors/packet-bssgp.c:5989 0
/Users/zhouyangjia/source/wireshark-1.12.2/tshark.c:4336 0
/Users/zhouyangjia/source/wireshark-1.12.2/epan/dissectors/packet-parlay.c:60385 0
/Users/zhouyangjia/source/wireshark-1.12.2/ui/cli/tap-follow.c:589 0
/Users/zhouyangjia/source/wireshark-1.12.2/epan/dissectors/packet-dcerpc-lsa.c:9927 0
/Users/zhouyangjia/source/wireshark-1.12.2/epan/ps.c:173 0
/Users/zhouyangjia/source/wireshark-1.12.2/epan/dissectors/packet-dcerpc-winreg.c:1578 0
/Users/zhouyangjia/source/wireshark-1.12.2/epan/dissectors/packet-collectd.c:679 0
/Users/zhouyangjia/source/wireshark-1.12.2/epan/dissectors/packet-dcerpc-lsa.c:6929 0
/Users/zhouyangjia/source/wireshark-1.12.2/epan/dissectors/packet-fefd.c:126 0
/Users/zhouyangjia/source/wireshark-1.12.2/ui/cli/tap-icmpv6stat.c:237 0
/Users/zhouyangjia/source/wireshark-1.12.2/epan/dissectors/packet-dcerpc-samr.c:4962 0
/Users/zhouyangjia/source/wireshark-1.12.2/epan/dissectors/packet-smb-pipe.c:3255 0
/Users/zhouyangjia/source/wireshark-1.12.2/capture_opts.c:177 0
/Users/zhouyangjia/source/wireshark-1.12.2/editcap.c:1603 0
/Users/zhouyangjia/source/wireshark-1.12.2/rawshark.c:1105 0
/Users/zhouyangjia/source/wireshark-1.12.2/epan/dissectors/packet-dcerpc-butc.c:464 0
/Users/zhouyangjia/source/wireshark-1.12.2/epan/dissectors/packet-dcerpc-frsrpc.c:2108 0
/Users/zhouyangjia/source/wireshark-1.12.2/epan/dissectors/packet-ndps.c:2437 0
/Users/zhouyangjia/source/wireshark-1.12.2/epan/ipproto.c:2396 0
/Users/zhouyangjia/source/wireshark-1.12.2/epan/print.c:858 0
/Users/zhouyangjia/source/wireshark-1.12.2/epan/dissectors/packet-dcerpc-eventlog.c:1364 0
/Users/zhouyangjia/source/wireshark-1.12.2/epan/dissectors/packet-mac-lte.c:5184 0
/Users/zhouyangjia/source/wireshark-1.12.2/epan/dissectors/packet-hdfsdata.c:391 0
/Users/zhouyangjia/source/wireshark-1.12.2/epan/dissectors/packet-adwin.c:1148 0
/Users/zhouyangjia/source/wireshark-1.12.2/epan/wslua/wslua_listener.c:364 0
/Users/zhouyangjia/source/wireshark-1.12.2/tshark.c:1799 0
/Users/zhouyangjia/source/wireshark-1.12.2/epan/dissectors/packet-x25.c:607 0
/Users/zhouyangjia/source/wireshark-1.12.2/epan/dfilter/syntax-tree.c:150 0
/Users/zhouyangjia/source/wireshark-1.12.2/editcap.c:744 0
/Users/zhouyangjia/source/wireshark-1.12.2/epan/dissectors/packet-mtp3mg.c:668 0
/Users/zhouyangjia/source/wireshark-1.12.2/epan/dissectors/packet-ieee802154.c:889 0
/Users/zhouyangjia/source/wireshark-1.12.2/epan/dissectors/packet-parlay.c:7608 0
/Users/zhouyangjia/source/wireshark-1.12.2/epan/dissectors/packet-v5ua.c:1473 0
/Users/zhouyangjia/source/wireshark-1.12.2/epan/dissectors/packet-dcerpc-frsrpc.c:652 0
/Users/zhouyangjia/source/wireshark-1.12.2/filetap/ftap.c:435 0
/Users/zhouyangjia/source/wireshark-1.12.2/ui/tap-rtp-common.c:178 0
/Users/zhouyangjia/source/wireshark-1.12.2/tools/lemon/lemon.c:3821 0
/Users/zhouyangjia/source/wireshark-1.12.2/epan/radius_dict.c:2024 0
/Users/zhouyangjia/source/wireshark-1.12.2/epan/address_to_str.c:392 0
/Users/zhouyangjia/source/wireshark-1.12.2/ui/cli/tap-httpstat.c:270 0
/Users/zhouyangjia/source/wireshark-1.12.2/epan/dfilter/dfvm.c:216 0
/Users/zhouyangjia/source/wireshark-1.12.2/epan/wslua/wslua_file.c:1810 1
/Users/zhouyangjia/source/wireshark-1.12.2/randpkt.c:718 1
/Users/zhouyangjia/source/wireshark-1.12.2/wiretap/radcom.c:248 1
/Users/zhouyangjia/source/wireshark-1.12.2/epan/wslua/wslua_proto.c:1721 1
/Users/zhouyangjia/source/wireshark-1.12.2/epan/prefs.c:3354 1
