/Users/zhouyangjia/source/wireshark-1.12.2/ui/preference_utils.c:264 0
/Users/zhouyangjia/source/wireshark-1.12.2/epan/dissectors/packet-dplay.c:1090 0
/Users/zhouyangjia/source/wireshark-1.12.2/epan/dissectors/packet-gmr1_rach.c:331 0
/Users/zhouyangjia/source/wireshark-1.12.2/epan/dissectors/packet-umts_mac.c:636 0
/Users/zhouyangjia/source/wireshark-1.12.2/epan/prefs.c:890 0
/Users/zhouyangjia/source/wireshark-1.12.2/epan/dissectors/packet-kink.c:423 0
/Users/zhouyangjia/source/wireshark-1.12.2/epan/dissectors/packet-lbmr.c:2919 0
/Users/zhouyangjia/source/wireshark-1.12.2/tshark.c:3381 0
/Users/zhouyangjia/source/wireshark-1.12.2/epan/dissectors/packet-dvbci.c:3661 0
/Users/zhouyangjia/source/wireshark-1.12.2/epan/dissectors/packet-dcerpc-netlogon.c:6733 0
/Users/zhouyangjia/source/wireshark-1.12.2/epan/dissectors/packet-ssl.c:2004 4
/Users/zhouyangjia/source/wireshark-1.12.2/epan/dissectors/packet-gsm_a_dtap.c:6001 0
/Users/zhouyangjia/source/wireshark-1.12.2/epan/dissectors/packet-mtp3.c:283 0
/Users/zhouyangjia/source/wireshark-1.12.2/epan/dissectors/packet-ff.c:10695 0
/Users/zhouyangjia/source/wireshark-1.12.2/dumpcap.c:3860 0
/Users/zhouyangjia/source/wireshark-1.12.2/epan/dissectors/packet-cigi.c:3273 0
/Users/zhouyangjia/source/wireshark-1.12.2/epan/dissectors/packet-smb.c:2834 0
/Users/zhouyangjia/source/wireshark-1.12.2/wiretap/libpcap.c:1034 0
/Users/zhouyangjia/source/wireshark-1.12.2/wiretap/netscaler.c:1383 0
/Users/zhouyangjia/source/wireshark-1.12.2/epan/oids.c:172 0
/Users/zhouyangjia/source/wireshark-1.12.2/epan/dissectors/packet-pw-atm.c:1131 0
/Users/zhouyangjia/source/wireshark-1.12.2/epan/oids.c:881 2
/Users/zhouyangjia/source/wireshark-1.12.2/epan/dissectors/packet-bacapp.c:8335 0
/Users/zhouyangjia/source/wireshark-1.12.2/epan/dissectors/packet-iuup.c:993 0
/Users/zhouyangjia/source/wireshark-1.12.2/epan/dissectors/packet-lbttcp.c:312 0
/Users/zhouyangjia/source/wireshark-1.12.2/epan/dissectors/packet-bssgp.c:4993 0
/Users/zhouyangjia/source/wireshark-1.12.2/epan/dissectors/packet-bacapp.c:7175 0
/Users/zhouyangjia/source/wireshark-1.12.2/epan/dissectors/packet-bssgp.c:5153 0
/Users/zhouyangjia/source/wireshark-1.12.2/epan/gcp.c:355 0
/Users/zhouyangjia/source/wireshark-1.12.2/epan/dissectors/packet-dcerpc-srvsvc.c:16143 0
/Users/zhouyangjia/source/wireshark-1.12.2/epan/aftypes.c:57 0
/Users/zhouyangjia/source/wireshark-1.12.2/epan/dissectors/packet-isup.c:10502 0
/Users/zhouyangjia/source/wireshark-1.12.2/epan/dissectors/packet-rsvp.c:2136 1
/Users/zhouyangjia/source/wireshark-1.12.2/epan/dissectors/packet-gsm_bsslap.c:663 0
/Users/zhouyangjia/source/wireshark-1.12.2/epan/dissectors/packet-dcerpc-eventlog.c:1368 0
/Users/zhouyangjia/source/wireshark-1.12.2/epan/dissectors/packet-wccp.c:622 0
/Users/zhouyangjia/source/wireshark-1.12.2/epan/dissectors/packet-rtsp.c:783 1
/Users/zhouyangjia/source/wireshark-1.12.2/text2pcap.c:1417 4
/Users/zhouyangjia/source/wireshark-1.12.2/epan/dissectors/packet-dcerpc-drsuapi.c:1889 0
/Users/zhouyangjia/source/wireshark-1.12.2/epan/dissectors/packet-jxta.c:1423 0
/Users/zhouyangjia/source/wireshark-1.12.2/epan/dissectors/packet-dcm.c:6057 1
/Users/zhouyangjia/source/wireshark-1.12.2/epan/dissectors/packet-dcerpc-butc.c:1164 0
/Users/zhouyangjia/source/wireshark-1.12.2/epan/dissectors/packet-ssl-utils.c:4342 4
/Users/zhouyangjia/source/wireshark-1.12.2/epan/dissectors/packet-dcerpc-winreg.c:3932 0
/Users/zhouyangjia/source/wireshark-1.12.2/epan/dissectors/packet-tapa.c:298 0
/Users/zhouyangjia/source/wireshark-1.12.2/epan/dissectors/packet-dcerpc-nspi.c:10277 0
/Users/zhouyangjia/source/wireshark-1.12.2/epan/dissectors/packet-k12.c:409 0
/Users/zhouyangjia/source/wireshark-1.12.2/epan/dissectors/packet-gsm_a_gm.c:4678 1
/Users/zhouyangjia/source/wireshark-1.12.2/epan/dissectors/packet-dcerpc-wkssvc.c:7070 0
/Users/zhouyangjia/source/wireshark-1.12.2/epan/dissectors/packet-x25.c:1249 0
/Users/zhouyangjia/source/wireshark-1.12.2/tshark.c:361 1
/Users/zhouyangjia/source/wireshark-1.12.2/epan/dissectors/packet-megaco.c:1357 0
/Users/zhouyangjia/source/wireshark-1.12.2/plugins/irda/packet-irda.c:733 0
/Users/zhouyangjia/source/wireshark-1.12.2/epan/dissectors/packet-dcerpc-winreg.c:3761 0
/Users/zhouyangjia/source/wireshark-1.12.2/epan/column-utils.c:1266 0
/Users/zhouyangjia/source/wireshark-1.12.2/epan/dissectors/packet-csn1.c:1398 0
/Users/zhouyangjia/source/wireshark-1.12.2/wiretap/pcap-common.c:820 0
/Users/zhouyangjia/source/wireshark-1.12.2/epan/dissectors/packet-parlay.c:58929 0
/Users/zhouyangjia/source/wireshark-1.12.2/tshark.c:1521 1
/Users/zhouyangjia/source/wireshark-1.12.2/epan/ps.c:132 1
/Users/zhouyangjia/source/wireshark-1.12.2/ui/cli/tap-sv.c:46 1
/Users/zhouyangjia/source/wireshark-1.12.2/wiretap/pcapng.c:2899 0
/Users/zhouyangjia/source/wireshark-1.12.2/epan/dissectors/packet-dcerpc-samr.c:9964 0
/Users/zhouyangjia/source/wireshark-1.12.2/plugins/opcua/opcua_simpletypes.c:531 0
/Users/zhouyangjia/source/wireshark-1.12.2/epan/dissectors/packet-wtls.c:814 0
/Users/zhouyangjia/source/wireshark-1.12.2/epan/dissectors/packet-bootp.c:1226 4
/Users/zhouyangjia/source/wireshark-1.12.2/epan/dissectors/packet-dcerpc-rfr.c:330 0
/Users/zhouyangjia/source/wireshark-1.12.2/wiretap/eyesdn.c:502 1
/Users/zhouyangjia/source/wireshark-1.12.2/mergecap.c:378 2
/Users/zhouyangjia/source/wireshark-1.12.2/epan/dissectors/packet-dcerpc-samr.c:10179 0
/Users/zhouyangjia/source/wireshark-1.12.2/epan/dissectors/packet-udp.c:340 0
/Users/zhouyangjia/source/wireshark-1.12.2/dumpcap.c:955 1
/Users/zhouyangjia/source/wireshark-1.12.2/epan/dissectors/packet-dcm.c:4581 1
/Users/zhouyangjia/source/wireshark-1.12.2/epan/dissectors/packet-tnef.c:528 0
/Users/zhouyangjia/source/wireshark-1.12.2/epan/dissectors/packet-ff.c:7815 0
/Users/zhouyangjia/source/wireshark-1.12.2/epan/dissectors/packet-ms-mms.c:605 0
/Users/zhouyangjia/source/wireshark-1.12.2/epan/dissectors/packet-ff.c:9840 0
/Users/zhouyangjia/source/wireshark-1.12.2/tshark.c:1940 4
/Users/zhouyangjia/source/wireshark-1.12.2/epan/dissectors/packet-parlay.c:58705 0
/Users/zhouyangjia/source/wireshark-1.12.2/epan/dissectors/packet-sctp.c:3796 0
/Users/zhouyangjia/source/wireshark-1.12.2/epan/dissectors/packet-gadu-gadu.c:1394 0
/Users/zhouyangjia/source/wireshark-1.12.2/epan/dissectors/packet-dcerpc-wkssvc.c:7074 0
/Users/zhouyangjia/source/wireshark-1.12.2/epan/dissectors/packet-tn3270.c:4640 0
/Users/zhouyangjia/source/wireshark-1.12.2/epan/dissectors/packet-rlc-lte.c:2263 1
/Users/zhouyangjia/source/wireshark-1.12.2/epan/dissectors/packet-cip.c:4777 0
/Users/zhouyangjia/source/wireshark-1.12.2/epan/dissectors/packet-aprs.c:1254 0
/Users/zhouyangjia/source/wireshark-1.12.2/epan/print.c:636 1
/Users/zhouyangjia/source/wireshark-1.12.2/epan/dissectors/packet-packetbb.c:325 0
/Users/zhouyangjia/source/wireshark-1.12.2/epan/dissectors/packet-parlay.c:64321 0
/Users/zhouyangjia/source/wireshark-1.12.2/wiretap/catapult_dct2000.c:628 0
/Users/zhouyangjia/source/wireshark-1.12.2/epan/wslua/init_wslua.c:353 4
/Users/zhouyangjia/source/wireshark-1.12.2/epan/dissectors/packet-dtcp-ip.c:119 0
/Users/zhouyangjia/source/wireshark-1.12.2/epan/print.c:376 1
/Users/zhouyangjia/source/wireshark-1.12.2/epan/dissectors/packet-ssl.c:3843 2
/Users/zhouyangjia/source/wireshark-1.12.2/epan/dissectors/packet-dcerpc-winreg.c:3004 0
/Users/zhouyangjia/source/wireshark-1.12.2/epan/dtd_preparse.c:1294 0
/Users/zhouyangjia/source/wireshark-1.12.2/editcap.c:679 1
/Users/zhouyangjia/source/wireshark-1.12.2/epan/dissectors/packet-dtls.c:886 0
/Users/zhouyangjia/source/wireshark-1.12.2/epan/dissectors/packet-ff.c:2542 0
/Users/zhouyangjia/source/wireshark-1.12.2/epan/wslua/wslua_util.c:260 0
/Users/zhouyangjia/source/wireshark-1.12.2/wiretap/catapult_dct2000.c:677 0
/Users/zhouyangjia/source/wireshark-1.12.2/epan/dissectors/packet-wccp.c:2610 0
/Users/zhouyangjia/source/wireshark-1.12.2/epan/dissectors/packet-zbee-security.c:301 0
/Users/zhouyangjia/source/wireshark-1.12.2/epan/dissectors/packet-q931.c:2916 0
/Users/zhouyangjia/source/wireshark-1.12.2/epan/dissectors/packet-dvbci.c:3993 0
/Users/zhouyangjia/source/wireshark-1.12.2/epan/dissectors/packet-dcerpc-samr.c:11054 0
/Users/zhouyangjia/source/wireshark-1.12.2/epan/dissectors/packet-sctp.c:757 0
/Users/zhouyangjia/source/wireshark-1.12.2/epan/dissectors/packet-dcerpc-srvsvc.c:16377 0
/Users/zhouyangjia/source/wireshark-1.12.2/epan/dissectors/packet-wsp.c:4224 1
/Users/zhouyangjia/source/wireshark-1.12.2/epan/wslua/wslua_tvb.c:1308 4
/Users/zhouyangjia/source/wireshark-1.12.2/epan/dissectors/packet-dcerpc-drsuapi.c:1327 0
/Users/zhouyangjia/source/wireshark-1.12.2/epan/dissectors/packet-dcerpc-eventlog.c:2227 0
/Users/zhouyangjia/source/wireshark-1.12.2/epan/dissectors/packet-xmcp.c:945 0
/Users/zhouyangjia/source/wireshark-1.12.2/epan/dissectors/packet-jxta.c:1200 0
/Users/zhouyangjia/source/wireshark-1.12.2/epan/dissectors/packet-dcerpc-netlogon.c:7458 0
/Users/zhouyangjia/source/wireshark-1.12.2/epan/dissectors/packet-dcerpc-srvsvc.c:16574 0
/Users/zhouyangjia/source/wireshark-1.12.2/epan/dissectors/packet-igmp.c:946 0
/Users/zhouyangjia/source/wireshark-1.12.2/epan/dissectors/packet-bacapp.c:7101 0
/Users/zhouyangjia/source/wireshark-1.12.2/epan/dissectors/packet-parlay.c:60137 0
/Users/zhouyangjia/source/wireshark-1.12.2/epan/dissectors/packet-zbee-nwk-gp.c:843 1
/Users/zhouyangjia/source/wireshark-1.12.2/plugins/wimax/msg_ulmap.c:1885 0
/Users/zhouyangjia/source/wireshark-1.12.2/epan/dissectors/packet-sgsap.c:549 0
/Users/zhouyangjia/source/wireshark-1.12.2/wiretap/pcapng.c:3269 0
/Users/zhouyangjia/source/wireshark-1.12.2/epan/dissectors/packet-dmp.c:1124 1
/Users/zhouyangjia/source/wireshark-1.12.2/epan/dissectors/packet-dcerpc-winreg.c:3282 0
/Users/zhouyangjia/source/wireshark-1.12.2/epan/dissectors/packet-http2.c:773 0
/Users/zhouyangjia/source/wireshark-1.12.2/plugins/ethercat/packet-ecatmb.c:580 0
/Users/zhouyangjia/source/wireshark-1.12.2/epan/dissectors/packet-uaudp.c:294 0
/Users/zhouyangjia/source/wireshark-1.12.2/capture_sync.c:1574 0
/Users/zhouyangjia/source/wireshark-1.12.2/epan/dissectors/packet-ipsec.c:2048 0
/Users/zhouyangjia/source/wireshark-1.12.2/epan/wslua/wslua_internals.c:277 4
/Users/zhouyangjia/source/wireshark-1.12.2/epan/dissectors/packet-netflow.c:2330 0
/Users/zhouyangjia/source/wireshark-1.12.2/plugins/profinet/packet-dcerpc-pn-io.c:9528 1
/Users/zhouyangjia/source/wireshark-1.12.2/epan/dissectors/packet-dcerpc-samr.c:9778 0
/Users/zhouyangjia/source/wireshark-1.12.2/epan/dissectors/packet-dcerpc-wkssvc.c:6949 0
/Users/zhouyangjia/source/wireshark-1.12.2/epan/dissectors/packet-ssl.c:1593 2
/Users/zhouyangjia/source/wireshark-1.12.2/epan/dissectors/packet-vxi11.c:577 0
/Users/zhouyangjia/source/wireshark-1.12.2/epan/dissectors/packet-btsdp.c:2587 1
/Users/zhouyangjia/source/wireshark-1.12.2/ui/cli/tap-iostat.c:1104 1
/Users/zhouyangjia/source/wireshark-1.12.2/ui/cli/tap-megacostat.c:57 1
/Users/zhouyangjia/source/wireshark-1.12.2/epan/column-utils.c:1772 0
/Users/zhouyangjia/source/wireshark-1.12.2/epan/dissectors/packet-mndp.c:116 2
/Users/zhouyangjia/source/wireshark-1.12.2/epan/dissectors/packet-dcerpc-samr.c:11428 0
/Users/zhouyangjia/source/wireshark-1.12.2/epan/dissectors/packet-btsdp.c:2188 0
/Users/zhouyangjia/source/wireshark-1.12.2/tshark.c:2577 2
/Users/zhouyangjia/source/wireshark-1.12.2/epan/dfilter/syntax-tree.c:58 0
/Users/zhouyangjia/source/wireshark-1.12.2/epan/oids.c:186 4
/Users/zhouyangjia/source/wireshark-1.12.2/epan/wslua/wslua_file.c:265 0
/Users/zhouyangjia/source/wireshark-1.12.2/dumpcap.c:727 0
/Users/zhouyangjia/source/wireshark-1.12.2/epan/dissectors/packet-ipsec.c:986 0
/Users/zhouyangjia/source/wireshark-1.12.2/epan/dissectors/packet-pptp.c:658 0
/Users/zhouyangjia/source/wireshark-1.12.2/epan/dissectors/packet-osi-options.c:360 0
/Users/zhouyangjia/source/wireshark-1.12.2/capinfos.c:479 1
/Users/zhouyangjia/source/wireshark-1.12.2/plugins/wimaxasncp/wimaxasncp_dict.c:2562 4
/Users/zhouyangjia/source/wireshark-1.12.2/epan/dissectors/packet-h223.c:1112 0
/Users/zhouyangjia/source/wireshark-1.12.2/tools/lemon/lemon.c:3029 1
/Users/zhouyangjia/source/wireshark-1.12.2/epan/dissectors/packet-sctp.c:2103 0
/Users/zhouyangjia/source/wireshark-1.12.2/epan/dissectors/packet-dtls.c:884 0
/Users/zhouyangjia/source/wireshark-1.12.2/epan/dissectors/packet-ff.c:9780 0
/Users/zhouyangjia/source/wireshark-1.12.2/wiretap/commview.c:346 0
/Users/zhouyangjia/source/wireshark-1.12.2/epan/wslua/init_wslua.c:374 4
/Users/zhouyangjia/source/wireshark-1.12.2/editcap.c:750 1
/Users/zhouyangjia/source/wireshark-1.12.2/ui/recent.c:438 0
/Users/zhouyangjia/source/wireshark-1.12.2/epan/dissectors/packet-isup.c:10189 0
/Users/zhouyangjia/source/wireshark-1.12.2/capture_sync.c:546 2
/Users/zhouyangjia/source/wireshark-1.12.2/epan/dissectors/packet-dcerpc-srvsvc.c:14033 0
/Users/zhouyangjia/source/wireshark-1.12.2/epan/dissectors/packet-dcerpc-mapi.c:8006 0
/Users/zhouyangjia/source/wireshark-1.12.2/epan/dissectors/packet-btsdp.c:3048 0
/Users/zhouyangjia/source/wireshark-1.12.2/filetap/file_access.c:707 0
/Users/zhouyangjia/source/wireshark-1.12.2/plugins/profinet/packet-dcom-cba-acco.c:1006 4
/Users/zhouyangjia/source/wireshark-1.12.2/epan/dissectors/packet-parlay.c:20243 0
/Users/zhouyangjia/source/wireshark-1.12.2/epan/dissectors/packet-ansi_637.c:1747 0
/Users/zhouyangjia/source/wireshark-1.12.2/epan/dissectors/packet-smb2.c:1399 2
/Users/zhouyangjia/source/wireshark-1.12.2/epan/dissectors/packet-dcerpc-samr.c:14724 0
/Users/zhouyangjia/source/wireshark-1.12.2/epan/dissectors/packet-dcerpc-srvsvc.c:15698 0
/Users/zhouyangjia/source/wireshark-1.12.2/wiretap/peekclassic.c:174 0
/Users/zhouyangjia/source/wireshark-1.12.2/epan/dissectors/packet-ipmi-transport.c:1185 0
/Users/zhouyangjia/source/wireshark-1.12.2/wiretap/visual.c:770 0
/Users/zhouyangjia/source/wireshark-1.12.2/epan/dissectors/packet-dcerpc-frsrpc.c:1991 0
/Users/zhouyangjia/source/wireshark-1.12.2/epan/dissectors/packet-x11.c:1587 1
/Users/zhouyangjia/source/wireshark-1.12.2/epan/dissectors/packet-parlay.c:58417 0
/Users/zhouyangjia/source/wireshark-1.12.2/epan/dissectors/packet-dcerpc-winreg.c:4286 0
/Users/zhouyangjia/source/wireshark-1.12.2/epan/dissectors/packet-dcerpc-budb.c:1661 0
/Users/zhouyangjia/source/wireshark-1.12.2/epan/wslua/wslua_tvb.c:1284 0
/Users/zhouyangjia/source/wireshark-1.12.2/plugins/docsis/plugin.c:41 0
/Users/zhouyangjia/source/wireshark-1.12.2/ui/cli/tap-stats_tree.c:89 4
/Users/zhouyangjia/source/wireshark-1.12.2/epan/dissectors/packet-iec104.c:1130 1
/Users/zhouyangjia/source/wireshark-1.12.2/epan/dissectors/packet-http2.c:552 0
/Users/zhouyangjia/source/wireshark-1.12.2/epan/dissectors/packet-dcerpc-lsa.c:9107 0
/Users/zhouyangjia/source/wireshark-1.12.2/ui/cli/tap-h225rassrt.c:183 1
/Users/zhouyangjia/source/wireshark-1.12.2/epan/dissectors/packet-sna.c:2410 0
/Users/zhouyangjia/source/wireshark-1.12.2/dumpcap.c:1453 4
/Users/zhouyangjia/source/wireshark-1.12.2/tfshark.c:2630 0
/Users/zhouyangjia/source/wireshark-1.12.2/epan/dissectors/packet-dcerpc-wkssvc.c:7525 0
/Users/zhouyangjia/source/wireshark-1.12.2/epan/dissectors/packet-parlay.c:57233 0
/Users/zhouyangjia/source/wireshark-1.12.2/epan/wslua/wslua_proto.c:1847 4
/Users/zhouyangjia/source/wireshark-1.12.2/plugins/mate/mate_setup.c:585 1
/Users/zhouyangjia/source/wireshark-1.12.2/ui/cli/tap-camelsrt.c:197 1
/Users/zhouyangjia/source/wireshark-1.12.2/epan/dissectors/packet-smb2.c:3426 0
/Users/zhouyangjia/source/wireshark-1.12.2/capinfos.c:502 1
/Users/zhouyangjia/source/wireshark-1.12.2/plugins/mate/mate_parser.c:1932 4
/Users/zhouyangjia/source/wireshark-1.12.2/epan/dissectors/packet-jxta.c:1784 0
/Users/zhouyangjia/source/wireshark-1.12.2/epan/ps.c:97 1
/Users/zhouyangjia/source/wireshark-1.12.2/epan/wslua/wslua_field.c:113 0
/Users/zhouyangjia/source/wireshark-1.12.2/epan/dissectors/packet-dcerpc-eventlog.c:1048 0
/Users/zhouyangjia/source/wireshark-1.12.2/epan/value_string.c:544 0
/Users/zhouyangjia/source/wireshark-1.12.2/epan/dissectors/packet-zbee-zcl-meas-sensing.c:960 0
/Users/zhouyangjia/source/wireshark-1.12.2/epan/address_to_str.c:635 0
/Users/zhouyangjia/source/wireshark-1.12.2/dumpcap.c:592 1
/Users/zhouyangjia/source/wireshark-1.12.2/epan/dissectors/packet-radius.c:539 2
/Users/zhouyangjia/source/wireshark-1.12.2/ui/cli/tap-iousers.c:391 1
/Users/zhouyangjia/source/wireshark-1.12.2/epan/wslua/wslua_file.c:2180 4
/Users/zhouyangjia/source/wireshark-1.12.2/epan/dissectors/packet-zbee-zdp-discovery.c:431 0
/Users/zhouyangjia/source/wireshark-1.12.2/ui/tap-sequence-analysis.c:483 1
/Users/zhouyangjia/source/wireshark-1.12.2/epan/dissectors/packet-zbee-zcl-general.c:574 0
/Users/zhouyangjia/source/wireshark-1.12.2/plugins/mate/mate_runtime.c:861 2
/Users/zhouyangjia/source/wireshark-1.12.2/tshark.c:311 1
/Users/zhouyangjia/source/wireshark-1.12.2/epan/dissectors/packet-ndps.c:7360 0
/Users/zhouyangjia/source/wireshark-1.12.2/tshark.c:297 1
/Users/zhouyangjia/source/wireshark-1.12.2/epan/packet.c:2399 0
/Users/zhouyangjia/source/wireshark-1.12.2/wiretap/pcapng.c:3426 0
/Users/zhouyangjia/source/wireshark-1.12.2/dumpcap.c:3037 0
/Users/zhouyangjia/source/wireshark-1.12.2/epan/dissectors/packet-dcerpc-dfs.c:1234 0
/Users/zhouyangjia/source/wireshark-1.12.2/epan/dissectors/packet-sccp.c:1263 0
/Users/zhouyangjia/source/wireshark-1.12.2/epan/dissectors/packet-zbee-zcl-ha.c:846 0
/Users/zhouyangjia/source/wireshark-1.12.2/epan/dissectors/packet-pdcp-lte.c:910 0
/Users/zhouyangjia/source/wireshark-1.12.2/epan/dissectors/packet-dcerpc-budb.c:1751 0
/Users/zhouyangjia/source/wireshark-1.12.2/epan/wslua/wslua_listener.c:77 4
/Users/zhouyangjia/source/wireshark-1.12.2/tshark.c:3636 0
/Users/zhouyangjia/source/wireshark-1.12.2/epan/dissectors/packet-dcerpc-winreg.c:1502 0
/Users/zhouyangjia/source/wireshark-1.12.2/epan/dissectors/packet-parlay.c:8100 0
/Users/zhouyangjia/source/wireshark-1.12.2/epan/dissectors/packet-zbee-zcl-se.c:204 0
/Users/zhouyangjia/source/wireshark-1.12.2/epan/wslua/wslua_tvb.c:864 4
/Users/zhouyangjia/source/wireshark-1.12.2/epan/dissectors/packet-dcerpc-netlogon.c:3831 0
/Users/zhouyangjia/source/wireshark-1.12.2/epan/dfilter/semcheck.c:1145 4
/Users/zhouyangjia/source/wireshark-1.12.2/epan/wslua/wslua_dumper.c:181 2
/Users/zhouyangjia/source/wireshark-1.12.2/epan/packet.c:2359 0
/Users/zhouyangjia/source/wireshark-1.12.2/epan/dissectors/packet-smb.c:2941 0
/Users/zhouyangjia/source/wireshark-1.12.2/epan/dissectors/packet-pw-cesopsn.c:100 0
/Users/zhouyangjia/source/wireshark-1.12.2/epan/dissectors/packet-dtls.c:645 2
/Users/zhouyangjia/source/wireshark-1.12.2/epan/dissectors/packet-nwmtp.c:115 0
/Users/zhouyangjia/source/wireshark-1.12.2/plugins/opcua/opcua.c:460 0
/Users/zhouyangjia/source/wireshark-1.12.2/epan/dissectors/packet-dcerpc-samr.c:13731 0
/Users/zhouyangjia/source/wireshark-1.12.2/epan/dissectors/packet-parlay.c:59985 0
/Users/zhouyangjia/source/wireshark-1.12.2/wiretap/netscaler.c:1712 1
/Users/zhouyangjia/source/wireshark-1.12.2/epan/dissectors/packet-hdfsdata.c:434 0
/Users/zhouyangjia/source/wireshark-1.12.2/wiretap/iseries.c:216 0
/Users/zhouyangjia/source/wireshark-1.12.2/tools/lemon/lemon.c:3930 0
/Users/zhouyangjia/source/wireshark-1.12.2/dumpcap.c:671 2
/Users/zhouyangjia/source/wireshark-1.12.2/ui/cli/tap-rpcprogs.c:221 4
/Users/zhouyangjia/source/wireshark-1.12.2/wiretap/ngsniffer.c:598 0
/Users/zhouyangjia/source/wireshark-1.12.2/epan/dissectors/packet-moldudp.c:83 0
/Users/zhouyangjia/source/wireshark-1.12.2/epan/dissectors/packet-bssgp.c:5770 0
/Users/zhouyangjia/source/wireshark-1.12.2/tfshark.c:326 0
/Users/zhouyangjia/source/wireshark-1.12.2/epan/dissectors/packet-dcerpc-butc.c:1780 0
/Users/zhouyangjia/source/wireshark-1.12.2/epan/dissectors/packet-zbee-zdp-management.c:882 0
/Users/zhouyangjia/source/wireshark-1.12.2/ui/cli/tap-iousers.c:598 1
/Users/zhouyangjia/source/wireshark-1.12.2/tfshark.c:1773 0
/Users/zhouyangjia/source/wireshark-1.12.2/epan/dissectors/packet-wai.c:626 0
/Users/zhouyangjia/source/wireshark-1.12.2/plugins/docsis/packet-tlv.c:1150 0
/Users/zhouyangjia/source/wireshark-1.12.2/epan/dissectors/packet-eap.c:1536 0
/Users/zhouyangjia/source/wireshark-1.12.2/epan/dissectors/packet-dcerpc-winreg.c:1726 0
/Users/zhouyangjia/source/wireshark-1.12.2/epan/dissectors/packet-h264.c:2054 0
/Users/zhouyangjia/source/wireshark-1.12.2/ui/cli/tap-h225counter.c:299 1
/Users/zhouyangjia/source/wireshark-1.12.2/text2pcap.c:966 4
/Users/zhouyangjia/source/wireshark-1.12.2/epan/dissectors/packet-udp.c:216 0
/Users/zhouyangjia/source/wireshark-1.12.2/epan/dissectors/packet-ppp.c:4897 0
/Users/zhouyangjia/source/wireshark-1.12.2/epan/dissectors/packet-wbxml.c:373 1
/Users/zhouyangjia/source/wireshark-1.12.2/epan/dissectors/packet-dcerpc-samr.c:11701 0
/Users/zhouyangjia/source/wireshark-1.12.2/epan/dissectors/packet-rlc.c:3010 0
/Users/zhouyangjia/source/wireshark-1.12.2/mergecap.c:529 4
/Users/zhouyangjia/source/wireshark-1.12.2/ui/cli/tap-dcerpcstat.c:151 1
/Users/zhouyangjia/source/wireshark-1.12.2/epan/dissectors/packet-dect.c:1674 1
/Users/zhouyangjia/source/wireshark-1.12.2/tools/lemon/lemon.c:3734 1
/Users/zhouyangjia/source/wireshark-1.12.2/wiretap/btsnoop.c:475 0
/Users/zhouyangjia/source/wireshark-1.12.2/epan/dissectors/packet-bacapp.c:8955 0
/Users/zhouyangjia/source/wireshark-1.12.2/epan/dfilter/semcheck.c:668 4
/Users/zhouyangjia/source/wireshark-1.12.2/wiretap/pcap-common.c:1565 0
/Users/zhouyangjia/source/wireshark-1.12.2/tshark.c:3844 1
/Users/zhouyangjia/source/wireshark-1.12.2/epan/dissectors/packet-spice.c:3133 0
/Users/zhouyangjia/source/wireshark-1.12.2/epan/asn1.c:94 0
/Users/zhouyangjia/source/wireshark-1.12.2/epan/dissectors/packet-enrp.c:238 0
/Users/zhouyangjia/source/wireshark-1.12.2/epan/oids.c:189 4
/Users/zhouyangjia/source/wireshark-1.12.2/epan/dissectors/packet-dcerpc-winreg.c:4786 0
/Users/zhouyangjia/source/wireshark-1.12.2/epan/dissectors/packet-dcerpc-samr.c:14700 0
/Users/zhouyangjia/source/wireshark-1.12.2/tshark.c:298 1
/Users/zhouyangjia/source/wireshark-1.12.2/mergecap.c:365 2
/Users/zhouyangjia/source/wireshark-1.12.2/epan/dissectors/packet-iax2.c:2329 0
/Users/zhouyangjia/source/wireshark-1.12.2/epan/dissectors/packet-dcerpc-drsuapi.c:7614 0
/Users/zhouyangjia/source/wireshark-1.12.2/epan/dissectors/packet-openvpn.c:600 0
/Users/zhouyangjia/source/wireshark-1.12.2/epan/dissectors/packet-bacapp.c:10671 0
/Users/zhouyangjia/source/wireshark-1.12.2/capinfos.c:698 0
/Users/zhouyangjia/source/wireshark-1.12.2/ui/cli/tap-iostat.c:1131 1
/Users/zhouyangjia/source/wireshark-1.12.2/epan/dissectors/packet-iax2.c:2207 0
/Users/zhouyangjia/source/wireshark-1.12.2/epan/dissectors/packet-gsm_a_rr.c:10549 0
/Users/zhouyangjia/source/wireshark-1.12.2/epan/dissectors/packet-dcerpc-wkssvc.c:1975 0
/Users/zhouyangjia/source/wireshark-1.12.2/epan/dissectors/packet-dcerpc-nspi.c:10005 0
/Users/zhouyangjia/source/wireshark-1.12.2/wiretap/peektagged.c:235 0
/Users/zhouyangjia/source/wireshark-1.12.2/epan/dissectors/packet-openflow_v1.c:788 0
/Users/zhouyangjia/source/wireshark-1.12.2/epan/dissectors/packet-dcerpc-spoolss.c:660 0
/Users/zhouyangjia/source/wireshark-1.12.2/epan/dissectors/packet-mtp3mg.c:1155 0
/Users/zhouyangjia/source/wireshark-1.12.2/epan/dissectors/packet-ber.c:369 0
/Users/zhouyangjia/source/wireshark-1.12.2/epan/dissectors/packet-iec104.c:1427 1
/Users/zhouyangjia/source/wireshark-1.12.2/editcap.c:1161 2
/Users/zhouyangjia/source/wireshark-1.12.2/epan/dissectors/packet-parlay.c:60561 0
/Users/zhouyangjia/source/wireshark-1.12.2/epan/dissectors/packet-dcerpc-wkssvc.c:7768 0
/Users/zhouyangjia/source/wireshark-1.12.2/epan/dissectors/packet-lbmpdmtcp.c:146 0
/Users/zhouyangjia/source/wireshark-1.12.2/epan/dissectors/packet-dcerpc-wkssvc.c:6757 0
/Users/zhouyangjia/source/wireshark-1.12.2/epan/dissectors/packet-pcp.c:1432 0
/Users/zhouyangjia/source/wireshark-1.12.2/epan/dissectors/packet-scsi-mmc.c:520 0
/Users/zhouyangjia/source/wireshark-1.12.2/epan/wslua/wslua_tvb.c:1620 0
/Users/zhouyangjia/source/wireshark-1.12.2/wiretap/netscreen.c:255 0
/Users/zhouyangjia/source/wireshark-1.12.2/epan/dissectors/packet-ldp.c:2902 0
/Users/zhouyangjia/source/wireshark-1.12.2/plugins/wimax/msg_dreg.c:388 0
/Users/zhouyangjia/source/wireshark-1.12.2/epan/dissectors/packet-gadu-gadu.c:1763 0
/Users/zhouyangjia/source/wireshark-1.12.2/epan/dissectors/packet-memcache.c:1007 0
/Users/zhouyangjia/source/wireshark-1.12.2/epan/dissectors/packet-afp.c:1256 0
/Users/zhouyangjia/source/wireshark-1.12.2/epan/dissectors/packet-nas_eps.c:4696 0
/Users/zhouyangjia/source/wireshark-1.12.2/epan/dissectors/packet-ssl.c:1160 0
/Users/zhouyangjia/source/wireshark-1.12.2/epan/dissectors/packet-mongo.c:619 0
/Users/zhouyangjia/source/wireshark-1.12.2/tfshark.c:454 0
/Users/zhouyangjia/source/wireshark-1.12.2/ui/profile.c:341 1
/Users/zhouyangjia/source/wireshark-1.12.2/epan/dissectors/packet-gsm_a_common.c:3506 0
/Users/zhouyangjia/source/wireshark-1.12.2/epan/dissectors/packet-ff.c:10230 0
/Users/zhouyangjia/source/wireshark-1.12.2/epan/dissectors/packet-jxta.c:480 0
/Users/zhouyangjia/source/wireshark-1.12.2/epan/dissectors/packet-wsp.c:3926 0
/Users/zhouyangjia/source/wireshark-1.12.2/ui/recent.c:458 0
/Users/zhouyangjia/source/wireshark-1.12.2/wiretap/ascend_scanner.c:2334 4
/Users/zhouyangjia/source/wireshark-1.12.2/epan/print.c:858 1
/Users/zhouyangjia/source/wireshark-1.12.2/epan/dissectors/packet-bacapp.c:8082 0
/Users/zhouyangjia/source/wireshark-1.12.2/epan/dissectors/packet-dcerpc-drsuapi.c:4294 0
/Users/zhouyangjia/source/wireshark-1.12.2/epan/dissectors/packet-dcerpc-winreg.c:4678 0
/Users/zhouyangjia/source/wireshark-1.12.2/epan/dissectors/packet-ff.c:9568 0
/Users/zhouyangjia/source/wireshark-1.12.2/epan/wslua/wslua_tvb.c:797 4
/Users/zhouyangjia/source/wireshark-1.12.2/epan/dissectors/packet-parlay.c:61201 0
/Users/zhouyangjia/source/wireshark-1.12.2/epan/osi-utils.c:148 0
/Users/zhouyangjia/source/wireshark-1.12.2/epan/wslua/wslua_struct.c:472 4
/Users/zhouyangjia/source/wireshark-1.12.2/epan/ps.c:108 1
/Users/zhouyangjia/source/wireshark-1.12.2/epan/packet.c:1571 0
/Users/zhouyangjia/source/wireshark-1.12.2/epan/dissectors/packet-zrtp.c:301 0
/Users/zhouyangjia/source/wireshark-1.12.2/dumpcap.c:4987 4
/Users/zhouyangjia/source/wireshark-1.12.2/epan/dissectors/packet-smb.c:5465 0
/Users/zhouyangjia/source/wireshark-1.12.2/epan/wslua/wslua_int64.c:497 0
/Users/zhouyangjia/source/wireshark-1.12.2/epan/dissectors/packet-smb2.c:787 0
/Users/zhouyangjia/source/wireshark-1.12.2/epan/dissectors/packet-bacapp.c:10090 0
/Users/zhouyangjia/source/wireshark-1.12.2/epan/dissectors/packet-dcerpc-srvsvc.c:16716 0
/Users/zhouyangjia/source/wireshark-1.12.2/epan/dissectors/packet-infiniband.c:3495 0
/Users/zhouyangjia/source/wireshark-1.12.2/epan/dissectors/packet-bacapp.c:10312 0
/Users/zhouyangjia/source/wireshark-1.12.2/tools/lemon/lemon.c:3024 0
/Users/zhouyangjia/source/wireshark-1.12.2/epan/dissectors/packet-bacapp.c:7945 0
/Users/zhouyangjia/source/wireshark-1.12.2/ui/cli/tap-smbstat.c:159 1
/Users/zhouyangjia/source/wireshark-1.12.2/epan/dissectors/packet-ssh.c:463 1
/Users/zhouyangjia/source/wireshark-1.12.2/epan/dissectors/packet-gsm_a_bssmap.c:6053 0
/Users/zhouyangjia/source/wireshark-1.12.2/epan/dissectors/packet-xmcp.c:456 0
/Users/zhouyangjia/source/wireshark-1.12.2/tshark.c:1268 0
/Users/zhouyangjia/source/wireshark-1.12.2/ui/cli/tap-diameter-avp.c:193 1
/Users/zhouyangjia/source/wireshark-1.12.2/epan/dissectors/packet-dcerpc-srvsvc.c:12662 0
/Users/zhouyangjia/source/wireshark-1.12.2/pcapio.c:324 0
/Users/zhouyangjia/source/wireshark-1.12.2/ui/recent.c:400 0
/Users/zhouyangjia/source/wireshark-1.12.2/epan/dissectors/packet-dcerpc-samr.c:10447 0
/Users/zhouyangjia/source/wireshark-1.12.2/wiretap/pcapng.c:512 0
/Users/zhouyangjia/source/wireshark-1.12.2/epan/dissectors/packet-csn1.c:817 0
/Users/zhouyangjia/source/wireshark-1.12.2/wiretap/pppdump.c:373 0
/Users/zhouyangjia/source/wireshark-1.12.2/epan/wslua/wslua_proto.c:241 4
/Users/zhouyangjia/source/wireshark-1.12.2/epan/dissectors/packet-bssgp.c:5627 0
/Users/zhouyangjia/source/wireshark-1.12.2/epan/dissectors/packet-gsm_a_bssmap.c:1771 0
/Users/zhouyangjia/source/wireshark-1.12.2/epan/dissectors/packet-rx.c:401 0
/Users/zhouyangjia/source/wireshark-1.12.2/plugins/wimax/msg_dreg.c:460 0
/Users/zhouyangjia/source/wireshark-1.12.2/epan/dissectors/packet-dcerpc-efs.c:723 0
/Users/zhouyangjia/source/wireshark-1.12.2/plugins/wimax/msg_aas_fbck.c:148 0
/Users/zhouyangjia/source/wireshark-1.12.2/epan/dissectors/packet-smb.c:4622 0
/Users/zhouyangjia/source/wireshark-1.12.2/epan/dissectors/packet-isakmp.c:2602 0
/Users/zhouyangjia/source/wireshark-1.12.2/pcapio.c:348 1
/Users/zhouyangjia/source/wireshark-1.12.2/epan/addr_resolv.c:1394 0
/Users/zhouyangjia/source/wireshark-1.12.2/epan/dissectors/packet-xmpp-utils.c:197 0
