/Users/zhouyangjia/source/subversion-1.8.10/subversion/svnserve/serve.c:3119 0
/Users/zhouyangjia/source/subversion-1.8.10/subversion/svnserve/serve.c:2856 0
/Users/zhouyangjia/source/subversion-1.8.10/tools/server-side/fsfs-stats.c:741 0
/Users/zhouyangjia/source/subversion-1.8.10/subversion/libsvn_wc/wc_db.c:7056 0
/Users/zhouyangjia/source/subversion-1.8.10/subversion/tests/libsvn_wc/op-depth-test.c:3298 0
/Users/zhouyangjia/source/subversion-1.8.10/subversion/libsvn_client/blame.c:287 0
/Users/zhouyangjia/source/subversion-1.8.10/subversion/libsvn_ra_svn/marshal.c:2024 1
/Users/zhouyangjia/source/subversion-1.8.10/subversion/libsvn_ra_svn/marshal.c:1665 0
/Users/zhouyangjia/source/subversion-1.8.10/subversion/libsvn_client/switch.c:416 0
/Users/zhouyangjia/source/subversion-1.8.10/subversion/tests/libsvn_subr/stream-test.c:501 0
/Users/zhouyangjia/source/subversion-1.8.10/subversion/tests/libsvn_subr/path-test.c:1237 0
/Users/zhouyangjia/source/subversion-1.8.10/subversion/libsvn_wc/context.c:51 0
/Users/zhouyangjia/source/subversion-1.8.10/subversion/libsvn_client/merge.c:9109 0
/Users/zhouyangjia/source/subversion-1.8.10/subversion/libsvn_fs_fs/fs_fs.c:8419 0
/Users/zhouyangjia/source/subversion-1.8.10/subversion/libsvn_subr/cmdline.c:378 0
/Users/zhouyangjia/source/subversion-1.8.10/subversion/libsvn_ra_svn/marshal.c:1786 0
/Users/zhouyangjia/source/subversion-1.8.10/subversion/libsvn_wc/wc_db.c:8281 0
/Users/zhouyangjia/source/subversion-1.8.10/subversion/svnserve/svnserve.c:737 0
/Users/zhouyangjia/source/subversion-1.8.10/subversion/tests/libsvn_diff/parse-diff-test.c:895 0
/Users/zhouyangjia/source/subversion-1.8.10/subversion/tests/libsvn_wc/op-depth-test.c:4824 0
/Users/zhouyangjia/source/subversion-1.8.10/subversion/tests/libsvn_subr/error-test.c:101 0
/Users/zhouyangjia/source/subversion-1.8.10/subversion/svnserve/svnserve.c:426 0
/Users/zhouyangjia/source/subversion-1.8.10/tools/dev/fsfs-reorg.c:2678 1
/Users/zhouyangjia/source/subversion-1.8.10/subversion/svnserve/serve.c:2339 1
/Users/zhouyangjia/source/subversion-1.8.10/subversion/libsvn_fs_fs/fs_fs.c:8959 0
/Users/zhouyangjia/source/subversion-1.8.10/subversion/tests/libsvn_subr/skel-test.c:828 4
/Users/zhouyangjia/source/subversion-1.8.10/subversion/svn/import-cmd.c:80 0
/Users/zhouyangjia/source/subversion-1.8.10/subversion/libsvn_subr/utf.c:859 4
/Users/zhouyangjia/source/subversion-1.8.10/subversion/libsvn_delta/text_delta.c:706 0
/Users/zhouyangjia/source/subversion-1.8.10/subversion/libsvn_ra_svn/marshal.c:1978 1
/Users/zhouyangjia/source/subversion-1.8.10/subversion/libsvn_subr/io.c:2918 0
/Users/zhouyangjia/source/subversion-1.8.10/tools/server-side/fsfs-stats.c:2085 1
/Users/zhouyangjia/source/subversion-1.8.10/subversion/libsvn_subr/skel.c:146 4
/Users/zhouyangjia/source/subversion-1.8.10/subversion/tests/libsvn_subr/path-test.c:731 4
/Users/zhouyangjia/source/subversion-1.8.10/subversion/tests/libsvn_repos/repos-test.c:1383 0
/Users/zhouyangjia/source/subversion-1.8.10/subversion/mod_dav_svn/liveprops.c:744 0
/Users/zhouyangjia/source/subversion-1.8.10/subversion/libsvn_subr/path.c:119 0
/Users/zhouyangjia/source/subversion-1.8.10/subversion/tests/libsvn_subr/dirent_uri-test.c:302 4
/Users/zhouyangjia/source/subversion-1.8.10/subversion/tests/libsvn_subr/error-test.c:93 0
/Users/zhouyangjia/source/subversion-1.8.10/subversion/svn/svn.c:1890 0
/Users/zhouyangjia/source/subversion-1.8.10/tools/dev/fsfs-reorg.c:2516 0
/Users/zhouyangjia/source/subversion-1.8.10/subversion/tests/libsvn_fs/locks-test.c:755 0
/Users/zhouyangjia/source/subversion-1.8.10/subversion/libsvn_subr/io.c:2009 4
/Users/zhouyangjia/source/subversion-1.8.10/subversion/svnserve/serve.c:1908 0
/Users/zhouyangjia/source/subversion-1.8.10/subversion/libsvn_subr/cmdline.c:1143 4
/Users/zhouyangjia/source/subversion-1.8.10/subversion/libsvn_wc/wc_db.c:9818 0
/Users/zhouyangjia/source/subversion-1.8.10/subversion/libsvn_ra_svn/cyrus_auth.c:671 0
/Users/zhouyangjia/source/subversion-1.8.10/subversion/libsvn_client/copy.c:740 4
/Users/zhouyangjia/source/subversion-1.8.10/subversion/libsvn_wc/wc_db.c:10223 0
/Users/zhouyangjia/source/subversion-1.8.10/subversion/tests/libsvn_wc/op-depth-test.c:223 4
/Users/zhouyangjia/source/subversion-1.8.10/subversion/libsvn_subr/log.c:275 0
/Users/zhouyangjia/source/subversion-1.8.10/subversion/svnversion/svnversion.c:286 1
/Users/zhouyangjia/source/subversion-1.8.10/subversion/libsvn_ra/ra_loader.c:1006 0
/Users/zhouyangjia/source/subversion-1.8.10/subversion/svn/merge-cmd.c:174 4
/Users/zhouyangjia/source/subversion-1.8.10/subversion/tests/libsvn_wc/db-test.c:442 0
/Users/zhouyangjia/source/subversion-1.8.10/subversion/tests/libsvn_fs/locks-test.c:226 4
/Users/zhouyangjia/source/subversion-1.8.10/subversion/tests/libsvn_subr/path-test.c:1039 4
/Users/zhouyangjia/source/subversion-1.8.10/subversion/mod_dav_svn/activity.c:213 0
/Users/zhouyangjia/source/subversion-1.8.10/subversion/libsvn_wc/wc_db.c:5363 0
/Users/zhouyangjia/source/subversion-1.8.10/subversion/libsvn_ra/debug_reporter.c:108 2
/Users/zhouyangjia/source/subversion-1.8.10/subversion/libsvn_repos/rev_hunt.c:463 0
/Users/zhouyangjia/source/subversion-1.8.10/subversion/libsvn_subr/dirent_uri.c:1201 0
/Users/zhouyangjia/source/subversion-1.8.10/subversion/libsvn_wc/wc_db.c:13776 0
/Users/zhouyangjia/source/subversion-1.8.10/subversion/tests/libsvn_wc/op-depth-test.c:2103 0
/Users/zhouyangjia/source/subversion-1.8.10/subversion/libsvn_wc/wc_db_pristine.c:898 0
/Users/zhouyangjia/source/subversion-1.8.10/subversion/libsvn_delta/version.c:1013 1
/Users/zhouyangjia/source/subversion-1.8.10/subversion/tests/svn_test_main.c:523 4
/Users/zhouyangjia/source/subversion-1.8.10/subversion/libsvn_subr/cmdline.c:1015 4
/Users/zhouyangjia/source/subversion-1.8.10/subversion/libsvn_subr/lock.c:890 0
/Users/zhouyangjia/source/subversion-1.8.10/subversion/libsvn_ra_svn/editorp.c:399 0
/Users/zhouyangjia/source/subversion-1.8.10/subversion/tests/libsvn_repos/repos-test.c:3130 0
/Users/zhouyangjia/source/subversion-1.8.10/subversion/tests/libsvn_subr/path-test.c:529 4
/Users/zhouyangjia/source/subversion-1.8.10/subversion/svnrdump/dump_editor.c:632 1
/Users/zhouyangjia/source/subversion-1.8.10/subversion/tests/libsvn_wc/conflict-data-test.c:80 0
/Users/zhouyangjia/source/subversion-1.8.10/subversion/libsvn_fs_fs/fs_fs.c:2852 4
/Users/zhouyangjia/source/subversion-1.8.10/subversion/libsvn_ra_svn/marshal.c:1607 1
/Users/zhouyangjia/source/subversion-1.8.10/tools/dev/fsfs-reorg.c:904 0
/Users/zhouyangjia/source/subversion-1.8.10/subversion/svn/info-cmd.c:677 4
/Users/zhouyangjia/source/subversion-1.8.10/subversion/mod_dav_svn/liveprops.c:707 4
/Users/zhouyangjia/source/subversion-1.8.10/subversion/libsvn_subr/opt.c:369 1
/Users/zhouyangjia/source/subversion-1.8.10/subversion/libsvn_ra/ra_loader.c:1105 0
/Users/zhouyangjia/source/subversion-1.8.10/tools/server-side/svnauthz.c:646 0
/Users/zhouyangjia/source/subversion-1.8.10/subversion/libsvn_diff/diff_file.c:2175 0
/Users/zhouyangjia/source/subversion-1.8.10/subversion/libsvn_diff/diff_file.c:1227 0
/Users/zhouyangjia/source/subversion-1.8.10/subversion/libsvn_client/update.c:551 0
/Users/zhouyangjia/source/subversion-1.8.10/subversion/tests/libsvn_wc/wc-test.c:196 0
/Users/zhouyangjia/source/subversion-1.8.10/subversion/libsvn_fs_fs/fs_fs.c:3383 0
/Users/zhouyangjia/source/subversion-1.8.10/subversion/libsvn_subr/cmdline.c:1022 4
/Users/zhouyangjia/source/subversion-1.8.10/subversion/libsvn_wc/wc_db.c:11341 0
/Users/zhouyangjia/source/subversion-1.8.10/subversion/libsvn_delta/version.c:91 0
/Users/zhouyangjia/source/subversion-1.8.10/subversion/libsvn_client/merge.c:590 0
/Users/zhouyangjia/source/subversion-1.8.10/subversion/libsvn_delta/debug_editor.c:348 0
/Users/zhouyangjia/source/subversion-1.8.10/subversion/libsvn_wc/crop.c:326 4
/Users/zhouyangjia/source/subversion-1.8.10/subversion/libsvn_wc/entries.c:1043 4
/Users/zhouyangjia/source/subversion-1.8.10/subversion/tests/libsvn_wc/db-test.c:962 0
/Users/zhouyangjia/source/subversion-1.8.10/subversion/libsvn_wc/conflicts.c:1017 0
/Users/zhouyangjia/source/subversion-1.8.10/tools/client-side/svn-bench/svn-bench.c:399 4
/Users/zhouyangjia/source/subversion-1.8.10/subversion/mod_dav_svn/reports/file-revs.c:302 4
/Users/zhouyangjia/source/subversion-1.8.10/subversion/tests/libsvn_wc/op-depth-test.c:7442 0
/Users/zhouyangjia/source/subversion-1.8.10/subversion/libsvn_diff/diff_file.c:1645 1
/Users/zhouyangjia/source/subversion-1.8.10/subversion/libsvn_wc/wc_db.c:5720 0
/Users/zhouyangjia/source/subversion-1.8.10/subversion/libsvn_wc/entries.c:2397 4
/Users/zhouyangjia/source/subversion-1.8.10/subversion/libsvn_ra_svn/marshal.c:1722 0
/Users/zhouyangjia/source/subversion-1.8.10/subversion/libsvn_subr/error.c:520 0
/Users/zhouyangjia/source/subversion-1.8.10/subversion/libsvn_subr/opt.c:182 0
/Users/zhouyangjia/source/subversion-1.8.10/subversion/libsvn_client/merge.c:3062 0
/Users/zhouyangjia/source/subversion-1.8.10/subversion/tests/libsvn_wc/op-depth-test.c:4742 4
/Users/zhouyangjia/source/subversion-1.8.10/subversion/libsvn_client/externals.c:1038 0
/Users/zhouyangjia/source/subversion-1.8.10/subversion/tests/libsvn_wc/db-test.c:1124 0
/Users/zhouyangjia/source/subversion-1.8.10/subversion/tests/libsvn_wc/db-test.c:580 0
/Users/zhouyangjia/source/subversion-1.8.10/subversion/libsvn_client/delete.c:355 4
/Users/zhouyangjia/source/subversion-1.8.10/subversion/svnserve/serve.c:3270 4
/Users/zhouyangjia/source/subversion-1.8.10/subversion/svn/switch-cmd.c:117 0
/Users/zhouyangjia/source/subversion-1.8.10/subversion/svnserve/serve.c:3140 0
/Users/zhouyangjia/source/subversion-1.8.10/subversion/libsvn_wc/wc_db.c:2993 0
/Users/zhouyangjia/source/subversion-1.8.10/subversion/libsvn_ra/ra_loader.c:973 0
/Users/zhouyangjia/source/subversion-1.8.10/subversion/libsvn_subr/checksum.c:80 0
/Users/zhouyangjia/source/subversion-1.8.10/subversion/libsvn_delta/svndiff.c:98 0
/Users/zhouyangjia/source/subversion-1.8.10/subversion/tests/libsvn_subr/named_atomic-test.c:574 0
/Users/zhouyangjia/source/subversion-1.8.10/subversion/libsvn_client/merge.c:10204 4
/Users/zhouyangjia/source/subversion-1.8.10/subversion/tests/libsvn_diff/diff-diff3-test.c:407 1
/Users/zhouyangjia/source/subversion-1.8.10/subversion/tests/libsvn_fs/fs-test.c:4121 0
/Users/zhouyangjia/source/subversion-1.8.10/subversion/libsvn_wc/old-and-busted.c:845 4
/Users/zhouyangjia/source/subversion-1.8.10/subversion/tests/libsvn_fs/fs-test.c:4360 0
/Users/zhouyangjia/source/subversion-1.8.10/subversion/mod_authz_svn/mod_authz_svn.c:322 0
/Users/zhouyangjia/source/subversion-1.8.10/subversion/svnserve/serve.c:1604 0
/Users/zhouyangjia/source/subversion-1.8.10/subversion/tests/libsvn_wc/pristine-store-test.c:190 0
/Users/zhouyangjia/source/subversion-1.8.10/subversion/libsvn_wc/wc_db_pristine.c:73 0
/Users/zhouyangjia/source/subversion-1.8.10/subversion/svn/resolved-cmd.c:54 0
/Users/zhouyangjia/source/subversion-1.8.10/subversion/svn/file-merge.c:501 4
/Users/zhouyangjia/source/subversion-1.8.10/subversion/libsvn_subr/types.c:47 4
/Users/zhouyangjia/source/subversion-1.8.10/subversion/libsvn_ra_svn/marshal.c:525 1
/Users/zhouyangjia/source/subversion-1.8.10/subversion/tests/libsvn_subr/path-test.c:575 4
/Users/zhouyangjia/source/subversion-1.8.10/subversion/svnadmin/svnadmin.c:1744 1
/Users/zhouyangjia/source/subversion-1.8.10/subversion/svn/svn.c:2687 4
/Users/zhouyangjia/source/subversion-1.8.10/subversion/libsvn_ra_svn/marshal.c:2138 1
/Users/zhouyangjia/source/subversion-1.8.10/subversion/libsvn_ra_svn/marshal.c:81 0
/Users/zhouyangjia/source/subversion-1.8.10/subversion/mod_dav_svn/mod_dav_svn.c:254 4
/Users/zhouyangjia/source/subversion-1.8.10/subversion/libsvn_wc/entries.c:875 0
/Users/zhouyangjia/source/subversion-1.8.10/subversion/svnserve/serve.c:2865 0
/Users/zhouyangjia/source/subversion-1.8.10/subversion/svnrdump/load_editor.c:381 4
/Users/zhouyangjia/source/subversion-1.8.10/tools/server-side/fsfs-stats.c:2084 1
/Users/zhouyangjia/source/subversion-1.8.10/subversion/svnserve/serve.c:3083 0
/Users/zhouyangjia/source/subversion-1.8.10/subversion/libsvn_wc/node.c:1046 4
/Users/zhouyangjia/source/subversion-1.8.10/subversion/svn/merge-cmd.c:429 4
/Users/zhouyangjia/source/subversion-1.8.10/subversion/tests/libsvn_fs/fs-test.c:372 4
/Users/zhouyangjia/source/subversion-1.8.10/subversion/svn/svn.c:2163 0
/Users/zhouyangjia/source/subversion-1.8.10/subversion/libsvn_subr/utf.c:138 0
/Users/zhouyangjia/source/subversion-1.8.10/subversion/libsvn_fs_fs/fs_fs.c:7418 0
/Users/zhouyangjia/source/subversion-1.8.10/subversion/libsvn_ra_svn/marshal.c:2268 1
/Users/zhouyangjia/source/subversion-1.8.10/subversion/tests/libsvn_fs/fs-test.c:4542 4
/Users/zhouyangjia/source/subversion-1.8.10/subversion/libsvn_delta/compat.c:1544 0
/Users/zhouyangjia/source/subversion-1.8.10/subversion/libsvn_subr/subst.c:1531 0
/Users/zhouyangjia/source/subversion-1.8.10/subversion/svnadmin/svnadmin.c:2101 4
/Users/zhouyangjia/source/subversion-1.8.10/subversion/tests/libsvn_fs/fs-test.c:4066 0
/Users/zhouyangjia/source/subversion-1.8.10/subversion/tests/libsvn_repos/repos-test.c:1707 2
/Users/zhouyangjia/source/subversion-1.8.10/subversion/tests/libsvn_wc/wc-queries-test.c:701 4
/Users/zhouyangjia/source/subversion-1.8.10/subversion/libsvn_subr/config_file.c:1234 0
/Users/zhouyangjia/source/subversion-1.8.10/tools/dev/fsfs-access-map.c:295 0
/Users/zhouyangjia/source/subversion-1.8.10/subversion/libsvn_ra_svn/editorp.c:201 0
/Users/zhouyangjia/source/subversion-1.8.10/subversion/libsvn_subr/utf.c:791 4
/Users/zhouyangjia/source/subversion-1.8.10/subversion/tests/libsvn_wc/db-test.c:951 0
/Users/zhouyangjia/source/subversion-1.8.10/subversion/mod_dav_svn/reports/get-location-segments.c:129 4
/Users/zhouyangjia/source/subversion-1.8.10/subversion/libsvn_fs_fs/fs_fs.c:3184 0
/Users/zhouyangjia/source/subversion-1.8.10/subversion/libsvn_subr/sqlite.c:691 0
/Users/zhouyangjia/source/subversion-1.8.10/subversion/svnadmin/svnadmin.c:2026 0
/Users/zhouyangjia/source/subversion-1.8.10/tools/client-side/svn-bench/svn-bench.c:371 0
/Users/zhouyangjia/source/subversion-1.8.10/subversion/tests/svn_test_main.c:364 1
/Users/zhouyangjia/source/subversion-1.8.10/subversion/mod_dav_svn/liveprops.c:495 0
/Users/zhouyangjia/source/subversion-1.8.10/subversion/svnlook/svnlook.c:1923 0
/Users/zhouyangjia/source/subversion-1.8.10/subversion/libsvn_diff/diff_file.c:2274 1
/Users/zhouyangjia/source/subversion-1.8.10/subversion/svn/log-cmd.c:741 4
/Users/zhouyangjia/source/subversion-1.8.10/subversion/libsvn_fs_fs/fs_fs.c:2173 4
/Users/zhouyangjia/source/subversion-1.8.10/subversion/tests/libsvn_subr/spillbuf-test.c:268 0
/Users/zhouyangjia/source/subversion-1.8.10/subversion/libsvn_wc/wc_db.c:2533 4
/Users/zhouyangjia/source/subversion-1.8.10/subversion/svnlook/svnlook.c:1077 1
/Users/zhouyangjia/source/subversion-1.8.10/subversion/tests/libsvn_diff/diff-diff3-test.c:206 4
/Users/zhouyangjia/source/subversion-1.8.10/subversion/tests/libsvn_wc/db-test.c:970 0
/Users/zhouyangjia/source/subversion-1.8.10/subversion/tests/libsvn_wc/db-test.c:463 4
/Users/zhouyangjia/source/subversion-1.8.10/subversion/svn/propedit-cmd.c:86 4
/Users/zhouyangjia/source/subversion-1.8.10/subversion/tests/libsvn_subr/named_atomic-test.c:492 0
/Users/zhouyangjia/source/subversion-1.8.10/subversion/libsvn_client/update.c:554 0
/Users/zhouyangjia/source/subversion-1.8.10/subversion/libsvn_ra_svn/marshal.c:856 2
/Users/zhouyangjia/source/subversion-1.8.10/subversion/svnlook/svnlook.c:2233 1
/Users/zhouyangjia/source/subversion-1.8.10/subversion/tests/libsvn_wc/op-depth-test.c:2047 0
/Users/zhouyangjia/source/subversion-1.8.10/subversion/libsvn_repos/repos.c:297 0
/Users/zhouyangjia/source/subversion-1.8.10/subversion/libsvn_wc/wc_db.c:9430 0
/Users/zhouyangjia/source/subversion-1.8.10/subversion/tests/libsvn_fs/fs-test.c:2256 0
/Users/zhouyangjia/source/subversion-1.8.10/subversion/libsvn_client/add.c:1026 0
/Users/zhouyangjia/source/subversion-1.8.10/subversion/tests/libsvn_diff/parse-diff-test.c:451 0
/Users/zhouyangjia/source/subversion-1.8.10/subversion/svnserve/serve.c:1561 0
/Users/zhouyangjia/source/subversion-1.8.10/subversion/libsvn_repos/dump.c:1100 0
/Users/zhouyangjia/source/subversion-1.8.10/subversion/libsvn_subr/debug.c:90 0
/Users/zhouyangjia/source/subversion-1.8.10/subversion/libsvn_ra_svn/client.c:924 0
/Users/zhouyangjia/source/subversion-1.8.10/subversion/libsvn_subr/spillbuf.c:612 0
/Users/zhouyangjia/source/subversion-1.8.10/tools/server-side/fsfs-stats.c:2061 1
/Users/zhouyangjia/source/subversion-1.8.10/subversion/svn/add-cmd.c:100 4
/Users/zhouyangjia/source/subversion-1.8.10/subversion/svnsync/svnsync.c:2149 0
/Users/zhouyangjia/source/subversion-1.8.10/subversion/tests/libsvn_wc/op-depth-test.c:5635 0
/Users/zhouyangjia/source/subversion-1.8.10/subversion/svn/copy-cmd.c:149 0
/Users/zhouyangjia/source/subversion-1.8.10/subversion/tests/libsvn_subr/checksum-test.c:79 0
/Users/zhouyangjia/source/subversion-1.8.10/subversion/libsvn_fs_fs/fs_fs.c:7705 0
/Users/zhouyangjia/source/subversion-1.8.10/subversion/svnsync/svnsync.c:327 2
/Users/zhouyangjia/source/subversion-1.8.10/subversion/libsvn_wc/wc_db_pristine.c:863 0
/Users/zhouyangjia/source/subversion-1.8.10/subversion/libsvn_wc/wc_db.c:13252 0
/Users/zhouyangjia/source/subversion-1.8.10/subversion/libsvn_subr/sqlite.c:770 0
/Users/zhouyangjia/source/subversion-1.8.10/subversion/libsvn_repos/commit.c:1261 0
/Users/zhouyangjia/source/subversion-1.8.10/subversion/libsvn_subr/opt.c:347 1
/Users/zhouyangjia/source/subversion-1.8.10/subversion/libsvn_ra_svn/cyrus_auth.c:226 0
/Users/zhouyangjia/source/subversion-1.8.10/subversion/tests/libsvn_subr/skel-test.c:880 4
/Users/zhouyangjia/source/subversion-1.8.10/subversion/libsvn_repos/commit.c:169 1
/Users/zhouyangjia/source/subversion-1.8.10/subversion/libsvn_fs/fs-loader.c:1477 0
/Users/zhouyangjia/source/subversion-1.8.10/subversion/tests/libsvn_diff/parse-diff-test.c:447 0
/Users/zhouyangjia/source/subversion-1.8.10/subversion/libsvn_ra_svn/client.c:297 0
/Users/zhouyangjia/source/subversion-1.8.10/subversion/mod_dav_svn/liveprops.c:793 0
/Users/zhouyangjia/source/subversion-1.8.10/subversion/tests/libsvn_wc/db-test.c:860 0
/Users/zhouyangjia/source/subversion-1.8.10/subversion/tests/libsvn_wc/wc-queries-test.c:576 0
/Users/zhouyangjia/source/subversion-1.8.10/subversion/tests/libsvn_subr/dirent_uri-test.c:310 4
/Users/zhouyangjia/source/subversion-1.8.10/subversion/svn/cleanup-cmd.c:80 0
/Users/zhouyangjia/source/subversion-1.8.10/subversion/libsvn_fs_fs/fs_fs.c:11363 4
/Users/zhouyangjia/source/subversion-1.8.10/subversion/tests/libsvn_subr/spillbuf-test.c:295 1
/Users/zhouyangjia/source/subversion-1.8.10/subversion/tests/libsvn_fs_fs/fs-pack-test.c:329 4
/Users/zhouyangjia/source/subversion-1.8.10/subversion/libsvn_subr/opt.c:416 4
/Users/zhouyangjia/source/subversion-1.8.10/subversion/svnadmin/svnadmin.c:2126 0
/Users/zhouyangjia/source/subversion-1.8.10/subversion/libsvn_wc/wc_db.c:13159 0
/Users/zhouyangjia/source/subversion-1.8.10/subversion/tests/libsvn_subr/compat-test.c:143 4
/Users/zhouyangjia/source/subversion-1.8.10/subversion/libsvn_ra_svn/client.c:1907 4
/Users/zhouyangjia/source/subversion-1.8.10/subversion/tests/libsvn_diff/parse-diff-test.c:584 0
/Users/zhouyangjia/source/subversion-1.8.10/subversion/svnmucc/svnmucc.c:926 1
/Users/zhouyangjia/source/subversion-1.8.10/subversion/libsvn_fs_fs/fs_fs.c:6165 4
/Users/zhouyangjia/source/subversion-1.8.10/subversion/svn/blame-cmd.c:80 0
/Users/zhouyangjia/source/subversion-1.8.10/subversion/libsvn_fs_util/fs-util.c:132 0
/Users/zhouyangjia/source/subversion-1.8.10/subversion/tests/libsvn_subr/string-test.c:388 4
/Users/zhouyangjia/source/subversion-1.8.10/subversion/libsvn_wc/wc_db.c:11843 0
/Users/zhouyangjia/source/subversion-1.8.10/subversion/libsvn_repos/commit.c:1049 0
/Users/zhouyangjia/source/subversion-1.8.10/subversion/svn/merge-cmd.c:451 0
/Users/zhouyangjia/source/subversion-1.8.10/subversion/svn/conflict-callbacks.c:981 0
/Users/zhouyangjia/source/subversion-1.8.10/subversion/libsvn_ra_svn/client.c:431 4
/Users/zhouyangjia/source/subversion-1.8.10/subversion/libsvn_delta/text_delta.c:568 0
/Users/zhouyangjia/source/subversion-1.8.10/subversion/svndumpfilter/svndumpfilter.c:690 4
/Users/zhouyangjia/source/subversion-1.8.10/subversion/libsvn_client/cat.c:246 4
/Users/zhouyangjia/source/subversion-1.8.10/subversion/libsvn_wc/wc_db.c:3222 0
/Users/zhouyangjia/source/subversion-1.8.10/subversion/svn/info-cmd.c:319 1
/Users/zhouyangjia/source/subversion-1.8.10/subversion/libsvn_diff/diff_memory.c:970 1
/Users/zhouyangjia/source/subversion-1.8.10/subversion/libsvn_wc/wc_db.c:8735 0
/Users/zhouyangjia/source/subversion-1.8.10/subversion/libsvn_client/status.c:290 0
/Users/zhouyangjia/source/subversion-1.8.10/subversion/libsvn_client/merge.c:10153 4
/Users/zhouyangjia/source/subversion-1.8.10/subversion/libsvn_wc/wc_db.c:2612 0
/Users/zhouyangjia/source/subversion-1.8.10/subversion/libsvn_ra_svn/marshal.c:1951 0
/Users/zhouyangjia/source/subversion-1.8.10/subversion/libsvn_wc/old-and-busted.c:202 4
/Users/zhouyangjia/source/subversion-1.8.10/subversion/libsvn_subr/log.c:344 0
/Users/zhouyangjia/source/subversion-1.8.10/subversion/libsvn_delta/debug_editor.c:56 2
/Users/zhouyangjia/source/subversion-1.8.10/subversion/libsvn_wc/workqueue.c:1181 0
/Users/zhouyangjia/source/subversion-1.8.10/subversion/libsvn_client/merge.c:11513 4
/Users/zhouyangjia/source/subversion-1.8.10/subversion/libsvn_ra_svn/marshal.c:808 0
/Users/zhouyangjia/source/subversion-1.8.10/subversion/libsvn_fs_fs/fs_fs.c:8102 0
/Users/zhouyangjia/source/subversion-1.8.10/subversion/tests/libsvn_repos/repos-test.c:949 4
/Users/zhouyangjia/source/subversion-1.8.10/subversion/libsvn_wc/wc_db.c:9489 0
/Users/zhouyangjia/source/subversion-1.8.10/subversion/libsvn_wc/update_editor.c:5274 4
