/Users/zhouyangjia/source/postgresql-9.3.5/src/backend/utils/adt/formatting.c:2139 4
/Users/zhouyangjia/source/postgresql-9.3.5/src/backend/utils/adt/regproc.c:120 4
/Users/zhouyangjia/source/postgresql-9.3.5/src/interfaces/ecpg/pgtypeslib/dt_common.c:712 0
/Users/zhouyangjia/source/postgresql-9.3.5/src/backend/utils/adt/tsrank.c:382 0
/Users/zhouyangjia/source/postgresql-9.3.5/src/backend/catalog/aclchk.c:536 4
/Users/zhouyangjia/source/postgresql-9.3.5/src/backend/parser/parse_utilcmd.c:2084 4
/Users/zhouyangjia/source/postgresql-9.3.5/src/backend/utils/adt/rowtypes.c:1155 4
/Users/zhouyangjia/source/postgresql-9.3.5/src/backend/nodes/outfuncs.c:3081 0
/Users/zhouyangjia/source/postgresql-9.3.5/src/backend/access/transam/varsup.c:133 4
/Users/zhouyangjia/source/postgresql-9.3.5/src/timezone/zic.c:1050 0
/Users/zhouyangjia/source/postgresql-9.3.5/src/backend/commands/tablecmds.c:4889 0
/Users/zhouyangjia/source/postgresql-9.3.5/src/backend/postmaster/pgstat.c:4667 4
/Users/zhouyangjia/source/postgresql-9.3.5/src/backend/commands/vacuumlazy.c:1573 0
/Users/zhouyangjia/source/postgresql-9.3.5/src/backend/utils/adt/acl.c:261 4
/Users/zhouyangjia/source/postgresql-9.3.5/src/backend/replication/syncrep.c:444 2
/Users/zhouyangjia/source/postgresql-9.3.5/src/backend/commands/typecmds.c:458 4
/Users/zhouyangjia/source/postgresql-9.3.5/src/backend/storage/ipc/procarray.c:776 0
/Users/zhouyangjia/source/postgresql-9.3.5/src/backend/tcop/utility.c:260 4
/Users/zhouyangjia/source/postgresql-9.3.5/src/backend/catalog/aclchk.c:1755 4
/Users/zhouyangjia/source/postgresql-9.3.5/src/backend/access/hash/hashutil.c:190 4
/Users/zhouyangjia/source/postgresql-9.3.5/src/backend/catalog/objectaddress.c:1107 4
/Users/zhouyangjia/source/postgresql-9.3.5/src/bin/pg_config/pg_config.c:453 1
/Users/zhouyangjia/source/postgresql-9.3.5/src/backend/commands/typecmds.c:3496 4
/Users/zhouyangjia/source/postgresql-9.3.5/src/backend/utils/adt/geo_ops.c:2077 0
/Users/zhouyangjia/source/postgresql-9.3.5/src/backend/utils/adt/float.c:1223 4
/Users/zhouyangjia/source/postgresql-9.3.5/src/bin/pg_dump/pg_dumpall.c:1991 1
/Users/zhouyangjia/source/postgresql-9.3.5/src/backend/access/transam/xact.c:4303 0
/Users/zhouyangjia/source/postgresql-9.3.5/src/pl/plpgsql/src/pl_exec.c:3513 4
/Users/zhouyangjia/source/postgresql-9.3.5/src/backend/parser/parse_cte.c:417 4
/Users/zhouyangjia/source/postgresql-9.3.5/src/pl/plpgsql/src/pl_funcs.c:751 1
/Users/zhouyangjia/source/postgresql-9.3.5/src/backend/utils/adt/arrayfuncs.c:260 4
/Users/zhouyangjia/source/postgresql-9.3.5/src/backend/commands/tablecmds.c:5060 4
/Users/zhouyangjia/source/postgresql-9.3.5/src/backend/commands/tablecmds.c:5436 4
/Users/zhouyangjia/source/postgresql-9.3.5/src/backend/tcop/postgres.c:1671 4
/Users/zhouyangjia/source/postgresql-9.3.5/src/backend/commands/foreigncmds.c:1305 4
/Users/zhouyangjia/source/postgresql-9.3.5/src/backend/commands/async.c:643 2
/Users/zhouyangjia/source/postgresql-9.3.5/src/backend/catalog/objectaddress.c:2376 4
/Users/zhouyangjia/source/postgresql-9.3.5/src/backend/nodes/outfuncs.c:1660 0
/Users/zhouyangjia/source/postgresql-9.3.5/src/backend/utils/adt/xml.c:224 0
/Users/zhouyangjia/source/postgresql-9.3.5/src/pl/plpgsql/src/pl_funcs.c:1523 1
/Users/zhouyangjia/source/postgresql-9.3.5/src/backend/access/nbtree/nbtinsert.c:1074 4
/Users/zhouyangjia/source/postgresql-9.3.5/src/pl/plpgsql/src/pl_scanner.c:565 4
/Users/zhouyangjia/source/postgresql-9.3.5/src/backend/utils/adt/float.c:582 0
/Users/zhouyangjia/source/postgresql-9.3.5/src/backend/utils/adt/timestamp.c:3386 4
/Users/zhouyangjia/source/postgresql-9.3.5/src/backend/access/common/reloptions.c:1009 4
/Users/zhouyangjia/source/postgresql-9.3.5/src/bin/pg_dump/pg_backup_archiver.c:170 0
/Users/zhouyangjia/source/postgresql-9.3.5/src/backend/utils/time/snapmgr.c:859 4
/Users/zhouyangjia/source/postgresql-9.3.5/src/backend/utils/sort/tuplestore.c:1011 4
/Users/zhouyangjia/source/postgresql-9.3.5/src/bin/pg_config/pg_config.c:430 1
/Users/zhouyangjia/source/postgresql-9.3.5/src/backend/catalog/objectaddress.c:875 4
/Users/zhouyangjia/source/postgresql-9.3.5/src/backend/commands/tablecmds.c:5290 4
/Users/zhouyangjia/source/postgresql-9.3.5/src/bin/pg_basebackup/pg_basebackup.c:1055 0
/Users/zhouyangjia/source/postgresql-9.3.5/src/backend/access/transam/slru.c:921 4
/Users/zhouyangjia/source/postgresql-9.3.5/src/backend/commands/copy.c:2565 4
/Users/zhouyangjia/source/postgresql-9.3.5/src/backend/utils/adt/pg_locale.c:1024 4
/Users/zhouyangjia/source/postgresql-9.3.5/src/backend/access/nbtree/nbtinsert.c:1697 4
/Users/zhouyangjia/source/postgresql-9.3.5/src/backend/commands/extension.c:427 0
/Users/zhouyangjia/source/postgresql-9.3.5/contrib/spi/autoinc.c:117 4
/Users/zhouyangjia/source/postgresql-9.3.5/src/backend/executor/execQual.c:3118 4
/Users/zhouyangjia/source/postgresql-9.3.5/src/backend/catalog/pg_constraint.c:657 4
/Users/zhouyangjia/source/postgresql-9.3.5/src/backend/utils/adt/varbit.c:175 4
/Users/zhouyangjia/source/postgresql-9.3.5/src/backend/parser/parse_utilcmd.c:873 0
/Users/zhouyangjia/source/postgresql-9.3.5/src/backend/catalog/namespace.c:654 4
/Users/zhouyangjia/source/postgresql-9.3.5/src/backend/utils/adt/varchar.c:235 0
/Users/zhouyangjia/source/postgresql-9.3.5/src/backend/utils/adt/int8.c:844 4
/Users/zhouyangjia/source/postgresql-9.3.5/src/backend/utils/adt/int8.c:638 4
/Users/zhouyangjia/source/postgresql-9.3.5/src/bin/pg_basebackup/pg_receivexlog.c:62 1
/Users/zhouyangjia/source/postgresql-9.3.5/src/bin/pg_dump/parallel.c:1214 4
/Users/zhouyangjia/source/postgresql-9.3.5/src/backend/postmaster/pgstat.c:3525 4
/Users/zhouyangjia/source/postgresql-9.3.5/src/backend/commands/cluster.c:1344 4
/Users/zhouyangjia/source/postgresql-9.3.5/src/pl/plpgsql/src/pl_funcs.c:1201 1
/Users/zhouyangjia/source/postgresql-9.3.5/src/bin/initdb/initdb.c:656 0
/Users/zhouyangjia/source/postgresql-9.3.5/src/backend/utils/adt/formatting.c:2507 0
/Users/zhouyangjia/source/postgresql-9.3.5/src/backend/parser/parse_target.c:934 4
/Users/zhouyangjia/source/postgresql-9.3.5/src/backend/commands/tablecmds.c:1236 4
/Users/zhouyangjia/source/postgresql-9.3.5/src/backend/snowball/libstemmer/stem_ISO_8859_1_spanish.c:541 0
/Users/zhouyangjia/source/postgresql-9.3.5/src/backend/nodes/outfuncs.c:2828 0
/Users/zhouyangjia/source/postgresql-9.3.5/src/backend/commands/tablespace.c:595 0
/Users/zhouyangjia/source/postgresql-9.3.5/src/backend/libpq/hba.c:1538 0
/Users/zhouyangjia/source/postgresql-9.3.5/src/backend/commands/indexcmds.c:1158 4
/Users/zhouyangjia/source/postgresql-9.3.5/src/backend/optimizer/plan/createplan.c:2366 4
/Users/zhouyangjia/source/postgresql-9.3.5/src/backend/commands/tablecmds.c:3162 4
/Users/zhouyangjia/source/postgresql-9.3.5/src/backend/utils/adt/geo_ops.c:3477 4
/Users/zhouyangjia/source/postgresql-9.3.5/src/backend/utils/cache/relmapper.c:628 4
/Users/zhouyangjia/source/postgresql-9.3.5/src/backend/utils/adt/float.c:1537 4
/Users/zhouyangjia/source/postgresql-9.3.5/src/backend/commands/user.c:1086 4
/Users/zhouyangjia/source/postgresql-9.3.5/src/backend/utils/adt/arrayfuncs.c:545 4
/Users/zhouyangjia/source/postgresql-9.3.5/src/backend/commands/tablespace.c:705 4
/Users/zhouyangjia/source/postgresql-9.3.5/src/backend/commands/tablecmds.c:1479 4
/Users/zhouyangjia/source/postgresql-9.3.5/src/backend/commands/functioncmds.c:1541 0
/Users/zhouyangjia/source/postgresql-9.3.5/src/backend/replication/walreceiver.c:433 0
/Users/zhouyangjia/source/postgresql-9.3.5/src/backend/commands/typecmds.c:2675 4
/Users/zhouyangjia/source/postgresql-9.3.5/src/backend/parser/parse_target.c:428 4
/Users/zhouyangjia/source/postgresql-9.3.5/src/backend/utils/sort/tuplesort.c:779 4
/Users/zhouyangjia/source/postgresql-9.3.5/src/backend/storage/ipc/ipc.c:183 2
/Users/zhouyangjia/source/postgresql-9.3.5/src/backend/utils/adt/formatting.c:2687 0
/Users/zhouyangjia/source/postgresql-9.3.5/src/backend/main/main.c:309 1
/Users/zhouyangjia/source/postgresql-9.3.5/src/backend/commands/cluster.c:1236 4
/Users/zhouyangjia/source/postgresql-9.3.5/src/bin/psql/large_obj.c:256 4
/Users/zhouyangjia/source/postgresql-9.3.5/src/bin/pg_dump/pg_backup_directory.c:201 0
/Users/zhouyangjia/source/postgresql-9.3.5/src/backend/replication/walsender.c:724 4
/Users/zhouyangjia/source/postgresql-9.3.5/src/backend/optimizer/path/allpaths.c:1402 4
/Users/zhouyangjia/source/postgresql-9.3.5/src/backend/catalog/pg_depend.c:48 0
/Users/zhouyangjia/source/postgresql-9.3.5/src/backend/utils/adt/numeric.c:2531 4
/Users/zhouyangjia/source/postgresql-9.3.5/src/backend/utils/adt/regproc.c:1494 4
/Users/zhouyangjia/source/postgresql-9.3.5/src/backend/storage/ipc/procsignal.c:278 0
/Users/zhouyangjia/source/postgresql-9.3.5/src/backend/parser/parse_func.c:1689 4
/Users/zhouyangjia/source/postgresql-9.3.5/src/backend/parser/parse_type.c:283 4
/Users/zhouyangjia/source/postgresql-9.3.5/src/backend/storage/buffer/bufmgr.c:1057 0
/Users/zhouyangjia/source/postgresql-9.3.5/src/backend/utils/cache/typcache.c:245 0
/Users/zhouyangjia/source/postgresql-9.3.5/src/backend/storage/lmgr/predicate.c:3923 4
/Users/zhouyangjia/source/postgresql-9.3.5/src/backend/executor/nodeAgg.c:1619 4
/Users/zhouyangjia/source/postgresql-9.3.5/src/backend/utils/cache/lsyscache.c:1439 4
/Users/zhouyangjia/source/postgresql-9.3.5/src/backend/nodes/outfuncs.c:1137 0
/Users/zhouyangjia/source/postgresql-9.3.5/src/backend/libpq/hba.c:1862 4
/Users/zhouyangjia/source/postgresql-9.3.5/src/backend/parser/parse_expr.c:819 4
/Users/zhouyangjia/source/postgresql-9.3.5/src/backend/utils/adt/pseudotypes.c:523 4
/Users/zhouyangjia/source/postgresql-9.3.5/src/backend/utils/adt/regproc.c:1529 4
/Users/zhouyangjia/source/postgresql-9.3.5/src/backend/tcop/postgres.c:1381 4
/Users/zhouyangjia/source/postgresql-9.3.5/src/backend/commands/tablecmds.c:4216 4
/Users/zhouyangjia/source/postgresql-9.3.5/src/interfaces/ecpg/preproc/output.c:21 0
/Users/zhouyangjia/source/postgresql-9.3.5/src/backend/utils/adt/rowtypes.c:1201 4
/Users/zhouyangjia/source/postgresql-9.3.5/src/timezone/zic.c:919 0
/Users/zhouyangjia/source/postgresql-9.3.5/src/backend/bootstrap/bootstrap.c:276 4
/Users/zhouyangjia/source/postgresql-9.3.5/src/backend/parser/parse_relation.c:981 4
/Users/zhouyangjia/source/postgresql-9.3.5/src/backend/commands/typecmds.c:1399 4
/Users/zhouyangjia/source/postgresql-9.3.5/src/backend/catalog/pg_type.c:332 0
/Users/zhouyangjia/source/postgresql-9.3.5/src/backend/commands/dbcommands.c:154 4
/Users/zhouyangjia/source/postgresql-9.3.5/src/backend/access/transam/timeline.c:485 4
/Users/zhouyangjia/source/postgresql-9.3.5/src/backend/utils/adt/ri_triggers.c:2714 4
/Users/zhouyangjia/source/postgresql-9.3.5/src/backend/commands/user.c:275 4
/Users/zhouyangjia/source/postgresql-9.3.5/src/bin/psql/describe.c:4159 1
/Users/zhouyangjia/source/postgresql-9.3.5/src/backend/parser/parse_clause.c:1873 4
/Users/zhouyangjia/source/postgresql-9.3.5/src/backend/access/transam/xlogfuncs.c:499 4
/Users/zhouyangjia/source/postgresql-9.3.5/src/backend/nodes/print.c:401 1
