/Users/zhouyangjia/source/mysql-5.6.17/storage/innobase/fsp/fsp0fsp.cc:3354 0
/Users/zhouyangjia/source/mysql-5.6.17/storage/innobase/row/row0mysql.cc:197 0
/Users/zhouyangjia/source/mysql-5.6.17/client/mysqlbinlog.cc:1683 2
/Users/zhouyangjia/source/mysql-5.6.17/tests/mysql_client_test.c:17532 4
/Users/zhouyangjia/source/mysql-5.6.17/sql/sql_update.cc:745 0
/Users/zhouyangjia/source/mysql-5.6.17/tests/mysql_client_test.c:4729 4
/Users/zhouyangjia/source/mysql-5.6.17/storage/myisammrg/ha_myisammrg.cc:459 4
/Users/zhouyangjia/source/mysql-5.6.17/storage/innobase/fsp/fsp0fsp.cc:612 0
/Users/zhouyangjia/source/mysql-5.6.17/storage/innobase/btr/btr0btr.cc:3572 0
/Users/zhouyangjia/source/mysql-5.6.17/tests/mysql_client_test.c:3243 4
/Users/zhouyangjia/source/mysql-5.6.17/storage/innobase/lock/lock0lock.cc:6707 0
/Users/zhouyangjia/source/mysql-5.6.17/cmd-line-utils/libedit/tty.c:1227 1
/Users/zhouyangjia/source/mysql-5.6.17/tests/mysql_client_test.c:8273 4
/Users/zhouyangjia/source/mysql-5.6.17/storage/innobase/trx/trx0rec.cc:836 0
/Users/zhouyangjia/source/mysql-5.6.17/client/mysqldump.c:3160 2
/Users/zhouyangjia/source/mysql-5.6.17/tests/mysql_client_test.c:162 2
/Users/zhouyangjia/source/mysql-5.6.17/client/mysql_config_editor.cc:498 0
/Users/zhouyangjia/source/mysql-5.6.17/sql/log_event.cc:7239 0
/Users/zhouyangjia/source/mysql-5.6.17/storage/innobase/page/page0page.cc:2155 4
/Users/zhouyangjia/source/mysql-5.6.17/tests/mysql_client_test.c:12878 4
/Users/zhouyangjia/source/mysql-5.6.17/storage/innobase/os/os0file.cc:5476 0
/Users/zhouyangjia/source/mysql-5.6.17/tests/mysql_client_test.c:16302 4
/Users/zhouyangjia/source/mysql-5.6.17/tests/mysql_client_test.c:12367 4
/Users/zhouyangjia/source/mysql-5.6.17/tests/mysql_client_test.c:2363 0
/Users/zhouyangjia/source/mysql-5.6.17/tests/mysql_client_test.c:8245 4
/Users/zhouyangjia/source/mysql-5.6.17/storage/innobase/fts/fts0blex.cc:1791 0
/Users/zhouyangjia/source/mysql-5.6.17/sql/rpl_slave.cc:2088 0
/Users/zhouyangjia/source/mysql-5.6.17/storage/innobase/os/os0file.cc:689 0
/Users/zhouyangjia/source/mysql-5.6.17/tests/mysql_client_test.c:18242 4
/Users/zhouyangjia/source/mysql-5.6.17/sql/sql_truncate.cc:142 0
/Users/zhouyangjia/source/mysql-5.6.17/tests/mysql_client_test.c:3311 4
/Users/zhouyangjia/source/mysql-5.6.17/sql/sql_parse.cc:6231 4
/Users/zhouyangjia/source/mysql-5.6.17/tests/mysql_client_test.c:340 4
/Users/zhouyangjia/source/mysql-5.6.17/tests/mysql_client_test.c:2999 4
/Users/zhouyangjia/source/mysql-5.6.17/tests/mysql_client_test.c:9492 4
/Users/zhouyangjia/source/mysql-5.6.17/storage/myisam/mi_check.c:2526 4
/Users/zhouyangjia/source/mysql-5.6.17/storage/innobase/row/row0purge.cc:900 0
/Users/zhouyangjia/source/mysql-5.6.17/storage/heap/hp_test2.c:279 0
/Users/zhouyangjia/source/mysql-5.6.17/tests/mysql_client_test.c:3823 4
/Users/zhouyangjia/source/mysql-5.6.17/storage/innobase/sync/sync0arr.cc:513 2
/Users/zhouyangjia/source/mysql-5.6.17/storage/innobase/row/row0purge.cc:176 0
/Users/zhouyangjia/source/mysql-5.6.17/sql/sql_show.cc:5556 0
/Users/zhouyangjia/source/mysql-5.6.17/storage/innobase/trx/trx0purge.cc:990 0
/Users/zhouyangjia/source/mysql-5.6.17/storage/innobase/page/page0zip.cc:4758 0
/Users/zhouyangjia/source/mysql-5.6.17/storage/innobase/row/row0ins.cc:1504 1
/Users/zhouyangjia/source/mysql-5.6.17/sql/partition_info.cc:463 0
/Users/zhouyangjia/source/mysql-5.6.17/storage/innobase/ut/ut0rbt.cc:588 0
/Users/zhouyangjia/source/mysql-5.6.17/storage/innobase/handler/ha_innodb.cc:6946 0
/Users/zhouyangjia/source/mysql-5.6.17/storage/innobase/page/page0page.cc:2333 4
/Users/zhouyangjia/source/mysql-5.6.17/cmd-line-utils/libedit/readline.c:1306 0
/Users/zhouyangjia/source/mysql-5.6.17/tests/mysql_client_test.c:13858 4
/Users/zhouyangjia/source/mysql-5.6.17/sql/rpl_slave.cc:819 0
/Users/zhouyangjia/source/mysql-5.6.17/sql/sql_binlog.cc:255 0
/Users/zhouyangjia/source/mysql-5.6.17/storage/myisam/mi_dynrec.c:957 0
/Users/zhouyangjia/source/mysql-5.6.17/sql/log_event.cc:8707 4
/Users/zhouyangjia/source/mysql-5.6.17/storage/innobase/row/row0mysql.cc:3283 2
/Users/zhouyangjia/source/mysql-5.6.17/extra/yassl/taocrypt/src/asn.cpp:506 0
/Users/zhouyangjia/source/mysql-5.6.17/client/mysqltest.cc:4735 4
/Users/zhouyangjia/source/mysql-5.6.17/sql/sql_optimizer.cc:6134 0
/Users/zhouyangjia/source/mysql-5.6.17/storage/myisam/myisampack.c:548 2
/Users/zhouyangjia/source/mysql-5.6.17/storage/innobase/ibuf/ibuf0ibuf.cc:4686 0
/Users/zhouyangjia/source/mysql-5.6.17/storage/innobase/os/os0file.cc:2985 4
/Users/zhouyangjia/source/mysql-5.6.17/client/mysqldump.c:2915 4
/Users/zhouyangjia/source/mysql-5.6.17/storage/innobase/row/row0sel.cc:2216 2
/Users/zhouyangjia/source/mysql-5.6.17/tests/mysql_client_test.c:7566 4
/Users/zhouyangjia/source/mysql-5.6.17/cmd-line-utils/libedit/readline.c:2143 0
/Users/zhouyangjia/source/mysql-5.6.17/client/mysqltest.cc:7791 0
/Users/zhouyangjia/source/mysql-5.6.17/sql/mysqld.cc:2533 4
/Users/zhouyangjia/source/mysql-5.6.17/tests/mysql_client_test.c:7631 4
/Users/zhouyangjia/source/mysql-5.6.17/tests/mysql_client_test.c:11368 4
/Users/zhouyangjia/source/mysql-5.6.17/mysys/thr_lock.c:1646 4
/Users/zhouyangjia/source/mysql-5.6.17/sql/sql_table.cc:1476 0
/Users/zhouyangjia/source/mysql-5.6.17/tests/mysql_client_test.c:9517 4
/Users/zhouyangjia/source/mysql-5.6.17/tests/mysql_client_test.c:14452 4
/Users/zhouyangjia/source/mysql-5.6.17/sql/opt_range.cc:6285 2
/Users/zhouyangjia/source/mysql-5.6.17/tests/mysql_client_test.c:16376 4
/Users/zhouyangjia/source/mysql-5.6.17/storage/innobase/handler/handler0alter.cc:5750 0
/Users/zhouyangjia/source/mysql-5.6.17/storage/innobase/srv/srv0srv.cc:1706 4
/Users/zhouyangjia/source/mysql-5.6.17/sql/log_event.cc:3494 0
/Users/zhouyangjia/source/mysql-5.6.17/sql/gen_lex_hash.cc:332 2
/Users/zhouyangjia/source/mysql-5.6.17/sql/transaction.cc:812 4
/Users/zhouyangjia/source/mysql-5.6.17/client/mysqlslap.c:1918 4
/Users/zhouyangjia/source/mysql-5.6.17/tests/mysql_client_test.c:14170 4
/Users/zhouyangjia/source/mysql-5.6.17/storage/innobase/log/log0log.cc:1194 0
/Users/zhouyangjia/source/mysql-5.6.17/tests/mysql_client_test.c:5890 4
/Users/zhouyangjia/source/mysql-5.6.17/storage/innobase/row/row0merge.cc:3180 0
/Users/zhouyangjia/source/mysql-5.6.17/strings/ctype.c:813 0
/Users/zhouyangjia/source/mysql-5.6.17/libmysql/libmysql.c:613 0
/Users/zhouyangjia/source/mysql-5.6.17/tests/mysql_client_test.c:2249 4
/Users/zhouyangjia/source/mysql-5.6.17/storage/innobase/dict/dict0load.cc:2162 4
/Users/zhouyangjia/source/mysql-5.6.17/sql/log_event.cc:7381 0
/Users/zhouyangjia/source/mysql-5.6.17/sql/events.cc:1047 0
/Users/zhouyangjia/source/mysql-5.6.17/sql/sql_table.cc:4072 0
/Users/zhouyangjia/source/mysql-5.6.17/storage/innobase/row/row0import.cc:1363 4
/Users/zhouyangjia/source/mysql-5.6.17/tests/mysql_client_test.c:3653 4
/Users/zhouyangjia/source/mysql-5.6.17/tests/mysql_client_test.c:9979 4
/Users/zhouyangjia/source/mysql-5.6.17/tests/mysql_client_test.c:9818 2
/Users/zhouyangjia/source/mysql-5.6.17/storage/innobase/trx/trx0roll.cc:125 0
/Users/zhouyangjia/source/mysql-5.6.17/storage/perfschema/gen_pfs_lex_token.cc:234 1
/Users/zhouyangjia/source/mysql-5.6.17/cmd-line-utils/libedit/readline.c:1240 1
/Users/zhouyangjia/source/mysql-5.6.17/sql/field.cc:6063 0
/Users/zhouyangjia/source/mysql-5.6.17/tests/mysql_client_test.c:17520 4
/Users/zhouyangjia/source/mysql-5.6.17/tests/mysql_client_test.c:1112 4
/Users/zhouyangjia/source/mysql-5.6.17/client/mysqltest.cc:4888 4
/Users/zhouyangjia/source/mysql-5.6.17/tests/mysql_client_test.c:1713 4
/Users/zhouyangjia/source/mysql-5.6.17/client/mysql_config_editor.cc:787 4
/Users/zhouyangjia/source/mysql-5.6.17/storage/innobase/handler/handler0alter.cc:4843 0
/Users/zhouyangjia/source/mysql-5.6.17/sql/sql_executor.cc:2016 0
/Users/zhouyangjia/source/mysql-5.6.17/storage/innobase/btr/btr0btr.cc:3857 0
/Users/zhouyangjia/source/mysql-5.6.17/storage/innobase/handler/ha_innodb.cc:5275 0
/Users/zhouyangjia/source/mysql-5.6.17/storage/innobase/row/row0quiesce.cc:118 1
/Users/zhouyangjia/source/mysql-5.6.17/storage/innobase/btr/btr0btr.cc:1436 2
/Users/zhouyangjia/source/mysql-5.6.17/storage/innobase/fil/fil0fil.cc:2476 4
/Users/zhouyangjia/source/mysql-5.6.17/storage/innobase/row/row0merge.cc:307 0
/Users/zhouyangjia/source/mysql-5.6.17/sql/mysqld.cc:4454 1
/Users/zhouyangjia/source/mysql-5.6.17/tests/mysql_client_test.c:7581 2
/Users/zhouyangjia/source/mysql-5.6.17/storage/innobase/row/row0import.cc:1370 4
/Users/zhouyangjia/source/mysql-5.6.17/storage/innobase/srv/srv0srv.cc:1211 1
/Users/zhouyangjia/source/mysql-5.6.17/tests/mysql_client_test.c:6983 4
/Users/zhouyangjia/source/mysql-5.6.17/storage/innobase/dict/dict0crea.cc:1339 0
/Users/zhouyangjia/source/mysql-5.6.17/tests/mysql_client_test.c:8548 4
/Users/zhouyangjia/source/mysql-5.6.17/storage/innobase/row/row0ins.cc:2386 0
/Users/zhouyangjia/source/mysql-5.6.17/sql/rpl_rli.cc:477 0
/Users/zhouyangjia/source/mysql-5.6.17/tests/mysql_client_test.c:16394 4
/Users/zhouyangjia/source/mysql-5.6.17/storage/innobase/handler/ha_innodb.cc:9055 4
/Users/zhouyangjia/source/mysql-5.6.17/storage/myisam/myisam_ftdump.c:134 0
/Users/zhouyangjia/source/mysql-5.6.17/storage/innobase/row/row0log.cc:3366 0
/Users/zhouyangjia/source/mysql-5.6.17/tests/mysql_client_test.c:12644 4
/Users/zhouyangjia/source/mysql-5.6.17/tests/mysql_client_test.c:1345 4
/Users/zhouyangjia/source/mysql-5.6.17/client/mysql_config_editor.cc:1227 2
/Users/zhouyangjia/source/mysql-5.6.17/storage/innobase/dict/dict0dict.cc:4824 0
/Users/zhouyangjia/source/mysql-5.6.17/tests/mysql_client_test.c:18191 2
/Users/zhouyangjia/source/mysql-5.6.17/tests/mysql_client_test.c:12145 4
/Users/zhouyangjia/source/mysql-5.6.17/tests/mysql_client_test.c:16038 4
/Users/zhouyangjia/source/mysql-5.6.17/storage/innobase/trx/trx0purge.cc:1151 0
/Users/zhouyangjia/source/mysql-5.6.17/sql/rpl_slave.cc:6556 0
/Users/zhouyangjia/source/mysql-5.6.17/tests/mysql_client_test.c:17770 2
/Users/zhouyangjia/source/mysql-5.6.17/storage/innobase/pars/pars0opt.cc:1235 1
/Users/zhouyangjia/source/mysql-5.6.17/sql/protocol.cc:854 0
/Users/zhouyangjia/source/mysql-5.6.17/tests/mysql_client_test.c:7026 4
/Users/zhouyangjia/source/mysql-5.6.17/sql/filesort_utils.cc:54 0
/Users/zhouyangjia/source/mysql-5.6.17/tests/mysql_client_test.c:13428 4
/Users/zhouyangjia/source/mysql-5.6.17/storage/innobase/row/row0import.cc:3375 0
/Users/zhouyangjia/source/mysql-5.6.17/vio/viosslfactories.c:216 0
/Users/zhouyangjia/source/mysql-5.6.17/storage/innobase/srv/srv0start.cc:1838 0
/Users/zhouyangjia/source/mysql-5.6.17/tests/mysql_client_test.c:1186 4
/Users/zhouyangjia/source/mysql-5.6.17/storage/innobase/page/page0page.cc:1953 0
/Users/zhouyangjia/source/mysql-5.6.17/sql/sql_binlog.cc:106 4
/Users/zhouyangjia/source/mysql-5.6.17/sql/log_event_old.cc:837 0
/Users/zhouyangjia/source/mysql-5.6.17/strings/conf_to_src.c:233 1
/Users/zhouyangjia/source/mysql-5.6.17/storage/innobase/row/row0row.cc:643 4
/Users/zhouyangjia/source/mysql-5.6.17/tests/mysql_client_test.c:15230 4
/Users/zhouyangjia/source/mysql-5.6.17/storage/innobase/dict/dict0dict.cc:4801 0
/Users/zhouyangjia/source/mysql-5.6.17/sql/protocol.cc:343 0
/Users/zhouyangjia/source/mysql-5.6.17/sql/sp_instr.cc:840 0
/Users/zhouyangjia/source/mysql-5.6.17/extra/resolve_stack_dump.c:302 1
/Users/zhouyangjia/source/mysql-5.6.17/tests/mysql_client_test.c:9495 4
/Users/zhouyangjia/source/mysql-5.6.17/sql/item_create.cc:5904 4
/Users/zhouyangjia/source/mysql-5.6.17/storage/innobase/buf/buf0buf.cc:530 4
/Users/zhouyangjia/source/mysql-5.6.17/client/mysqlslap.c:878 4
/Users/zhouyangjia/source/mysql-5.6.17/storage/innobase/handler/i_s.cc:4575 0
/Users/zhouyangjia/source/mysql-5.6.17/tests/mysql_client_test.c:7333 4
/Users/zhouyangjia/source/mysql-5.6.17/tests/mysql_client_test.c:10452 4
/Users/zhouyangjia/source/mysql-5.6.17/storage/myisam/myisamchk.c:1273 2
/Users/zhouyangjia/source/mysql-5.6.17/sql/sql_update.cc:2443 0
/Users/zhouyangjia/source/mysql-5.6.17/client/mysqltest.cc:8329 0
/Users/zhouyangjia/source/mysql-5.6.17/tests/mysql_client_test.c:14715 4
/Users/zhouyangjia/source/mysql-5.6.17/tests/mysql_client_test.c:14631 4
/Users/zhouyangjia/source/mysql-5.6.17/storage/innobase/fts/fts0fts.cc:5551 0
/Users/zhouyangjia/source/mysql-5.6.17/tests/bug25714.c:55 1
/Users/zhouyangjia/source/mysql-5.6.17/storage/innobase/lock/lock0lock.cc:4283 0
/Users/zhouyangjia/source/mysql-5.6.17/tests/mysql_client_test.c:9557 2
/Users/zhouyangjia/source/mysql-5.6.17/tests/mysql_client_test.c:9527 4
/Users/zhouyangjia/source/mysql-5.6.17/storage/myisam/mi_create.c:687 0
